#
# There is insufficient memory for the Java Runtime Environment to continue.
# Native memory allocation (malloc) failed to allocate 134880 bytes for Chunk::new
# Possible reasons:
#   The system is out of physical RAM or swap space
#   In 32 bit mode, the process size limit was hit
# Possible solutions:
#   Reduce memory load on the system
#   Increase physical memory or swap space
#   Check if swap backing store is full
#   Use 64 bit Java on a 64 bit OS
#   Decrease Java heap size (-Xmx/-Xms)
#   Decrease number of Java threads
#   Decrease Java thread stack sizes (-Xss)
#   Set larger code cache with -XX:ReservedCodeCacheSize=
# This output file may be truncated or incomplete.
#
#  Out of Memory Error (allocation.cpp:390), pid=11168, tid=0x0000000000002fcc
#
# JRE version: Java(TM) SE Runtime Environment (8.0_131-b11) (build 1.8.0_131-b11)
# Java VM: Java HotSpot(TM) 64-Bit Server VM (25.131-b11 mixed mode windows-amd64 compressed oops)
# Failed to write core dump. Minidumps are not enabled by default on client versions of Windows
#

---------------  T H R E A D  ---------------

Current thread (0x000000001736e000):  JavaThread "C2 CompilerThread0" daemon [_thread_in_native, id=12236, stack(0x0000000017c30000,0x0000000017d30000)]

Stack: [0x0000000017c30000,0x0000000017d30000]
[error occurred during error reporting (printing stack bounds), id 0xc0000005]

Native frames: (J=compiled Java code, j=interpreted, Vv=VM code, C=native code)


Current CompileTask:
C2:   2672 1395   !   4       java.net.URLClassLoader$1::run (63 bytes)


---------------  P R O C E S S  ---------------

Java Threads: ( => current thread )
  0x0000000019750800 JavaThread "Cache worker for file hash cache (D:\Project\henpin_check\Android\ReturnCandidate\.gradle\4.4\fileHashes)" [_thread_blocked, id=5408, stack(0x000000001c2f0000,0x000000001c3f0000)]
  0x0000000019750000 JavaThread "File lock request listener" [_thread_in_native, id=6624, stack(0x000000001b210000,0x000000001b310000)]
  0x000000001974f000 JavaThread "Cache worker for file hash cache (C:\Users\cong-pv\.gradle\caches\4.4\fileHashes)" [_thread_blocked, id=8952, stack(0x000000001af60000,0x000000001b060000)]
  0x0000000019468000 JavaThread "Stdin handler" [_thread_blocked, id=5700, stack(0x000000001a690000,0x000000001a790000)]
  0x0000000019462000 JavaThread "Asynchronous log dispatcher for DefaultDaemonConnection: socket connection from /127.0.0.1:49610 to /127.0.0.1:49611" [_thread_blocked, id=14060, stack(0x000000001abd0000,0x000000001acd0000)]
  0x00000000194aa000 JavaThread "Daemon worker" [_thread_in_vm, id=9864, stack(0x000000001a9f0000,0x000000001aaf0000)]
  0x00000000194a8800 JavaThread "Cancel handler" [_thread_blocked, id=13864, stack(0x000000001a830000,0x000000001a930000)]
  0x00000000191d5000 JavaThread "Handler for socket connection from /127.0.0.1:49610 to /127.0.0.1:49611" [_thread_in_native, id=14216, stack(0x0000000019e70000,0x0000000019f70000)]
  0x00000000191d4800 JavaThread "Daemon" [_thread_blocked, id=7536, stack(0x000000001a390000,0x000000001a490000)]
  0x00000000193d5000 JavaThread "Daemon periodic checks" [_thread_blocked, id=12456, stack(0x000000001a1a0000,0x000000001a2a0000)]
  0x0000000019257800 JavaThread "Incoming local TCP Connector on port 49610" [_thread_in_native, id=10876, stack(0x000000001a010000,0x000000001a110000)]
  0x0000000019198800 JavaThread "Daemon health stats" [_thread_blocked, id=11644, stack(0x0000000019b60000,0x0000000019c60000)]
  0x00000000173f4800 JavaThread "Service Thread" daemon [_thread_blocked, id=11272, stack(0x00000000180d0000,0x00000000181d0000)]
  0x000000001618e000 JavaThread "C1 CompilerThread2" daemon [_thread_blocked, id=11732, stack(0x0000000017f00000,0x0000000018000000)]
  0x0000000017372000 JavaThread "C2 CompilerThread1" daemon [_thread_in_native, id=8860, stack(0x0000000017dd0000,0x0000000017ed0000)]
=>0x000000001736e000 JavaThread "C2 CompilerThread0" daemon [_thread_in_native, id=12236, stack(0x0000000017c30000,0x0000000017d30000)]
  0x000000001736a800 JavaThread "Attach Listener" daemon [_thread_blocked, id=6920, stack(0x0000000017b00000,0x0000000017c00000)]
  0x0000000017369800 JavaThread "Signal Dispatcher" daemon [_thread_blocked, id=14144, stack(0x0000000017860000,0x0000000017960000)]
  0x0000000016169800 JavaThread "Finalizer" daemon [_thread_blocked, id=11648, stack(0x0000000017260000,0x0000000017360000)]
  0x0000000016122800 JavaThread "Reference Handler" daemon [_thread_blocked, id=13716, stack(0x0000000016f80000,0x0000000017080000)]
  0x00000000021fe800 JavaThread "main" [_thread_blocked, id=11076, stack(0x0000000002470000,0x0000000002570000)]

Other Threads:
  0x000000001611b000 VMThread [stack: 0x00000000170b0000,0x00000000171b0000] [id=2572]
  0x0000000017435000 WatcherThread [stack: 0x0000000017980000,0x0000000017a80000] [id=12800]

VM state:not at safepoint (normal execution)

VM Mutex/Monitor currently owned by a thread: None

Heap:
 PSYoungGen      total 57344K, used 37193K [0x00000000e0000000, 0x00000000e4000000, 0x0000000100000000)
  eden space 49152K, 59% used [0x00000000e0000000,0x00000000e1c55db0,0x00000000e3000000)
  from space 8192K, 99% used [0x00000000e3800000,0x00000000e3ffc988,0x00000000e4000000)
  to   space 8192K, 0% used [0x00000000e3000000,0x00000000e3000000,0x00000000e3800000)
 ParOldGen       total 131072K, used 276K [0x00000000a0000000, 0x00000000a8000000, 0x00000000e0000000)
  object space 131072K, 0% used [0x00000000a0000000,0x00000000a0045040,0x00000000a8000000)
 Metaspace       used 16857K, capacity 17232K, committed 17536K, reserved 1064960K
  class space    used 2477K, capacity 2604K, committed 2688K, reserved 1048576K

Card table byte_map: [0x0000000011930000,0x0000000011c40000] byte_map_base: 0x0000000011430000

Marking Bits: (ParMarkBitMap*) 0x00000000543fc720
 Begin Bits: [0x0000000012490000, 0x0000000013c90000)
 End Bits:   [0x0000000013c90000, 0x0000000015490000)

Polling page: 0x00000000004d0000

CodeCache: size=245760Kb used=5074Kb max_used=5074Kb free=240685Kb
 bounds [0x0000000002570000, 0x0000000002a70000, 0x0000000011570000]
 total_blobs=1842 nmethods=1462 adapters=292
 compilation: enabled

Compilation events (10 events):
Event: 2.650 Thread 0x000000001618e000 nmethod 1455 0x0000000002a61390 code [0x0000000002a614e0, 0x0000000002a615d0]
Event: 2.650 Thread 0x000000001618e000 1456       1       java.lang.Class$MethodArray::length (5 bytes)
Event: 2.650 Thread 0x000000001618e000 nmethod 1456 0x0000000002a61650 code [0x0000000002a617a0, 0x0000000002a618b0]
Event: 2.667 Thread 0x000000001618e000 1457       3       sun.reflect.Reflection::filter (220 bytes)
Event: 2.667 Thread 0x000000001618e000 nmethod 1457 0x0000000002a61910 code [0x0000000002a61b20, 0x0000000002a62708]
Event: 2.667 Thread 0x000000001618e000 1458       3       sun.reflect.ReflectionFactory::copyConstructor (10 bytes)
Event: 2.668 Thread 0x000000001618e000 nmethod 1458 0x0000000002a63110 code [0x0000000002a632a0, 0x0000000002a63688]
Event: 2.668 Thread 0x000000001618e000 1459       3       java.lang.reflect.ReflectAccess::copyConstructor (5 bytes)
Event: 2.668 Thread 0x000000001618e000 nmethod 1459 0x0000000002a63850 code [0x0000000002a639c0, 0x0000000002a63bc8]
Event: 2.668 Thread 0x000000001618e000 1463       3       java.lang.reflect.Field::<init> (44 bytes)

GC Heap History (4 events):
Event: 0.968 GC heap before
{Heap before GC invocations=1 (full 0):
 PSYoungGen      total 57344K, used 49152K [0x00000000e0000000, 0x00000000e4000000, 0x0000000100000000)
  eden space 49152K, 100% used [0x00000000e0000000,0x00000000e3000000,0x00000000e3000000)
  from space 8192K, 0% used [0x00000000e3800000,0x00000000e3800000,0x00000000e4000000)
  to   space 8192K, 0% used [0x00000000e3000000,0x00000000e3000000,0x00000000e3800000)
 ParOldGen       total 131072K, used 0K [0x00000000a0000000, 0x00000000a8000000, 0x00000000e0000000)
  object space 131072K, 0% used [0x00000000a0000000,0x00000000a0000000,0x00000000a8000000)
 Metaspace       used 7223K, capacity 7508K, committed 7680K, reserved 1056768K
  class space    used 928K, capacity 1016K, committed 1024K, reserved 1048576K
Event: 0.977 GC heap after
Heap after GC invocations=1 (full 0):
 PSYoungGen      total 57344K, used 5517K [0x00000000e0000000, 0x00000000e4000000, 0x0000000100000000)
  eden space 49152K, 0% used [0x00000000e0000000,0x00000000e0000000,0x00000000e3000000)
  from space 8192K, 67% used [0x00000000e3000000,0x00000000e35637f0,0x00000000e3800000)
  to   space 8192K, 0% used [0x00000000e3800000,0x00000000e3800000,0x00000000e4000000)
 ParOldGen       total 131072K, used 16K [0x00000000a0000000, 0x00000000a8000000, 0x00000000e0000000)
  object space 131072K, 0% used [0x00000000a0000000,0x00000000a0004000,0x00000000a8000000)
 Metaspace       used 7223K, capacity 7508K, committed 7680K, reserved 1056768K
  class space    used 928K, capacity 1016K, committed 1024K, reserved 1048576K
}
Event: 2.376 GC heap before
{Heap before GC invocations=2 (full 0):
 PSYoungGen      total 57344K, used 54669K [0x00000000e0000000, 0x00000000e4000000, 0x0000000100000000)
  eden space 49152K, 100% used [0x00000000e0000000,0x00000000e3000000,0x00000000e3000000)
  from space 8192K, 67% used [0x00000000e3000000,0x00000000e35637f0,0x00000000e3800000)
  to   space 8192K, 0% used [0x00000000e3800000,0x00000000e3800000,0x00000000e4000000)
 ParOldGen       total 131072K, used 16K [0x00000000a0000000, 0x00000000a8000000, 0x00000000e0000000)
  object space 131072K, 0% used [0x00000000a0000000,0x00000000a0004000,0x00000000a8000000)
 Metaspace       used 14259K, capacity 14584K, committed 14720K, reserved 1062912K
  class space    used 2033K, capacity 2152K, committed 2176K, reserved 1048576K
Event: 2.387 GC heap after
Heap after GC invocations=2 (full 0):
 PSYoungGen      total 57344K, used 8178K [0x00000000e0000000, 0x00000000e4000000, 0x0000000100000000)
  eden space 49152K, 0% used [0x00000000e0000000,0x00000000e0000000,0x00000000e3000000)
  from space 8192K, 99% used [0x00000000e3800000,0x00000000e3ffc988,0x00000000e4000000)
  to   space 8192K, 0% used [0x00000000e3000000,0x00000000e3000000,0x00000000e3800000)
 ParOldGen       total 131072K, used 276K [0x00000000a0000000, 0x00000000a8000000, 0x00000000e0000000)
  object space 131072K, 0% used [0x00000000a0000000,0x00000000a0045040,0x00000000a8000000)
 Metaspace       used 14259K, capacity 14584K, committed 14720K, reserved 1062912K
  class space    used 2033K, capacity 2152K, committed 2176K, reserved 1048576K
}

Deoptimization events (10 events):
Event: 2.133 Thread 0x00000000191d5000 Uncommon trap: reason=unstable_if action=reinterpret pc=0x0000000002904720 method=java.util.concurrent.ConcurrentHashMap.putVal(Ljava/lang/Object;Ljava/lang/Object;Z)Ljava/lang/Object; @ 206
Event: 2.190 Thread 0x00000000194aa000 Uncommon trap: reason=bimorphic action=maybe_recompile pc=0x00000000028a6964 method=java.util.HashMap.putVal(ILjava/lang/Object;Ljava/lang/Object;ZZ)Ljava/lang/Object; @ 253
Event: 2.190 Thread 0x00000000194aa000 Uncommon trap: reason=bimorphic action=maybe_recompile pc=0x00000000028a6964 method=java.util.HashMap.putVal(ILjava/lang/Object;Ljava/lang/Object;ZZ)Ljava/lang/Object; @ 253
Event: 2.190 Thread 0x00000000194aa000 Uncommon trap: reason=bimorphic action=maybe_recompile pc=0x00000000028a6964 method=java.util.HashMap.putVal(ILjava/lang/Object;Ljava/lang/Object;ZZ)Ljava/lang/Object; @ 253
Event: 2.200 Thread 0x00000000194aa000 Uncommon trap: reason=class_check action=maybe_recompile pc=0x00000000027ecd1c method=java.util.regex.Matcher.match(II)Z @ 86
Event: 2.363 Thread 0x00000000194aa000 Uncommon trap: reason=class_check action=maybe_recompile pc=0x00000000027ecd1c method=java.util.regex.Matcher.match(II)Z @ 86
Event: 2.431 Thread 0x00000000194aa000 Uncommon trap: reason=unstable_if action=reinterpret pc=0x00000000029c9b34 method=java.lang.String.lastIndexOf([CII[CIII)I @ 66
Event: 2.620 Thread 0x00000000194aa000 Uncommon trap: reason=unstable_if action=reinterpret pc=0x00000000026cbcc8 method=java.net.URI.match(CJJ)Z @ 19
Event: 2.620 Thread 0x00000000194aa000 Uncommon trap: reason=unstable_if action=reinterpret pc=0x000000000281c800 method=java.net.URI.match(CJJ)Z @ 19
Event: 2.652 Thread 0x00000000194aa000 Uncommon trap: reason=unstable_if action=reinterpret pc=0x0000000002816028 method=java.io.File.getName()Ljava/lang/String; @ 16

Internal exceptions (10 events):
Event: 2.140 Thread 0x00000000191d5000 Exception <a 'java/lang/NoSuchMethodError': <clinit>> (0x00000000e1363d00) thrown at [C:\re\workspace\8-2-build-windows-amd64-cygwin\jdk8u131\8869\hotspot\src\share\vm\prims\jni.cpp, line 1613]
Event: 2.145 Thread 0x00000000191d5000 Exception <a 'java/lang/NoSuchMethodError': <clinit>> (0x00000000e13bb190) thrown at [C:\re\workspace\8-2-build-windows-amd64-cygwin\jdk8u131\8869\hotspot\src\share\vm\prims\jni.cpp, line 1613]
Event: 2.149 Thread 0x00000000191d5000 Exception <a 'java/lang/NoSuchMethodError': <clinit>> (0x00000000e13e9d20) thrown at [C:\re\workspace\8-2-build-windows-amd64-cygwin\jdk8u131\8869\hotspot\src\share\vm\prims\jni.cpp, line 1613]
Event: 2.155 Thread 0x00000000191d5000 Exception <a 'java/lang/NoSuchMethodError': <clinit>> (0x00000000e1420dd0) thrown at [C:\re\workspace\8-2-build-windows-amd64-cygwin\jdk8u131\8869\hotspot\src\share\vm\prims\jni.cpp, line 1613]
Event: 2.156 Thread 0x00000000191d5000 Exception <a 'java/lang/NoSuchMethodError': <clinit>> (0x00000000e142e9b8) thrown at [C:\re\workspace\8-2-build-windows-amd64-cygwin\jdk8u131\8869\hotspot\src\share\vm\prims\jni.cpp, line 1613]
Event: 2.158 Thread 0x00000000191d5000 Exception <a 'java/lang/NoSuchMethodError': <clinit>> (0x00000000e1453118) thrown at [C:\re\workspace\8-2-build-windows-amd64-cygwin\jdk8u131\8869\hotspot\src\share\vm\prims\jni.cpp, line 1613]
Event: 2.181 Thread 0x00000000194aa000 Exception <a 'java/lang/NoSuchMethodError': <clinit>> (0x00000000e1557158) thrown at [C:\re\workspace\8-2-build-windows-amd64-cygwin\jdk8u131\8869\hotspot\src\share\vm\prims\jni.cpp, line 1613]
Event: 2.182 Thread 0x00000000194aa000 Exception <a 'java/lang/NoSuchMethodError': <clinit>> (0x00000000e155f3e0) thrown at [C:\re\workspace\8-2-build-windows-amd64-cygwin\jdk8u131\8869\hotspot\src\share\vm\prims\jni.cpp, line 1613]
Event: 2.667 Thread 0x00000000194aa000 Exception <a 'java/lang/NoSuchMethodError': <clinit>> (0x00000000e1b4a178) thrown at [C:\re\workspace\8-2-build-windows-amd64-cygwin\jdk8u131\8869\hotspot\src\share\vm\prims\jni.cpp, line 1613]
Event: 2.667 Thread 0x00000000194aa000 Exception <a 'java/lang/NoSuchMethodError': <clinit>> (0x00000000e1b4cb18) thrown at [C:\re\workspace\8-2-build-windows-amd64-cygwin\jdk8u131\8869\hotspot\src\share\vm\prims\jni.cpp, line 1613]

Events (10 events):
Event: 2.665 loading class org/gradle/tooling/internal/protocol/events/InternalOperationStartedProgressEvent
Event: 2.665 loading class org/gradle/tooling/internal/protocol/events/InternalOperationStartedProgressEvent done
Event: 2.665 loading class org/gradle/tooling/internal/protocol/events/InternalProgressEvent
Event: 2.665 loading class org/gradle/tooling/internal/protocol/events/InternalProgressEvent done
Event: 2.665 loading class org/gradle/tooling/internal/provider/events/AbstractProgressEvent
Event: 2.665 loading class org/gradle/tooling/internal/provider/events/AbstractProgressEvent done
Event: 2.666 loading class org/gradle/tooling/internal/protocol/events/InternalOperationDescriptor
Event: 2.666 loading class org/gradle/tooling/internal/protocol/events/InternalOperationDescriptor done
Event: 2.666 loading class org/gradle/tooling/internal/provider/events/DefaultOperationDescriptor
Event: 2.666 loading class org/gradle/tooling/internal/provider/events/DefaultOperationDescriptor done


Dynamic libraries:
0x000000013fdf0000 - 0x000000013fe27000 	C:\Program Files\Java\jdk1.8.0_131\bin\java.exe
0x0000000077480000 - 0x000000007761f000 	C:\Windows\SYSTEM32\ntdll.dll
0x0000000077360000 - 0x000000007747f000 	C:\Windows\system32\kernel32.dll
0x000007fefd3b0000 - 0x000007fefd41a000 	C:\Windows\system32\KERNELBASE.dll
0x000007fefd9a0000 - 0x000007fefda7b000 	C:\Windows\system32\ADVAPI32.dll
0x000007feff6a0000 - 0x000007feff73f000 	C:\Windows\system32\msvcrt.dll
0x000007fefe880000 - 0x000007fefe89f000 	C:\Windows\SYSTEM32\sechost.dll
0x000007fefeb80000 - 0x000007fefecad000 	C:\Windows\system32\RPCRT4.dll
0x0000000077260000 - 0x000000007735a000 	C:\Windows\system32\USER32.dll
0x000007fefea90000 - 0x000007fefeaf7000 	C:\Windows\system32\GDI32.dll
0x0000000000300000 - 0x000000000030e000 	C:\Windows\system32\LPK.dll
0x000007feff5d0000 - 0x000007feff69b000 	C:\Windows\system32\USP10.dll
0x000007fefba10000 - 0x000007fefbc04000 	C:\Windows\WinSxS\amd64_microsoft.windows.common-controls_6595b64144ccf1df_6.0.7601.18837_none_fa3b1e3d17594757\COMCTL32.dll
0x0000000000310000 - 0x0000000000381000 	C:\Windows\system32\SHLWAPI.dll
0x000007feff740000 - 0x000007feff76e000 	C:\Windows\system32\IMM32.DLL
0x000007fefe8a0000 - 0x000007fefe9a9000 	C:\Windows\system32\MSCTF.dll
0x00000000644c0000 - 0x0000000064592000 	C:\Program Files\Java\jdk1.8.0_131\jre\bin\msvcr100.dll
0x0000000053be0000 - 0x000000005447c000 	C:\Program Files\Java\jdk1.8.0_131\jre\bin\server\jvm.dll
0x000007fef8810000 - 0x000007fef8819000 	C:\Windows\system32\WSOCK32.dll
0x000007feff580000 - 0x000007feff5cd000 	C:\Windows\system32\WS2_32.dll
0x000007fefd510000 - 0x000007fefd518000 	C:\Windows\system32\NSI.dll
0x000007fefa750000 - 0x000007fefa78b000 	C:\Windows\system32\WINMM.dll
0x000007fefc220000 - 0x000007fefc22c000 	C:\Windows\system32\VERSION.dll
0x0000000077620000 - 0x0000000077627000 	C:\Windows\system32\PSAPI.DLL
0x0000000071d10000 - 0x0000000071d1f000 	C:\Program Files\Java\jdk1.8.0_131\jre\bin\verify.dll
0x000000006e8b0000 - 0x000000006e8d9000 	C:\Program Files\Java\jdk1.8.0_131\jre\bin\java.dll
0x000000006c670000 - 0x000000006c686000 	C:\Program Files\Java\jdk1.8.0_131\jre\bin\zip.dll
0x000007fefdaf0000 - 0x000007fefe87b000 	C:\Windows\system32\SHELL32.dll
0x000007fefd520000 - 0x000007fefd71d000 	C:\Windows\system32\ole32.dll
0x000007fefd160000 - 0x000007fefd16f000 	C:\Windows\system32\profapi.dll
0x00000000644a0000 - 0x00000000644ba000 	C:\Program Files\Java\jdk1.8.0_131\jre\bin\net.dll
0x000007fefc920000 - 0x000007fefc975000 	C:\Windows\system32\mswsock.dll
0x000007fefc910000 - 0x000007fefc917000 	C:\Windows\System32\wship6.dll
0x00000000641f0000 - 0x0000000064201000 	C:\Program Files\Java\jdk1.8.0_131\jre\bin\nio.dll
0x000007fefabf0000 - 0x000007fefac0e000 	C:\Users\cong-pv\.gradle\native\25\windows-amd64\native-platform.dll
0x000000006c6b0000 - 0x000000006c6bd000 	C:\Program Files\Java\jdk1.8.0_131\jre\bin\management.dll
0x000007fefc980000 - 0x000007fefc998000 	C:\Windows\system32\CRYPTSP.dll
0x000007fefc680000 - 0x000007fefc6c7000 	C:\Windows\system32\rsaenh.dll
0x000007fefd1f0000 - 0x000007fefd20e000 	C:\Windows\system32\USERENV.dll
0x000007fefcf90000 - 0x000007fefcf9f000 	C:\Windows\system32\CRYPTBASE.dll
0x000007fef9af0000 - 0x000007fef9b17000 	C:\Windows\system32\IPHLPAPI.DLL
0x000007fef9ae0000 - 0x000007fef9aeb000 	C:\Windows\system32\WINNSI.DLL
0x000007fef8340000 - 0x000007fef8351000 	C:\Windows\system32\dhcpcsvc6.DLL
0x000007fef9810000 - 0x000007fef9828000 	C:\Windows\system32\dhcpcsvc.DLL

VM Arguments:
jvm_args: -Xmx1536m -Dfile.encoding=windows-31j -Duser.country=JP -Duser.language=ja -Duser.variant 
java_command: org.gradle.launcher.daemon.bootstrap.GradleDaemon 4.4
java_class_path (initial): C:\Users\cong-pv\.gradle\wrapper\dists\gradle-4.4-all\9br9xq1tocpiv8o6njlyu5op1\gradle-4.4\lib\gradle-launcher-4.4.jar
Launcher Type: SUN_STANDARD

Environment Variables:
JAVA_HOME=C:\Program Files\Java\jdk1.8.0_131
PATH=C:\Program Files (x86)\Common Files\Oracle\Java\javapath;C:\ProgramData\Oracle\Java\javapath;C:\Program Files (x86)\Intel\iCLS Client\;C:\Program Files\Intel\iCLS Client\;C:\Windows\system32;C:\Windows;C:\Windows\System32\Wbem;C:\Windows\System32\WindowsPowerShell\v1.0\;C:\Program Files (x86)\Intel\UCRT\;C:\Program Files\TortoiseSVN\bin;C:\Users\User\.dnx\bin;C:\Program Files\Microsoft DNX\Dnvm\;C:\Program Files (x86)\Windows Kits\8.1\Windows Performance Toolkit\;C:\Program Files\Microsoft SQL Server\130\Tools\Binn\;C:\Program Files\Git\cmd;C:\Program Files\Microsoft SQL Server\120\Tools\Binn\;C:\Program Files\Microsoft SQLServer\Client SDK\ODBC\110\Tools\Binn\;C:\Program Files (x86)\Microsoft SQL Server\120\Tools\Binn\;C:\Program Files\Microsoft SQL Server\120\DTS\Binn\;C:\Program Files (x86)\Microsoft SQL Server\120\Tools\Binn\ManagementStudio\;C:\ProgramFiles (x86)\Microsoft SQL Server\120\DTS\Binn\;C:\Program Files\Intel\UCRT\;C:\Program Files (x86)\Intel\Intel(R) Management Engine Components\DAL;C:\Program Files\Intel\Intel(R) Management Engine Components\DAL;C:\Program Files (x86)\Intel\Intel(R) Management Engine Components\IPT;C:\Program Files\Intel\Intel(R) Management Engine Components\IPT;c:\Program Files\Microsoft SQL Server\Client SDK\ODBC\110\Tools\Binn\;c:\Program Files (x86)\Microsoft SQL Server\120\DTS\Binn\;C:\Go\bin;C:\Program Files\Java\jdk1.8.0_131\bin;C:\Program Files\TortoiseGit\bin;C:\Users\cong-pv\go\bin
USERNAME=cong-pv
OS=Windows_NT
PROCESSOR_IDENTIFIER=Intel64 Family 6 Model 94 Stepping 3, GenuineIntel



---------------  S Y S T E M  ---------------

OS: Windows 7 , 64 bit Build 7601 (6.1.7601.24168)

CPU:total 4 (initial active 4) (4 cores per cpu, 1 threads per core) family 6 model 94 stepping 3, cmov, cx8, fxsr, mmx, sse, sse2, sse3, ssse3, sse4.1, sse4.2, popcnt, avx, avx2, aes, clmul, erms, rtm, 3dnowpref, lzcnt, tsc, tscinvbit, bmi1, bmi2, adx

Memory: 4k page, physical 12451892k(1792464k free), swap 12450016k(5168k free)

vm_info: Java HotSpot(TM) 64-Bit Server VM (25.131-b11) for windows-amd64 JRE (1.8.0_131-b11), built on Mar 15 2017 01:23:53 by "java_re" with MS VC++ 10.0 (VS2010)

time: Thu Jul 19 20:22:09 2018
elapsed time: 2 seconds (0d 0h 0m 2s)

