#
# There is insufficient memory for the Java Runtime Environment to continue.
# Native memory allocation (malloc) failed to allocate 131088 bytes for Chunk::new
# Possible reasons:
#   The system is out of physical RAM or swap space
#   In 32 bit mode, the process size limit was hit
# Possible solutions:
#   Reduce memory load on the system
#   Increase physical memory or swap space
#   Check if swap backing store is full
#   Use 64 bit Java on a 64 bit OS
#   Decrease Java heap size (-Xmx/-Xms)
#   Decrease number of Java threads
#   Decrease Java thread stack sizes (-Xss)
#   Set larger code cache with -XX:ReservedCodeCacheSize=
# This output file may be truncated or incomplete.
#
#  Out of Memory Error (allocation.cpp:390), pid=14620, tid=0x00000000000038d8
#
# JRE version: Java(TM) SE Runtime Environment (8.0_131-b11) (build 1.8.0_131-b11)
# Java VM: Java HotSpot(TM) 64-Bit Server VM (25.131-b11 mixed mode windows-amd64 compressed oops)
# Failed to write core dump. Minidumps are not enabled by default on client versions of Windows
#

---------------  T H R E A D  ---------------

Current thread (0x0000000057571000):  JavaThread "C2 CompilerThread0" daemon [_thread_in_native, id=14552, stack(0x0000000057b50000,0x0000000057c50000)]

Stack: [0x0000000057b50000,0x0000000057c50000]
[error occurred during error reporting (printing stack bounds), id 0xc0000005]

Native frames: (J=compiled Java code, j=interpreted, Vv=VM code, C=native code)


Current CompileTask:
C2:  15944 7232 % !   4       com.sun.tools.javac.parser.JavaTokenizer::readToken @ 1409 (2243 bytes)


---------------  P R O C E S S  ---------------

Java Threads: ( => current thread )
  0x00000000596c4000 JavaThread "Cache worker for Java compile cache (D:\Project\henpin_check\Android\ReturnCandidate\.gradle\4.4\javaCompile)" [_thread_blocked, id=6556, stack(0x000000005adb0000,0x000000005aeb0000)]
  0x00000000596cd000 JavaThread "Task worker for ':' Thread 3" [_thread_blocked, id=3040, stack(0x00000000633b0000,0x00000000634b0000)]
  0x00000000596cc000 JavaThread "Task worker for ':' Thread 2" [_thread_blocked, id=14352, stack(0x0000000062ca0000,0x0000000062da0000)]
  0x00000000596cb800 JavaThread "Task worker for ':'" [_thread_blocked, id=936, stack(0x0000000063260000,0x0000000063360000)]
  0x00000000596ca800 JavaThread "Cache worker for Build Output Cleanup Cache (D:\Project\henpin_check\Android\ReturnCandidate\.gradle\buildOutputCleanup)" [_thread_blocked, id=13656, stack(0x0000000062dd0000,0x0000000062ed0000)]
  0x00000000596ca000 JavaThread "Cache worker for task history cache (D:\Project\henpin_check\Android\ReturnCandidate\.gradle\4.4\taskHistory)" [_thread_blocked, id=14872, stack(0x0000000062b40000,0x0000000062c40000)]
  0x00000000596c9000 JavaThread "Cache worker for file content cache (D:\Project\henpin_check\Android\ReturnCandidate\.gradle\4.4\fileContent)" [_thread_blocked, id=14716, stack(0x00000000636c0000,0x00000000637c0000)]
  0x00000000596c7800 JavaThread "Memory manager" [_thread_blocked, id=12620, stack(0x0000000061ce0000,0x0000000061de0000)]
  0x00000000596c7000 JavaThread "build operations Thread 4" [_thread_blocked, id=14884, stack(0x000000005d670000,0x000000005d770000)]
  0x00000000596c6000 JavaThread "build operations Thread 3" [_thread_blocked, id=8620, stack(0x00000000617a0000,0x00000000618a0000)]
  0x00000000596c5800 JavaThread "build operations Thread 2" [_thread_blocked, id=3752, stack(0x0000000061630000,0x0000000061730000)]
  0x00000000596c4800 JavaThread "build operations" [_thread_blocked, id=2084, stack(0x000000005eaa0000,0x000000005eba0000)]
  0x00000000596c3000 JavaThread "Cache worker for Artifact transforms cache (C:\Users\cong-pv\.gradle\caches\transforms-1)" [_thread_blocked, id=4844, stack(0x0000000059c40000,0x0000000059d40000)]
  0x00000000596c1800 JavaThread "Cache worker for file hash cache (D:\Project\henpin_check\Android\ReturnCandidate\.gradle\4.4\fileHashes)" [_thread_blocked, id=2820, stack(0x00000000581d0000,0x00000000582d0000)]
  0x00000000596c1000 JavaThread "File lock request listener" [_thread_in_native, id=15164, stack(0x000000005b3a0000,0x000000005b4a0000)]
  0x00000000596c0000 JavaThread "Cache worker for file hash cache (C:\Users\cong-pv\.gradle\caches\4.4\fileHashes)" [_thread_blocked, id=15144, stack(0x000000005b1d0000,0x000000005b2d0000)]
  0x00000000593f4000 JavaThread "Stdin handler" [_thread_blocked, id=13328, stack(0x000000005aeb0000,0x000000005afb0000)]
  0x00000000593f8800 JavaThread "Asynchronous log dispatcher for DefaultDaemonConnection: socket connection from /127.0.0.1:51085 to /127.0.0.1:51086" [_thread_blocked, id=15288, stack(0x000000005aca0000,0x000000005ada0000)]
  0x00000000593f1000 JavaThread "Daemon worker" [_thread_in_native, id=14608, stack(0x000000005ab00000,0x000000005ac00000)]
  0x00000000593d6000 JavaThread "Cancel handler" [_thread_blocked, id=15108, stack(0x000000005a950000,0x000000005aa50000)]
  0x00000000593a8000 JavaThread "Handler for socket connection from /127.0.0.1:51085 to /127.0.0.1:51086" [_thread_in_native, id=10876, stack(0x000000005a540000,0x000000005a640000)]
  0x00000000593a7000 JavaThread "Daemon" [_thread_blocked, id=14348, stack(0x000000005a640000,0x000000005a740000)]
  0x000000005938b800 JavaThread "Daemon periodic checks" [_thread_blocked, id=8592, stack(0x000000005a430000,0x000000005a530000)]
  0x000000005937f800 JavaThread "Incoming local TCP Connector on port 51085" [_thread_in_native, id=14412, stack(0x000000005a2f0000,0x000000005a3f0000)]
  0x000000005920f800 JavaThread "Daemon health stats" [_thread_blocked, id=8316, stack(0x0000000059d40000,0x0000000059e40000)]
  0x00000000575c2000 JavaThread "Service Thread" daemon [_thread_blocked, id=3868, stack(0x00000000580d0000,0x00000000581d0000)]
  0x0000000055fea000 JavaThread "C1 CompilerThread2" daemon [_thread_blocked, id=14364, stack(0x0000000057f90000,0x0000000058090000)]
  0x0000000057575800 JavaThread "C2 CompilerThread1" daemon [_thread_in_native, id=15060, stack(0x0000000057d50000,0x0000000057e50000)]
=>0x0000000057571000 JavaThread "C2 CompilerThread0" daemon [_thread_in_native, id=14552, stack(0x0000000057b50000,0x0000000057c50000)]
  0x000000005756a800 JavaThread "Attach Listener" daemon [_thread_blocked, id=15240, stack(0x00000000579c0000,0x0000000057ac0000)]
  0x0000000057569800 JavaThread "Signal Dispatcher" daemon [_thread_blocked, id=13756, stack(0x00000000571f0000,0x00000000572f0000)]
  0x0000000055fc9800 JavaThread "Finalizer" daemon [_thread_blocked, id=14640, stack(0x0000000057460000,0x0000000057560000)]
  0x0000000055f82800 JavaThread "Reference Handler" daemon [_thread_blocked, id=8380, stack(0x0000000057300000,0x0000000057400000)]
  0x00000000020fe800 JavaThread "main" [_thread_blocked, id=7952, stack(0x0000000002380000,0x0000000002480000)]

Other Threads:
  0x0000000055f7b000 VMThread [stack: 0x0000000057060000,0x0000000057160000] [id=9076]
  0x0000000057613000 WatcherThread [stack: 0x0000000058350000,0x0000000058450000] [id=14452]

VM state:not at safepoint (normal execution)

VM Mutex/Monitor currently owned by a thread: None

Heap:
 PSYoungGen      total 154112K, used 12773K [0x00000000e0000000, 0x00000000ece80000, 0x0000000100000000)
  eden space 135680K, 9% used [0x00000000e0000000,0x00000000e0c795e8,0x00000000e8480000)
  from space 18432K, 0% used [0x00000000e8480000,0x00000000e8480000,0x00000000e9680000)
  to   space 21504K, 0% used [0x00000000eb980000,0x00000000eb980000,0x00000000ece80000)
 ParOldGen       total 144896K, used 38555K [0x00000000a0000000, 0x00000000a8d80000, 0x00000000e0000000)
  object space 144896K, 26% used [0x00000000a0000000,0x00000000a25a6d60,0x00000000a8d80000)
 Metaspace       used 58332K, capacity 60278K, committed 60416K, reserved 1101824K
  class space    used 8138K, capacity 8620K, committed 8704K, reserved 1048576K

Card table byte_map: [0x0000000011840000,0x0000000011b50000] byte_map_base: 0x0000000011340000

Marking Bits: (ParMarkBitMap*) 0x00000000700cc720
 Begin Bits: [0x00000000122f0000, 0x0000000013af0000)
 End Bits:   [0x0000000013af0000, 0x00000000152f0000)

Polling page: 0x0000000000160000

CodeCache: size=245760Kb used=22040Kb max_used=22040Kb free=223719Kb
 bounds [0x0000000002480000, 0x0000000003a20000, 0x0000000011480000]
 total_blobs=7231 nmethods=6445 adapters=698
 compilation: enabled

Compilation events (10 events):
Event: 15.936 Thread 0x0000000055fea000 7312       3       com.sun.tools.javac.parser.JavacParser::checkAnnotations (41 bytes)
Event: 15.937 Thread 0x0000000055fea000 nmethod 7312 0x0000000003a15e10 code [0x0000000003a15fa0, 0x0000000003a16448]
Event: 15.937 Thread 0x0000000055fea000 7314       3       com.sun.tools.javac.parser.JavacParser::peekToken (22 bytes)
Event: 15.937 Thread 0x0000000055fea000 nmethod 7314 0x0000000003a16610 code [0x0000000003a167c0, 0x0000000003a16ca8]
Event: 15.937 Thread 0x0000000055fea000 7313       3       com.sun.tools.javac.parser.JavacParser::formalParameter (129 bytes)
Event: 15.938 Thread 0x0000000055fea000 nmethod 7313 0x0000000003a16ed0 code [0x0000000003a17180, 0x0000000003a180d8]
Event: 15.939 Thread 0x0000000055fea000 7315       3       com.sun.tools.javac.parser.JavacParser::classCreatorRest (111 bytes)
Event: 15.940 Thread 0x0000000055fea000 nmethod 7315 0x0000000003a18a50 code [0x0000000003a18cc0, 0x0000000003a19a48]
Event: 15.940 Thread 0x0000000055fea000 7316       3       com.sun.tools.javac.tree.TreeMaker::NewClass (28 bytes)
Event: 15.940 Thread 0x0000000055fea000 nmethod 7316 0x0000000003a1a390 code [0x0000000003a1a500, 0x0000000003a1a708]

GC Heap History (10 events):
Event: 7.441 GC heap before
{Heap before GC invocations=10 (full 2):
 PSYoungGen      total 86528K, used 75264K [0x00000000e0000000, 0x00000000e8780000, 0x0000000100000000)
  eden space 75264K, 100% used [0x00000000e0000000,0x00000000e4980000,0x00000000e4980000)
  from space 11264K, 0% used [0x00000000e4980000,0x00000000e4980000,0x00000000e5480000)
  to   space 12288K, 0% used [0x00000000e7b80000,0x00000000e7b80000,0x00000000e8780000)
 ParOldGen       total 144896K, used 17120K [0x00000000a0000000, 0x00000000a8d80000, 0x00000000e0000000)
  object space 144896K, 11% used [0x00000000a0000000,0x00000000a10b8358,0x00000000a8d80000)
 Metaspace       used 39921K, capacity 40776K, committed 41216K, reserved 1085440K
  class space    used 5487K, capacity 5788K, committed 5888K, reserved 1048576K
Event: 7.455 GC heap after
Heap after GC invocations=10 (full 2):
 PSYoungGen      total 119296K, used 7048K [0x00000000e0000000, 0x00000000e8400000, 0x0000000100000000)
  eden space 110592K, 0% used [0x00000000e0000000,0x00000000e0000000,0x00000000e6c00000)
  from space 8704K, 80% used [0x00000000e7b80000,0x00000000e8262098,0x00000000e8400000)
  to   space 12288K, 0% used [0x00000000e6c00000,0x00000000e6c00000,0x00000000e7800000)
 ParOldGen       total 144896K, used 17128K [0x00000000a0000000, 0x00000000a8d80000, 0x00000000e0000000)
  object space 144896K, 11% used [0x00000000a0000000,0x00000000a10ba358,0x00000000a8d80000)
 Metaspace       used 39921K, capacity 40776K, committed 41216K, reserved 1085440K
  class space    used 5487K, capacity 5788K, committed 5888K, reserved 1048576K
}
Event: 9.287 GC heap before
{Heap before GC invocations=11 (full 2):
 PSYoungGen      total 119296K, used 117640K [0x00000000e0000000, 0x00000000e8400000, 0x0000000100000000)
  eden space 110592K, 100% used [0x00000000e0000000,0x00000000e6c00000,0x00000000e6c00000)
  from space 8704K, 80% used [0x00000000e7b80000,0x00000000e8262098,0x00000000e8400000)
  to   space 12288K, 0% used [0x00000000e6c00000,0x00000000e6c00000,0x00000000e7800000)
 ParOldGen       total 144896K, used 17128K [0x00000000a0000000, 0x00000000a8d80000, 0x00000000e0000000)
  object space 144896K, 11% used [0x00000000a0000000,0x00000000a10ba358,0x00000000a8d80000)
 Metaspace       used 47272K, capacity 48466K, committed 48640K, reserved 1091584K
  class space    used 6504K, capacity 6834K, committed 6912K, reserved 1048576K
Event: 9.299 GC heap after
Heap after GC invocations=11 (full 2):
 PSYoungGen      total 122880K, used 12281K [0x00000000e0000000, 0x00000000ea400000, 0x0000000100000000)
  eden space 110592K, 0% used [0x00000000e0000000,0x00000000e0000000,0x00000000e6c00000)
  from space 12288K, 99% used [0x00000000e6c00000,0x00000000e77fe688,0x00000000e7800000)
  to   space 13824K, 0% used [0x00000000e9680000,0x00000000e9680000,0x00000000ea400000)
 ParOldGen       total 144896K, used 18345K [0x00000000a0000000, 0x00000000a8d80000, 0x00000000e0000000)
  object space 144896K, 12% used [0x00000000a0000000,0x00000000a11ea480,0x00000000a8d80000)
 Metaspace       used 47272K, capacity 48466K, committed 48640K, reserved 1091584K
  class space    used 6504K, capacity 6834K, committed 6912K, reserved 1048576K
}
Event: 10.754 GC heap before
{Heap before GC invocations=12 (full 2):
 PSYoungGen      total 122880K, used 122873K [0x00000000e0000000, 0x00000000ea400000, 0x0000000100000000)
  eden space 110592K, 100% used [0x00000000e0000000,0x00000000e6c00000,0x00000000e6c00000)
  from space 12288K, 99% used [0x00000000e6c00000,0x00000000e77fe688,0x00000000e7800000)
  to   space 13824K, 0% used [0x00000000e9680000,0x00000000e9680000,0x00000000ea400000)
 ParOldGen       total 144896K, used 18345K [0x00000000a0000000, 0x00000000a8d80000, 0x00000000e0000000)
  object space 144896K, 12% used [0x00000000a0000000,0x00000000a11ea480,0x00000000a8d80000)
 Metaspace       used 53505K, capacity 55286K, committed 55552K, reserved 1097728K
  class space    used 7487K, capacity 7924K, committed 7936K, reserved 1048576K
Event: 10.770 GC heap after
Heap after GC invocations=12 (full 2):
 PSYoungGen      total 149504K, used 13811K [0x00000000e0000000, 0x00000000ead00000, 0x0000000100000000)
  eden space 135680K, 0% used [0x00000000e0000000,0x00000000e0000000,0x00000000e8480000)
  from space 13824K, 99% used [0x00000000e9680000,0x00000000ea3fccd8,0x00000000ea400000)
  to   space 18432K, 0% used [0x00000000e8480000,0x00000000e8480000,0x00000000e9680000)
 ParOldGen       total 144896K, used 26169K [0x00000000a0000000, 0x00000000a8d80000, 0x00000000e0000000)
  object space 144896K, 18% used [0x00000000a0000000,0x00000000a198e5d0,0x00000000a8d80000)
 Metaspace       used 53505K, capacity 55286K, committed 55552K, reserved 1097728K
  class space    used 7487K, capacity 7924K, committed 7936K, reserved 1048576K
}
Event: 14.241 GC heap before
{Heap before GC invocations=13 (full 2):
 PSYoungGen      total 149504K, used 89231K [0x00000000e0000000, 0x00000000ead00000, 0x0000000100000000)
  eden space 135680K, 55% used [0x00000000e0000000,0x00000000e49a7040,0x00000000e8480000)
  from space 13824K, 99% used [0x00000000e9680000,0x00000000ea3fccd8,0x00000000ea400000)
  to   space 18432K, 0% used [0x00000000e8480000,0x00000000e8480000,0x00000000e9680000)
 ParOldGen       total 144896K, used 26169K [0x00000000a0000000, 0x00000000a8d80000, 0x00000000e0000000)
  object space 144896K, 18% used [0x00000000a0000000,0x00000000a198e5d0,0x00000000a8d80000)
 Metaspace       used 57131K, capacity 59004K, committed 59160K, reserved 1099776K
  class space    used 8028K, capacity 8493K, committed 8576K, reserved 1048576K
Event: 14.256 GC heap after
Heap after GC invocations=13 (full 2):
 PSYoungGen      total 154112K, used 18419K [0x00000000e0000000, 0x00000000ece80000, 0x0000000100000000)
  eden space 135680K, 0% used [0x00000000e0000000,0x00000000e0000000,0x00000000e8480000)
  from space 18432K, 99% used [0x00000000e8480000,0x00000000e967ccd8,0x00000000e9680000)
  to   space 21504K, 0% used [0x00000000eb980000,0x00000000eb980000,0x00000000ece80000)
 ParOldGen       total 144896K, used 28310K [0x00000000a0000000, 0x00000000a8d80000, 0x00000000e0000000)
  object space 144896K, 19% used [0x00000000a0000000,0x00000000a1ba5958,0x00000000a8d80000)
 Metaspace       used 57131K, capacity 59004K, committed 59160K, reserved 1099776K
  class space    used 8028K, capacity 8493K, committed 8576K, reserved 1048576K
}
Event: 14.256 GC heap before
{Heap before GC invocations=14 (full 3):
 PSYoungGen      total 154112K, used 18419K [0x00000000e0000000, 0x00000000ece80000, 0x0000000100000000)
  eden space 135680K, 0% used [0x00000000e0000000,0x00000000e0000000,0x00000000e8480000)
  from space 18432K, 99% used [0x00000000e8480000,0x00000000e967ccd8,0x00000000e9680000)
  to   space 21504K, 0% used [0x00000000eb980000,0x00000000eb980000,0x00000000ece80000)
 ParOldGen       total 144896K, used 28310K [0x00000000a0000000, 0x00000000a8d80000, 0x00000000e0000000)
  object space 144896K, 19% used [0x00000000a0000000,0x00000000a1ba5958,0x00000000a8d80000)
 Metaspace       used 57131K, capacity 59004K, committed 59160K, reserved 1099776K
  class space    used 8028K, capacity 8493K, committed 8576K, reserved 1048576K
Event: 14.432 GC heap after
Heap after GC invocations=14 (full 3):
 PSYoungGen      total 154112K, used 0K [0x00000000e0000000, 0x00000000ece80000, 0x0000000100000000)
  eden space 135680K, 0% used [0x00000000e0000000,0x00000000e0000000,0x00000000e8480000)
  from space 18432K, 0% used [0x00000000e8480000,0x00000000e8480000,0x00000000e9680000)
  to   space 21504K, 0% used [0x00000000eb980000,0x00000000eb980000,0x00000000ece80000)
 ParOldGen       total 144896K, used 38555K [0x00000000a0000000, 0x00000000a8d80000, 0x00000000e0000000)
  object space 144896K, 26% used [0x00000000a0000000,0x00000000a25a6d60,0x00000000a8d80000)
 Metaspace       used 57129K, capacity 58998K, committed 59160K, reserved 1099776K
  class space    used 8028K, capacity 8492K, committed 8576K, reserved 1048576K
}

Deoptimization events (10 events):
Event: 13.933 Thread 0x00000000593f1000 Uncommon trap: reason=class_check action=maybe_recompile pc=0x00000000033e146c method=java.util.regex.Matcher.search(I)Z @ 86
Event: 13.933 Thread 0x00000000593f1000 Uncommon trap: reason=class_check action=maybe_recompile pc=0x0000000002e46b4c method=java.util.regex.Matcher.search(I)Z @ 86
Event: 15.633 Thread 0x00000000593f1000 Uncommon trap: reason=unstable_if action=reinterpret pc=0x000000000324c624 method=java.lang.StringCoding$StringDecoder.decode([BII)[C @ 20
Event: 15.671 Thread 0x00000000593f1000 Uncommon trap: reason=unstable_if action=reinterpret pc=0x0000000002c9d418 method=sun.nio.cs.UTF_8$Decoder.decodeArrayLoop(Ljava/nio/ByteBuffer;Ljava/nio/CharBuffer;)Ljava/nio/charset/CoderResult; @ 84
Event: 15.690 Thread 0x00000000593f1000 Uncommon trap: reason=unstable_if action=reinterpret pc=0x00000000029303bc method=sun.nio.cs.UTF_8$Decoder.decodeArrayLoop(Ljava/nio/ByteBuffer;Ljava/nio/CharBuffer;)Ljava/nio/charset/CoderResult; @ 84
Event: 15.695 Thread 0x00000000593f1000 Uncommon trap: reason=unstable_if action=reinterpret pc=0x00000000025a5180 method=java.lang.CharacterData.of(I)Ljava/lang/CharacterData; @ 4
Event: 15.759 Thread 0x00000000593f1000 Uncommon trap: reason=unstable_if action=reinterpret pc=0x0000000002b56f88 method=com.sun.tools.javac.parser.UnicodeReader.scanChar()V @ 37
Event: 15.759 Thread 0x00000000593f1000 Uncommon trap: reason=unstable_if action=reinterpret pc=0x00000000029406f8 method=com.sun.tools.javac.parser.UnicodeReader.scanChar()V @ 37
Event: 15.759 Thread 0x00000000593f1000 Uncommon trap: reason=unstable_if action=reinterpret pc=0x00000000031dc504 method=com.sun.tools.javac.parser.UnicodeReader.scanChar()V @ 37
Event: 15.904 Thread 0x00000000593f1000 Uncommon trap: reason=unstable_if action=reinterpret pc=0x00000000030dcef8 method=com.sun.tools.javac.util.Name$Table.equals([BI[BII)Z @ 22

Internal exceptions (10 events):
Event: 9.916 Thread 0x00000000593f1000 Exception <a 'java/lang/ClassNotFoundException': org/gradle/model/internal/core/ModelMapGroovyViewCustomizer> (0x00000000e4af96f0) thrown at [C:\re\workspace\8-2-build-windows-amd64-cygwin\jdk8u131\8869\hotspot\src\share\vm\classfile\systemDictionary.cpp,
Event: 9.917 Thread 0x00000000593f1000 Exception <a 'java/lang/ClassNotFoundException': org/gradle/model/internal/core/NodeBackedModelMapCustomizer> (0x00000000e4b21920) thrown at [C:\re\workspace\8-2-build-windows-amd64-cygwin\jdk8u131\8869\hotspot\src\share\vm\classfile\systemDictionary.cpp,
Event: 9.918 Thread 0x00000000593f1000 Exception <a 'java/lang/ClassNotFoundException': org/gradle/platform/base/BinaryContainer_ImplCustomizer> (0x00000000e4b84b58) thrown at [C:\re\workspace\8-2-build-windows-amd64-cygwin\jdk8u131\8869\hotspot\src\share\vm\classfile\systemDictionary.cpp, lin
Event: 10.124 Thread 0x00000000593f1000 Exception <a 'java/lang/NoSuchMethodError': <clinit>> (0x00000000e552f6c8) thrown at [C:\re\workspace\8-2-build-windows-amd64-cygwin\jdk8u131\8869\hotspot\src\share\vm\prims\jni.cpp, line 1613]
Event: 10.124 Thread 0x00000000593f1000 Exception <a 'java/lang/NoSuchMethodError': <clinit>> (0x00000000e553e278) thrown at [C:\re\workspace\8-2-build-windows-amd64-cygwin\jdk8u131\8869\hotspot\src\share\vm\prims\jni.cpp, line 1613]
Event: 10.139 Thread 0x00000000593f1000 Implicit null exception at 0x00000000035516ea to 0x00000000035529a9
Event: 10.151 Thread 0x00000000593f1000 Exception <a 'java/lang/NoSuchMethodError': <clinit>> (0x00000000e5798840) thrown at [C:\re\workspace\8-2-build-windows-amd64-cygwin\jdk8u131\8869\hotspot\src\share\vm\prims\jni.cpp, line 1613]
Event: 10.152 Thread 0x00000000593f1000 Exception <a 'java/lang/NoSuchMethodError': <clinit>> (0x00000000e57b4540) thrown at [C:\re\workspace\8-2-build-windows-amd64-cygwin\jdk8u131\8869\hotspot\src\share\vm\prims\jni.cpp, line 1613]
Event: 10.152 Thread 0x00000000593f1000 Exception <a 'java/lang/NoSuchMethodError': <clinit>> (0x00000000e57b63a8) thrown at [C:\re\workspace\8-2-build-windows-amd64-cygwin\jdk8u131\8869\hotspot\src\share\vm\prims\jni.cpp, line 1613]
Event: 10.993 Thread 0x00000000593f1000 Exception <a 'java/lang/NoSuchMethodError': java.lang.Object.lambda$negate$1(Ljava/lang/Object;)Z> (0x00000000e0b64210) thrown at [C:\re\workspace\8-2-build-windows-amd64-cygwin\jdk8u131\8869\hotspot\src\share\vm\interpreter\linkResolver.cpp, line 582]

Events (10 events):
Event: 15.775 Thread 0x00000000593f1000 DEOPT UNPACKING pc=0x00000000024c787f sp=0x000000005abfa960 mode 0
Event: 15.794 Thread 0x00000000593f1000 DEOPT PACKING pc=0x0000000002fa1f33 sp=0x000000005abfab60
Event: 15.794 Thread 0x00000000593f1000 DEOPT UNPACKING pc=0x00000000024c787f sp=0x000000005abfa960 mode 0
Event: 15.839 Thread 0x00000000593f1000 DEOPT PACKING pc=0x00000000039b9a66 sp=0x000000005abfad30
Event: 15.839 Thread 0x00000000593f1000 DEOPT UNPACKING pc=0x00000000024c787f sp=0x000000005abfaa60 mode 0
Event: 15.894 Thread 0x00000000593f1000 DEOPT PACKING pc=0x00000000031644a0 sp=0x000000005abfaf00
Event: 15.894 Thread 0x00000000593f1000 DEOPT UNPACKING pc=0x00000000024c787f sp=0x000000005abfac58 mode 0
Event: 15.904 Thread 0x00000000593f1000 Uncommon trap: trap_request=0xffffff65 fr.pc=0x00000000030dcef8
Event: 15.904 Thread 0x00000000593f1000 DEOPT PACKING pc=0x00000000030dcef8 sp=0x000000005abfa920
Event: 15.904 Thread 0x00000000593f1000 DEOPT UNPACKING pc=0x00000000024c582a sp=0x000000005abfa6a0 mode 2


Dynamic libraries:
0x000000013fa60000 - 0x000000013fa97000 	C:\Program Files\Java\jdk1.8.0_131\bin\java.exe
0x0000000076d70000 - 0x0000000076f0f000 	C:\Windows\SYSTEM32\ntdll.dll
0x0000000076b50000 - 0x0000000076c6f000 	C:\Windows\system32\kernel32.dll
0x000007fefcc80000 - 0x000007fefccea000 	C:\Windows\system32\KERNELBASE.dll
0x000007fefd3a0000 - 0x000007fefd47b000 	C:\Windows\system32\ADVAPI32.dll
0x000007fefd660000 - 0x000007fefd6ff000 	C:\Windows\system32\msvcrt.dll
0x000007fefcf30000 - 0x000007fefcf4f000 	C:\Windows\SYSTEM32\sechost.dll
0x000007fefce00000 - 0x000007fefcf2d000 	C:\Windows\system32\RPCRT4.dll
0x0000000076c70000 - 0x0000000076d6a000 	C:\Windows\system32\USER32.dll
0x000007fefd7b0000 - 0x000007fefd817000 	C:\Windows\system32\GDI32.dll
0x000007fefdab0000 - 0x000007fefdabe000 	C:\Windows\system32\LPK.dll
0x000007fefd230000 - 0x000007fefd2fb000 	C:\Windows\system32\USP10.dll
0x000007fefb300000 - 0x000007fefb4f4000 	C:\Windows\WinSxS\amd64_microsoft.windows.common-controls_6595b64144ccf1df_6.0.7601.18837_none_fa3b1e3d17594757\COMCTL32.dll
0x000007fefd730000 - 0x000007fefd7a1000 	C:\Windows\system32\SHLWAPI.dll
0x000007fefd700000 - 0x000007fefd72e000 	C:\Windows\system32\IMM32.DLL
0x000007fefd940000 - 0x000007fefda49000 	C:\Windows\system32\MSCTF.dll
0x0000000070540000 - 0x0000000070612000 	C:\Program Files\Java\jdk1.8.0_131\jre\bin\msvcr100.dll
0x000000006f8b0000 - 0x000000007014c000 	C:\Program Files\Java\jdk1.8.0_131\jre\bin\server\jvm.dll
0x000007fef7ce0000 - 0x000007fef7ce9000 	C:\Windows\system32\WSOCK32.dll
0x000007fefe080000 - 0x000007fefe0cd000 	C:\Windows\system32\WS2_32.dll
0x0000000000150000 - 0x0000000000158000 	C:\Windows\system32\NSI.dll
0x000007fef9f60000 - 0x000007fef9f9b000 	C:\Windows\system32\WINMM.dll
0x000007fefbb10000 - 0x000007fefbb1c000 	C:\Windows\system32\VERSION.dll
0x0000000076f20000 - 0x0000000076f27000 	C:\Windows\system32\PSAPI.DLL
0x0000000074760000 - 0x000000007476f000 	C:\Program Files\Java\jdk1.8.0_131\jre\bin\verify.dll
0x0000000071810000 - 0x0000000071839000 	C:\Program Files\Java\jdk1.8.0_131\jre\bin\java.dll
0x0000000071770000 - 0x0000000071786000 	C:\Program Files\Java\jdk1.8.0_131\jre\bin\zip.dll
0x000007fefe0d0000 - 0x000007fefee5b000 	C:\Windows\system32\SHELL32.dll
0x000007fefee60000 - 0x000007feff05d000 	C:\Windows\system32\ole32.dll
0x000007fefca40000 - 0x000007fefca4f000 	C:\Windows\system32\profapi.dll
0x0000000071750000 - 0x000000007176a000 	C:\Program Files\Java\jdk1.8.0_131\jre\bin\net.dll
0x000007fefc210000 - 0x000007fefc265000 	C:\Windows\system32\mswsock.dll
0x000007fefc200000 - 0x000007fefc207000 	C:\Windows\System32\wship6.dll
0x0000000071730000 - 0x0000000071741000 	C:\Program Files\Java\jdk1.8.0_131\jre\bin\nio.dll
0x000007fefb6e0000 - 0x000007fefb6fe000 	C:\Users\cong-pv\.gradle\native\25\windows-amd64\native-platform.dll
0x0000000073340000 - 0x000000007334d000 	C:\Program Files\Java\jdk1.8.0_131\jre\bin\management.dll
0x000007fefc270000 - 0x000007fefc288000 	C:\Windows\system32\CRYPTSP.dll
0x000007fefbf70000 - 0x000007fefbfb7000 	C:\Windows\system32\rsaenh.dll
0x000007fefcd00000 - 0x000007fefcd1e000 	C:\Windows\system32\USERENV.dll
0x000007fefc8e0000 - 0x000007fefc8ef000 	C:\Windows\system32\CRYPTBASE.dll
0x000007fef9580000 - 0x000007fef95a7000 	C:\Windows\system32\IPHLPAPI.DLL
0x000007fef9570000 - 0x000007fef957b000 	C:\Windows\system32\WINNSI.DLL
0x000007fef80b0000 - 0x000007fef80c1000 	C:\Windows\system32\dhcpcsvc6.DLL
0x000007fef9120000 - 0x000007fef9138000 	C:\Windows\system32\dhcpcsvc.DLL
0x000007fefc880000 - 0x000007fefc8d7000 	C:\Windows\system32\apphelp.dll

VM Arguments:
jvm_args: -Xmx1536m -Dfile.encoding=windows-31j -Duser.country=JP -Duser.language=ja -Duser.variant 
java_command: org.gradle.launcher.daemon.bootstrap.GradleDaemon 4.4
java_class_path (initial): C:\Users\cong-pv\.gradle\wrapper\dists\gradle-4.4-all\9br9xq1tocpiv8o6njlyu5op1\gradle-4.4\lib\gradle-launcher-4.4.jar
Launcher Type: SUN_STANDARD

Environment Variables:
JAVA_HOME=C:\Program Files\Java\jdk1.8.0_131
PATH=C:\Program Files (x86)\Common Files\Oracle\Java\javapath;C:\ProgramData\Oracle\Java\javapath;C:\Program Files (x86)\Intel\iCLS Client\;C:\Program Files\Intel\iCLS Client\;C:\Windows\system32;C:\Windows;C:\Windows\System32\Wbem;C:\Windows\System32\WindowsPowerShell\v1.0\;C:\Program Files (x86)\Intel\UCRT\;C:\Program Files\TortoiseSVN\bin;C:\Users\User\.dnx\bin;C:\Program Files\Microsoft DNX\Dnvm\;C:\Program Files (x86)\Windows Kits\8.1\Windows Performance Toolkit\;C:\Program Files\Microsoft SQL Server\130\Tools\Binn\;C:\Program Files\Git\cmd;C:\Program Files\Microsoft SQL Server\120\Tools\Binn\;C:\Program Files\Microsoft SQLServer\Client SDK\ODBC\110\Tools\Binn\;C:\Program Files (x86)\Microsoft SQL Server\120\Tools\Binn\;C:\Program Files\Microsoft SQL Server\120\DTS\Binn\;C:\Program Files (x86)\Microsoft SQL Server\120\Tools\Binn\ManagementStudio\;C:\ProgramFiles (x86)\Microsoft SQL Server\120\DTS\Binn\;C:\Program Files\Intel\UCRT\;C:\Program Files (x86)\Intel\Intel(R) Management Engine Components\DAL;C:\Program Files\Intel\Intel(R) Management Engine Components\DAL;C:\Program Files (x86)\Intel\Intel(R) Management Engine Components\IPT;C:\Program Files\Intel\Intel(R) Management Engine Components\IPT;c:\Program Files\Microsoft SQL Server\Client SDK\ODBC\110\Tools\Binn\;c:\Program Files (x86)\Microsoft SQL Server\120\DTS\Binn\;C:\Go\bin;C:\Program Files\Java\jdk1.8.0_131\bin;C:\Program Files\TortoiseGit\bin;C:\Users\cong-pv\go\bin
USERNAME=cong-pv
OS=Windows_NT
PROCESSOR_IDENTIFIER=Intel64 Family 6 Model 94 Stepping 3, GenuineIntel



---------------  S Y S T E M  ---------------

OS: Windows 7 , 64 bit Build 7601 (6.1.7601.24150)

CPU:total 4 (initial active 4) (4 cores per cpu, 1 threads per core) family 6 model 94 stepping 3, cmov, cx8, fxsr, mmx, sse, sse2, sse3, ssse3, sse4.1, sse4.2, popcnt, avx, avx2, aes, clmul, erms, rtm, 3dnowpref, lzcnt, tsc, tscinvbit, bmi1, bmi2, adx

Memory: 4k page, physical 12451892k(1308428k free), swap 12450016k(4272k free)

vm_info: Java HotSpot(TM) 64-Bit Server VM (25.131-b11) for windows-amd64 JRE (1.8.0_131-b11), built on Mar 15 2017 01:23:53 by "java_re" with MS VC++ 10.0 (VS2010)

time: Tue Jul 10 14:14:29 2018
elapsed time: 15 seconds (0d 0h 0m 15s)

