#
# There is insufficient memory for the Java Runtime Environment to continue.
# Native memory allocation (malloc) failed to allocate 32744 bytes for ChunkPool::allocate
# Possible reasons:
#   The system is out of physical RAM or swap space
#   In 32 bit mode, the process size limit was hit
# Possible solutions:
#   Reduce memory load on the system
#   Increase physical memory or swap space
#   Check if swap backing store is full
#   Use 64 bit Java on a 64 bit OS
#   Decrease Java heap size (-Xmx/-Xms)
#   Decrease number of Java threads
#   Decrease Java thread stack sizes (-Xss)
#   Set larger code cache with -XX:ReservedCodeCacheSize=
# This output file may be truncated or incomplete.
#
#  Out of Memory Error (allocation.cpp:273), pid=8260, tid=0x0000000000002b54
#
# JRE version: Java(TM) SE Runtime Environment (8.0_131-b11) (build 1.8.0_131-b11)
# Java VM: Java HotSpot(TM) 64-Bit Server VM (25.131-b11 mixed mode windows-amd64 compressed oops)
# Failed to write core dump. Minidumps are not enabled by default on client versions of Windows
#

---------------  T H R E A D  ---------------

Current thread (0x00000000193a4800):  JavaThread "Daemon worker" [_thread_in_vm, id=11092, stack(0x000000001a640000,0x000000001a740000)]

Stack: [0x000000001a640000,0x000000001a740000]
[error occurred during error reporting (printing stack bounds), id 0xc0000005]

Native frames: (J=compiled Java code, j=interpreted, Vv=VM code, C=native code)

Java frames: (J=compiled Java code, j=interpreted, Vv=VM code)
J 316  java.lang.Throwable.fillInStackTrace(I)Ljava/lang/Throwable; (0 bytes) @ 0x000000000271f6fb [0x000000000271f6c0+0x3b]
J 349 C1 java.lang.Throwable.<init>(Ljava/lang/String;Ljava/lang/Throwable;)V (39 bytes) @ 0x000000000272c224 [0x000000000272bee0+0x344]
J 327 C1 java.lang.ReflectiveOperationException.<init>(Ljava/lang/String;Ljava/lang/Throwable;)V (7 bytes) @ 0x0000000002724344 [0x0000000002724280+0xc4]
J 1286 C2 java.net.URLClassLoader.findClass(Ljava/lang/String;)Ljava/lang/Class; (47 bytes) @ 0x00000000029f9dec [0x00000000029f9ce0+0x10c]
J 1402 C2 java.lang.ClassLoader.loadClass(Ljava/lang/String;Z)Ljava/lang/Class; (122 bytes) @ 0x0000000002a4ce40 [0x0000000002a4ca40+0x400]
J 1402 C2 java.lang.ClassLoader.loadClass(Ljava/lang/String;Z)Ljava/lang/Class; (122 bytes) @ 0x0000000002a4cd3c [0x0000000002a4ca40+0x2fc]
J 1402 C2 java.lang.ClassLoader.loadClass(Ljava/lang/String;Z)Ljava/lang/Class; (122 bytes) @ 0x0000000002a4cd3c [0x0000000002a4ca40+0x2fc]
J 359 C1 java.lang.ClassLoader.loadClass(Ljava/lang/String;)Ljava/lang/Class; (7 bytes) @ 0x000000000273164c [0x0000000002731540+0x10c]
v  ~StubRoutines::call_stub
j  org.gradle.api.internal.hash.DefaultFileHasher.hash(Ljava/io/File;)Lcom/google/common/hash/HashCode;+6
j  org.gradle.api.internal.changedetection.state.CachingFileHasher.snapshot(Ljava/io/File;JJ)Lorg/gradle/api/internal/changedetection/state/CachingFileHasher$FileInfo;+56
j  org.gradle.api.internal.changedetection.state.CachingFileHasher.snapshot(Ljava/io/File;)Lorg/gradle/api/internal/changedetection/state/CachingFileHasher$FileInfo;+10
j  org.gradle.api.internal.changedetection.state.CachingFileHasher.hash(Ljava/io/File;)Lcom/google/common/hash/HashCode;+2
j  org.gradle.api.internal.changedetection.state.CachingFileHasher.hash(Lorg/gradle/internal/resource/TextResource;)Lcom/google/common/hash/HashCode;+13
j  org.gradle.groovy.scripts.internal.CrossBuildInMemoryCachingScriptClassCache.getOrCompile(Lorg/gradle/groovy/scripts/ScriptSource;Ljava/lang/ClassLoader;Lorg/gradle/api/internal/initialization/loadercache/ClassLoaderId;Lorg/gradle/groovy/scripts/internal/CompileOperation;Ljava/lang/Class;Lorg/gradle/api/Action;Lorg/gradle/groovy/scripts/internal/ScriptClassCompiler;)Lorg/gradle/groovy/scripts/internal/CompiledScript;+49
j  org.gradle.groovy.scripts.internal.BuildScopeInMemoryCachingScriptClassCompiler.compile(Lorg/gradle/groovy/scripts/ScriptSource;Ljava/lang/ClassLoader;Lorg/gradle/api/internal/initialization/loadercache/ClassLoaderId;Lorg/gradle/groovy/scripts/internal/CompileOperation;Ljava/lang/Class;Lorg/gradle/api/Action;)Lorg/gradle/groovy/scripts/internal/CompiledScript;+64
j  org.gradle.groovy.scripts.DefaultScriptCompilerFactory$ScriptCompilerImpl.compile(Ljava/lang/Class;Lorg/gradle/groovy/scripts/internal/CompileOperation;Ljava/lang/ClassLoader;Lorg/gradle/api/Action;)Lorg/gradle/groovy/scripts/ScriptRunner;+38
j  org.gradle.configuration.DefaultScriptPluginFactory$ScriptPluginImpl.apply(Ljava/lang/Object;)V+306
j  org.gradle.configuration.DefaultInitScriptProcessor.process(Lorg/gradle/groovy/scripts/ScriptSource;Lorg/gradle/api/internal/GradleInternal;)V+118
j  org.gradle.initialization.InitScriptHandler$1.execute(Lorg/gradle/internal/operations/BuildOperationContext;)V+50
j  org.gradle.initialization.InitScriptHandler$1.execute(Ljava/lang/Object;)V+5
j  org.gradle.internal.Transformers$4.transform(Ljava/lang/Object;)Ljava/lang/Object;+5
j  org.gradle.internal.progress.DefaultBuildOperationExecutor.run(Lorg/gradle/internal/progress/BuildOperationDetails;Lorg/gradle/api/Transformer;)Ljava/lang/Object;+276
j  org.gradle.internal.progress.DefaultBuildOperationExecutor.run(Lorg/gradle/internal/progress/BuildOperationDetails;Lorg/gradle/api/Action;)V+6
j  org.gradle.initialization.InitScriptHandler.executeScripts(Lorg/gradle/api/internal/GradleInternal;)V+49
j  org.gradle.initialization.DefaultGradleLauncher.doBuildStages(Lorg/gradle/initialization/DefaultGradleLauncher$Stage;)V+35
j  org.gradle.initialization.DefaultGradleLauncher.doBuild(Lorg/gradle/initialization/DefaultGradleLauncher$Stage;)Lorg/gradle/BuildResult;+17
j  org.gradle.initialization.DefaultGradleLauncher.getBuildAnalysis()Lorg/gradle/BuildResult;+4
j  org.gradle.launcher.exec.GradleBuildController.configure()Lorg/gradle/api/internal/GradleInternal;+4
j  org.gradle.tooling.internal.provider.runner.ClientProvidedBuildActionRunner.run(Lorg/gradle/internal/invocation/BuildAction;Lorg/gradle/internal/invocation/BuildController;)V+62
j  org.gradle.launcher.exec.ChainingBuildActionRunner.run(Lorg/gradle/internal/invocation/BuildAction;Lorg/gradle/internal/invocation/BuildController;)V+34
j  org.gradle.tooling.internal.provider.runner.RunAsBuildOperationBuildActionRunner$1.execute(Lorg/gradle/internal/operations/BuildOperationContext;)V+15
j  org.gradle.tooling.internal.provider.runner.RunAsBuildOperationBuildActionRunner$1.execute(Ljava/lang/Object;)V+5
j  org.gradle.internal.Transformers$4.transform(Ljava/lang/Object;)Ljava/lang/Object;+5
j  org.gradle.internal.progress.DefaultBuildOperationExecutor.run(Lorg/gradle/internal/progress/BuildOperationDetails;Lorg/gradle/api/Transformer;)Ljava/lang/Object;+276
j  org.gradle.internal.progress.DefaultBuildOperationExecutor.run(Ljava/lang/String;Lorg/gradle/api/Action;)V+12
j  org.gradle.tooling.internal.provider.runner.RunAsBuildOperationBuildActionRunner.run(Lorg/gradle/internal/invocation/BuildAction;Lorg/gradle/internal/invocation/BuildController;)V+16
j  org.gradle.tooling.internal.provider.runner.SubscribableBuildActionRunner.run(Lorg/gradle/internal/invocation/BuildAction;Lorg/gradle/internal/invocation/BuildController;)V+38
j  org.gradle.launcher.exec.ChainingBuildActionRunner.run(Lorg/gradle/internal/invocation/BuildAction;Lorg/gradle/internal/invocation/BuildController;)V+34
j  org.gradle.launcher.exec.InProcessBuildActionExecuter.execute(Lorg/gradle/internal/invocation/BuildAction;Lorg/gradle/initialization/BuildRequestContext;Lorg/gradle/launcher/exec/BuildActionParameters;Lorg/gradle/internal/service/ServiceRegistry;)Ljava/lang/Object;+64
j  org.gradle.launcher.exec.InProcessBuildActionExecuter.execute(Lorg/gradle/internal/invocation/BuildAction;Lorg/gradle/initialization/BuildRequestContext;Ljava/lang/Object;Lorg/gradle/internal/service/ServiceRegistry;)Ljava/lang/Object;+9
j  org.gradle.tooling.internal.provider.ContinuousBuildActionExecuter.execute(Lorg/gradle/internal/invocation/BuildAction;Lorg/gradle/initialization/BuildRequestContext;Lorg/gradle/launcher/exec/BuildActionParameters;Lorg/gradle/internal/service/ServiceRegistry;)Ljava/lang/Object;+28
j  org.gradle.tooling.internal.provider.ContinuousBuildActionExecuter.execute(Lorg/gradle/internal/invocation/BuildAction;Lorg/gradle/initialization/BuildRequestContext;Ljava/lang/Object;Lorg/gradle/internal/service/ServiceRegistry;)Ljava/lang/Object;+9
j  org.gradle.tooling.internal.provider.ServicesSetupBuildActionExecuter.execute(Lorg/gradle/internal/invocation/BuildAction;Lorg/gradle/initialization/BuildRequestContext;Lorg/gradle/launcher/exec/BuildActionParameters;Lorg/gradle/internal/service/ServiceRegistry;)Ljava/lang/Object;+52
j  org.gradle.tooling.internal.provider.ServicesSetupBuildActionExecuter.execute(Lorg/gradle/internal/invocation/BuildAction;Lorg/gradle/initialization/BuildRequestContext;Ljava/lang/Object;Lorg/gradle/internal/service/ServiceRegistry;)Ljava/lang/Object;+9
j  org.gradle.launcher.daemon.server.exec.ExecuteBuild.doBuild(Lorg/gradle/launcher/daemon/server/api/DaemonCommandExecution;Lorg/gradle/launcher/daemon/protocol/Build;)V+114
j  org.gradle.launcher.daemon.server.exec.BuildCommandOnly.execute(Lorg/gradle/launcher/daemon/server/api/DaemonCommandExecution;)V+49
j  org.gradle.launcher.daemon.server.api.DaemonCommandExecution.proceed()Z+28
j  org.gradle.launcher.daemon.server.exec.WatchForDisconnection.execute(Lorg/gradle/launcher/daemon/server/api/DaemonCommandExecution;)V+19
j  org.gradle.launcher.daemon.server.api.DaemonCommandExecution.proceed()Z+28
j  org.gradle.launcher.daemon.server.exec.ResetDeprecationLogger.execute(Lorg/gradle/launcher/daemon/server/api/DaemonCommandExecution;)V+4
j  org.gradle.launcher.daemon.server.api.DaemonCommandExecution.proceed()Z+28
j  org.gradle.launcher.daemon.server.exec.RequestStopIfSingleUsedDaemon.execute(Lorg/gradle/launcher/daemon/server/api/DaemonCommandExecution;)V+33
j  org.gradle.launcher.daemon.server.api.DaemonCommandExecution.proceed()Z+28
j  org.gradle.launcher.daemon.server.exec.ForwardClientInput$2.call()Ljava/lang/Void;+4
j  org.gradle.launcher.daemon.server.exec.ForwardClientInput$2.call()Ljava/lang/Object;+1
j  org.gradle.util.Swapper.swap(Ljava/lang/Object;Ljava/util/concurrent/Callable;)Ljava/lang/Object;+21
j  org.gradle.launcher.daemon.server.exec.ForwardClientInput.execute(Lorg/gradle/launcher/daemon/server/api/DaemonCommandExecution;)V+63
j  org.gradle.launcher.daemon.server.api.DaemonCommandExecution.proceed()Z+28
j  org.gradle.launcher.daemon.server.exec.LogAndCheckHealth.execute(Lorg/gradle/launcher/daemon/server/api/DaemonCommandExecution;)V+28
j  org.gradle.launcher.daemon.server.api.DaemonCommandExecution.proceed()Z+28
j  org.gradle.launcher.daemon.server.exec.LogToClient.doBuild(Lorg/gradle/launcher/daemon/server/api/DaemonCommandExecution;Lorg/gradle/launcher/daemon/protocol/Build;)V+87
j  org.gradle.launcher.daemon.server.exec.BuildCommandOnly.execute(Lorg/gradle/launcher/daemon/server/api/DaemonCommandExecution;)V+49
j  org.gradle.launcher.daemon.server.api.DaemonCommandExecution.proceed()Z+28
j  org.gradle.launcher.daemon.server.exec.EstablishBuildEnvironment.doBuild(Lorg/gradle/launcher/daemon/server/api/DaemonCommandExecution;Lorg/gradle/launcher/daemon/protocol/Build;)V+279
j  org.gradle.launcher.daemon.server.exec.BuildCommandOnly.execute(Lorg/gradle/launcher/daemon/server/api/DaemonCommandExecution;)V+49
j  org.gradle.launcher.daemon.server.api.DaemonCommandExecution.proceed()Z+28
j  org.gradle.launcher.daemon.server.exec.StartBuildOrRespondWithBusy$1.run()V+44
j  org.gradle.launcher.daemon.server.DaemonStateCoordinator$1.run()V+4
j  org.gradle.internal.concurrent.ExecutorPolicy$CatchAndRecordFailures.onExecute(Ljava/lang/Runnable;)V+1
j  org.gradle.internal.concurrent.StoppableExecutorImpl$1.run()V+25
j  java.util.concurrent.ThreadPoolExecutor.runWorker(Ljava/util/concurrent/ThreadPoolExecutor$Worker;)V+95
j  java.util.concurrent.ThreadPoolExecutor$Worker.run()V+5
j  java.lang.Thread.run()V+11
v  ~StubRoutines::call_stub

---------------  P R O C E S S  ---------------

Java Threads: ( => current thread )
  0x000000001948a000 JavaThread "File lock request listener" [_thread_in_native, id=988, stack(0x000000001bd00000,0x000000001be00000)]
  0x00000000193f2800 JavaThread "Stdin handler" [_thread_blocked, id=9184, stack(0x000000001a8b0000,0x000000001a9b0000)]
  0x00000000193a5800 JavaThread "Asynchronous log dispatcher for DefaultDaemonConnection: socket connection from /127.0.0.1:50847 to /127.0.0.1:50848" [_thread_blocked, id=10272, stack(0x000000001a760000,0x000000001a860000)]
=>0x00000000193a4800 JavaThread "Daemon worker" [_thread_in_vm, id=11092, stack(0x000000001a640000,0x000000001a740000)]
  0x000000001939e000 JavaThread "Cancel handler" [_thread_blocked, id=10388, stack(0x000000001a450000,0x000000001a550000)]
  0x0000000019371800 JavaThread "Handler for socket connection from /127.0.0.1:50847 to /127.0.0.1:50848" [_thread_in_native, id=4408, stack(0x000000001a220000,0x000000001a320000)]
  0x0000000019371000 JavaThread "Daemon" [_thread_blocked, id=5260, stack(0x000000001a320000,0x000000001a420000)]
  0x0000000019242800 JavaThread "Incoming local TCP Connector on port 50847" [_thread_in_native, id=11012, stack(0x0000000019ec0000,0x0000000019fc0000)]
  0x00000000191cd000 JavaThread "pool-1-thread-1" [_thread_blocked, id=9384, stack(0x0000000018b40000,0x0000000018c40000)]
  0x000000001617f000 JavaThread "Service Thread" daemon [_thread_blocked, id=8412, stack(0x00000000178f0000,0x00000000179f0000)]
  0x000000001617c000 JavaThread "C1 CompilerThread2" daemon [_thread_blocked, id=11112, stack(0x00000000180a0000,0x00000000181a0000)]
  0x000000001617b000 JavaThread "C2 CompilerThread1" daemon [_thread_in_native, id=7900, stack(0x0000000017e20000,0x0000000017f20000)]
  0x00000000174f3000 JavaThread "C2 CompilerThread0" daemon [_thread_in_native, id=4220, stack(0x0000000017ce0000,0x0000000017de0000)]
  0x00000000174ec800 JavaThread "Attach Listener" daemon [_thread_blocked, id=9516, stack(0x0000000017b70000,0x0000000017c70000)]
  0x000000001616e000 JavaThread "Signal Dispatcher" daemon [_thread_blocked, id=8980, stack(0x00000000179f0000,0x0000000017af0000)]
  0x0000000016159800 JavaThread "Finalizer" daemon [_thread_blocked, id=10260, stack(0x00000000173e0000,0x00000000174e0000)]
  0x0000000016112800 JavaThread "Reference Handler" daemon [_thread_blocked, id=1216, stack(0x0000000017170000,0x0000000017270000)]
  0x000000000219f800 JavaThread "main" [_thread_blocked, id=10116, stack(0x0000000002470000,0x0000000002570000)]

Other Threads:
  0x000000001610b000 VMThread [stack: 0x00000000172c0000,0x00000000173c0000] [id=10656]
  0x000000001758d800 WatcherThread [stack: 0x0000000018220000,0x0000000018320000] [id=9528]

VM state:not at safepoint (normal execution)

VM Mutex/Monitor currently owned by a thread: None

Heap:
 PSYoungGen      total 38400K, used 5479K [0x00000000e0000000, 0x00000000e4b00000, 0x0000000100000000)
  eden space 33280K, 1% used [0x00000000e0000000,0x00000000e005abc8,0x00000000e2080000)
  from space 5120K, 99% used [0x00000000e2080000,0x00000000e257f070,0x00000000e2580000)
  to   space 5120K, 0% used [0x00000000e4600000,0x00000000e4600000,0x00000000e4b00000)
 ParOldGen       total 87552K, used 3998K [0x00000000a0000000, 0x00000000a5580000, 0x00000000e0000000)
  object space 87552K, 4% used [0x00000000a0000000,0x00000000a03e7b30,0x00000000a5580000)
 Metaspace       used 16693K, capacity 17136K, committed 17536K, reserved 1064960K
  class space    used 2380K, capacity 2561K, committed 2688K, reserved 1048576K

Card table byte_map: [0x0000000011930000,0x0000000011c40000] byte_map_base: 0x0000000011430000

Marking Bits: (ParMarkBitMap*) 0x000000005507c720
 Begin Bits: [0x0000000012480000, 0x0000000013c80000)
 End Bits:   [0x0000000013c80000, 0x0000000015480000)

Polling page: 0x0000000000410000

CodeCache: size=245760Kb used=4960Kb max_used=4974Kb free=240799Kb
 bounds [0x0000000002570000, 0x0000000002a50000, 0x0000000011570000]
 total_blobs=1804 nmethods=1405 adapters=311
 compilation: enabled

Compilation events (10 events):
Event: 3.581 Thread 0x000000001617c000 1404       3       org.gradle.internal.service.DefaultServiceRegistry$RelevantMethodsBuilder::add (31 bytes)
Event: 3.582 Thread 0x000000001617c000 nmethod 1404 0x0000000002a47190 code [0x0000000002a47320, 0x0000000002a477a8]
Event: 3.582 Thread 0x000000001617c000 1405       3       java.util.LinkedList$ListItr::remove (84 bytes)
Event: 3.582 Thread 0x000000001617c000 nmethod 1405 0x0000000002a46890 code [0x0000000002a46a40, 0x0000000002a46f68]
Event: 3.582 Thread 0x000000001617c000 1406       3       org.gradle.internal.service.DefaultServiceRegistry$FactoryMethodService::<init> (25 bytes)
Event: 3.583 Thread 0x000000001617c000 nmethod 1406 0x0000000002a47f90 code [0x0000000002a48200, 0x0000000002a49488]
Event: 3.584 Thread 0x00000000174f3000 nmethod 1402 0x0000000002a4c850 code [0x0000000002a4ca40, 0x0000000002a4da28]
Event: 3.584 Thread 0x00000000174f3000 1403   !   4       java.net.URLClassLoader$1::run (63 bytes)
Event: 3.610 Thread 0x000000001617c000 1408       3       java.lang.Enum::<init> (15 bytes)
Event: 3.610 Thread 0x000000001617c000 nmethod 1408 0x0000000002a464d0 code [0x0000000002a46620, 0x0000000002a467f0]

GC Heap History (6 events):
Event: 1.548 GC heap before
{Heap before GC invocations=1 (full 0):
 PSYoungGen      total 38400K, used 33107K [0x00000000e0000000, 0x00000000e2a80000, 0x0000000100000000)
  eden space 33280K, 99% used [0x00000000e0000000,0x00000000e2054c18,0x00000000e2080000)
  from space 5120K, 0% used [0x00000000e2580000,0x00000000e2580000,0x00000000e2a80000)
  to   space 5120K, 0% used [0x00000000e2080000,0x00000000e2080000,0x00000000e2580000)
 ParOldGen       total 87552K, used 0K [0x00000000a0000000, 0x00000000a5580000, 0x00000000e0000000)
  object space 87552K, 0% used [0x00000000a0000000,0x00000000a0000000,0x00000000a5580000)
 Metaspace       used 6968K, capacity 7188K, committed 7424K, reserved 1056768K
  class space    used 874K, capacity 924K, committed 1024K, reserved 1048576K
Event: 1.568 GC heap after
Heap after GC invocations=1 (full 0):
 PSYoungGen      total 38400K, used 4583K [0x00000000e0000000, 0x00000000e4b00000, 0x0000000100000000)
  eden space 33280K, 0% used [0x00000000e0000000,0x00000000e0000000,0x00000000e2080000)
  from space 5120K, 89% used [0x00000000e2080000,0x00000000e24f9d80,0x00000000e2580000)
  to   space 5120K, 0% used [0x00000000e4600000,0x00000000e4600000,0x00000000e4b00000)
 ParOldGen       total 87552K, used 8K [0x00000000a0000000, 0x00000000a5580000, 0x00000000e0000000)
  object space 87552K, 0% used [0x00000000a0000000,0x00000000a0002000,0x00000000a5580000)
 Metaspace       used 6968K, capacity 7188K, committed 7424K, reserved 1056768K
  class space    used 874K, capacity 924K, committed 1024K, reserved 1048576K
}
Event: 3.097 GC heap before
{Heap before GC invocations=2 (full 0):
 PSYoungGen      total 38400K, used 37863K [0x00000000e0000000, 0x00000000e4b00000, 0x0000000100000000)
  eden space 33280K, 100% used [0x00000000e0000000,0x00000000e2080000,0x00000000e2080000)
  from space 5120K, 89% used [0x00000000e2080000,0x00000000e24f9d80,0x00000000e2580000)
  to   space 5120K, 0% used [0x00000000e4600000,0x00000000e4600000,0x00000000e4b00000)
 ParOldGen       total 87552K, used 8K [0x00000000a0000000, 0x00000000a5580000, 0x00000000e0000000)
  object space 87552K, 0% used [0x00000000a0000000,0x00000000a0002000,0x00000000a5580000)
 Metaspace       used 13203K, capacity 13556K, committed 13696K, reserved 1060864K
  class space    used 1793K, capacity 1907K, committed 1920K, reserved 1048576K
Event: 3.107 GC heap after
Heap after GC invocations=2 (full 0):
 PSYoungGen      total 38400K, used 5094K [0x00000000e0000000, 0x00000000e4b00000, 0x0000000100000000)
  eden space 33280K, 0% used [0x00000000e0000000,0x00000000e0000000,0x00000000e2080000)
  from space 5120K, 99% used [0x00000000e4600000,0x00000000e4af9b98,0x00000000e4b00000)
  to   space 5120K, 0% used [0x00000000e2080000,0x00000000e2080000,0x00000000e2580000)
 ParOldGen       total 87552K, used 1051K [0x00000000a0000000, 0x00000000a5580000, 0x00000000e0000000)
  object space 87552K, 1% used [0x00000000a0000000,0x00000000a0106c40,0x00000000a5580000)
 Metaspace       used 13203K, capacity 13556K, committed 13696K, reserved 1060864K
  class space    used 1793K, capacity 1907K, committed 1920K, reserved 1048576K
}
Event: 3.589 GC heap before
{Heap before GC invocations=3 (full 0):
 PSYoungGen      total 38400K, used 38374K [0x00000000e0000000, 0x00000000e4b00000, 0x0000000100000000)
  eden space 33280K, 100% used [0x00000000e0000000,0x00000000e2080000,0x00000000e2080000)
  from space 5120K, 99% used [0x00000000e4600000,0x00000000e4af9b98,0x00000000e4b00000)
  to   space 5120K, 0% used [0x00000000e2080000,0x00000000e2080000,0x00000000e2580000)
 ParOldGen       total 87552K, used 1051K [0x00000000a0000000, 0x00000000a5580000, 0x00000000e0000000)
  object space 87552K, 1% used [0x00000000a0000000,0x00000000a0106c40,0x00000000a5580000)
 Metaspace       used 16652K, capacity 17136K, committed 17536K, reserved 1064960K
  class space    used 2372K, capacity 2561K, committed 2688K, reserved 1048576K
Event: 3.605 GC heap after
Heap after GC invocations=3 (full 0):
 PSYoungGen      total 38400K, used 5116K [0x00000000e0000000, 0x00000000e4b00000, 0x0000000100000000)
  eden space 33280K, 0% used [0x00000000e0000000,0x00000000e0000000,0x00000000e2080000)
  from space 5120K, 99% used [0x00000000e2080000,0x00000000e257f070,0x00000000e2580000)
  to   space 5120K, 0% used [0x00000000e4600000,0x00000000e4600000,0x00000000e4b00000)
 ParOldGen       total 87552K, used 3998K [0x00000000a0000000, 0x00000000a5580000, 0x00000000e0000000)
  object space 87552K, 4% used [0x00000000a0000000,0x00000000a03e7b30,0x00000000a5580000)
 Metaspace       used 16652K, capacity 17136K, committed 17536K, reserved 1064960K
  class space    used 2372K, capacity 2561K, committed 2688K, reserved 1048576K
}

Deoptimization events (10 events):
Event: 3.071 Thread 0x00000000193a4800 Uncommon trap: reason=bimorphic action=maybe_recompile pc=0x000000000287fa34 method=java.util.HashMap.putVal(ILjava/lang/Object;Ljava/lang/Object;ZZ)Ljava/lang/Object; @ 253
Event: 3.071 Thread 0x00000000193a4800 Uncommon trap: reason=bimorphic action=maybe_recompile pc=0x000000000287fa34 method=java.util.HashMap.putVal(ILjava/lang/Object;Ljava/lang/Object;ZZ)Ljava/lang/Object; @ 253
Event: 3.180 Thread 0x00000000193a4800 Uncommon trap: reason=class_check action=maybe_recompile pc=0x00000000027cd120 method=java.util.regex.Matcher.match(II)Z @ 86
Event: 3.181 Thread 0x00000000193a4800 Uncommon trap: reason=class_check action=maybe_recompile pc=0x00000000027cd120 method=java.util.regex.Matcher.match(II)Z @ 86
Event: 3.308 Thread 0x00000000193a4800 Uncommon trap: reason=unstable_if action=reinterpret pc=0x00000000026c34c8 method=java.net.URI.match(CJJ)Z @ 19
Event: 3.308 Thread 0x00000000193a4800 Uncommon trap: reason=unstable_if action=reinterpret pc=0x00000000027f5100 method=java.net.URI.match(CJJ)Z @ 19
Event: 3.548 Thread 0x00000000193a4800 Uncommon trap: reason=bimorphic action=maybe_recompile pc=0x00000000029d3668 method=java.lang.ClassLoader.loadClass(Ljava/lang/String;Z)Ljava/lang/Class; @ 38
Event: 3.549 Thread 0x00000000193a4800 Uncommon trap: reason=bimorphic action=maybe_recompile pc=0x00000000029d3668 method=java.lang.ClassLoader.loadClass(Ljava/lang/String;Z)Ljava/lang/Class; @ 38
Event: 3.549 Thread 0x00000000193a4800 Uncommon trap: reason=bimorphic action=maybe_recompile pc=0x00000000029d3668 method=java.lang.ClassLoader.loadClass(Ljava/lang/String;Z)Ljava/lang/Class; @ 38
Event: 3.549 Thread 0x00000000193a4800 Uncommon trap: reason=bimorphic action=maybe_recompile pc=0x00000000029d3668 method=java.lang.ClassLoader.loadClass(Ljava/lang/String;Z)Ljava/lang/Class; @ 38

Internal exceptions (10 events):
Event: 3.094 Thread 0x00000000193a4800 Exception <a 'java/lang/ArrayIndexOutOfBoundsException'> (0x00000000e1f57880) thrown at [C:\re\workspace\8-2-build-windows-amd64-cygwin\jdk8u131\8869\hotspot\src\share\vm\runtime\sharedRuntime.cpp, line 605]
Event: 3.344 Thread 0x00000000193a4800 Exception <a 'java/lang/NoSuchMethodError': <clinit>> (0x00000000e1c0d328) thrown at [C:\re\workspace\8-2-build-windows-amd64-cygwin\jdk8u131\8869\hotspot\src\share\vm\prims\jni.cpp, line 1613]
Event: 3.344 Thread 0x00000000193a4800 Exception <a 'java/lang/NoSuchMethodError': <clinit>> (0x00000000e1c0faf8) thrown at [C:\re\workspace\8-2-build-windows-amd64-cygwin\jdk8u131\8869\hotspot\src\share\vm\prims\jni.cpp, line 1613]
Event: 3.344 Thread 0x00000000193a4800 Exception <a 'java/lang/NoSuchMethodError': <clinit>> (0x00000000e1c1bdd8) thrown at [C:\re\workspace\8-2-build-windows-amd64-cygwin\jdk8u131\8869\hotspot\src\share\vm\prims\jni.cpp, line 1613]
Event: 3.345 Thread 0x00000000193a4800 Exception <a 'java/lang/NoSuchMethodError': <clinit>> (0x00000000e1c26248) thrown at [C:\re\workspace\8-2-build-windows-amd64-cygwin\jdk8u131\8869\hotspot\src\share\vm\prims\jni.cpp, line 1613]
Event: 3.550 Thread 0x00000000193a4800 Exception <a 'java/lang/NoSuchMethodError': <clinit>> (0x00000000e1d83a60) thrown at [C:\re\workspace\8-2-build-windows-amd64-cygwin\jdk8u131\8869\hotspot\src\share\vm\prims\jni.cpp, line 1613]
Event: 3.556 Thread 0x00000000193a4800 Exception <a 'java/lang/NoSuchMethodError': <clinit>> (0x00000000e1dc7ae8) thrown at [C:\re\workspace\8-2-build-windows-amd64-cygwin\jdk8u131\8869\hotspot\src\share\vm\prims\jni.cpp, line 1613]
Event: 3.559 Thread 0x00000000193a4800 Exception <a 'java/lang/NoSuchMethodError': <clinit>> (0x00000000e1def628) thrown at [C:\re\workspace\8-2-build-windows-amd64-cygwin\jdk8u131\8869\hotspot\src\share\vm\prims\jni.cpp, line 1613]
Event: 3.559 Thread 0x00000000193a4800 Exception <a 'java/lang/NoSuchMethodError': <clinit>> (0x00000000e1dfea98) thrown at [C:\re\workspace\8-2-build-windows-amd64-cygwin\jdk8u131\8869\hotspot\src\share\vm\prims\jni.cpp, line 1613]
Event: 3.560 Thread 0x00000000193a4800 Exception <a 'java/lang/NoSuchMethodError': <clinit>> (0x00000000e1e125c0) thrown at [C:\re\workspace\8-2-build-windows-amd64-cygwin\jdk8u131\8869\hotspot\src\share\vm\prims\jni.cpp, line 1613]

Events (10 events):
Event: 3.610 loading class org/gradle/api/internal/initialization/ClassLoaderIds$Type
Event: 3.610 loading class org/gradle/api/internal/initialization/ClassLoaderIds$Type done
Event: 3.610 loading class org/gradle/api/internal/initialization/ClassLoaderIds$DefaultClassLoaderId
Event: 3.610 loading class org/gradle/api/internal/initialization/ClassLoaderIds$DefaultClassLoaderId done
Event: 3.610 loading class org/gradle/groovy/scripts/internal/ScriptCacheKey
Event: 3.610 loading class org/gradle/groovy/scripts/internal/ScriptCacheKey done
Event: 3.611 loading class com/google/common/hash/Funnels
Event: 3.611 loading class com/google/common/hash/Funnels done
Event: 3.612 loading class com/google/common/hash/Funnel
Event: 3.612 loading class com/google/common/hash/Funnel done


Dynamic libraries:
0x000000013f9b0000 - 0x000000013f9e7000 	C:\Program Files\Java\jdk1.8.0_131\bin\java.exe
0x0000000077ca0000 - 0x0000000077e4a000 	C:\Windows\SYSTEM32\ntdll.dll
0x0000000077b80000 - 0x0000000077c9f000 	C:\Windows\system32\kernel32.dll
0x000007fefdc90000 - 0x000007fefdcfa000 	C:\Windows\system32\KERNELBASE.dll
0x000007fefded0000 - 0x000007fefdfab000 	C:\Windows\system32\ADVAPI32.dll
0x000007fefea30000 - 0x000007fefeacf000 	C:\Windows\system32\msvcrt.dll
0x000007feff020000 - 0x000007feff03f000 	C:\Windows\SYSTEM32\sechost.dll
0x000007fefe1e0000 - 0x000007fefe30d000 	C:\Windows\system32\RPCRT4.dll
0x0000000077a80000 - 0x0000000077b7a000 	C:\Windows\system32\USER32.dll
0x000007fefe4a0000 - 0x000007fefe507000 	C:\Windows\system32\GDI32.dll
0x000007fefe5b0000 - 0x000007fefe5be000 	C:\Windows\system32\LPK.dll
0x0000000000320000 - 0x00000000003eb000 	C:\Windows\system32\USP10.dll
0x000007fefc250000 - 0x000007fefc444000 	C:\Windows\WinSxS\amd64_microsoft.windows.common-controls_6595b64144ccf1df_6.0.7601.18837_none_fa3b1e3d17594757\COMCTL32.dll
0x000007fefefa0000 - 0x000007feff011000 	C:\Windows\system32\SHLWAPI.dll
0x000007fefe5c0000 - 0x000007fefe5ee000 	C:\Windows\system32\IMM32.DLL
0x000007fefe5f0000 - 0x000007fefe6f9000 	C:\Windows\system32\MSCTF.dll
0x000000005bbe0000 - 0x000000005bcb2000 	C:\Program Files\Java\jdk1.8.0_131\jre\bin\msvcr100.dll
0x0000000054860000 - 0x00000000550fc000 	C:\Program Files\Java\jdk1.8.0_131\jre\bin\server\jvm.dll
0x000007feefef0000 - 0x000007feefef9000 	C:\Windows\system32\WSOCK32.dll
0x000007fefe180000 - 0x000007fefe1cd000 	C:\Windows\system32\WS2_32.dll
0x000007fefe1d0000 - 0x000007fefe1d8000 	C:\Windows\system32\NSI.dll
0x000007fefa0f0000 - 0x000007fefa12b000 	C:\Windows\system32\WINMM.dll
0x000007fefca60000 - 0x000007fefca6c000 	C:\Windows\system32\VERSION.dll
0x0000000077e70000 - 0x0000000077e77000 	C:\Windows\system32\PSAPI.DLL
0x0000000074480000 - 0x000000007448f000 	C:\Program Files\Java\jdk1.8.0_131\jre\bin\verify.dll
0x000000005dce0000 - 0x000000005dd09000 	C:\Program Files\Java\jdk1.8.0_131\jre\bin\java.dll
0x0000000067b90000 - 0x0000000067ba6000 	C:\Program Files\Java\jdk1.8.0_131\jre\bin\zip.dll
0x000007feff040000 - 0x000007feffdcb000 	C:\Windows\system32\SHELL32.dll
0x000007fefeda0000 - 0x000007fefef9c000 	C:\Windows\system32\ole32.dll
0x000007fefd9a0000 - 0x000007fefd9af000 	C:\Windows\system32\profapi.dll
0x000000005dcc0000 - 0x000000005dcda000 	C:\Program Files\Java\jdk1.8.0_131\jre\bin\net.dll
0x000007fefd110000 - 0x000007fefd165000 	C:\Windows\system32\mswsock.dll
0x000007fefd1b0000 - 0x000007fefd1b7000 	C:\Windows\System32\wship6.dll
0x000000005dca0000 - 0x000000005dcb1000 	C:\Program Files\Java\jdk1.8.0_131\jre\bin\nio.dll
0x000007feeb720000 - 0x000007feeb73e000 	C:\Users\cong-pv\.gradle\native\23\windows-amd64\native-platform.dll
0x000007fefd3b0000 - 0x000007fefd3c8000 	C:\Windows\system32\CRYPTSP.dll
0x000007fefcea0000 - 0x000007fefcee7000 	C:\Windows\system32\rsaenh.dll
0x000007fefdc20000 - 0x000007fefdc3e000 	C:\Windows\system32\USERENV.dll
0x000007fefd830000 - 0x000007fefd83f000 	C:\Windows\system32\CRYPTBASE.dll
0x000007fef97a0000 - 0x000007fef97c7000 	C:\Windows\system32\IPHLPAPI.DLL
0x000007fef9790000 - 0x000007fef979b000 	C:\Windows\system32\WINNSI.DLL
0x000007fef8ff0000 - 0x000007fef9001000 	C:\Windows\system32\dhcpcsvc6.DLL
0x000007fef91b0000 - 0x000007fef91c8000 	C:\Windows\system32\dhcpcsvc.DLL
0x000000006e900000 - 0x000000006e90d000 	C:\Program Files\Java\jdk1.8.0_131\jre\bin\management.dll

VM Arguments:
jvm_args: -Xmx1536m -Dfile.encoding=windows-31j -Duser.country=JP -Duser.language=ja -Duser.variant 
java_command: org.gradle.launcher.daemon.bootstrap.GradleDaemon 3.3
java_class_path (initial): C:\Users\cong-pv\.gradle\wrapper\dists\gradle-3.3-all\55gk2rcmfc6p2dg9u9ohc3hw9\gradle-3.3\lib\gradle-launcher-3.3.jar
Launcher Type: SUN_STANDARD

Environment Variables:
JAVA_HOME=C:\Program Files\Java\jdk1.8.0_131
PATH=C:\Program Files (x86)\Common Files\Oracle\Java\javapath;C:\ProgramData\Oracle\Java\javapath;C:\Program Files (x86)\Intel\iCLS Client\;C:\Program Files\Intel\iCLS Client\;C:\Windows\system32;C:\Windows;C:\Windows\System32\Wbem;C:\Windows\System32\WindowsPowerShell\v1.0\;C:\Program Files (x86)\Intel\UCRT\;C:\Program Files\TortoiseSVN\bin;C:\Users\User\.dnx\bin;C:\Program Files\Microsoft DNX\Dnvm\;C:\Program Files (x86)\Windows Kits\8.1\Windows Performance Toolkit\;C:\Program Files\Microsoft SQL Server\130\Tools\Binn\;C:\Program Files\Git\cmd;C:\Program Files\Microsoft SQL Server\120\Tools\Binn\;C:\Program Files\Microsoft SQLServer\Client SDK\ODBC\110\Tools\Binn\;C:\Program Files (x86)\Microsoft SQL Server\120\Tools\Binn\;C:\Program Files\Microsoft SQL Server\120\DTS\Binn\;C:\Program Files (x86)\Microsoft SQL Server\120\Tools\Binn\ManagementStudio\;C:\ProgramFiles (x86)\Microsoft SQL Server\120\DTS\Binn\;C:\Program Files\Intel\UCRT\;C:\Program Files (x86)\Intel\Intel(R) Management Engine Components\DAL;C:\Program Files\Intel\Intel(R) Management Engine Components\DAL;C:\Program Files (x86)\Intel\Intel(R) Management Engine Components\IPT;C:\Program Files\Intel\Intel(R) Management Engine Components\IPT;c:\Program Files\Microsoft SQL Server\Client SDK\ODBC\110\Tools\Binn\;c:\Program Files (x86)\Microsoft SQL Server\120\DTS\Binn\;C:\Go\bin;C:\Program Files\Java\jdk1.8.0_131\bin;C:\Users\cong-pv\go\bin
USERNAME=cong-pv
OS=Windows_NT
PROCESSOR_IDENTIFIER=Intel64 Family 6 Model 94 Stepping 3, GenuineIntel



---------------  S Y S T E M  ---------------

OS: Windows 7 , 64 bit Build 7601 (6.1.7601.23864)

CPU:total 4 (initial active 4) (4 cores per cpu, 1 threads per core) family 6 model 94 stepping 3, cmov, cx8, fxsr, mmx, sse, sse2, sse3, ssse3, sse4.1, sse4.2, popcnt, avx, avx2, aes, clmul, erms, rtm, 3dnowpref, lzcnt, tsc, tscinvbit, bmi1, bmi2, adx

Memory: 4k page, physical 8257588k(1025476k free), swap 8255728k(5120k free)

vm_info: Java HotSpot(TM) 64-Bit Server VM (25.131-b11) for windows-amd64 JRE (1.8.0_131-b11), built on Mar 15 2017 01:23:53 by "java_re" with MS VC++ 10.0 (VS2010)

time: Tue Jun 05 17:32:42 2018
elapsed time: 3 seconds (0d 0h 0m 3s)

