#
# There is insufficient memory for the Java Runtime Environment to continue.
# Native memory allocation (malloc) failed to allocate 65552 bytes for Chunk::new
# Possible reasons:
#   The system is out of physical RAM or swap space
#   In 32 bit mode, the process size limit was hit
# Possible solutions:
#   Reduce memory load on the system
#   Increase physical memory or swap space
#   Check if swap backing store is full
#   Use 64 bit Java on a 64 bit OS
#   Decrease Java heap size (-Xmx/-Xms)
#   Decrease number of Java threads
#   Decrease Java thread stack sizes (-Xss)
#   Set larger code cache with -XX:ReservedCodeCacheSize=
# This output file may be truncated or incomplete.
#
#  Out of Memory Error (allocation.cpp:390), pid=5100, tid=0x0000000000001d70
#
# JRE version: Java(TM) SE Runtime Environment (8.0_131-b11) (build 1.8.0_131-b11)
# Java VM: Java HotSpot(TM) 64-Bit Server VM (25.131-b11 mixed mode windows-amd64 compressed oops)
# Failed to write core dump. Minidumps are not enabled by default on client versions of Windows
#

---------------  T H R E A D  ---------------

Current thread (0x0000000017483000):  JavaThread "C2 CompilerThread1" daemon [_thread_in_native, id=7536, stack(0x0000000017ba0000,0x0000000017ca0000)]

Stack: [0x0000000017ba0000,0x0000000017ca0000]
[error occurred during error reporting (printing stack bounds), id 0xc0000005]

Native frames: (J=compiled Java code, j=interpreted, Vv=VM code, C=native code)


Current CompileTask:
C2:   2403 1286       4       java.net.URLClassLoader$1::run (5 bytes)


---------------  P R O C E S S  ---------------

Java Threads: ( => current thread )
  0x000000001749e000 JavaThread "File lock request listener" [_thread_in_native, id=9948, stack(0x000000001b1f0000,0x000000001b2f0000)]
  0x000000001749d000 JavaThread "Cache worker for file hash cache (C:\Users\cong-pv\.gradle\caches\4.4\fileHashes)" [_thread_blocked, id=14156, stack(0x000000001b0f0000,0x000000001b1f0000)]
  0x000000001749c800 JavaThread "Stdin handler" [_thread_blocked, id=7412, stack(0x000000001a740000,0x000000001a840000)]
  0x000000001749b800 JavaThread "Asynchronous log dispatcher for DefaultDaemonConnection: socket connection from /127.0.0.1:64629 to /127.0.0.1:64630" [_thread_blocked, id=13620, stack(0x000000001ac70000,0x000000001ad70000)]
  0x000000001749b000 JavaThread "Daemon worker" [_thread_in_vm, id=9252, stack(0x000000001aae0000,0x000000001abe0000)]
  0x000000001749a000 JavaThread "Cancel handler" [_thread_blocked, id=10860, stack(0x000000001a8d0000,0x000000001a9d0000)]
  0x0000000017499800 JavaThread "Handler for socket connection from /127.0.0.1:64629 to /127.0.0.1:64630" [_thread_in_native, id=8852, stack(0x000000001a430000,0x000000001a530000)]
  0x0000000017498800 JavaThread "Daemon" [_thread_blocked, id=12652, stack(0x00000000189a0000,0x0000000018aa0000)]
  0x0000000017498000 JavaThread "Daemon periodic checks" [_thread_blocked, id=12228, stack(0x000000001a260000,0x000000001a360000)]
  0x0000000017497000 JavaThread "Incoming local TCP Connector on port 64629" [_thread_in_native, id=13588, stack(0x000000001a0d0000,0x000000001a1d0000)]
  0x0000000017496800 JavaThread "Daemon health stats" [_thread_blocked, id=10728, stack(0x0000000019be0000,0x0000000019ce0000)]
  0x000000001609f800 JavaThread "Service Thread" daemon [_thread_blocked, id=11044, stack(0x0000000017ea0000,0x0000000017fa0000)]
  0x0000000017495000 JavaThread "C1 CompilerThread2" daemon [_thread_in_vm, id=11820, stack(0x0000000017d30000,0x0000000017e30000)]
=>0x0000000017483000 JavaThread "C2 CompilerThread1" daemon [_thread_in_native, id=7536, stack(0x0000000017ba0000,0x0000000017ca0000)]
  0x000000001747e000 JavaThread "C2 CompilerThread0" daemon [_thread_in_native, id=11668, stack(0x0000000017a80000,0x0000000017b80000)]
  0x000000001747a800 JavaThread "Attach Listener" daemon [_thread_blocked, id=13668, stack(0x0000000017940000,0x0000000017a40000)]
  0x0000000017479800 JavaThread "Signal Dispatcher" daemon [_thread_blocked, id=11344, stack(0x0000000016fd0000,0x00000000170d0000)]
  0x0000000016079800 JavaThread "Finalizer" daemon [_thread_blocked, id=12236, stack(0x0000000017370000,0x0000000017470000)]
  0x0000000016032800 JavaThread "Reference Handler" daemon [_thread_blocked, id=11512, stack(0x0000000017200000,0x0000000017300000)]
  0x00000000021ee800 JavaThread "main" [_thread_blocked, id=14272, stack(0x0000000002550000,0x0000000002650000)]

Other Threads:
  0x000000001602b000 VMThread [stack: 0x00000000170e0000,0x00000000171e0000] [id=5720]
  0x0000000017561800 WatcherThread [stack: 0x0000000018030000,0x0000000018130000] [id=13984]

VM state:not at safepoint (normal execution)

VM Mutex/Monitor currently owned by a thread:  ([mutex/lock_event])
[0x00000000021ed230] CompiledIC_lock - owner thread: 0x0000000017495000

Heap:
 PSYoungGen      total 57344K, used 15357K [0x00000000e0000000, 0x00000000e4000000, 0x0000000100000000)
  eden space 49152K, 14% used [0x00000000e0000000,0x00000000e0702e88,0x00000000e3000000)
  from space 8192K, 99% used [0x00000000e3800000,0x00000000e3ffc968,0x00000000e4000000)
  to   space 8192K, 0% used [0x00000000e3000000,0x00000000e3000000,0x00000000e3800000)
 ParOldGen       total 131072K, used 310K [0x00000000a0000000, 0x00000000a8000000, 0x00000000e0000000)
  object space 131072K, 0% used [0x00000000a0000000,0x00000000a004d848,0x00000000a8000000)
 Metaspace       used 14805K, capacity 15240K, committed 15360K, reserved 1062912K
  class space    used 2126K, capacity 2248K, committed 2304K, reserved 1048576K

Card table byte_map: [0x0000000011a10000,0x0000000011d20000] byte_map_base: 0x0000000011510000

Marking Bits: (ParMarkBitMap*) 0x00000000543fc720
 Begin Bits: [0x00000000123a0000, 0x0000000013ba0000)
 End Bits:   [0x0000000013ba0000, 0x00000000153a0000)

Polling page: 0x00000000002d0000

CodeCache: size=245760Kb used=4730Kb max_used=4730Kb free=241030Kb
 bounds [0x0000000002650000, 0x0000000002af0000, 0x0000000011650000]
 total_blobs=1722 nmethods=1347 adapters=286
 compilation: disabled (not enough contiguous free space left)

Compilation events (10 events):
Event: 2.400 Thread 0x0000000017495000 nmethod 1330 0x0000000002ae7610 code [0x0000000002ae7940, 0x0000000002ae9268]
Event: 2.400 Thread 0x0000000017495000 1343       3       java.util.AbstractCollection::toArray (147 bytes)
Event: 2.400 Thread 0x0000000017495000 nmethod 1343 0x0000000002ae9dd0 code [0x0000000002aea040, 0x0000000002aeb198]
Event: 2.400 Thread 0x0000000017495000 1331       3       java.util.LinkedList::poll (19 bytes)
Event: 2.400 Thread 0x0000000017495000 nmethod 1331 0x0000000002ae4810 code [0x0000000002ae4980, 0x0000000002ae4b68]
Event: 2.400 Thread 0x0000000017495000 1334       3       java.util.Collections$UnmodifiableRandomAccessList::<init> (6 bytes)
Event: 2.400 Thread 0x0000000017495000 nmethod 1334 0x0000000002ae4110 code [0x0000000002ae42a0, 0x0000000002ae4648]
Event: 2.400 Thread 0x0000000017495000 1335       3       java.util.Collections$UnmodifiableList::<init> (11 bytes)
Event: 2.400 Thread 0x0000000017495000 nmethod 1335 0x0000000002ae3ad0 code [0x0000000002ae3c40, 0x0000000002ae3f88]
Event: 2.400 Thread 0x0000000017495000 1348       3       com.google.common.base.CharMatcher::showCharacter (70 bytes)

GC Heap History (4 events):
Event: 0.903 GC heap before
{Heap before GC invocations=1 (full 0):
 PSYoungGen      total 57344K, used 49152K [0x00000000e0000000, 0x00000000e4000000, 0x0000000100000000)
  eden space 49152K, 100% used [0x00000000e0000000,0x00000000e3000000,0x00000000e3000000)
  from space 8192K, 0% used [0x00000000e3800000,0x00000000e3800000,0x00000000e4000000)
  to   space 8192K, 0% used [0x00000000e3000000,0x00000000e3000000,0x00000000e3800000)
 ParOldGen       total 131072K, used 0K [0x00000000a0000000, 0x00000000a8000000, 0x00000000e0000000)
  object space 131072K, 0% used [0x00000000a0000000,0x00000000a0000000,0x00000000a8000000)
 Metaspace       used 7218K, capacity 7492K, committed 7680K, reserved 1056768K
  class space    used 928K, capacity 1016K, committed 1024K, reserved 1048576K
Event: 0.909 GC heap after
Heap after GC invocations=1 (full 0):
 PSYoungGen      total 57344K, used 5558K [0x00000000e0000000, 0x00000000e4000000, 0x0000000100000000)
  eden space 49152K, 0% used [0x00000000e0000000,0x00000000e0000000,0x00000000e3000000)
  from space 8192K, 67% used [0x00000000e3000000,0x00000000e356d8a8,0x00000000e3800000)
  to   space 8192K, 0% used [0x00000000e3800000,0x00000000e3800000,0x00000000e4000000)
 ParOldGen       total 131072K, used 16K [0x00000000a0000000, 0x00000000a8000000, 0x00000000e0000000)
  object space 131072K, 0% used [0x00000000a0000000,0x00000000a0004000,0x00000000a8000000)
 Metaspace       used 7218K, capacity 7492K, committed 7680K, reserved 1056768K
  class space    used 928K, capacity 1016K, committed 1024K, reserved 1048576K
}
Event: 2.327 GC heap before
{Heap before GC invocations=2 (full 0):
 PSYoungGen      total 57344K, used 54710K [0x00000000e0000000, 0x00000000e4000000, 0x0000000100000000)
  eden space 49152K, 100% used [0x00000000e0000000,0x00000000e3000000,0x00000000e3000000)
  from space 8192K, 67% used [0x00000000e3000000,0x00000000e356d8a8,0x00000000e3800000)
  to   space 8192K, 0% used [0x00000000e3800000,0x00000000e3800000,0x00000000e4000000)
 ParOldGen       total 131072K, used 16K [0x00000000a0000000, 0x00000000a8000000, 0x00000000e0000000)
  object space 131072K, 0% used [0x00000000a0000000,0x00000000a0004000,0x00000000a8000000)
 Metaspace       used 14247K, capacity 14568K, committed 14720K, reserved 1062912K
  class space    used 2033K, capacity 2152K, committed 2176K, reserved 1048576K
Event: 2.337 GC heap after
Heap after GC invocations=2 (full 0):
 PSYoungGen      total 57344K, used 8178K [0x00000000e0000000, 0x00000000e4000000, 0x0000000100000000)
  eden space 49152K, 0% used [0x00000000e0000000,0x00000000e0000000,0x00000000e3000000)
  from space 8192K, 99% used [0x00000000e3800000,0x00000000e3ffc968,0x00000000e4000000)
  to   space 8192K, 0% used [0x00000000e3000000,0x00000000e3000000,0x00000000e3800000)
 ParOldGen       total 131072K, used 310K [0x00000000a0000000, 0x00000000a8000000, 0x00000000e0000000)
  object space 131072K, 0% used [0x00000000a0000000,0x00000000a004d848,0x00000000a8000000)
 Metaspace       used 14247K, capacity 14568K, committed 14720K, reserved 1062912K
  class space    used 2033K, capacity 2152K, committed 2176K, reserved 1048576K
}

Deoptimization events (10 events):
Event: 1.052 Thread 0x00000000021ee800 Uncommon trap: reason=bimorphic action=maybe_recompile pc=0x000000000297a4d8 method=java.util.HashMap.putVal(ILjava/lang/Object;Ljava/lang/Object;ZZ)Ljava/lang/Object; @ 203
Event: 1.347 Thread 0x00000000021ee800 Uncommon trap: reason=unstable_if action=reinterpret pc=0x0000000002909484 method=java.io.WinNTFileSystem.normalize(Ljava/lang/String;)Ljava/lang/String; @ 128
Event: 1.347 Thread 0x00000000021ee800 Uncommon trap: reason=unstable_if action=reinterpret pc=0x00000000029684a4 method=java.io.WinNTFileSystem.normalize(Ljava/lang/String;II)Ljava/lang/String; @ 90
Event: 2.093 Thread 0x0000000017499800 Uncommon trap: reason=unstable_if action=reinterpret pc=0x00000000029dbc60 method=java.util.concurrent.ConcurrentHashMap.putVal(Ljava/lang/Object;Ljava/lang/Object;Z)Ljava/lang/Object; @ 206
Event: 2.144 Thread 0x000000001749b000 Uncommon trap: reason=bimorphic action=maybe_recompile pc=0x0000000002979e1c method=java.util.HashMap.putVal(ILjava/lang/Object;Ljava/lang/Object;ZZ)Ljava/lang/Object; @ 253
Event: 2.144 Thread 0x000000001749b000 Uncommon trap: reason=bimorphic action=maybe_recompile pc=0x0000000002979e1c method=java.util.HashMap.putVal(ILjava/lang/Object;Ljava/lang/Object;ZZ)Ljava/lang/Object; @ 253
Event: 2.144 Thread 0x000000001749b000 Uncommon trap: reason=bimorphic action=maybe_recompile pc=0x0000000002979e1c method=java.util.HashMap.putVal(ILjava/lang/Object;Ljava/lang/Object;ZZ)Ljava/lang/Object; @ 253
Event: 2.152 Thread 0x000000001749b000 Uncommon trap: reason=class_check action=maybe_recompile pc=0x00000000028bb9dc method=java.util.regex.Matcher.match(II)Z @ 86
Event: 2.315 Thread 0x000000001749b000 Uncommon trap: reason=class_check action=maybe_recompile pc=0x00000000028bb9dc method=java.util.regex.Matcher.match(II)Z @ 86
Event: 2.372 Thread 0x000000001749b000 Uncommon trap: reason=unstable_if action=reinterpret pc=0x0000000002aa4334 method=java.lang.String.lastIndexOf([CII[CIII)I @ 66

Internal exceptions (10 events):
Event: 2.100 Thread 0x0000000017499800 Exception <a 'java/lang/NoSuchMethodError': <clinit>> (0x00000000e13504f0) thrown at [C:\re\workspace\8-2-build-windows-amd64-cygwin\jdk8u131\8869\hotspot\src\share\vm\prims\jni.cpp, line 1613]
Event: 2.101 Thread 0x0000000017499800 Exception <a 'java/lang/NoSuchMethodError': <clinit>> (0x00000000e1359b48) thrown at [C:\re\workspace\8-2-build-windows-amd64-cygwin\jdk8u131\8869\hotspot\src\share\vm\prims\jni.cpp, line 1613]
Event: 2.101 Thread 0x0000000017499800 Exception <a 'java/lang/NoSuchMethodError': <clinit>> (0x00000000e13641f8) thrown at [C:\re\workspace\8-2-build-windows-amd64-cygwin\jdk8u131\8869\hotspot\src\share\vm\prims\jni.cpp, line 1613]
Event: 2.107 Thread 0x0000000017499800 Exception <a 'java/lang/NoSuchMethodError': <clinit>> (0x00000000e13bb688) thrown at [C:\re\workspace\8-2-build-windows-amd64-cygwin\jdk8u131\8869\hotspot\src\share\vm\prims\jni.cpp, line 1613]
Event: 2.110 Thread 0x0000000017499800 Exception <a 'java/lang/NoSuchMethodError': <clinit>> (0x00000000e13ea248) thrown at [C:\re\workspace\8-2-build-windows-amd64-cygwin\jdk8u131\8869\hotspot\src\share\vm\prims\jni.cpp, line 1613]
Event: 2.114 Thread 0x0000000017499800 Exception <a 'java/lang/NoSuchMethodError': <clinit>> (0x00000000e1421278) thrown at [C:\re\workspace\8-2-build-windows-amd64-cygwin\jdk8u131\8869\hotspot\src\share\vm\prims\jni.cpp, line 1613]
Event: 2.115 Thread 0x0000000017499800 Exception <a 'java/lang/NoSuchMethodError': <clinit>> (0x00000000e142ee60) thrown at [C:\re\workspace\8-2-build-windows-amd64-cygwin\jdk8u131\8869\hotspot\src\share\vm\prims\jni.cpp, line 1613]
Event: 2.117 Thread 0x0000000017499800 Exception <a 'java/lang/NoSuchMethodError': <clinit>> (0x00000000e14535c0) thrown at [C:\re\workspace\8-2-build-windows-amd64-cygwin\jdk8u131\8869\hotspot\src\share\vm\prims\jni.cpp, line 1613]
Event: 2.138 Thread 0x000000001749b000 Exception <a 'java/lang/NoSuchMethodError': <clinit>> (0x00000000e1557618) thrown at [C:\re\workspace\8-2-build-windows-amd64-cygwin\jdk8u131\8869\hotspot\src\share\vm\prims\jni.cpp, line 1613]
Event: 2.138 Thread 0x000000001749b000 Exception <a 'java/lang/NoSuchMethodError': <clinit>> (0x00000000e155f8a0) thrown at [C:\re\workspace\8-2-build-windows-amd64-cygwin\jdk8u131\8869\hotspot\src\share\vm\prims\jni.cpp, line 1613]

Events (10 events):
Event: 2.390 loading class com/google/common/base/Splitter$SplittingIterator
Event: 2.390 loading class com/google/common/base/Splitter$SplittingIterator done
Event: 2.390 loading class com/google/common/base/AbstractIterator
Event: 2.390 loading class com/google/common/base/AbstractIterator done
Event: 2.390 loading class com/google/common/base/Splitter$1$1
Event: 2.390 loading class com/google/common/base/Splitter$1$1 done
Event: 2.390 loading class com/google/common/base/AbstractIterator$State
Event: 2.390 loading class com/google/common/base/AbstractIterator$State done
Event: 2.391 loading class com/google/common/base/AbstractIterator$1
Event: 2.391 loading class com/google/common/base/AbstractIterator$1 done


Dynamic libraries:
0x000000013fdf0000 - 0x000000013fe27000 	C:\Program Files\Java\jdk1.8.0_131\bin\java.exe
0x0000000077480000 - 0x000000007761f000 	C:\Windows\SYSTEM32\ntdll.dll
0x0000000077360000 - 0x000000007747f000 	C:\Windows\system32\kernel32.dll
0x000007fefd3b0000 - 0x000007fefd41a000 	C:\Windows\system32\KERNELBASE.dll
0x000007fefd9a0000 - 0x000007fefda7b000 	C:\Windows\system32\ADVAPI32.dll
0x000007feff6a0000 - 0x000007feff73f000 	C:\Windows\system32\msvcrt.dll
0x000007fefe880000 - 0x000007fefe89f000 	C:\Windows\SYSTEM32\sechost.dll
0x000007fefeb80000 - 0x000007fefecad000 	C:\Windows\system32\RPCRT4.dll
0x0000000077260000 - 0x000000007735a000 	C:\Windows\system32\USER32.dll
0x000007fefea90000 - 0x000007fefeaf7000 	C:\Windows\system32\GDI32.dll
0x0000000000100000 - 0x000000000010e000 	C:\Windows\system32\LPK.dll
0x000007feff5d0000 - 0x000007feff69b000 	C:\Windows\system32\USP10.dll
0x000007fefba10000 - 0x000007fefbc04000 	C:\Windows\WinSxS\amd64_microsoft.windows.common-controls_6595b64144ccf1df_6.0.7601.18837_none_fa3b1e3d17594757\COMCTL32.dll
0x0000000000230000 - 0x00000000002a1000 	C:\Windows\system32\SHLWAPI.dll
0x000007feff740000 - 0x000007feff76e000 	C:\Windows\system32\IMM32.DLL
0x000007fefe8a0000 - 0x000007fefe9a9000 	C:\Windows\system32\MSCTF.dll
0x00000000644c0000 - 0x0000000064592000 	C:\Program Files\Java\jdk1.8.0_131\jre\bin\msvcr100.dll
0x0000000053be0000 - 0x000000005447c000 	C:\Program Files\Java\jdk1.8.0_131\jre\bin\server\jvm.dll
0x000007fef8810000 - 0x000007fef8819000 	C:\Windows\system32\WSOCK32.dll
0x000007feff580000 - 0x000007feff5cd000 	C:\Windows\system32\WS2_32.dll
0x000007fefd510000 - 0x000007fefd518000 	C:\Windows\system32\NSI.dll
0x000007fefa750000 - 0x000007fefa78b000 	C:\Windows\system32\WINMM.dll
0x000007fefc220000 - 0x000007fefc22c000 	C:\Windows\system32\VERSION.dll
0x0000000077620000 - 0x0000000077627000 	C:\Windows\system32\PSAPI.DLL
0x0000000071d10000 - 0x0000000071d1f000 	C:\Program Files\Java\jdk1.8.0_131\jre\bin\verify.dll
0x000000006e8b0000 - 0x000000006e8d9000 	C:\Program Files\Java\jdk1.8.0_131\jre\bin\java.dll
0x000000006c670000 - 0x000000006c686000 	C:\Program Files\Java\jdk1.8.0_131\jre\bin\zip.dll
0x000007fefdaf0000 - 0x000007fefe87b000 	C:\Windows\system32\SHELL32.dll
0x000007fefd520000 - 0x000007fefd71d000 	C:\Windows\system32\ole32.dll
0x000007fefd160000 - 0x000007fefd16f000 	C:\Windows\system32\profapi.dll
0x00000000644a0000 - 0x00000000644ba000 	C:\Program Files\Java\jdk1.8.0_131\jre\bin\net.dll
0x000007fefc920000 - 0x000007fefc975000 	C:\Windows\system32\mswsock.dll
0x000007fefc910000 - 0x000007fefc917000 	C:\Windows\System32\wship6.dll
0x00000000641f0000 - 0x0000000064201000 	C:\Program Files\Java\jdk1.8.0_131\jre\bin\nio.dll
0x000007fefabf0000 - 0x000007fefac0e000 	C:\Users\cong-pv\.gradle\native\25\windows-amd64\native-platform.dll
0x000000006e940000 - 0x000000006e94d000 	C:\Program Files\Java\jdk1.8.0_131\jre\bin\management.dll
0x000007fefc980000 - 0x000007fefc998000 	C:\Windows\system32\CRYPTSP.dll
0x000007fefc680000 - 0x000007fefc6c7000 	C:\Windows\system32\rsaenh.dll
0x000007fefd1f0000 - 0x000007fefd20e000 	C:\Windows\system32\USERENV.dll
0x000007fefcf90000 - 0x000007fefcf9f000 	C:\Windows\system32\CRYPTBASE.dll
0x000007fef9af0000 - 0x000007fef9b17000 	C:\Windows\system32\IPHLPAPI.DLL
0x000007fef9ae0000 - 0x000007fef9aeb000 	C:\Windows\system32\WINNSI.DLL
0x000007fef8340000 - 0x000007fef8351000 	C:\Windows\system32\dhcpcsvc6.DLL
0x000007fef9810000 - 0x000007fef9828000 	C:\Windows\system32\dhcpcsvc.DLL

VM Arguments:
jvm_args: -Xmx1536m -Dfile.encoding=windows-31j -Duser.country=JP -Duser.language=ja -Duser.variant 
java_command: org.gradle.launcher.daemon.bootstrap.GradleDaemon 4.4
java_class_path (initial): C:\Users\cong-pv\.gradle\wrapper\dists\gradle-4.4-all\9br9xq1tocpiv8o6njlyu5op1\gradle-4.4\lib\gradle-launcher-4.4.jar
Launcher Type: SUN_STANDARD

Environment Variables:
JAVA_HOME=C:\Program Files\Java\jdk1.8.0_131
PATH=C:\Program Files (x86)\Common Files\Oracle\Java\javapath;C:\ProgramData\Oracle\Java\javapath;C:\Program Files (x86)\Intel\iCLS Client\;C:\Program Files\Intel\iCLS Client\;C:\Windows\system32;C:\Windows;C:\Windows\System32\Wbem;C:\Windows\System32\WindowsPowerShell\v1.0\;C:\Program Files (x86)\Intel\UCRT\;C:\Program Files\TortoiseSVN\bin;C:\Users\User\.dnx\bin;C:\Program Files\Microsoft DNX\Dnvm\;C:\Program Files (x86)\Windows Kits\8.1\Windows Performance Toolkit\;C:\Program Files\Microsoft SQL Server\130\Tools\Binn\;C:\Program Files\Git\cmd;C:\Program Files\Microsoft SQL Server\120\Tools\Binn\;C:\Program Files\Microsoft SQLServer\Client SDK\ODBC\110\Tools\Binn\;C:\Program Files (x86)\Microsoft SQL Server\120\Tools\Binn\;C:\Program Files\Microsoft SQL Server\120\DTS\Binn\;C:\Program Files (x86)\Microsoft SQL Server\120\Tools\Binn\ManagementStudio\;C:\ProgramFiles (x86)\Microsoft SQL Server\120\DTS\Binn\;C:\Program Files\Intel\UCRT\;C:\Program Files (x86)\Intel\Intel(R) Management Engine Components\DAL;C:\Program Files\Intel\Intel(R) Management Engine Components\DAL;C:\Program Files (x86)\Intel\Intel(R) Management Engine Components\IPT;C:\Program Files\Intel\Intel(R) Management Engine Components\IPT;c:\Program Files\Microsoft SQL Server\Client SDK\ODBC\110\Tools\Binn\;c:\Program Files (x86)\Microsoft SQL Server\120\DTS\Binn\;C:\Go\bin;C:\Program Files\Java\jdk1.8.0_131\bin;C:\Program Files\TortoiseGit\bin;C:\Users\cong-pv\go\bin
USERNAME=cong-pv
OS=Windows_NT
PROCESSOR_IDENTIFIER=Intel64 Family 6 Model 94 Stepping 3, GenuineIntel



---------------  S Y S T E M  ---------------

OS: Windows 7 , 64 bit Build 7601 (6.1.7601.24168)

CPU:total 4 (initial active 4) (4 cores per cpu, 1 threads per core) family 6 model 94 stepping 3, cmov, cx8, fxsr, mmx, sse, sse2, sse3, ssse3, sse4.1, sse4.2, popcnt, avx, avx2, aes, clmul, erms, rtm, 3dnowpref, lzcnt, tsc, tscinvbit, bmi1, bmi2, adx

Memory: 4k page, physical 12451892k(1795168k free), swap 12450016k(5068k free)

vm_info: Java HotSpot(TM) 64-Bit Server VM (25.131-b11) for windows-amd64 JRE (1.8.0_131-b11), built on Mar 15 2017 01:23:53 by "java_re" with MS VC++ 10.0 (VS2010)

time: Thu Jul 19 20:24:36 2018
elapsed time: 2 seconds (0d 0h 0m 2s)

