#
# There is insufficient memory for the Java Runtime Environment to continue.
# Native memory allocation (malloc) failed to allocate 32744 bytes for ChunkPool::allocate
# Possible reasons:
#   The system is out of physical RAM or swap space
#   In 32 bit mode, the process size limit was hit
# Possible solutions:
#   Reduce memory load on the system
#   Increase physical memory or swap space
#   Check if swap backing store is full
#   Use 64 bit Java on a 64 bit OS
#   Decrease Java heap size (-Xmx/-Xms)
#   Decrease number of Java threads
#   Decrease Java thread stack sizes (-Xss)
#   Set larger code cache with -XX:ReservedCodeCacheSize=
# This output file may be truncated or incomplete.
#
#  Out of Memory Error (allocation.cpp:273), pid=6752, tid=0x000000000000167c
#
# JRE version: Java(TM) SE Runtime Environment (8.0_131-b11) (build 1.8.0_131-b11)
# Java VM: Java HotSpot(TM) 64-Bit Server VM (25.131-b11 mixed mode windows-amd64 compressed oops)
# Failed to write core dump. Minidumps are not enabled by default on client versions of Windows
#

---------------  T H R E A D  ---------------

Current thread (0x00000000572ea000):  JavaThread "C1 CompilerThread2" daemon [_thread_in_native, id=5756, stack(0x0000000057df0000,0x0000000057ef0000)]

Stack: [0x0000000057df0000,0x0000000057ef0000]
[error occurred during error reporting (printing stack bounds), id 0xc0000005]

Native frames: (J=compiled Java code, j=interpreted, Vv=VM code, C=native code)


Current CompileTask:
C1:   5134 1480       3      
[error occurred during error reporting (printing current compile task), id 0xe0000001]


---------------  P R O C E S S  ---------------

Java Threads: ( => current thread )
  0x000000005957f800 JavaThread "Cache worker for file hash cache (D:\Project\henpin_check\Android\ReturnCandidate\.gradle\4.4\fileHashes)" [_thread_blocked, id=9636, stack(0x000000005bdd0000,0x000000005bed0000)]
  0x000000005957f000 JavaThread "File lock request listener" [_thread_in_native, id=7648, stack(0x000000005acd0000,0x000000005add0000)]
  0x000000005957e000 JavaThread "Cache worker for file hash cache (C:\Users\cong-pv\.gradle\caches\4.4\fileHashes)" [_thread_blocked, id=5976, stack(0x000000005abc0000,0x000000005acc0000)]
  0x00000000592b9000 JavaThread "Stdin handler" [_thread_blocked, id=5772, stack(0x000000005a740000,0x000000005a840000)]
  0x00000000592a8800 JavaThread "Asynchronous log dispatcher for DefaultDaemonConnection: socket connection from /127.0.0.1:50522 to /127.0.0.1:50523" [_thread_blocked, id=10004, stack(0x000000005a4a0000,0x000000005a5a0000)]
  0x0000000057609000 JavaThread "Daemon worker" [_thread_in_vm, id=2516, stack(0x000000005a600000,0x000000005a700000)]
  0x0000000057607800 JavaThread "Cancel handler" [_thread_blocked, id=516, stack(0x0000000058940000,0x0000000058a40000)]
  0x0000000059356000 JavaThread "Handler for socket connection from /127.0.0.1:50522 to /127.0.0.1:50523" [_thread_in_native, id=10060, stack(0x0000000057f20000,0x0000000058020000)]
  0x0000000059355800 JavaThread "Daemon" [_thread_blocked, id=7420, stack(0x00000000576e0000,0x00000000577e0000)]
  0x0000000059263800 JavaThread "Daemon periodic checks" [_thread_blocked, id=9456, stack(0x000000005a1a0000,0x000000005a2a0000)]
  0x0000000059246000 JavaThread "Incoming local TCP Connector on port 50522" [_thread_in_native, id=5520, stack(0x0000000059f80000,0x000000005a080000)]
  0x00000000591d8800 JavaThread "Daemon health stats" [_thread_blocked, id=3736, stack(0x0000000059bb0000,0x0000000059cb0000)]
  0x0000000057358800 JavaThread "Service Thread" daemon [_thread_blocked, id=9704, stack(0x0000000058020000,0x0000000058120000)]
=>0x00000000572ea000 JavaThread "C1 CompilerThread2" daemon [_thread_in_native, id=5756, stack(0x0000000057df0000,0x0000000057ef0000)]
  0x00000000572e9000 JavaThread "C2 CompilerThread1" daemon [_thread_in_native, id=8828, stack(0x0000000057a70000,0x0000000057b70000)]
  0x00000000572e2800 JavaThread "C2 CompilerThread0" daemon [_thread_in_native, id=9432, stack(0x0000000057be0000,0x0000000057ce0000)]
  0x0000000055f0f000 JavaThread "Attach Listener" daemon [_thread_blocked, id=3448, stack(0x0000000057960000,0x0000000057a60000)]
  0x0000000055f0e800 JavaThread "Signal Dispatcher" daemon [_thread_blocked, id=8156, stack(0x0000000057800000,0x0000000057900000)]
  0x0000000055ef4800 JavaThread "Finalizer" daemon [_thread_blocked, id=4236, stack(0x00000000570c0000,0x00000000571c0000)]
  0x0000000055eaa000 JavaThread "Reference Handler" daemon [_thread_blocked, id=9980, stack(0x00000000571d0000,0x00000000572d0000)]
  0x00000000021ef800 JavaThread "main" [_thread_blocked, id=10180, stack(0x0000000002460000,0x0000000002560000)]

Other Threads:
  0x0000000055e9e800 VMThread [stack: 0x0000000056f90000,0x0000000057090000] [id=5956]
  0x00000000573a1000 WatcherThread [stack: 0x0000000057cf0000,0x0000000057df0000] [id=6000]

VM state:not at safepoint (normal execution)

VM Mutex/Monitor currently owned by a thread: None

Heap:
 PSYoungGen      total 38400K, used 30352K [0x00000000e0000000, 0x00000000e4b00000, 0x0000000100000000)
  eden space 33280K, 75% used [0x00000000e0000000,0x00000000e18a6cb8,0x00000000e2080000)
  from space 5120K, 99% used [0x00000000e2080000,0x00000000e257d670,0x00000000e2580000)
  to   space 5120K, 0% used [0x00000000e4600000,0x00000000e4600000,0x00000000e4b00000)
 ParOldGen       total 87552K, used 2601K [0x00000000a0000000, 0x00000000a5580000, 0x00000000e0000000)
  object space 87552K, 2% used [0x00000000a0000000,0x00000000a028a6f0,0x00000000a5580000)
 Metaspace       used 16838K, capacity 17254K, committed 17536K, reserved 1064960K
  class space    used 2469K, capacity 2609K, committed 2688K, reserved 1048576K

Card table byte_map: [0x0000000011920000,0x0000000011c30000] byte_map_base: 0x0000000011420000

Marking Bits: (ParMarkBitMap*) 0x0000000060e6c720
 Begin Bits: [0x0000000012210000, 0x0000000013a10000)
 End Bits:   [0x0000000013a10000, 0x0000000015210000)

Polling page: 0x0000000000210000

CodeCache: size=245760Kb used=5063Kb max_used=5063Kb free=240696Kb
 bounds [0x0000000002560000, 0x0000000002a60000, 0x0000000011560000]
 total_blobs=1852 nmethods=1475 adapters=289
 compilation: enabled

Compilation events (10 events):
Event: 5.116 Thread 0x00000000572ea000 nmethod 1474 0x0000000002a4fd90 code [0x0000000002a4ffe0, 0x0000000002a51028]
Event: 5.116 Thread 0x00000000572ea000 1475       3       sun.misc.ProxyGenerator$ConstantPool::getString (21 bytes)
Event: 5.116 Thread 0x00000000572ea000 nmethod 1475 0x0000000002a51610 code [0x0000000002a517c0, 0x0000000002a51cc8]
Event: 5.130 Thread 0x00000000572ea000 1477       3       java.lang.Class::argumentTypesToString (79 bytes)
Event: 5.130 Thread 0x00000000572ea000 nmethod 1477 0x0000000002a51f90 code [0x0000000002a521c0, 0x0000000002a52df8]
Event: 5.130 Thread 0x00000000572ea000 1478       1       java.io.ObjectStreamClass$FieldReflectorKey::hashCode (5 bytes)
Event: 5.130 Thread 0x00000000572ea000 nmethod 1478 0x0000000002a532d0 code [0x0000000002a53420, 0x0000000002a53530]
Event: 5.130 Thread 0x00000000572ea000 1479       3       sun.reflect.ClassFileAssembler::append (30 bytes)
Event: 5.131 Thread 0x00000000572ea000 nmethod 1479 0x0000000002a53590 code [0x0000000002a53740, 0x0000000002a53c38]
Event: 5.131 Thread 0x00000000572ea000 1480       3       java.io.ObjectStreamClass::getClassSignature (242 bytes)

GC Heap History (6 events):
Event: 3.889 GC heap before
{Heap before GC invocations=1 (full 0):
 PSYoungGen      total 38400K, used 33280K [0x00000000e0000000, 0x00000000e2a80000, 0x0000000100000000)
  eden space 33280K, 100% used [0x00000000e0000000,0x00000000e2080000,0x00000000e2080000)
  from space 5120K, 0% used [0x00000000e2580000,0x00000000e2580000,0x00000000e2a80000)
  to   space 5120K, 0% used [0x00000000e2080000,0x00000000e2080000,0x00000000e2580000)
 ParOldGen       total 87552K, used 0K [0x00000000a0000000, 0x00000000a5580000, 0x00000000e0000000)
  object space 87552K, 0% used [0x00000000a0000000,0x00000000a0000000,0x00000000a5580000)
 Metaspace       used 6927K, capacity 7154K, committed 7424K, reserved 1056768K
  class space    used 866K, capacity 943K, committed 1024K, reserved 1048576K
Event: 3.902 GC heap after
Heap after GC invocations=1 (full 0):
 PSYoungGen      total 38400K, used 4389K [0x00000000e0000000, 0x00000000e2a80000, 0x0000000100000000)
  eden space 33280K, 0% used [0x00000000e0000000,0x00000000e0000000,0x00000000e2080000)
  from space 5120K, 85% used [0x00000000e2080000,0x00000000e24c9718,0x00000000e2580000)
  to   space 5120K, 0% used [0x00000000e2580000,0x00000000e2580000,0x00000000e2a80000)
 ParOldGen       total 87552K, used 8K [0x00000000a0000000, 0x00000000a5580000, 0x00000000e0000000)
  object space 87552K, 0% used [0x00000000a0000000,0x00000000a0002000,0x00000000a5580000)
 Metaspace       used 6927K, capacity 7154K, committed 7424K, reserved 1056768K
  class space    used 866K, capacity 943K, committed 1024K, reserved 1048576K
}
Event: 4.601 GC heap before
{Heap before GC invocations=2 (full 0):
 PSYoungGen      total 38400K, used 37669K [0x00000000e0000000, 0x00000000e2a80000, 0x0000000100000000)
  eden space 33280K, 100% used [0x00000000e0000000,0x00000000e2080000,0x00000000e2080000)
  from space 5120K, 85% used [0x00000000e2080000,0x00000000e24c9718,0x00000000e2580000)
  to   space 5120K, 0% used [0x00000000e2580000,0x00000000e2580000,0x00000000e2a80000)
 ParOldGen       total 87552K, used 8K [0x00000000a0000000, 0x00000000a5580000, 0x00000000e0000000)
  object space 87552K, 0% used [0x00000000a0000000,0x00000000a0002000,0x00000000a5580000)
 Metaspace       used 11388K, capacity 11746K, committed 11904K, reserved 1058816K
  class space    used 1547K, capacity 1661K, committed 1664K, reserved 1048576K
Event: 4.611 GC heap after
Heap after GC invocations=2 (full 0):
 PSYoungGen      total 38400K, used 5090K [0x00000000e0000000, 0x00000000e2a80000, 0x0000000100000000)
  eden space 33280K, 0% used [0x00000000e0000000,0x00000000e0000000,0x00000000e2080000)
  from space 5120K, 99% used [0x00000000e2580000,0x00000000e2a78bd0,0x00000000e2a80000)
  to   space 5120K, 0% used [0x00000000e2080000,0x00000000e2080000,0x00000000e2580000)
 ParOldGen       total 87552K, used 555K [0x00000000a0000000, 0x00000000a5580000, 0x00000000e0000000)
  object space 87552K, 0% used [0x00000000a0000000,0x00000000a008aea8,0x00000000a5580000)
 Metaspace       used 11388K, capacity 11746K, committed 11904K, reserved 1058816K
  class space    used 1547K, capacity 1661K, committed 1664K, reserved 1048576K
}
Event: 4.880 GC heap before
{Heap before GC invocations=3 (full 0):
 PSYoungGen      total 38400K, used 38370K [0x00000000e0000000, 0x00000000e2a80000, 0x0000000100000000)
  eden space 33280K, 100% used [0x00000000e0000000,0x00000000e2080000,0x00000000e2080000)
  from space 5120K, 99% used [0x00000000e2580000,0x00000000e2a78bd0,0x00000000e2a80000)
  to   space 5120K, 0% used [0x00000000e2080000,0x00000000e2080000,0x00000000e2580000)
 ParOldGen       total 87552K, used 555K [0x00000000a0000000, 0x00000000a5580000, 0x00000000e0000000)
  object space 87552K, 0% used [0x00000000a0000000,0x00000000a008aea8,0x00000000a5580000)
 Metaspace       used 14525K, capacity 14894K, committed 15104K, reserved 1062912K
  class space    used 2079K, capacity 2189K, committed 2304K, reserved 1048576K
Event: 4.899 GC heap after
Heap after GC invocations=3 (full 0):
 PSYoungGen      total 38400K, used 5109K [0x00000000e0000000, 0x00000000e4b00000, 0x0000000100000000)
  eden space 33280K, 0% used [0x00000000e0000000,0x00000000e0000000,0x00000000e2080000)
  from space 5120K, 99% used [0x00000000e2080000,0x00000000e257d670,0x00000000e2580000)
  to   space 5120K, 0% used [0x00000000e4600000,0x00000000e4600000,0x00000000e4b00000)
 ParOldGen       total 87552K, used 2601K [0x00000000a0000000, 0x00000000a5580000, 0x00000000e0000000)
  object space 87552K, 2% used [0x00000000a0000000,0x00000000a028a6f0,0x00000000a5580000)
 Metaspace       used 14525K, capacity 14894K, committed 15104K, reserved 1062912K
  class space    used 2079K, capacity 2189K, committed 2304K, reserved 1048576K
}

Deoptimization events (10 events):
Event: 4.622 Thread 0x0000000059356000 Uncommon trap: reason=unstable_if action=reinterpret pc=0x00000000028ff484 method=java.util.concurrent.ConcurrentHashMap.putVal(Ljava/lang/Object;Ljava/lang/Object;Z)Ljava/lang/Object; @ 206
Event: 4.674 Thread 0x0000000057609000 Uncommon trap: reason=bimorphic action=maybe_recompile pc=0x000000000288a8cc method=java.util.HashMap.putVal(ILjava/lang/Object;Ljava/lang/Object;ZZ)Ljava/lang/Object; @ 253
Event: 4.674 Thread 0x0000000057609000 Uncommon trap: reason=bimorphic action=maybe_recompile pc=0x000000000288a8cc method=java.util.HashMap.putVal(ILjava/lang/Object;Ljava/lang/Object;ZZ)Ljava/lang/Object; @ 253
Event: 4.674 Thread 0x0000000057609000 Uncommon trap: reason=bimorphic action=maybe_recompile pc=0x000000000288a8cc method=java.util.HashMap.putVal(ILjava/lang/Object;Ljava/lang/Object;ZZ)Ljava/lang/Object; @ 253
Event: 4.683 Thread 0x0000000057609000 Uncommon trap: reason=class_check action=maybe_recompile pc=0x00000000027cf98c method=java.util.regex.Matcher.match(II)Z @ 86
Event: 4.843 Thread 0x0000000057609000 Uncommon trap: reason=class_check action=maybe_recompile pc=0x00000000027cf98c method=java.util.regex.Matcher.match(II)Z @ 86
Event: 4.902 Thread 0x0000000057609000 Uncommon trap: reason=unstable_if action=reinterpret pc=0x00000000029b4034 method=java.lang.String.lastIndexOf([CII[CIII)I @ 66
Event: 5.084 Thread 0x0000000057609000 Uncommon trap: reason=unstable_if action=reinterpret pc=0x00000000026beac8 method=java.net.URI.match(CJJ)Z @ 19
Event: 5.084 Thread 0x0000000057609000 Uncommon trap: reason=unstable_if action=reinterpret pc=0x000000000280ebb0 method=java.net.URI.match(CJJ)Z @ 19
Event: 5.117 Thread 0x0000000057609000 Uncommon trap: reason=unstable_if action=reinterpret pc=0x00000000027f9d14 method=java.io.File.getName()Ljava/lang/String; @ 16

Internal exceptions (10 events):
Event: 4.644 Thread 0x0000000059356000 Exception <a 'java/lang/NoSuchMethodError': <clinit>> (0x00000000e01a74d0) thrown at [C:\re\workspace\8-2-build-windows-amd64-cygwin\jdk8u131\8869\hotspot\src\share\vm\prims\jni.cpp, line 1613]
Event: 4.646 Thread 0x0000000059356000 Exception <a 'java/lang/NoSuchMethodError': <clinit>> (0x00000000e01cb058) thrown at [C:\re\workspace\8-2-build-windows-amd64-cygwin\jdk8u131\8869\hotspot\src\share\vm\prims\jni.cpp, line 1613]
Event: 4.648 Thread 0x0000000059356000 Exception <a 'java/lang/NoSuchMethodError': <clinit>> (0x00000000e01e5920) thrown at [C:\re\workspace\8-2-build-windows-amd64-cygwin\jdk8u131\8869\hotspot\src\share\vm\prims\jni.cpp, line 1613]
Event: 4.650 Thread 0x0000000059356000 Exception <a 'java/lang/NoSuchMethodError': <clinit>> (0x00000000e020a240) thrown at [C:\re\workspace\8-2-build-windows-amd64-cygwin\jdk8u131\8869\hotspot\src\share\vm\prims\jni.cpp, line 1613]
Event: 4.667 Thread 0x0000000057609000 Exception <a 'java/lang/NoSuchMethodError': <clinit>> (0x00000000e035f410) thrown at [C:\re\workspace\8-2-build-windows-amd64-cygwin\jdk8u131\8869\hotspot\src\share\vm\prims\jni.cpp, line 1613]
Event: 4.668 Thread 0x0000000057609000 Exception <a 'java/lang/NoSuchMethodError': <clinit>> (0x00000000e0367698) thrown at [C:\re\workspace\8-2-build-windows-amd64-cygwin\jdk8u131\8869\hotspot\src\share\vm\prims\jni.cpp, line 1613]
Event: 5.130 Thread 0x0000000057609000 Exception <a 'java/lang/NoSuchMethodError': <clinit>> (0x00000000e1816cc0) thrown at [C:\re\workspace\8-2-build-windows-amd64-cygwin\jdk8u131\8869\hotspot\src\share\vm\prims\jni.cpp, line 1613]
Event: 5.130 Thread 0x0000000057609000 Exception <a 'java/lang/NoSuchMethodError': <clinit>> (0x00000000e1819660) thrown at [C:\re\workspace\8-2-build-windows-amd64-cygwin\jdk8u131\8869\hotspot\src\share\vm\prims\jni.cpp, line 1613]
Event: 5.131 Thread 0x0000000057609000 Exception <a 'java/lang/NoSuchMethodError': <clinit>> (0x00000000e1826c50) thrown at [C:\re\workspace\8-2-build-windows-amd64-cygwin\jdk8u131\8869\hotspot\src\share\vm\prims\jni.cpp, line 1613]
Event: 5.131 Thread 0x0000000057609000 Exception <a 'java/lang/NoSuchMethodError': <clinit>> (0x00000000e18323d0) thrown at [C:\re\workspace\8-2-build-windows-amd64-cygwin\jdk8u131\8869\hotspot\src\share\vm\prims\jni.cpp, line 1613]

Events (10 events):
Event: 5.129 loading class org/gradle/tooling/internal/provider/events/AbstractProgressEvent
Event: 5.129 loading class org/gradle/tooling/internal/provider/events/AbstractProgressEvent done
Event: 5.129 loading class org/gradle/tooling/internal/protocol/events/InternalOperationDescriptor
Event: 5.129 loading class org/gradle/tooling/internal/protocol/events/InternalOperationDescriptor done
Event: 5.129 loading class org/gradle/tooling/internal/provider/events/DefaultOperationDescriptor
Event: 5.129 loading class org/gradle/tooling/internal/provider/events/DefaultOperationDescriptor done
Event: 5.131 loading class org/gradle/internal/logging/progress/DefaultProgressLoggerFactory$ProgressLoggerImpl
Event: 5.131 loading class org/gradle/internal/logging/progress/DefaultProgressLoggerFactory$ProgressLoggerImpl done
Event: 5.132 loading class org/gradle/internal/logging/progress/DefaultProgressLoggerFactory$State
Event: 5.132 loading class org/gradle/internal/logging/progress/DefaultProgressLoggerFactory$State done


Dynamic libraries:
0x000000013f6d0000 - 0x000000013f707000 	C:\Program Files\Java\jdk1.8.0_131\bin\java.exe
0x00000000774e0000 - 0x000000007768a000 	C:\Windows\SYSTEM32\ntdll.dll
0x00000000773c0000 - 0x00000000774df000 	C:\Windows\system32\kernel32.dll
0x000007fefd520000 - 0x000007fefd58a000 	C:\Windows\system32\KERNELBASE.dll
0x000007fefd590000 - 0x000007fefd66b000 	C:\Windows\system32\ADVAPI32.dll
0x000007feff430000 - 0x000007feff4cf000 	C:\Windows\system32\msvcrt.dll
0x000007fefee90000 - 0x000007fefeeaf000 	C:\Windows\SYSTEM32\sechost.dll
0x000007fefeeb0000 - 0x000007fefefdd000 	C:\Windows\system32\RPCRT4.dll
0x00000000772c0000 - 0x00000000773ba000 	C:\Windows\system32\USER32.dll
0x000007fefedd0000 - 0x000007fefee37000 	C:\Windows\system32\GDI32.dll
0x000007feff1c0000 - 0x000007feff1ce000 	C:\Windows\system32\LPK.dll
0x000007feff1d0000 - 0x000007feff29b000 	C:\Windows\system32\USP10.dll
0x000007fefba90000 - 0x000007fefbc84000 	C:\Windows\WinSxS\amd64_microsoft.windows.common-controls_6595b64144ccf1df_6.0.7601.18837_none_fa3b1e3d17594757\COMCTL32.dll
0x000007fefe590000 - 0x000007fefe601000 	C:\Windows\system32\SHLWAPI.dll
0x000007fefd670000 - 0x000007fefd69e000 	C:\Windows\system32\IMM32.DLL
0x000007feff6d0000 - 0x000007feff7d9000 	C:\Windows\system32\MSCTF.dll
0x00000000635f0000 - 0x00000000636c2000 	C:\Program Files\Java\jdk1.8.0_131\jre\bin\msvcr100.dll
0x0000000060650000 - 0x0000000060eec000 	C:\Program Files\Java\jdk1.8.0_131\jre\bin\server\jvm.dll
0x000007feefcc0000 - 0x000007feefcc9000 	C:\Windows\system32\WSOCK32.dll
0x000007fefee40000 - 0x000007fefee8d000 	C:\Windows\system32\WS2_32.dll
0x000007feff7e0000 - 0x000007feff7e8000 	C:\Windows\system32\NSI.dll
0x000007fefa770000 - 0x000007fefa7ab000 	C:\Windows\system32\WINMM.dll
0x000007fefc2a0000 - 0x000007fefc2ac000 	C:\Windows\system32\VERSION.dll
0x00000000776b0000 - 0x00000000776b7000 	C:\Windows\system32\PSAPI.DLL
0x00000000664f0000 - 0x00000000664ff000 	C:\Program Files\Java\jdk1.8.0_131\jre\bin\verify.dll
0x0000000065aa0000 - 0x0000000065ac9000 	C:\Program Files\Java\jdk1.8.0_131\jre\bin\java.dll
0x0000000065ae0000 - 0x0000000065af6000 	C:\Program Files\Java\jdk1.8.0_131\jre\bin\zip.dll
0x000007fefd6a0000 - 0x000007fefe42a000 	C:\Windows\system32\SHELL32.dll
0x000007feff4d0000 - 0x000007feff6cc000 	C:\Windows\system32\ole32.dll
0x000007fefd1d0000 - 0x000007fefd1df000 	C:\Windows\system32\profapi.dll
0x0000000066420000 - 0x000000006643a000 	C:\Program Files\Java\jdk1.8.0_131\jre\bin\net.dll
0x000007fefc9a0000 - 0x000007fefc9f5000 	C:\Windows\system32\mswsock.dll
0x000007fefc990000 - 0x000007fefc997000 	C:\Windows\System32\wship6.dll
0x0000000064ab0000 - 0x0000000064ac1000 	C:\Program Files\Java\jdk1.8.0_131\jre\bin\nio.dll
0x000007feeb5b0000 - 0x000007feeb5ce000 	C:\Users\cong-pv\.gradle\native\25\windows-amd64\native-platform.dll
0x000000006de10000 - 0x000000006de1d000 	C:\Program Files\Java\jdk1.8.0_131\jre\bin\management.dll
0x000007fefca00000 - 0x000007fefca18000 	C:\Windows\system32\CRYPTSP.dll
0x000007fefc700000 - 0x000007fefc747000 	C:\Windows\system32\rsaenh.dll
0x000007fefd3f0000 - 0x000007fefd40e000 	C:\Windows\system32\USERENV.dll
0x000007fefd070000 - 0x000007fefd07f000 	C:\Windows\system32\CRYPTBASE.dll
0x000007fef8fc0000 - 0x000007fef8fe7000 	C:\Windows\system32\IPHLPAPI.DLL
0x000007fefa310000 - 0x000007fefa31b000 	C:\Windows\system32\WINNSI.DLL
0x000007fef88c0000 - 0x000007fef88d1000 	C:\Windows\system32\dhcpcsvc6.DLL
0x000007fef8aa0000 - 0x000007fef8ab8000 	C:\Windows\system32\dhcpcsvc.DLL

VM Arguments:
jvm_args: -Xmx1536m -Dfile.encoding=windows-31j -Duser.country=JP -Duser.language=ja -Duser.variant 
java_command: org.gradle.launcher.daemon.bootstrap.GradleDaemon 4.4
java_class_path (initial): C:\Users\cong-pv\.gradle\wrapper\dists\gradle-4.4-all\9br9xq1tocpiv8o6njlyu5op1\gradle-4.4\lib\gradle-launcher-4.4.jar
Launcher Type: SUN_STANDARD

Environment Variables:
JAVA_HOME=C:\Program Files\Java\jdk1.8.0_131
PATH=C:\Program Files (x86)\Common Files\Oracle\Java\javapath;C:\ProgramData\Oracle\Java\javapath;C:\Program Files (x86)\Intel\iCLS Client\;C:\Program Files\Intel\iCLS Client\;C:\Windows\system32;C:\Windows;C:\Windows\System32\Wbem;C:\Windows\System32\WindowsPowerShell\v1.0\;C:\Program Files (x86)\Intel\UCRT\;C:\Program Files\TortoiseSVN\bin;C:\Users\User\.dnx\bin;C:\Program Files\Microsoft DNX\Dnvm\;C:\Program Files (x86)\Windows Kits\8.1\Windows Performance Toolkit\;C:\Program Files\Microsoft SQL Server\130\Tools\Binn\;C:\Program Files\Git\cmd;C:\Program Files\Microsoft SQL Server\120\Tools\Binn\;C:\Program Files\Microsoft SQLServer\Client SDK\ODBC\110\Tools\Binn\;C:\Program Files (x86)\Microsoft SQL Server\120\Tools\Binn\;C:\Program Files\Microsoft SQL Server\120\DTS\Binn\;C:\Program Files (x86)\Microsoft SQL Server\120\Tools\Binn\ManagementStudio\;C:\ProgramFiles (x86)\Microsoft SQL Server\120\DTS\Binn\;C:\Program Files\Intel\UCRT\;C:\Program Files (x86)\Intel\Intel(R) Management Engine Components\DAL;C:\Program Files\Intel\Intel(R) Management Engine Components\DAL;C:\Program Files (x86)\Intel\Intel(R) Management Engine Components\IPT;C:\Program Files\Intel\Intel(R) Management Engine Components\IPT;c:\Program Files\Microsoft SQL Server\Client SDK\ODBC\110\Tools\Binn\;c:\Program Files (x86)\Microsoft SQL Server\120\DTS\Binn\;C:\Go\bin;C:\Program Files\Java\jdk1.8.0_131\bin;C:\Users\cong-pv\go\bin
USERNAME=cong-pv
OS=Windows_NT
PROCESSOR_IDENTIFIER=Intel64 Family 6 Model 94 Stepping 3, GenuineIntel



---------------  S Y S T E M  ---------------

OS: Windows 7 , 64 bit Build 7601 (6.1.7601.23915)

CPU:total 4 (initial active 4) (4 cores per cpu, 1 threads per core) family 6 model 94 stepping 3, cmov, cx8, fxsr, mmx, sse, sse2, sse3, ssse3, sse4.1, sse4.2, popcnt, avx, avx2, aes, clmul, erms, rtm, 3dnowpref, lzcnt, tsc, tscinvbit, bmi1, bmi2, adx

Memory: 4k page, physical 8257588k(780528k free), swap 8255728k(5128k free)

vm_info: Java HotSpot(TM) 64-Bit Server VM (25.131-b11) for windows-amd64 JRE (1.8.0_131-b11), built on Mar 15 2017 01:23:53 by "java_re" with MS VC++ 10.0 (VS2010)

time: Wed Jun 06 10:57:19 2018
elapsed time: 5 seconds (0d 0h 0m 5s)

