#
# There is insufficient memory for the Java Runtime Environment to continue.
# Native memory allocation (malloc) failed to allocate 1404336 bytes for Chunk::new
# Possible reasons:
#   The system is out of physical RAM or swap space
#   In 32 bit mode, the process size limit was hit
# Possible solutions:
#   Reduce memory load on the system
#   Increase physical memory or swap space
#   Check if swap backing store is full
#   Use 64 bit Java on a 64 bit OS
#   Decrease Java heap size (-Xmx/-Xms)
#   Decrease number of Java threads
#   Decrease Java thread stack sizes (-Xss)
#   Set larger code cache with -XX:ReservedCodeCacheSize=
# This output file may be truncated or incomplete.
#
#  Out of Memory Error (allocation.cpp:390), pid=8156, tid=0x00000000000018d0
#
# JRE version: Java(TM) SE Runtime Environment (8.0_131-b11) (build 1.8.0_131-b11)
# Java VM: Java HotSpot(TM) 64-Bit Server VM (25.131-b11 mixed mode windows-amd64 compressed oops)
# Failed to write core dump. Minidumps are not enabled by default on client versions of Windows
#

---------------  T H R E A D  ---------------

Current thread (0x00000000574ea800):  JavaThread "C2 CompilerThread0" daemon [_thread_in_native, id=6352, stack(0x0000000057b80000,0x0000000057c80000)]

Stack: [0x0000000057b80000,0x0000000057c80000]
[error occurred during error reporting (printing stack bounds), id 0xc0000005]

Native frames: (J=compiled Java code, j=interpreted, Vv=VM code, C=native code)


Current CompileTask:
C2:  13211 6451       4       java.net.URLClassLoader$1::run (5 bytes)


---------------  P R O C E S S  ---------------

Java Threads: ( => current thread )
  0x00000000593b9000 JavaThread "Memory manager" [_thread_blocked, id=5348, stack(0x0000000060040000,0x0000000060140000)]
  0x00000000593b7800 JavaThread "build operations Thread 4" [_thread_blocked, id=8808, stack(0x00000000622c0000,0x00000000623c0000)]
  0x00000000593b7000 JavaThread "build operations Thread 3" [_thread_blocked, id=1592, stack(0x0000000062130000,0x0000000062230000)]
  0x00000000593b6000 JavaThread "build operations Thread 2" [_thread_in_native, id=10144, stack(0x000000005fd30000,0x000000005fe30000)]
  0x00000000593b5800 JavaThread "build operations" [_thread_blocked, id=4960, stack(0x000000005ada0000,0x000000005aea0000)]
  0x00000000593b3000 JavaThread "Cache worker for Artifact transforms cache (C:\Users\cong-pv\.gradle\caches\transforms-1)" [_thread_blocked, id=6560, stack(0x000000005fe70000,0x000000005ff70000)]
  0x00000000593b1800 JavaThread "Cache worker for file hash cache (D:\Project\henpin_check\Android\ReturnCandidate\.gradle\4.4\fileHashes)" [_thread_blocked, id=5968, stack(0x000000005bfc0000,0x000000005c0c0000)]
  0x00000000593b1000 JavaThread "File lock request listener" [_thread_in_native, id=9868, stack(0x000000005aea0000,0x000000005afa0000)]
  0x00000000593b0000 JavaThread "Cache worker for file hash cache (C:\Users\cong-pv\.gradle\caches\4.4\fileHashes)" [_thread_blocked, id=7848, stack(0x000000005ac90000,0x000000005ad90000)]
  0x000000005927e800 JavaThread "Stdin handler" [_thread_blocked, id=9792, stack(0x000000005a620000,0x000000005a720000)]
  0x000000005937e000 JavaThread "Asynchronous log dispatcher for DefaultDaemonConnection: socket connection from /127.0.0.1:50661 to /127.0.0.1:50662" [_thread_blocked, id=7956, stack(0x000000005a8b0000,0x000000005a9b0000)]
  0x00000000592a5000 JavaThread "Daemon worker" [_thread_in_native, id=7112, stack(0x000000005a750000,0x000000005a850000)]
  0x00000000592ab800 JavaThread "Cancel handler" [_thread_blocked, id=6772, stack(0x000000005a500000,0x000000005a600000)]
  0x0000000059499000 JavaThread "Handler for socket connection from /127.0.0.1:50661 to /127.0.0.1:50662" [_thread_in_native, id=4256, stack(0x00000000572c0000,0x00000000573c0000)]
  0x0000000059498800 JavaThread "Daemon" [_thread_blocked, id=9536, stack(0x000000005a1f0000,0x000000005a2f0000)]
  0x000000005957d800 JavaThread "Daemon periodic checks" [_thread_blocked, id=2056, stack(0x000000005a0a0000,0x000000005a1a0000)]
  0x000000005931b000 JavaThread "Incoming local TCP Connector on port 50661" [_thread_in_native, id=5064, stack(0x0000000059f10000,0x000000005a010000)]
  0x00000000593c5000 JavaThread "Daemon health stats" [_thread_blocked, id=9704, stack(0x0000000059a90000,0x0000000059b90000)]
  0x000000005756f800 JavaThread "Service Thread" daemon [_thread_blocked, id=8300, stack(0x0000000057fa0000,0x00000000580a0000)]
  0x00000000574f3000 JavaThread "C1 CompilerThread2" daemon [_thread_blocked, id=960, stack(0x0000000057df0000,0x0000000057ef0000)]
  0x00000000574f2000 JavaThread "C2 CompilerThread1" daemon [_thread_blocked, id=7208, stack(0x0000000057c90000,0x0000000057d90000)]
=>0x00000000574ea800 JavaThread "C2 CompilerThread0" daemon [_thread_in_native, id=6352, stack(0x0000000057b80000,0x0000000057c80000)]
  0x000000005606f000 JavaThread "Attach Listener" daemon [_thread_blocked, id=6916, stack(0x0000000057a50000,0x0000000057b50000)]
  0x000000005606e000 JavaThread "Signal Dispatcher" daemon [_thread_blocked, id=3924, stack(0x0000000057930000,0x0000000057a30000)]
  0x0000000056049800 JavaThread "Finalizer" daemon [_thread_blocked, id=3452, stack(0x00000000573e0000,0x00000000574e0000)]
  0x0000000056002800 JavaThread "Reference Handler" daemon [_thread_blocked, id=5272, stack(0x0000000057190000,0x0000000057290000)]
  0x00000000020be800 JavaThread "main" [_thread_blocked, id=6832, stack(0x0000000002290000,0x0000000002390000)]

Other Threads:
  0x0000000055ffb000 VMThread [stack: 0x0000000056f60000,0x0000000057060000] [id=932]
  0x00000000575b6800 WatcherThread [stack: 0x0000000058150000,0x0000000058250000] [id=4232]

VM state:not at safepoint (normal execution)

VM Mutex/Monitor currently owned by a thread: None

Heap:
 PSYoungGen      total 201216K, used 136591K [0x00000000e0000000, 0x00000000ed700000, 0x0000000100000000)
  eden space 185856K, 66% used [0x00000000e0000000,0x00000000e782cf70,0x00000000eb580000)
  from space 15360K, 88% used [0x00000000ec600000,0x00000000ed336eb8,0x00000000ed500000)
  to   space 16896K, 0% used [0x00000000eb580000,0x00000000eb580000,0x00000000ec600000)
 ParOldGen       total 90112K, used 17909K [0x00000000a0000000, 0x00000000a5800000, 0x00000000e0000000)
  object space 90112K, 19% used [0x00000000a0000000,0x00000000a117d618,0x00000000a5800000)
 Metaspace       used 53068K, capacity 54538K, committed 54784K, reserved 1095680K
  class space    used 7200K, capacity 7606K, committed 7680K, reserved 1048576K

Card table byte_map: [0x0000000011750000,0x0000000011a60000] byte_map_base: 0x0000000011250000

Marking Bits: (ParMarkBitMap*) 0x0000000060e6c720
 Begin Bits: [0x0000000012370000, 0x0000000013b70000)
 End Bits:   [0x0000000013b70000, 0x0000000015370000)

Polling page: 0x0000000000220000

CodeCache: size=245760Kb used=18867Kb max_used=19309Kb free=226892Kb
 bounds [0x0000000002390000, 0x0000000003690000, 0x0000000011390000]
 total_blobs=6283 nmethods=5509 adapters=686
 compilation: enabled

Compilation events (10 events):
Event: 13.093 Thread 0x00000000574f3000 nmethod 6448 0x0000000002a5c910 code [0x0000000002a5ca80, 0x0000000002a5cd30]
Event: 13.094 Thread 0x00000000574ea800 nmethod 6433 0x0000000002dfa810 code [0x0000000002dfa960, 0x0000000002dfae28]
Event: 13.094 Thread 0x00000000574ea800 6435       4       java.lang.Character::isSurrogate (18 bytes)
Event: 13.094 Thread 0x00000000574ea800 nmethod 6435 0x0000000002859350 code [0x0000000002859480, 0x00000000028594d8]
Event: 13.099 Thread 0x00000000574ea800 6449 %     4       java.lang.String::toLowerCase @ 20 (439 bytes)
Event: 13.109 Thread 0x00000000574f3000 6450       3       org.apache.http.util.Args::notNull (33 bytes)
Event: 13.109 Thread 0x00000000574f3000 nmethod 6450 0x0000000002526ad0 code [0x0000000002526ca0, 0x0000000002527498]
Event: 13.110 Thread 0x00000000574ea800 nmethod 6449% 0x0000000002cd1350 code [0x0000000002cd1520, 0x0000000002cd2038]
Event: 13.117 Thread 0x00000000574ea800 6451       4       java.net.URLClassLoader$1::run (5 bytes)
Event: 13.157 Thread 0x00000000574f2000 nmethod 6426 0x0000000002d89650 code [0x0000000002d89a40, 0x0000000002d8d830]

GC Heap History (10 events):
Event: 4.688 GC heap before
{Heap before GC invocations=6 (full 1):
 PSYoungGen      total 138240K, used 133120K [0x00000000e0000000, 0x00000000e8c00000, 0x0000000100000000)
  eden space 133120K, 100% used [0x00000000e0000000,0x00000000e8200000,0x00000000e8200000)
  from space 5120K, 0% used [0x00000000e8700000,0x00000000e8700000,0x00000000e8c00000)
  to   space 5120K, 0% used [0x00000000e8200000,0x00000000e8200000,0x00000000e8700000)
 ParOldGen       total 59392K, used 8788K [0x00000000a0000000, 0x00000000a3a00000, 0x00000000e0000000)
  object space 59392K, 14% used [0x00000000a0000000,0x00000000a0895260,0x00000000a3a00000)
 Metaspace       used 29775K, capacity 30416K, committed 30464K, reserved 1075200K
  class space    used 4132K, capacity 4313K, committed 4352K, reserved 1048576K
Event: 4.708 GC heap after
Heap after GC invocations=6 (full 1):
 PSYoungGen      total 138240K, used 5120K [0x00000000e0000000, 0x00000000e8c00000, 0x0000000100000000)
  eden space 133120K, 0% used [0x00000000e0000000,0x00000000e0000000,0x00000000e8200000)
  from space 5120K, 100% used [0x00000000e8200000,0x00000000e8700000,0x00000000e8700000)
  to   space 5120K, 0% used [0x00000000e8700000,0x00000000e8700000,0x00000000e8c00000)
 ParOldGen       total 59392K, used 15674K [0x00000000a0000000, 0x00000000a3a00000, 0x00000000e0000000)
  object space 59392K, 26% used [0x00000000a0000000,0x00000000a0f4ebe8,0x00000000a3a00000)
 Metaspace       used 29775K, capacity 30416K, committed 30464K, reserved 1075200K
  class space    used 4132K, capacity 4313K, committed 4352K, reserved 1048576K
}
Event: 5.362 GC heap before
{Heap before GC invocations=7 (full 1):
 PSYoungGen      total 138240K, used 60369K [0x00000000e0000000, 0x00000000e8c00000, 0x0000000100000000)
  eden space 133120K, 41% used [0x00000000e0000000,0x00000000e35f4510,0x00000000e8200000)
  from space 5120K, 100% used [0x00000000e8200000,0x00000000e8700000,0x00000000e8700000)
  to   space 5120K, 0% used [0x00000000e8700000,0x00000000e8700000,0x00000000e8c00000)
 ParOldGen       total 59392K, used 15674K [0x00000000a0000000, 0x00000000a3a00000, 0x00000000e0000000)
  object space 59392K, 26% used [0x00000000a0000000,0x00000000a0f4ebe8,0x00000000a3a00000)
 Metaspace       used 34524K, capacity 35338K, committed 35496K, reserved 1079296K
  class space    used 4808K, capacity 5011K, committed 5120K, reserved 1048576K
Event: 5.370 GC heap after
Heap after GC invocations=7 (full 1):
 PSYoungGen      total 129024K, used 5120K [0x00000000e0000000, 0x00000000eec00000, 0x0000000100000000)
  eden space 123904K, 0% used [0x00000000e0000000,0x00000000e0000000,0x00000000e7900000)
  from space 5120K, 100% used [0x00000000e8700000,0x00000000e8c00000,0x00000000e8c00000)
  to   space 14336K, 0% used [0x00000000e7900000,0x00000000e7900000,0x00000000e8700000)
 ParOldGen       total 59392K, used 21109K [0x00000000a0000000, 0x00000000a3a00000, 0x00000000e0000000)
  object space 59392K, 35% used [0x00000000a0000000,0x00000000a149d5e0,0x00000000a3a00000)
 Metaspace       used 34524K, capacity 35338K, committed 35496K, reserved 1079296K
  class space    used 4808K, capacity 5011K, committed 5120K, reserved 1048576K
}
Event: 5.370 GC heap before
{Heap before GC invocations=8 (full 2):
 PSYoungGen      total 129024K, used 5120K [0x00000000e0000000, 0x00000000eec00000, 0x0000000100000000)
  eden space 123904K, 0% used [0x00000000e0000000,0x00000000e0000000,0x00000000e7900000)
  from space 5120K, 100% used [0x00000000e8700000,0x00000000e8c00000,0x00000000e8c00000)
  to   space 14336K, 0% used [0x00000000e7900000,0x00000000e7900000,0x00000000e8700000)
 ParOldGen       total 59392K, used 21109K [0x00000000a0000000, 0x00000000a3a00000, 0x00000000e0000000)
  object space 59392K, 35% used [0x00000000a0000000,0x00000000a149d5e0,0x00000000a3a00000)
 Metaspace       used 34524K, capacity 35338K, committed 35496K, reserved 1079296K
  class space    used 4808K, capacity 5011K, committed 5120K, reserved 1048576K
Event: 5.423 GC heap after
Heap after GC invocations=8 (full 2):
 PSYoungGen      total 129024K, used 0K [0x00000000e0000000, 0x00000000eec00000, 0x0000000100000000)
  eden space 123904K, 0% used [0x00000000e0000000,0x00000000e0000000,0x00000000e7900000)
  from space 5120K, 0% used [0x00000000e8700000,0x00000000e8700000,0x00000000e8c00000)
  to   space 14336K, 0% used [0x00000000e7900000,0x00000000e7900000,0x00000000e8700000)
 ParOldGen       total 90112K, used 17893K [0x00000000a0000000, 0x00000000a5800000, 0x00000000e0000000)
  object space 90112K, 19% used [0x00000000a0000000,0x00000000a1179618,0x00000000a5800000)
 Metaspace       used 34450K, capacity 35192K, committed 35496K, reserved 1079296K
  class space    used 4784K, capacity 4985K, committed 5120K, reserved 1048576K
}
Event: 10.230 GC heap before
{Heap before GC invocations=9 (full 2):
 PSYoungGen      total 129024K, used 123904K [0x00000000e0000000, 0x00000000eec00000, 0x0000000100000000)
  eden space 123904K, 100% used [0x00000000e0000000,0x00000000e7900000,0x00000000e7900000)
  from space 5120K, 0% used [0x00000000e8700000,0x00000000e8700000,0x00000000e8c00000)
  to   space 14336K, 0% used [0x00000000e7900000,0x00000000e7900000,0x00000000e8700000)
 ParOldGen       total 90112K, used 17893K [0x00000000a0000000, 0x00000000a5800000, 0x00000000e0000000)
  object space 90112K, 19% used [0x00000000a0000000,0x00000000a1179618,0x00000000a5800000)
 Metaspace       used 35406K, capacity 36132K, committed 36352K, reserved 1081344K
  class space    used 4840K, capacity 5083K, committed 5120K, reserved 1048576K
Event: 10.234 GC heap after
Heap after GC invocations=9 (full 2):
 PSYoungGen      total 138240K, used 2160K [0x00000000e0000000, 0x00000000ed500000, 0x0000000100000000)
  eden space 123904K, 0% used [0x00000000e0000000,0x00000000e0000000,0x00000000e7900000)
  from space 14336K, 15% used [0x00000000e7900000,0x00000000e7b1c0b8,0x00000000e8700000)
  to   space 15360K, 0% used [0x00000000ec600000,0x00000000ec600000,0x00000000ed500000)
 ParOldGen       total 90112K, used 17901K [0x00000000a0000000, 0x00000000a5800000, 0x00000000e0000000)
  object space 90112K, 19% used [0x00000000a0000000,0x00000000a117b618,0x00000000a5800000)
 Metaspace       used 35406K, capacity 36132K, committed 36352K, reserved 1081344K
  class space    used 4840K, capacity 5083K, committed 5120K, reserved 1048576K
}
Event: 11.628 GC heap before
{Heap before GC invocations=10 (full 2):
 PSYoungGen      total 138240K, used 126064K [0x00000000e0000000, 0x00000000ed500000, 0x0000000100000000)
  eden space 123904K, 100% used [0x00000000e0000000,0x00000000e7900000,0x00000000e7900000)
  from space 14336K, 15% used [0x00000000e7900000,0x00000000e7b1c0b8,0x00000000e8700000)
  to   space 15360K, 0% used [0x00000000ec600000,0x00000000ec600000,0x00000000ed500000)
 ParOldGen       total 90112K, used 17901K [0x00000000a0000000, 0x00000000a5800000, 0x00000000e0000000)
  object space 90112K, 19% used [0x00000000a0000000,0x00000000a117b618,0x00000000a5800000)
 Metaspace       used 44198K, capacity 45304K, committed 45440K, reserved 1089536K
  class space    used 5951K, capacity 6262K, committed 6272K, reserved 1048576K
Event: 11.650 GC heap after
Heap after GC invocations=10 (full 2):
 PSYoungGen      total 201216K, used 13531K [0x00000000e0000000, 0x00000000ed700000, 0x0000000100000000)
  eden space 185856K, 0% used [0x00000000e0000000,0x00000000e0000000,0x00000000eb580000)
  from space 15360K, 88% used [0x00000000ec600000,0x00000000ed336eb8,0x00000000ed500000)
  to   space 16896K, 0% used [0x00000000eb580000,0x00000000eb580000,0x00000000ec600000)
 ParOldGen       total 90112K, used 17909K [0x00000000a0000000, 0x00000000a5800000, 0x00000000e0000000)
  object space 90112K, 19% used [0x00000000a0000000,0x00000000a117d618,0x00000000a5800000)
 Metaspace       used 44198K, capacity 45304K, committed 45440K, reserved 1089536K
  class space    used 5951K, capacity 6262K, committed 6272K, reserved 1048576K
}

Deoptimization events (10 events):
Event: 12.869 Thread 0x00000000592a5000 Uncommon trap: reason=unstable_if action=reinterpret pc=0x000000000276fd20 method=java.lang.String.regionMatches(ZILjava/lang/String;II)Z @ 123
Event: 12.869 Thread 0x00000000592a5000 Uncommon trap: reason=unstable_if action=reinterpret pc=0x00000000031a7078 method=java.lang.String.regionMatches(ZILjava/lang/String;II)Z @ 123
Event: 12.965 Thread 0x00000000592a5000 Uncommon trap: reason=null_check action=make_not_entrant pc=0x00000000031eebcc method=java.net.URL.getURLStreamHandler(Ljava/lang/String;)Ljava/net/URLStreamHandler; @ 7
Event: 12.970 Thread 0x00000000592a5000 Uncommon trap: reason=unstable_if action=reinterpret pc=0x00000000031c86f0 method=sun.net.www.protocol.jar.Handler.parseURL(Ljava/net/URL;Ljava/lang/String;II)V @ 94
Event: 12.970 Thread 0x00000000592a5000 Uncommon trap: reason=class_check action=maybe_recompile pc=0x00000000033b7e2c method=java.util.jar.JarFile.getJarEntry(Ljava/lang/String;)Ljava/util/jar/JarEntry; @ 2
Event: 12.987 Thread 0x00000000592a5000 Uncommon trap: reason=class_check action=maybe_recompile pc=0x000000000367a4f0 method=java.util.Collections$SynchronizedCollection.add(Ljava/lang/Object;)Z @ 12
Event: 13.018 Thread 0x00000000592a5000 Uncommon trap: reason=unstable_if action=reinterpret pc=0x000000000300d948 method=sun.nio.cs.UTF_8$Decoder.decodeArrayLoop(Ljava/nio/ByteBuffer;Ljava/nio/CharBuffer;)Ljava/nio/charset/CoderResult; @ 84
Event: 13.019 Thread 0x00000000592a5000 Uncommon trap: reason=unstable_if action=reinterpret pc=0x00000000024d5140 method=java.lang.CharacterData.of(I)Ljava/lang/CharacterData; @ 4
Event: 13.021 Thread 0x00000000592a5000 Uncommon trap: reason=unstable_if action=reinterpret pc=0x000000000283d83c method=sun.nio.cs.UTF_8$Decoder.decodeArrayLoop(Ljava/nio/ByteBuffer;Ljava/nio/CharBuffer;)Ljava/nio/charset/CoderResult; @ 84
Event: 13.098 Thread 0x00000000592a5000 Uncommon trap: reason=unstable_if action=reinterpret pc=0x0000000002c8bb28 method=java.util.regex.Pattern$Branch.match(Ljava/util/regex/Matcher;ILjava/lang/CharSequence;)Z @ 35

Internal exceptions (10 events):
Event: 12.415 Thread 0x00000000592a5000 Exception <a 'sun/nio/fs/WindowsException'> (0x00000000e3946888) thrown at [C:\re\workspace\8-2-build-windows-amd64-cygwin\jdk8u131\8869\hotspot\src\share\vm\prims\jni.cpp, line 709]
Event: 12.415 Thread 0x00000000592a5000 Exception <a 'sun/nio/fs/WindowsException'> (0x00000000e39474b8) thrown at [C:\re\workspace\8-2-build-windows-amd64-cygwin\jdk8u131\8869\hotspot\src\share\vm\prims\jni.cpp, line 709]
Event: 12.415 Thread 0x00000000592a5000 Exception <a 'sun/nio/fs/WindowsException'> (0x00000000e394a370) thrown at [C:\re\workspace\8-2-build-windows-amd64-cygwin\jdk8u131\8869\hotspot\src\share\vm\prims\jni.cpp, line 709]
Event: 12.415 Thread 0x00000000592a5000 Exception <a 'sun/nio/fs/WindowsException'> (0x00000000e394b040) thrown at [C:\re\workspace\8-2-build-windows-amd64-cygwin\jdk8u131\8869\hotspot\src\share\vm\prims\jni.cpp, line 709]
Event: 12.415 Thread 0x00000000592a5000 Exception <a 'sun/nio/fs/WindowsException'> (0x00000000e394cd48) thrown at [C:\re\workspace\8-2-build-windows-amd64-cygwin\jdk8u131\8869\hotspot\src\share\vm\prims\jni.cpp, line 709]
Event: 12.415 Thread 0x00000000592a5000 Exception <a 'sun/nio/fs/WindowsException'> (0x00000000e394da58) thrown at [C:\re\workspace\8-2-build-windows-amd64-cygwin\jdk8u131\8869\hotspot\src\share\vm\prims\jni.cpp, line 709]
Event: 12.504 Thread 0x00000000592a5000 Exception <a 'java/lang/NoSuchMethodError': java.lang.Object.lambda$comparing$77a9974f$1(Ljava/util/function/Function;Ljava/lang/Object;Ljava/lang/Object;)I> (0x00000000e5302030) thrown at [C:\re\workspace\8-2-build-windows-amd64-cygwin\jdk8u131\8869\hots
Event: 12.505 Thread 0x00000000592a5000 Exception <a 'java/lang/NoSuchMethodError': java.lang.Object.lambda$thenComparing$36697e65$1(Ljava/util/Comparator;Ljava/lang/Object;Ljava/lang/Object;)I> (0x00000000e530d6b0) thrown at [C:\re\workspace\8-2-build-windows-amd64-cygwin\jdk8u131\8869\hotspot
Event: 12.526 Thread 0x00000000592a5000 Exception <a 'java/lang/NoSuchMethodError': java.lang.Object.lambda$maxBy$1(Ljava/util/Comparator;Ljava/lang/Object;Ljava/lang/Object;)Ljava/lang/Object;> (0x00000000e5454f80) thrown at [C:\re\workspace\8-2-build-windows-amd64-cygwin\jdk8u131\8869\hotspot
Event: 12.965 Thread 0x00000000592a5000 Implicit null exception at 0x00000000031edb44 to 0x00000000031eebc1

Events (10 events):
Event: 13.129 loading class java/net/Socket$3
Event: 13.129 loading class java/net/Socket$3 done
Event: 13.129 loading class java/net/SocketOutputStream
Event: 13.129 loading class java/net/SocketOutputStream done
Event: 13.129 Executing VM operation: Deoptimize
Event: 13.129 Executing VM operation: Deoptimize done
Event: 13.130 loading class org/apache/http/message/BasicListHeaderIterator
Event: 13.130 loading class org/apache/http/message/BasicListHeaderIterator done
Event: 13.130 loading class org/apache/http/FormattedHeader
Event: 13.130 loading class org/apache/http/FormattedHeader done


Dynamic libraries:
0x000000013f6d0000 - 0x000000013f707000 	C:\Program Files\Java\jdk1.8.0_131\bin\java.exe
0x00000000774e0000 - 0x000000007768a000 	C:\Windows\SYSTEM32\ntdll.dll
0x00000000773c0000 - 0x00000000774df000 	C:\Windows\system32\kernel32.dll
0x000007fefd520000 - 0x000007fefd58a000 	C:\Windows\system32\KERNELBASE.dll
0x000007fefd590000 - 0x000007fefd66b000 	C:\Windows\system32\ADVAPI32.dll
0x000007feff430000 - 0x000007feff4cf000 	C:\Windows\system32\msvcrt.dll
0x000007fefee90000 - 0x000007fefeeaf000 	C:\Windows\SYSTEM32\sechost.dll
0x000007fefeeb0000 - 0x000007fefefdd000 	C:\Windows\system32\RPCRT4.dll
0x00000000772c0000 - 0x00000000773ba000 	C:\Windows\system32\USER32.dll
0x000007fefedd0000 - 0x000007fefee37000 	C:\Windows\system32\GDI32.dll
0x000007feff1c0000 - 0x000007feff1ce000 	C:\Windows\system32\LPK.dll
0x000007feff1d0000 - 0x000007feff29b000 	C:\Windows\system32\USP10.dll
0x000007fefba90000 - 0x000007fefbc84000 	C:\Windows\WinSxS\amd64_microsoft.windows.common-controls_6595b64144ccf1df_6.0.7601.18837_none_fa3b1e3d17594757\COMCTL32.dll
0x000007fefe590000 - 0x000007fefe601000 	C:\Windows\system32\SHLWAPI.dll
0x000007fefd670000 - 0x000007fefd69e000 	C:\Windows\system32\IMM32.DLL
0x000007feff6d0000 - 0x000007feff7d9000 	C:\Windows\system32\MSCTF.dll
0x00000000635f0000 - 0x00000000636c2000 	C:\Program Files\Java\jdk1.8.0_131\jre\bin\msvcr100.dll
0x0000000060650000 - 0x0000000060eec000 	C:\Program Files\Java\jdk1.8.0_131\jre\bin\server\jvm.dll
0x000007feefcc0000 - 0x000007feefcc9000 	C:\Windows\system32\WSOCK32.dll
0x000007fefee40000 - 0x000007fefee8d000 	C:\Windows\system32\WS2_32.dll
0x000007feff7e0000 - 0x000007feff7e8000 	C:\Windows\system32\NSI.dll
0x000007fefa770000 - 0x000007fefa7ab000 	C:\Windows\system32\WINMM.dll
0x000007fefc2a0000 - 0x000007fefc2ac000 	C:\Windows\system32\VERSION.dll
0x00000000776b0000 - 0x00000000776b7000 	C:\Windows\system32\PSAPI.DLL
0x00000000664f0000 - 0x00000000664ff000 	C:\Program Files\Java\jdk1.8.0_131\jre\bin\verify.dll
0x0000000065aa0000 - 0x0000000065ac9000 	C:\Program Files\Java\jdk1.8.0_131\jre\bin\java.dll
0x0000000065ae0000 - 0x0000000065af6000 	C:\Program Files\Java\jdk1.8.0_131\jre\bin\zip.dll
0x000007fefd6a0000 - 0x000007fefe42a000 	C:\Windows\system32\SHELL32.dll
0x000007feff4d0000 - 0x000007feff6cc000 	C:\Windows\system32\ole32.dll
0x000007fefd1d0000 - 0x000007fefd1df000 	C:\Windows\system32\profapi.dll
0x0000000066420000 - 0x000000006643a000 	C:\Program Files\Java\jdk1.8.0_131\jre\bin\net.dll
0x000007fefc9a0000 - 0x000007fefc9f5000 	C:\Windows\system32\mswsock.dll
0x000007fefc990000 - 0x000007fefc997000 	C:\Windows\System32\wship6.dll
0x0000000064ab0000 - 0x0000000064ac1000 	C:\Program Files\Java\jdk1.8.0_131\jre\bin\nio.dll
0x000007fee2440000 - 0x000007fee245e000 	C:\Users\cong-pv\.gradle\native\25\windows-amd64\native-platform.dll
0x000000006de10000 - 0x000000006de1d000 	C:\Program Files\Java\jdk1.8.0_131\jre\bin\management.dll
0x000007fefca00000 - 0x000007fefca18000 	C:\Windows\system32\CRYPTSP.dll
0x000007fefc700000 - 0x000007fefc747000 	C:\Windows\system32\rsaenh.dll
0x000007fefd3f0000 - 0x000007fefd40e000 	C:\Windows\system32\USERENV.dll
0x000007fefd070000 - 0x000007fefd07f000 	C:\Windows\system32\CRYPTBASE.dll
0x000007fef8fc0000 - 0x000007fef8fe7000 	C:\Windows\system32\IPHLPAPI.DLL
0x000007fefa310000 - 0x000007fefa31b000 	C:\Windows\system32\WINNSI.DLL
0x000007fef88c0000 - 0x000007fef88d1000 	C:\Windows\system32\dhcpcsvc6.DLL
0x000007fef8aa0000 - 0x000007fef8ab8000 	C:\Windows\system32\dhcpcsvc.DLL
0x0000000065970000 - 0x0000000065994000 	C:\Program Files\Java\jdk1.8.0_131\jre\bin\sunec.dll
0x000007fefc370000 - 0x000007fefc377000 	C:\Windows\System32\wshtcpip.dll
0x000007fefc820000 - 0x000007fefc87b000 	C:\Windows\system32\DNSAPI.dll
0x000007fef0510000 - 0x000007fef0518000 	C:\Windows\system32\rasadhlp.dll
0x000007fef8910000 - 0x000007fef8963000 	C:\Windows\System32\fwpuclnt.dll

VM Arguments:
jvm_args: -Xmx1536m -Dfile.encoding=windows-31j -Duser.country=JP -Duser.language=ja -Duser.variant 
java_command: org.gradle.launcher.daemon.bootstrap.GradleDaemon 4.4
java_class_path (initial): C:\Users\cong-pv\.gradle\wrapper\dists\gradle-4.4-all\9br9xq1tocpiv8o6njlyu5op1\gradle-4.4\lib\gradle-launcher-4.4.jar
Launcher Type: SUN_STANDARD

Environment Variables:
JAVA_HOME=C:\Program Files\Java\jdk1.8.0_131
PATH=C:\Program Files (x86)\Common Files\Oracle\Java\javapath;C:\ProgramData\Oracle\Java\javapath;C:\Program Files (x86)\Intel\iCLS Client\;C:\Program Files\Intel\iCLS Client\;C:\Windows\system32;C:\Windows;C:\Windows\System32\Wbem;C:\Windows\System32\WindowsPowerShell\v1.0\;C:\Program Files (x86)\Intel\UCRT\;C:\Program Files\TortoiseSVN\bin;C:\Users\User\.dnx\bin;C:\Program Files\Microsoft DNX\Dnvm\;C:\Program Files (x86)\Windows Kits\8.1\Windows Performance Toolkit\;C:\Program Files\Microsoft SQL Server\130\Tools\Binn\;C:\Program Files\Git\cmd;C:\Program Files\Microsoft SQL Server\120\Tools\Binn\;C:\Program Files\Microsoft SQLServer\Client SDK\ODBC\110\Tools\Binn\;C:\Program Files (x86)\Microsoft SQL Server\120\Tools\Binn\;C:\Program Files\Microsoft SQL Server\120\DTS\Binn\;C:\Program Files (x86)\Microsoft SQL Server\120\Tools\Binn\ManagementStudio\;C:\ProgramFiles (x86)\Microsoft SQL Server\120\DTS\Binn\;C:\Program Files\Intel\UCRT\;C:\Program Files (x86)\Intel\Intel(R) Management Engine Components\DAL;C:\Program Files\Intel\Intel(R) Management Engine Components\DAL;C:\Program Files (x86)\Intel\Intel(R) Management Engine Components\IPT;C:\Program Files\Intel\Intel(R) Management Engine Components\IPT;c:\Program Files\Microsoft SQL Server\Client SDK\ODBC\110\Tools\Binn\;c:\Program Files (x86)\Microsoft SQL Server\120\DTS\Binn\;C:\Go\bin;C:\Program Files\Java\jdk1.8.0_131\bin;C:\Program Files\TortoiseGit\bin;C:\Users\cong-pv\go\bin
USERNAME=cong-pv
OS=Windows_NT
PROCESSOR_IDENTIFIER=Intel64 Family 6 Model 94 Stepping 3, GenuineIntel



---------------  S Y S T E M  ---------------

OS: Windows 7 , 64 bit Build 7601 (6.1.7601.23915)

CPU:total 4 (initial active 4) (4 cores per cpu, 1 threads per core) family 6 model 94 stepping 3, cmov, cx8, fxsr, mmx, sse, sse2, sse3, ssse3, sse4.1, sse4.2, popcnt, avx, avx2, aes, clmul, erms, rtm, 3dnowpref, lzcnt, tsc, tscinvbit, bmi1, bmi2, adx

Memory: 4k page, physical 8257588k(859832k free), swap 8255728k(5396k free)

vm_info: Java HotSpot(TM) 64-Bit Server VM (25.131-b11) for windows-amd64 JRE (1.8.0_131-b11), built on Mar 15 2017 01:23:53 by "java_re" with MS VC++ 10.0 (VS2010)

time: Wed Jun 06 11:00:29 2018
elapsed time: 13 seconds (0d 0h 0m 13s)

