#
# There is insufficient memory for the Java Runtime Environment to continue.
# Native memory allocation (malloc) failed to allocate 32744 bytes for ChunkPool::allocate
# Possible reasons:
#   The system is out of physical RAM or swap space
#   In 32 bit mode, the process size limit was hit
# Possible solutions:
#   Reduce memory load on the system
#   Increase physical memory or swap space
#   Check if swap backing store is full
#   Use 64 bit Java on a 64 bit OS
#   Decrease Java heap size (-Xmx/-Xms)
#   Decrease number of Java threads
#   Decrease Java thread stack sizes (-Xss)
#   Set larger code cache with -XX:ReservedCodeCacheSize=
# This output file may be truncated or incomplete.
#
#  Out of Memory Error (allocation.cpp:273), pid=12480, tid=0x00000000000027bc
#
# JRE version: Java(TM) SE Runtime Environment (8.0_131-b11) (build 1.8.0_131-b11)
# Java VM: Java HotSpot(TM) 64-Bit Server VM (25.131-b11 mixed mode windows-amd64 compressed oops)
# Failed to write core dump. Minidumps are not enabled by default on client versions of Windows
#

---------------  T H R E A D  ---------------

Current thread (0x00000000175ae000):  JavaThread "C2 CompilerThread0" daemon [_thread_in_native, id=10172, stack(0x0000000017d30000,0x0000000017e30000)]

Stack: [0x0000000017d30000,0x0000000017e30000]
[error occurred during error reporting (printing stack bounds), id 0xc0000005]

Native frames: (J=compiled Java code, j=interpreted, Vv=VM code, C=native code)


Current CompileTask:
C2:   2527 1396   !   4       java.net.URLClassLoader$1::run (63 bytes)


---------------  P R O C E S S  ---------------

Java Threads: ( => current thread )
  0x000000001960c800 JavaThread "Cache worker for file hash cache (D:\Project\henpin_check\Android\ReturnCandidate\.gradle\4.4\fileHashes)" [_thread_blocked, id=10000, stack(0x000000001b150000,0x000000001b250000)]
  0x000000001960c000 JavaThread "File lock request listener" [_thread_in_native, id=7828, stack(0x000000001b2b0000,0x000000001b3b0000)]
  0x000000001960b000 JavaThread "Cache worker for file hash cache (C:\Users\cong-pv\.gradle\caches\4.4\fileHashes)" [_thread_blocked, id=3508, stack(0x000000001b030000,0x000000001b130000)]
  0x0000000019448000 JavaThread "Stdin handler" [_thread_blocked, id=6608, stack(0x000000001ac10000,0x000000001ad10000)]
  0x00000000196af000 JavaThread "Asynchronous log dispatcher for DefaultDaemonConnection: socket connection from /127.0.0.1:59711 to /127.0.0.1:59712" [_thread_blocked, id=10036, stack(0x000000001a9d0000,0x000000001aad0000)]
  0x00000000196ab800 JavaThread "Daemon worker" [_thread_in_native, id=9784, stack(0x000000001ab00000,0x000000001ac00000)]
  0x00000000196de000 JavaThread "Cancel handler" [_thread_blocked, id=10884, stack(0x000000001a8b0000,0x000000001a9b0000)]
  0x0000000019635000 JavaThread "Handler for socket connection from /127.0.0.1:59711 to /127.0.0.1:59712" [_thread_in_native, id=5644, stack(0x000000001a4d0000,0x000000001a5d0000)]
  0x0000000019409000 JavaThread "Daemon" [_thread_blocked, id=13368, stack(0x000000001a2d0000,0x000000001a3d0000)]
  0x00000000193f3800 JavaThread "Daemon periodic checks" [_thread_blocked, id=10572, stack(0x000000001a110000,0x000000001a210000)]
  0x00000000193e8000 JavaThread "Incoming local TCP Connector on port 59711" [_thread_in_native, id=10984, stack(0x000000001a000000,0x000000001a100000)]
  0x0000000019390800 JavaThread "Daemon health stats" [_thread_blocked, id=7064, stack(0x0000000018ab0000,0x0000000018bb0000)]
  0x0000000017630800 JavaThread "Service Thread" daemon [_thread_blocked, id=460, stack(0x00000000180b0000,0x00000000181b0000)]
  0x0000000015fba000 JavaThread "C1 CompilerThread2" daemon [_thread_blocked, id=9948, stack(0x0000000017bb0000,0x0000000017cb0000)]
  0x00000000175b5800 JavaThread "C2 CompilerThread1" daemon [_thread_in_native, id=14156, stack(0x0000000017ea0000,0x0000000017fa0000)]
=>0x00000000175ae000 JavaThread "C2 CompilerThread0" daemon [_thread_in_native, id=10172, stack(0x0000000017d30000,0x0000000017e30000)]
  0x00000000175aa800 JavaThread "Attach Listener" daemon [_thread_blocked, id=7412, stack(0x0000000016fc0000,0x00000000170c0000)]
  0x00000000175a9800 JavaThread "Signal Dispatcher" daemon [_thread_blocked, id=13620, stack(0x0000000017a70000,0x0000000017b70000)]
  0x0000000015f99800 JavaThread "Finalizer" daemon [_thread_blocked, id=6360, stack(0x00000000174a0000,0x00000000175a0000)]
  0x0000000015f52800 JavaThread "Reference Handler" daemon [_thread_blocked, id=9856, stack(0x0000000017350000,0x0000000017450000)]
  0x00000000021fe800 JavaThread "main" [_thread_blocked, id=6052, stack(0x0000000002550000,0x0000000002650000)]

Other Threads:
  0x0000000015f4b000 VMThread [stack: 0x0000000017190000,0x0000000017290000] [id=9252]
  0x0000000017661000 WatcherThread [stack: 0x00000000181b0000,0x00000000182b0000] [id=10084]

VM state:not at safepoint (normal execution)

VM Mutex/Monitor currently owned by a thread: None

Heap:
 PSYoungGen      total 57344K, used 21468K [0x00000000e0000000, 0x00000000e4000000, 0x0000000100000000)
  eden space 49152K, 27% used [0x00000000e0000000,0x00000000e0cfaff8,0x00000000e3000000)
  from space 8192K, 99% used [0x00000000e3800000,0x00000000e3ffc1e0,0x00000000e4000000)
  to   space 8192K, 0% used [0x00000000e3000000,0x00000000e3000000,0x00000000e3800000)
 ParOldGen       total 131072K, used 302K [0x00000000a0000000, 0x00000000a8000000, 0x00000000e0000000)
  object space 131072K, 0% used [0x00000000a0000000,0x00000000a004b848,0x00000000a8000000)
 Metaspace       used 15599K, capacity 15988K, committed 16256K, reserved 1062912K
  class space    used 2253K, capacity 2408K, committed 2432K, reserved 1048576K

Card table byte_map: [0x0000000011a10000,0x0000000011d20000] byte_map_base: 0x0000000011510000

Marking Bits: (ParMarkBitMap*) 0x00000000543fc720
 Begin Bits: [0x00000000122c0000, 0x0000000013ac0000)
 End Bits:   [0x0000000013ac0000, 0x00000000152c0000)

Polling page: 0x00000000004d0000

CodeCache: size=245760Kb used=4870Kb max_used=4870Kb free=240889Kb
 bounds [0x0000000002650000, 0x0000000002b20000, 0x0000000011650000]
 total_blobs=1776 nmethods=1399 adapters=289
 compilation: enabled

Compilation events (10 events):
Event: 2.505 Thread 0x0000000015fba000 nmethod 1394 0x0000000002b12b90 code [0x0000000002b12d00, 0x0000000002b12ee8]
Event: 2.507 Thread 0x0000000015fba000 1395       3       java.util.ArrayList::toArray (60 bytes)
Event: 2.507 Thread 0x0000000015fba000 nmethod 1395 0x0000000002b12310 code [0x0000000002b124a0, 0x0000000002b12a58]
Event: 2.507 Thread 0x00000000175ae000 1396   !   4       java.net.URLClassLoader$1::run (63 bytes)
Event: 2.508 Thread 0x0000000015fba000 1397       3       java.util.ArrayList::isEmpty (13 bytes)
Event: 2.508 Thread 0x0000000015fba000 nmethod 1397 0x0000000002b11f90 code [0x0000000002b120e0, 0x0000000002b12290]
Event: 2.513 Thread 0x0000000015fba000 1398       3       com.google.common.collect.Hashing::smear (13 bytes)
Event: 2.514 Thread 0x0000000015fba000 nmethod 1398 0x0000000002b13650 code [0x0000000002b137a0, 0x0000000002b13950]
Event: 2.514 Thread 0x0000000015fba000 1399       3       java.lang.Integer::rotateLeft (9 bytes)
Event: 2.514 Thread 0x0000000015fba000 nmethod 1399 0x0000000002b11c90 code [0x0000000002b11de0, 0x0000000002b11f30]

GC Heap History (4 events):
Event: 1.007 GC heap before
{Heap before GC invocations=1 (full 0):
 PSYoungGen      total 57344K, used 49152K [0x00000000e0000000, 0x00000000e4000000, 0x0000000100000000)
  eden space 49152K, 100% used [0x00000000e0000000,0x00000000e3000000,0x00000000e3000000)
  from space 8192K, 0% used [0x00000000e3800000,0x00000000e3800000,0x00000000e4000000)
  to   space 8192K, 0% used [0x00000000e3000000,0x00000000e3000000,0x00000000e3800000)
 ParOldGen       total 131072K, used 0K [0x00000000a0000000, 0x00000000a8000000, 0x00000000e0000000)
  object space 131072K, 0% used [0x00000000a0000000,0x00000000a0000000,0x00000000a8000000)
 Metaspace       used 7222K, capacity 7504K, committed 7680K, reserved 1056768K
  class space    used 928K, capacity 1016K, committed 1024K, reserved 1048576K
Event: 1.013 GC heap after
Heap after GC invocations=1 (full 0):
 PSYoungGen      total 57344K, used 5534K [0x00000000e0000000, 0x00000000e4000000, 0x0000000100000000)
  eden space 49152K, 0% used [0x00000000e0000000,0x00000000e0000000,0x00000000e3000000)
  from space 8192K, 67% used [0x00000000e3000000,0x00000000e3567a10,0x00000000e3800000)
  to   space 8192K, 0% used [0x00000000e3800000,0x00000000e3800000,0x00000000e4000000)
 ParOldGen       total 131072K, used 8K [0x00000000a0000000, 0x00000000a8000000, 0x00000000e0000000)
  object space 131072K, 0% used [0x00000000a0000000,0x00000000a0002000,0x00000000a8000000)
 Metaspace       used 7222K, capacity 7504K, committed 7680K, reserved 1056768K
  class space    used 928K, capacity 1016K, committed 1024K, reserved 1048576K
}
Event: 2.403 GC heap before
{Heap before GC invocations=2 (full 0):
 PSYoungGen      total 57344K, used 54686K [0x00000000e0000000, 0x00000000e4000000, 0x0000000100000000)
  eden space 49152K, 100% used [0x00000000e0000000,0x00000000e3000000,0x00000000e3000000)
  from space 8192K, 67% used [0x00000000e3000000,0x00000000e3567a10,0x00000000e3800000)
  to   space 8192K, 0% used [0x00000000e3800000,0x00000000e3800000,0x00000000e4000000)
 ParOldGen       total 131072K, used 8K [0x00000000a0000000, 0x00000000a8000000, 0x00000000e0000000)
  object space 131072K, 0% used [0x00000000a0000000,0x00000000a0002000,0x00000000a8000000)
 Metaspace       used 14250K, capacity 14580K, committed 14720K, reserved 1062912K
  class space    used 2032K, capacity 2152K, committed 2176K, reserved 1048576K
Event: 2.410 GC heap after
Heap after GC invocations=2 (full 0):
 PSYoungGen      total 57344K, used 8176K [0x00000000e0000000, 0x00000000e4000000, 0x0000000100000000)
  eden space 49152K, 0% used [0x00000000e0000000,0x00000000e0000000,0x00000000e3000000)
  from space 8192K, 99% used [0x00000000e3800000,0x00000000e3ffc1e0,0x00000000e4000000)
  to   space 8192K, 0% used [0x00000000e3000000,0x00000000e3000000,0x00000000e3800000)
 ParOldGen       total 131072K, used 302K [0x00000000a0000000, 0x00000000a8000000, 0x00000000e0000000)
  object space 131072K, 0% used [0x00000000a0000000,0x00000000a004b848,0x00000000a8000000)
 Metaspace       used 14250K, capacity 14580K, committed 14720K, reserved 1062912K
  class space    used 2032K, capacity 2152K, committed 2176K, reserved 1048576K
}

Deoptimization events (10 events):
Event: 1.160 Thread 0x00000000021fe800 Uncommon trap: reason=bimorphic action=maybe_recompile pc=0x0000000002984ed8 method=java.util.HashMap.putVal(ILjava/lang/Object;Ljava/lang/Object;ZZ)Ljava/lang/Object; @ 203
Event: 1.463 Thread 0x00000000021fe800 Uncommon trap: reason=unstable_if action=reinterpret pc=0x00000000029028c8 method=java.io.WinNTFileSystem.normalize(Ljava/lang/String;)Ljava/lang/String; @ 128
Event: 1.463 Thread 0x00000000021fe800 Uncommon trap: reason=unstable_if action=reinterpret pc=0x000000000296ce24 method=java.io.WinNTFileSystem.normalize(Ljava/lang/String;II)Ljava/lang/String; @ 90
Event: 2.187 Thread 0x0000000019635000 Uncommon trap: reason=unstable_if action=reinterpret pc=0x00000000029e5760 method=java.util.concurrent.ConcurrentHashMap.putVal(Ljava/lang/Object;Ljava/lang/Object;Z)Ljava/lang/Object; @ 206
Event: 2.239 Thread 0x00000000196ab800 Uncommon trap: reason=bimorphic action=maybe_recompile pc=0x000000000298481c method=java.util.HashMap.putVal(ILjava/lang/Object;Ljava/lang/Object;ZZ)Ljava/lang/Object; @ 253
Event: 2.239 Thread 0x00000000196ab800 Uncommon trap: reason=bimorphic action=maybe_recompile pc=0x000000000298481c method=java.util.HashMap.putVal(ILjava/lang/Object;Ljava/lang/Object;ZZ)Ljava/lang/Object; @ 253
Event: 2.239 Thread 0x00000000196ab800 Uncommon trap: reason=bimorphic action=maybe_recompile pc=0x000000000298481c method=java.util.HashMap.putVal(ILjava/lang/Object;Ljava/lang/Object;ZZ)Ljava/lang/Object; @ 253
Event: 2.247 Thread 0x00000000196ab800 Uncommon trap: reason=class_check action=maybe_recompile pc=0x00000000028c3cdc method=java.util.regex.Matcher.match(II)Z @ 86
Event: 2.391 Thread 0x00000000196ab800 Uncommon trap: reason=class_check action=maybe_recompile pc=0x00000000028c3cdc method=java.util.regex.Matcher.match(II)Z @ 86
Event: 2.439 Thread 0x00000000196ab800 Uncommon trap: reason=unstable_if action=reinterpret pc=0x0000000002aa4334 method=java.lang.String.lastIndexOf([CII[CIII)I @ 66

Internal exceptions (10 events):
Event: 2.194 Thread 0x0000000019635000 Exception <a 'java/lang/NoSuchMethodError': <clinit>> (0x00000000e1357d90) thrown at [C:\re\workspace\8-2-build-windows-amd64-cygwin\jdk8u131\8869\hotspot\src\share\vm\prims\jni.cpp, line 1613]
Event: 2.194 Thread 0x0000000019635000 Exception <a 'java/lang/NoSuchMethodError': <clinit>> (0x00000000e13613e8) thrown at [C:\re\workspace\8-2-build-windows-amd64-cygwin\jdk8u131\8869\hotspot\src\share\vm\prims\jni.cpp, line 1613]
Event: 2.195 Thread 0x0000000019635000 Exception <a 'java/lang/NoSuchMethodError': <clinit>> (0x00000000e136ba98) thrown at [C:\re\workspace\8-2-build-windows-amd64-cygwin\jdk8u131\8869\hotspot\src\share\vm\prims\jni.cpp, line 1613]
Event: 2.200 Thread 0x0000000019635000 Exception <a 'java/lang/NoSuchMethodError': <clinit>> (0x00000000e13c2f08) thrown at [C:\re\workspace\8-2-build-windows-amd64-cygwin\jdk8u131\8869\hotspot\src\share\vm\prims\jni.cpp, line 1613]
Event: 2.203 Thread 0x0000000019635000 Exception <a 'java/lang/NoSuchMethodError': <clinit>> (0x00000000e13f1ad8) thrown at [C:\re\workspace\8-2-build-windows-amd64-cygwin\jdk8u131\8869\hotspot\src\share\vm\prims\jni.cpp, line 1613]
Event: 2.206 Thread 0x0000000019635000 Exception <a 'java/lang/NoSuchMethodError': <clinit>> (0x00000000e1427a20) thrown at [C:\re\workspace\8-2-build-windows-amd64-cygwin\jdk8u131\8869\hotspot\src\share\vm\prims\jni.cpp, line 1613]
Event: 2.207 Thread 0x0000000019635000 Exception <a 'java/lang/NoSuchMethodError': <clinit>> (0x00000000e1436000) thrown at [C:\re\workspace\8-2-build-windows-amd64-cygwin\jdk8u131\8869\hotspot\src\share\vm\prims\jni.cpp, line 1613]
Event: 2.210 Thread 0x0000000019635000 Exception <a 'java/lang/NoSuchMethodError': <clinit>> (0x00000000e145a790) thrown at [C:\re\workspace\8-2-build-windows-amd64-cygwin\jdk8u131\8869\hotspot\src\share\vm\prims\jni.cpp, line 1613]
Event: 2.231 Thread 0x00000000196ab800 Exception <a 'java/lang/NoSuchMethodError': <clinit>> (0x00000000e155ef10) thrown at [C:\re\workspace\8-2-build-windows-amd64-cygwin\jdk8u131\8869\hotspot\src\share\vm\prims\jni.cpp, line 1613]
Event: 2.232 Thread 0x00000000196ab800 Exception <a 'java/lang/NoSuchMethodError': <clinit>> (0x00000000e1567198) thrown at [C:\re\workspace\8-2-build-windows-amd64-cygwin\jdk8u131\8869\hotspot\src\share\vm\prims\jni.cpp, line 1613]

Events (10 events):
Event: 2.521 loading class org/objectweb/asm/FieldVisitor
Event: 2.521 loading class org/objectweb/asm/FieldVisitor done
Event: 2.521 loading class org/objectweb/asm/FieldWriter
Event: 2.521 loading class org/objectweb/asm/FieldWriter done
Event: 2.521 loading class org/objectweb/asm/ByteVector
Event: 2.521 loading class org/objectweb/asm/ByteVector done
Event: 2.522 loading class org/objectweb/asm/Item
Event: 2.522 loading class org/objectweb/asm/Item done
Event: 2.523 loading class org/gradle/api/internal/AsmBackedClassGenerator$ClassBuilderImpl$1
Event: 2.523 loading class org/gradle/api/internal/AsmBackedClassGenerator$ClassBuilderImpl$1 done


Dynamic libraries:
0x000000013fdf0000 - 0x000000013fe27000 	C:\Program Files\Java\jdk1.8.0_131\bin\java.exe
0x0000000077480000 - 0x000000007761f000 	C:\Windows\SYSTEM32\ntdll.dll
0x0000000077360000 - 0x000000007747f000 	C:\Windows\system32\kernel32.dll
0x000007fefd3b0000 - 0x000007fefd41a000 	C:\Windows\system32\KERNELBASE.dll
0x000007fefd9a0000 - 0x000007fefda7b000 	C:\Windows\system32\ADVAPI32.dll
0x000007feff6a0000 - 0x000007feff73f000 	C:\Windows\system32\msvcrt.dll
0x000007fefe880000 - 0x000007fefe89f000 	C:\Windows\SYSTEM32\sechost.dll
0x000007fefeb80000 - 0x000007fefecad000 	C:\Windows\system32\RPCRT4.dll
0x0000000077260000 - 0x000000007735a000 	C:\Windows\system32\USER32.dll
0x000007fefea90000 - 0x000007fefeaf7000 	C:\Windows\system32\GDI32.dll
0x0000000000190000 - 0x000000000019e000 	C:\Windows\system32\LPK.dll
0x000007feff5d0000 - 0x000007feff69b000 	C:\Windows\system32\USP10.dll
0x000007fefba10000 - 0x000007fefbc04000 	C:\Windows\WinSxS\amd64_microsoft.windows.common-controls_6595b64144ccf1df_6.0.7601.18837_none_fa3b1e3d17594757\COMCTL32.dll
0x0000000000340000 - 0x00000000003b1000 	C:\Windows\system32\SHLWAPI.dll
0x000007feff740000 - 0x000007feff76e000 	C:\Windows\system32\IMM32.DLL
0x000007fefe8a0000 - 0x000007fefe9a9000 	C:\Windows\system32\MSCTF.dll
0x00000000644c0000 - 0x0000000064592000 	C:\Program Files\Java\jdk1.8.0_131\jre\bin\msvcr100.dll
0x0000000053be0000 - 0x000000005447c000 	C:\Program Files\Java\jdk1.8.0_131\jre\bin\server\jvm.dll
0x000007fef8810000 - 0x000007fef8819000 	C:\Windows\system32\WSOCK32.dll
0x000007feff580000 - 0x000007feff5cd000 	C:\Windows\system32\WS2_32.dll
0x000007fefd510000 - 0x000007fefd518000 	C:\Windows\system32\NSI.dll
0x000007fefa750000 - 0x000007fefa78b000 	C:\Windows\system32\WINMM.dll
0x000007fefc220000 - 0x000007fefc22c000 	C:\Windows\system32\VERSION.dll
0x0000000077620000 - 0x0000000077627000 	C:\Windows\system32\PSAPI.DLL
0x0000000071d10000 - 0x0000000071d1f000 	C:\Program Files\Java\jdk1.8.0_131\jre\bin\verify.dll
0x000000006e8b0000 - 0x000000006e8d9000 	C:\Program Files\Java\jdk1.8.0_131\jre\bin\java.dll
0x000000006c670000 - 0x000000006c686000 	C:\Program Files\Java\jdk1.8.0_131\jre\bin\zip.dll
0x000007fefdaf0000 - 0x000007fefe87b000 	C:\Windows\system32\SHELL32.dll
0x000007fefd520000 - 0x000007fefd71d000 	C:\Windows\system32\ole32.dll
0x000007fefd160000 - 0x000007fefd16f000 	C:\Windows\system32\profapi.dll
0x00000000644a0000 - 0x00000000644ba000 	C:\Program Files\Java\jdk1.8.0_131\jre\bin\net.dll
0x000007fefc920000 - 0x000007fefc975000 	C:\Windows\system32\mswsock.dll
0x000007fefc910000 - 0x000007fefc917000 	C:\Windows\System32\wship6.dll
0x00000000641f0000 - 0x0000000064201000 	C:\Program Files\Java\jdk1.8.0_131\jre\bin\nio.dll
0x000007fefabf0000 - 0x000007fefac0e000 	C:\Users\cong-pv\.gradle\native\25\windows-amd64\native-platform.dll
0x000000006e940000 - 0x000000006e94d000 	C:\Program Files\Java\jdk1.8.0_131\jre\bin\management.dll
0x000007fefc980000 - 0x000007fefc998000 	C:\Windows\system32\CRYPTSP.dll
0x000007fefc680000 - 0x000007fefc6c7000 	C:\Windows\system32\rsaenh.dll
0x000007fefd1f0000 - 0x000007fefd20e000 	C:\Windows\system32\USERENV.dll
0x000007fefcf90000 - 0x000007fefcf9f000 	C:\Windows\system32\CRYPTBASE.dll
0x000007fef9af0000 - 0x000007fef9b17000 	C:\Windows\system32\IPHLPAPI.DLL
0x000007fef9ae0000 - 0x000007fef9aeb000 	C:\Windows\system32\WINNSI.DLL
0x000007fef8340000 - 0x000007fef8351000 	C:\Windows\system32\dhcpcsvc6.DLL
0x000007fef9810000 - 0x000007fef9828000 	C:\Windows\system32\dhcpcsvc.DLL

VM Arguments:
jvm_args: -Xmx1536m -Dfile.encoding=windows-31j -Duser.country=JP -Duser.language=ja -Duser.variant 
java_command: org.gradle.launcher.daemon.bootstrap.GradleDaemon 4.4
java_class_path (initial): C:\Users\cong-pv\.gradle\wrapper\dists\gradle-4.4-all\9br9xq1tocpiv8o6njlyu5op1\gradle-4.4\lib\gradle-launcher-4.4.jar
Launcher Type: SUN_STANDARD

Environment Variables:
JAVA_HOME=C:\Program Files\Java\jdk1.8.0_131
PATH=C:\Program Files (x86)\Common Files\Oracle\Java\javapath;C:\ProgramData\Oracle\Java\javapath;C:\Program Files (x86)\Intel\iCLS Client\;C:\Program Files\Intel\iCLS Client\;C:\Windows\system32;C:\Windows;C:\Windows\System32\Wbem;C:\Windows\System32\WindowsPowerShell\v1.0\;C:\Program Files (x86)\Intel\UCRT\;C:\Program Files\TortoiseSVN\bin;C:\Users\User\.dnx\bin;C:\Program Files\Microsoft DNX\Dnvm\;C:\Program Files (x86)\Windows Kits\8.1\Windows Performance Toolkit\;C:\Program Files\Microsoft SQL Server\130\Tools\Binn\;C:\Program Files\Git\cmd;C:\Program Files\Microsoft SQL Server\120\Tools\Binn\;C:\Program Files\Microsoft SQLServer\Client SDK\ODBC\110\Tools\Binn\;C:\Program Files (x86)\Microsoft SQL Server\120\Tools\Binn\;C:\Program Files\Microsoft SQL Server\120\DTS\Binn\;C:\Program Files (x86)\Microsoft SQL Server\120\Tools\Binn\ManagementStudio\;C:\ProgramFiles (x86)\Microsoft SQL Server\120\DTS\Binn\;C:\Program Files\Intel\UCRT\;C:\Program Files (x86)\Intel\Intel(R) Management Engine Components\DAL;C:\Program Files\Intel\Intel(R) Management Engine Components\DAL;C:\Program Files (x86)\Intel\Intel(R) Management Engine Components\IPT;C:\Program Files\Intel\Intel(R) Management Engine Components\IPT;c:\Program Files\Microsoft SQL Server\Client SDK\ODBC\110\Tools\Binn\;c:\Program Files (x86)\Microsoft SQL Server\120\DTS\Binn\;C:\Go\bin;C:\Program Files\Java\jdk1.8.0_131\bin;C:\Program Files\TortoiseGit\bin;C:\Users\cong-pv\go\bin
USERNAME=cong-pv
OS=Windows_NT
PROCESSOR_IDENTIFIER=Intel64 Family 6 Model 94 Stepping 3, GenuineIntel



---------------  S Y S T E M  ---------------

OS: Windows 7 , 64 bit Build 7601 (6.1.7601.24168)

CPU:total 4 (initial active 4) (4 cores per cpu, 1 threads per core) family 6 model 94 stepping 3, cmov, cx8, fxsr, mmx, sse, sse2, sse3, ssse3, sse4.1, sse4.2, popcnt, avx, avx2, aes, clmul, erms, rtm, 3dnowpref, lzcnt, tsc, tscinvbit, bmi1, bmi2, adx

Memory: 4k page, physical 12451892k(1780924k free), swap 12450016k(4060k free)

vm_info: Java HotSpot(TM) 64-Bit Server VM (25.131-b11) for windows-amd64 JRE (1.8.0_131-b11), built on Mar 15 2017 01:23:53 by "java_re" with MS VC++ 10.0 (VS2010)

time: Thu Jul 19 20:22:52 2018
elapsed time: 2 seconds (0d 0h 0m 2s)

