#
# There is insufficient memory for the Java Runtime Environment to continue.
# Native memory allocation (malloc) failed to allocate 32744 bytes for ChunkPool::allocate
# Possible reasons:
#   The system is out of physical RAM or swap space
#   In 32 bit mode, the process size limit was hit
# Possible solutions:
#   Reduce memory load on the system
#   Increase physical memory or swap space
#   Check if swap backing store is full
#   Use 64 bit Java on a 64 bit OS
#   Decrease Java heap size (-Xmx/-Xms)
#   Decrease number of Java threads
#   Decrease Java thread stack sizes (-Xss)
#   Set larger code cache with -XX:ReservedCodeCacheSize=
# This output file may be truncated or incomplete.
#
#  Out of Memory Error (allocation.cpp:273), pid=10652, tid=0x0000000000001174
#
# JRE version: Java(TM) SE Runtime Environment (8.0_131-b11) (build 1.8.0_131-b11)
# Java VM: Java HotSpot(TM) 64-Bit Server VM (25.131-b11 mixed mode windows-amd64 compressed oops)
# Failed to write core dump. Minidumps are not enabled by default on client versions of Windows
#

---------------  T H R E A D  ---------------

Current thread (0x0000000017307800):  JavaThread "C1 CompilerThread2" daemon [_thread_in_native, id=4468, stack(0x0000000017df0000,0x0000000017ef0000)]

Stack: [0x0000000017df0000,0x0000000017ef0000]
[error occurred during error reporting (printing stack bounds), id 0xc0000005]

Native frames: (J=compiled Java code, j=interpreted, Vv=VM code, C=native code)


Current CompileTask:
C1:   3035 1370   !   3       java.net.URL::getURLStreamHandler (313 bytes)


---------------  P R O C E S S  ---------------

Java Threads: ( => current thread )
  0x0000000019e23800 JavaThread "File lock request listener" [_thread_in_native, id=9664, stack(0x000000001bd30000,0x000000001be30000)]
  0x0000000019100000 JavaThread "Stdin handler" [_thread_blocked, id=10648, stack(0x000000001b9f0000,0x000000001baf0000)]
  0x0000000019105800 JavaThread "Asynchronous log dispatcher for DefaultDaemonConnection: socket connection from /127.0.0.1:50841 to /127.0.0.1:50842" [_thread_blocked, id=10884, stack(0x000000001b780000,0x000000001b880000)]
  0x0000000019109800 JavaThread "Daemon worker" [_thread_in_native, id=10452, stack(0x000000001b5a0000,0x000000001b6a0000)]
  0x00000000190fd800 JavaThread "Cancel handler" [_thread_blocked, id=7772, stack(0x0000000018a10000,0x0000000018b10000)]
  0x00000000191f4800 JavaThread "Handler for socket connection from /127.0.0.1:50841 to /127.0.0.1:50842" [_thread_in_native, id=8864, stack(0x000000001b3c0000,0x000000001b4c0000)]
  0x0000000018d55000 JavaThread "Daemon" [_thread_blocked, id=4788, stack(0x000000001b2b0000,0x000000001b3b0000)]
  0x00000000197ef000 JavaThread "Incoming local TCP Connector on port 50841" [_thread_in_native, id=9260, stack(0x000000001af10000,0x000000001b010000)]
  0x0000000018d5f800 JavaThread "pool-1-thread-1" [_thread_blocked, id=11024, stack(0x00000000178a0000,0x00000000179a0000)]
  0x0000000017352800 JavaThread "Service Thread" daemon [_thread_blocked, id=10872, stack(0x0000000017f40000,0x0000000018040000)]
=>0x0000000017307800 JavaThread "C1 CompilerThread2" daemon [_thread_in_native, id=4468, stack(0x0000000017df0000,0x0000000017ef0000)]
  0x00000000160fb000 JavaThread "C2 CompilerThread1" daemon [_thread_blocked, id=8140, stack(0x0000000017c70000,0x0000000017d70000)]
  0x0000000017303000 JavaThread "C2 CompilerThread0" daemon [_thread_in_native, id=9232, stack(0x0000000017b70000,0x0000000017c70000)]
  0x00000000172fc800 JavaThread "Attach Listener" daemon [_thread_blocked, id=10988, stack(0x00000000179f0000,0x0000000017af0000)]
  0x00000000160ee000 JavaThread "Signal Dispatcher" daemon [_thread_blocked, id=10616, stack(0x0000000017780000,0x0000000017880000)]
  0x00000000160d9800 JavaThread "Finalizer" daemon [_thread_blocked, id=6244, stack(0x00000000171f0000,0x00000000172f0000)]
  0x0000000016092800 JavaThread "Reference Handler" daemon [_thread_blocked, id=10400, stack(0x0000000016ef0000,0x0000000016ff0000)]
  0x0000000001c8f800 JavaThread "main" [_thread_blocked, id=10820, stack(0x0000000002490000,0x0000000002590000)]

Other Threads:
  0x000000001608b000 VMThread [stack: 0x00000000170b0000,0x00000000171b0000] [id=8644]
  0x00000000173a3000 WatcherThread [stack: 0x00000000180a0000,0x00000000181a0000] [id=7896]

VM state:not at safepoint (normal execution)

VM Mutex/Monitor currently owned by a thread: None

Heap:
 PSYoungGen      total 38400K, used 34488K [0x00000000e0000000, 0x00000000e2a80000, 0x0000000100000000)
  eden space 33280K, 88% used [0x00000000e0000000,0x00000000e1cb2670,0x00000000e2080000)
  from space 5120K, 99% used [0x00000000e2580000,0x00000000e2a7ba50,0x00000000e2a80000)
  to   space 5120K, 0% used [0x00000000e2080000,0x00000000e2080000,0x00000000e2580000)
 ParOldGen       total 87552K, used 1187K [0x00000000a0000000, 0x00000000a5580000, 0x00000000e0000000)
  object space 87552K, 1% used [0x00000000a0000000,0x00000000a0128eb8,0x00000000a5580000)
 Metaspace       used 16315K, capacity 16588K, committed 16768K, reserved 1062912K
  class space    used 2314K, capacity 2423K, committed 2432K, reserved 1048576K

Card table byte_map: [0x0000000011950000,0x0000000011c60000] byte_map_base: 0x0000000011450000

Marking Bits: (ParMarkBitMap*) 0x00000000559fc720
 Begin Bits: [0x0000000012400000, 0x0000000013c00000)
 End Bits:   [0x0000000013c00000, 0x0000000015400000)

Polling page: 0x0000000000410000

CodeCache: size=245760Kb used=4791Kb max_used=4798Kb free=240968Kb
 bounds [0x0000000002590000, 0x0000000002a50000, 0x0000000011590000]
 total_blobs=1764 nmethods=1368 adapters=308
 compilation: enabled

Compilation events (10 events):
Event: 2.818 Thread 0x00000000160fb000 nmethod 1364 0x0000000002a3a590 code [0x0000000002a3a6e0, 0x0000000002a3a7c8]
Event: 2.831 Thread 0x0000000017307800 1365       1       java.nio.channels.spi.AbstractInterruptibleChannel::isOpen (5 bytes)
Event: 2.831 Thread 0x0000000017307800 nmethod 1365 0x0000000002a41990 code [0x0000000002a41ae0, 0x0000000002a41bf0]
Event: 2.831 Thread 0x0000000017307800 1366       3       sun.misc.SharedSecrets::getJavaLangAccess (4 bytes)
Event: 2.831 Thread 0x0000000017307800 nmethod 1366 0x0000000002a41690 code [0x0000000002a417e0, 0x0000000002a41910]
Event: 2.868 Thread 0x0000000017307800 1367       3       java.util.concurrent.locks.AbstractQueuedSynchronizer::setState (6 bytes)
Event: 2.868 Thread 0x0000000017307800 nmethod 1367 0x0000000002a41390 code [0x0000000002a414e0, 0x0000000002a41630]
Event: 2.964 Thread 0x0000000017307800 1369       3       java.util.concurrent.locks.AbstractQueuedSynchronizer::release (33 bytes)
Event: 2.964 Thread 0x0000000017307800 nmethod 1369 0x0000000002a40a50 code [0x0000000002a40bc0, 0x0000000002a40ed8]
Event: 3.029 Thread 0x0000000017307800 1370   !   3       java.net.URL::getURLStreamHandler (313 bytes)

GC Heap History (4 events):
Event: 0.988 GC heap before
{Heap before GC invocations=1 (full 0):
 PSYoungGen      total 38400K, used 33115K [0x00000000e0000000, 0x00000000e2a80000, 0x0000000100000000)
  eden space 33280K, 99% used [0x00000000e0000000,0x00000000e2056c60,0x00000000e2080000)
  from space 5120K, 0% used [0x00000000e2580000,0x00000000e2580000,0x00000000e2a80000)
  to   space 5120K, 0% used [0x00000000e2080000,0x00000000e2080000,0x00000000e2580000)
 ParOldGen       total 87552K, used 0K [0x00000000a0000000, 0x00000000a5580000, 0x00000000e0000000)
  object space 87552K, 0% used [0x00000000a0000000,0x00000000a0000000,0x00000000a5580000)
 Metaspace       used 6970K, capacity 7188K, committed 7424K, reserved 1056768K
  class space    used 873K, capacity 924K, committed 1024K, reserved 1048576K
Event: 0.995 GC heap after
Heap after GC invocations=1 (full 0):
 PSYoungGen      total 38400K, used 4637K [0x00000000e0000000, 0x00000000e2a80000, 0x0000000100000000)
  eden space 33280K, 0% used [0x00000000e0000000,0x00000000e0000000,0x00000000e2080000)
  from space 5120K, 90% used [0x00000000e2080000,0x00000000e2507540,0x00000000e2580000)
  to   space 5120K, 0% used [0x00000000e2580000,0x00000000e2580000,0x00000000e2a80000)
 ParOldGen       total 87552K, used 8K [0x00000000a0000000, 0x00000000a5580000, 0x00000000e0000000)
  object space 87552K, 0% used [0x00000000a0000000,0x00000000a0002000,0x00000000a5580000)
 Metaspace       used 6970K, capacity 7188K, committed 7424K, reserved 1056768K
  class space    used 873K, capacity 924K, committed 1024K, reserved 1048576K
}
Event: 2.374 GC heap before
{Heap before GC invocations=2 (full 0):
 PSYoungGen      total 38400K, used 37917K [0x00000000e0000000, 0x00000000e2a80000, 0x0000000100000000)
  eden space 33280K, 100% used [0x00000000e0000000,0x00000000e2080000,0x00000000e2080000)
  from space 5120K, 90% used [0x00000000e2080000,0x00000000e2507540,0x00000000e2580000)
  to   space 5120K, 0% used [0x00000000e2580000,0x00000000e2580000,0x00000000e2a80000)
 ParOldGen       total 87552K, used 8K [0x00000000a0000000, 0x00000000a5580000, 0x00000000e0000000)
  object space 87552K, 0% used [0x00000000a0000000,0x00000000a0002000,0x00000000a5580000)
 Metaspace       used 13275K, capacity 13620K, committed 13696K, reserved 1060864K
  class space    used 1804K, capacity 1907K, committed 1920K, reserved 1048576K
Event: 2.383 GC heap after
Heap after GC invocations=2 (full 0):
 PSYoungGen      total 38400K, used 5102K [0x00000000e0000000, 0x00000000e2a80000, 0x0000000100000000)
  eden space 33280K, 0% used [0x00000000e0000000,0x00000000e0000000,0x00000000e2080000)
  from space 5120K, 99% used [0x00000000e2580000,0x00000000e2a7ba50,0x00000000e2a80000)
  to   space 5120K, 0% used [0x00000000e2080000,0x00000000e2080000,0x00000000e2580000)
 ParOldGen       total 87552K, used 1187K [0x00000000a0000000, 0x00000000a5580000, 0x00000000e0000000)
  object space 87552K, 1% used [0x00000000a0000000,0x00000000a0128eb8,0x00000000a5580000)
 Metaspace       used 13275K, capacity 13620K, committed 13696K, reserved 1060864K
  class space    used 1804K, capacity 1907K, committed 1920K, reserved 1048576K
}

Deoptimization events (10 events):
Event: 1.441 Thread 0x0000000001c8f800 Uncommon trap: reason=unstable_if action=reinterpret pc=0x00000000028957f8 method=java.io.WinNTFileSystem.normalize(Ljava/lang/String;)Ljava/lang/String; @ 128
Event: 1.441 Thread 0x0000000001c8f800 Uncommon trap: reason=unstable_if action=reinterpret pc=0x0000000002875734 method=java.io.WinNTFileSystem.normalize(Ljava/lang/String;II)Ljava/lang/String; @ 90
Event: 1.456 Thread 0x0000000001c8f800 Uncommon trap: reason=unstable_if action=reinterpret pc=0x00000000028187cc method=java.lang.String.substring(I)Ljava/lang/String; @ 35
Event: 2.220 Thread 0x0000000001c8f800 Uncommon trap: reason=unstable_if action=reinterpret pc=0x0000000002878af0 method=java.util.LinkedHashMap.afterNodeInsertion(Z)V @ 1
Event: 2.318 Thread 0x0000000019109800 Uncommon trap: reason=bimorphic action=maybe_recompile pc=0x000000000288597c method=java.util.HashMap.putVal(ILjava/lang/Object;Ljava/lang/Object;ZZ)Ljava/lang/Object; @ 253
Event: 2.319 Thread 0x0000000019109800 Uncommon trap: reason=bimorphic action=maybe_recompile pc=0x000000000288597c method=java.util.HashMap.putVal(ILjava/lang/Object;Ljava/lang/Object;ZZ)Ljava/lang/Object; @ 253
Event: 2.500 Thread 0x0000000019109800 Uncommon trap: reason=class_check action=maybe_recompile pc=0x00000000027ee69c method=java.util.regex.Matcher.match(II)Z @ 86
Event: 2.501 Thread 0x0000000019109800 Uncommon trap: reason=class_check action=maybe_recompile pc=0x00000000027ee69c method=java.util.regex.Matcher.match(II)Z @ 86
Event: 2.661 Thread 0x0000000019109800 Uncommon trap: reason=unstable_if action=reinterpret pc=0x00000000026e4e08 method=java.net.URI.match(CJJ)Z @ 19
Event: 2.661 Thread 0x0000000019109800 Uncommon trap: reason=unstable_if action=reinterpret pc=0x0000000002817080 method=java.net.URI.match(CJJ)Z @ 19

Internal exceptions (10 events):
Event: 2.282 Thread 0x00000000191f4800 Exception <a 'java/lang/NoSuchMethodError': <clinit>> (0x00000000e1a75880) thrown at [C:\re\workspace\8-2-build-windows-amd64-cygwin\jdk8u131\8869\hotspot\src\share\vm\prims\jni.cpp, line 1613]
Event: 2.310 Thread 0x0000000019109800 Exception <a 'java/lang/NoSuchMethodError': <clinit>> (0x00000000e1b8c1a8) thrown at [C:\re\workspace\8-2-build-windows-amd64-cygwin\jdk8u131\8869\hotspot\src\share\vm\prims\jni.cpp, line 1613]
Event: 2.310 Thread 0x0000000019109800 Exception <a 'java/lang/NoSuchMethodError': <clinit>> (0x00000000e1b94430) thrown at [C:\re\workspace\8-2-build-windows-amd64-cygwin\jdk8u131\8869\hotspot\src\share\vm\prims\jni.cpp, line 1613]
Event: 2.341 Thread 0x0000000019109800 Exception <a 'java/lang/ArrayIndexOutOfBoundsException'> (0x00000000e1de40b8) thrown at [C:\re\workspace\8-2-build-windows-amd64-cygwin\jdk8u131\8869\hotspot\src\share\vm\runtime\sharedRuntime.cpp, line 605]
Event: 2.361 Thread 0x0000000019109800 Exception <a 'java/lang/ArrayIndexOutOfBoundsException'> (0x00000000e1eb6418) thrown at [C:\re\workspace\8-2-build-windows-amd64-cygwin\jdk8u131\8869\hotspot\src\share\vm\runtime\sharedRuntime.cpp, line 605]
Event: 2.361 Thread 0x0000000019109800 Exception <a 'java/lang/ArrayIndexOutOfBoundsException'> (0x00000000e1eb7750) thrown at [C:\re\workspace\8-2-build-windows-amd64-cygwin\jdk8u131\8869\hotspot\src\share\vm\runtime\sharedRuntime.cpp, line 605]
Event: 2.717 Thread 0x0000000019109800 Exception <a 'java/lang/NoSuchMethodError': <clinit>> (0x00000000e1b6bef8) thrown at [C:\re\workspace\8-2-build-windows-amd64-cygwin\jdk8u131\8869\hotspot\src\share\vm\prims\jni.cpp, line 1613]
Event: 2.717 Thread 0x0000000019109800 Exception <a 'java/lang/NoSuchMethodError': <clinit>> (0x00000000e1b6e6c8) thrown at [C:\re\workspace\8-2-build-windows-amd64-cygwin\jdk8u131\8869\hotspot\src\share\vm\prims\jni.cpp, line 1613]
Event: 2.718 Thread 0x0000000019109800 Exception <a 'java/lang/NoSuchMethodError': <clinit>> (0x00000000e1b7a9a8) thrown at [C:\re\workspace\8-2-build-windows-amd64-cygwin\jdk8u131\8869\hotspot\src\share\vm\prims\jni.cpp, line 1613]
Event: 2.718 Thread 0x0000000019109800 Exception <a 'java/lang/NoSuchMethodError': <clinit>> (0x00000000e1b84e18) thrown at [C:\re\workspace\8-2-build-windows-amd64-cygwin\jdk8u131\8869\hotspot\src\share\vm\prims\jni.cpp, line 1613]

Events (10 events):
Event: 2.774 Thread 0x0000000019109800 DEOPT PACKING pc=0x000000000296cfbe sp=0x000000001b69cbe0
Event: 2.774 Thread 0x0000000019109800 DEOPT UNPACKING pc=0x00000000025d787f sp=0x000000001b69c8e0 mode 0
Event: 2.774 Thread 0x0000000019109800 DEOPT PACKING pc=0x000000000296d0b1 sp=0x000000001b69cbe0
Event: 2.774 Thread 0x0000000019109800 DEOPT UNPACKING pc=0x00000000025d787f sp=0x000000001b69c8e0 mode 0
Event: 2.774 Thread 0x0000000019109800 DEOPT PACKING pc=0x000000000296cfbe sp=0x000000001b69cbe0
Event: 2.774 Thread 0x0000000019109800 DEOPT UNPACKING pc=0x00000000025d787f sp=0x000000001b69c8e0 mode 0
Event: 2.774 Thread 0x0000000019109800 DEOPT PACKING pc=0x000000000296cfbe sp=0x000000001b69cbe0
Event: 2.774 Thread 0x0000000019109800 DEOPT UNPACKING pc=0x00000000025d787f sp=0x000000001b69c8e0 mode 0
Event: 2.816 Thread 0x0000000019109800 DEOPT PACKING pc=0x0000000002a35532 sp=0x000000001b69cc50
Event: 2.816 Thread 0x0000000019109800 DEOPT UNPACKING pc=0x00000000025d787f sp=0x000000001b69c958 mode 0


Dynamic libraries:
0x000000013f660000 - 0x000000013f697000 	C:\Program Files\Java\jdk1.8.0_131\bin\java.exe
0x0000000077ca0000 - 0x0000000077e4a000 	C:\Windows\SYSTEM32\ntdll.dll
0x0000000077b80000 - 0x0000000077c9f000 	C:\Windows\system32\kernel32.dll
0x000007fefdc90000 - 0x000007fefdcfa000 	C:\Windows\system32\KERNELBASE.dll
0x000007fefded0000 - 0x000007fefdfab000 	C:\Windows\system32\ADVAPI32.dll
0x000007fefea30000 - 0x000007fefeacf000 	C:\Windows\system32\msvcrt.dll
0x000007feff020000 - 0x000007feff03f000 	C:\Windows\SYSTEM32\sechost.dll
0x000007fefe1e0000 - 0x000007fefe30d000 	C:\Windows\system32\RPCRT4.dll
0x0000000077a80000 - 0x0000000077b7a000 	C:\Windows\system32\USER32.dll
0x000007fefe4a0000 - 0x000007fefe507000 	C:\Windows\system32\GDI32.dll
0x000007fefe5b0000 - 0x000007fefe5be000 	C:\Windows\system32\LPK.dll
0x0000000000300000 - 0x00000000003cb000 	C:\Windows\system32\USP10.dll
0x000007fefc250000 - 0x000007fefc444000 	C:\Windows\WinSxS\amd64_microsoft.windows.common-controls_6595b64144ccf1df_6.0.7601.18837_none_fa3b1e3d17594757\COMCTL32.dll
0x000007fefefa0000 - 0x000007feff011000 	C:\Windows\system32\SHLWAPI.dll
0x000007fefe5c0000 - 0x000007fefe5ee000 	C:\Windows\system32\IMM32.DLL
0x000007fefe5f0000 - 0x000007fefe6f9000 	C:\Windows\system32\MSCTF.dll
0x000000005bbe0000 - 0x000000005bcb2000 	C:\Program Files\Java\jdk1.8.0_131\jre\bin\msvcr100.dll
0x00000000551e0000 - 0x0000000055a7c000 	C:\Program Files\Java\jdk1.8.0_131\jre\bin\server\jvm.dll
0x000007feefef0000 - 0x000007feefef9000 	C:\Windows\system32\WSOCK32.dll
0x000007fefe180000 - 0x000007fefe1cd000 	C:\Windows\system32\WS2_32.dll
0x000007fefe1d0000 - 0x000007fefe1d8000 	C:\Windows\system32\NSI.dll
0x000007fefa0f0000 - 0x000007fefa12b000 	C:\Windows\system32\WINMM.dll
0x000007fefca60000 - 0x000007fefca6c000 	C:\Windows\system32\VERSION.dll
0x0000000077e70000 - 0x0000000077e77000 	C:\Windows\system32\PSAPI.DLL
0x0000000074480000 - 0x000000007448f000 	C:\Program Files\Java\jdk1.8.0_131\jre\bin\verify.dll
0x000000005dce0000 - 0x000000005dd09000 	C:\Program Files\Java\jdk1.8.0_131\jre\bin\java.dll
0x0000000067b90000 - 0x0000000067ba6000 	C:\Program Files\Java\jdk1.8.0_131\jre\bin\zip.dll
0x000007feff040000 - 0x000007feffdcb000 	C:\Windows\system32\SHELL32.dll
0x000007fefeda0000 - 0x000007fefef9c000 	C:\Windows\system32\ole32.dll
0x000007fefd9a0000 - 0x000007fefd9af000 	C:\Windows\system32\profapi.dll
0x000000005dcc0000 - 0x000000005dcda000 	C:\Program Files\Java\jdk1.8.0_131\jre\bin\net.dll
0x000007fefd110000 - 0x000007fefd165000 	C:\Windows\system32\mswsock.dll
0x000007fefd1b0000 - 0x000007fefd1b7000 	C:\Windows\System32\wship6.dll
0x000000005dca0000 - 0x000000005dcb1000 	C:\Program Files\Java\jdk1.8.0_131\jre\bin\nio.dll
0x000007feeb720000 - 0x000007feeb73e000 	C:\Users\cong-pv\.gradle\native\23\windows-amd64\native-platform.dll
0x000007fefd3b0000 - 0x000007fefd3c8000 	C:\Windows\system32\CRYPTSP.dll
0x000007fefcea0000 - 0x000007fefcee7000 	C:\Windows\system32\rsaenh.dll
0x000007fefdc20000 - 0x000007fefdc3e000 	C:\Windows\system32\USERENV.dll
0x000007fefd830000 - 0x000007fefd83f000 	C:\Windows\system32\CRYPTBASE.dll
0x000007fef97a0000 - 0x000007fef97c7000 	C:\Windows\system32\IPHLPAPI.DLL
0x000007fef9790000 - 0x000007fef979b000 	C:\Windows\system32\WINNSI.DLL
0x000007fef8ff0000 - 0x000007fef9001000 	C:\Windows\system32\dhcpcsvc6.DLL
0x000007fef91b0000 - 0x000007fef91c8000 	C:\Windows\system32\dhcpcsvc.DLL
0x000000006e900000 - 0x000000006e90d000 	C:\Program Files\Java\jdk1.8.0_131\jre\bin\management.dll

VM Arguments:
jvm_args: -Xmx1536m -Dfile.encoding=windows-31j -Duser.country=JP -Duser.language=ja -Duser.variant 
java_command: org.gradle.launcher.daemon.bootstrap.GradleDaemon 3.3
java_class_path (initial): C:\Users\cong-pv\.gradle\wrapper\dists\gradle-3.3-all\55gk2rcmfc6p2dg9u9ohc3hw9\gradle-3.3\lib\gradle-launcher-3.3.jar
Launcher Type: SUN_STANDARD

Environment Variables:
JAVA_HOME=C:\Program Files\Java\jdk1.8.0_131
PATH=C:\Program Files (x86)\Common Files\Oracle\Java\javapath;C:\ProgramData\Oracle\Java\javapath;C:\Program Files (x86)\Intel\iCLS Client\;C:\Program Files\Intel\iCLS Client\;C:\Windows\system32;C:\Windows;C:\Windows\System32\Wbem;C:\Windows\System32\WindowsPowerShell\v1.0\;C:\Program Files (x86)\Intel\UCRT\;C:\Program Files\TortoiseSVN\bin;C:\Users\User\.dnx\bin;C:\Program Files\Microsoft DNX\Dnvm\;C:\Program Files (x86)\Windows Kits\8.1\Windows Performance Toolkit\;C:\Program Files\Microsoft SQL Server\130\Tools\Binn\;C:\Program Files\Git\cmd;C:\Program Files\Microsoft SQL Server\120\Tools\Binn\;C:\Program Files\Microsoft SQLServer\Client SDK\ODBC\110\Tools\Binn\;C:\Program Files (x86)\Microsoft SQL Server\120\Tools\Binn\;C:\Program Files\Microsoft SQL Server\120\DTS\Binn\;C:\Program Files (x86)\Microsoft SQL Server\120\Tools\Binn\ManagementStudio\;C:\ProgramFiles (x86)\Microsoft SQL Server\120\DTS\Binn\;C:\Program Files\Intel\UCRT\;C:\Program Files (x86)\Intel\Intel(R) Management Engine Components\DAL;C:\Program Files\Intel\Intel(R) Management Engine Components\DAL;C:\Program Files (x86)\Intel\Intel(R) Management Engine Components\IPT;C:\Program Files\Intel\Intel(R) Management Engine Components\IPT;c:\Program Files\Microsoft SQL Server\Client SDK\ODBC\110\Tools\Binn\;c:\Program Files (x86)\Microsoft SQL Server\120\DTS\Binn\;C:\Go\bin;C:\Program Files\Java\jdk1.8.0_131\bin;C:\Users\cong-pv\go\bin
USERNAME=cong-pv
OS=Windows_NT
PROCESSOR_IDENTIFIER=Intel64 Family 6 Model 94 Stepping 3, GenuineIntel



---------------  S Y S T E M  ---------------

OS: Windows 7 , 64 bit Build 7601 (6.1.7601.23864)

CPU:total 4 (initial active 4) (4 cores per cpu, 1 threads per core) family 6 model 94 stepping 3, cmov, cx8, fxsr, mmx, sse, sse2, sse3, ssse3, sse4.1, sse4.2, popcnt, avx, avx2, aes, clmul, erms, rtm, 3dnowpref, lzcnt, tsc, tscinvbit, bmi1, bmi2, adx

Memory: 4k page, physical 8257588k(1023352k free), swap 8255728k(5512k free)

vm_info: Java HotSpot(TM) 64-Bit Server VM (25.131-b11) for windows-amd64 JRE (1.8.0_131-b11), built on Mar 15 2017 01:23:53 by "java_re" with MS VC++ 10.0 (VS2010)

time: Tue Jun 05 17:32:37 2018
elapsed time: 3 seconds (0d 0h 0m 3s)

