#
# There is insufficient memory for the Java Runtime Environment to continue.
# Native memory allocation (malloc) failed to allocate 32744 bytes for ChunkPool::allocate
# Possible reasons:
#   The system is out of physical RAM or swap space
#   In 32 bit mode, the process size limit was hit
# Possible solutions:
#   Reduce memory load on the system
#   Increase physical memory or swap space
#   Check if swap backing store is full
#   Use 64 bit Java on a 64 bit OS
#   Decrease Java heap size (-Xmx/-Xms)
#   Decrease number of Java threads
#   Decrease Java thread stack sizes (-Xss)
#   Set larger code cache with -XX:ReservedCodeCacheSize=
# This output file may be truncated or incomplete.
#
#  Out of Memory Error (allocation.cpp:273), pid=37680, tid=0x0000000000008fa4
#
# JRE version: Java(TM) SE Runtime Environment (8.0_131-b11) (build 1.8.0_131-b11)
# Java VM: Java HotSpot(TM) 64-Bit Server VM (25.131-b11 mixed mode windows-amd64 compressed oops)
# Failed to write core dump. Minidumps are not enabled by default on client versions of Windows
#

---------------  T H R E A D  ---------------

Current thread (0x000000005619a800):  JavaThread "C2 CompilerThread0" daemon [_thread_in_native, id=36772, stack(0x0000000056770000,0x0000000056870000)]

Stack: [0x0000000056770000,0x0000000056870000]
[error occurred during error reporting (printing stack bounds), id 0xc0000005]

Native frames: (J=compiled Java code, j=interpreted, Vv=VM code, C=native code)


Current CompileTask:
C2:   6389 1503   !   4       java.net.URLClassLoader$1::run (63 bytes)


---------------  P R O C E S S  ---------------

Java Threads: ( => current thread )
  0x0000000058ece800 JavaThread "File lock request listener" [_thread_in_native, id=40072, stack(0x000000005b190000,0x000000005b290000)]
  0x00000000593bb800 JavaThread "Stdin handler" [_thread_blocked, id=40108, stack(0x0000000059e10000,0x0000000059f10000)]
  0x00000000593f0000 JavaThread "Asynchronous log dispatcher for DefaultDaemonConnection: socket connection from /127.0.0.1:62832 to /127.0.0.1:62833" [_thread_blocked, id=40096, stack(0x00000000576f0000,0x00000000577f0000)]
  0x00000000593ee800 JavaThread "Daemon worker" [_thread_blocked, id=40052, stack(0x0000000055c00000,0x0000000055d00000)]
  0x00000000593d0000 JavaThread "Cancel handler" [_thread_blocked, id=40032, stack(0x0000000059cc0000,0x0000000059dc0000)]
  0x00000000588f8000 JavaThread "Handler for socket connection from /127.0.0.1:62832 to /127.0.0.1:62833" [_thread_in_native, id=40076, stack(0x0000000059b90000,0x0000000059c90000)]
  0x00000000589f7000 JavaThread "Daemon" [_thread_blocked, id=40068, stack(0x0000000059a90000,0x0000000059b90000)]
  0x0000000058914800 JavaThread "Incoming local TCP Connector on port 62832" [_thread_in_native, id=40024, stack(0x0000000057550000,0x0000000057650000)]
  0x0000000059452800 JavaThread "pool-1-thread-1" [_thread_blocked, id=37660, stack(0x0000000057140000,0x0000000057240000)]
  0x0000000056222000 JavaThread "Service Thread" daemon [_thread_blocked, id=37412, stack(0x0000000056d80000,0x0000000056e80000)]
  0x00000000561a2800 JavaThread "C1 CompilerThread2" daemon [_thread_blocked, id=39196, stack(0x0000000056bf0000,0x0000000056cf0000)]
  0x00000000561a1800 JavaThread "C2 CompilerThread1" daemon [_thread_in_native, id=37244, stack(0x00000000569c0000,0x0000000056ac0000)]
=>0x000000005619a800 JavaThread "C2 CompilerThread0" daemon [_thread_in_native, id=36772, stack(0x0000000056770000,0x0000000056870000)]
  0x0000000054d1e000 JavaThread "Attach Listener" daemon [_thread_blocked, id=36960, stack(0x00000000565a0000,0x00000000566a0000)]
  0x0000000054d1d000 JavaThread "Signal Dispatcher" daemon [_thread_blocked, id=36976, stack(0x0000000055f70000,0x0000000056070000)]
  0x0000000054cfa800 JavaThread "Finalizer" daemon [_thread_blocked, id=38336, stack(0x0000000056090000,0x0000000056190000)]
  0x0000000054cb3800 JavaThread "Reference Handler" daemon [_thread_blocked, id=37652, stack(0x0000000055e40000,0x0000000055f40000)]
  0x000000000238f800 JavaThread "main" [_thread_blocked, id=36936, stack(0x00000000024c0000,0x00000000025c0000)]

Other Threads:
  0x0000000054cac000 VMThread [stack: 0x0000000055d30000,0x0000000055e30000] [id=37892]
  0x0000000056268800 WatcherThread [stack: 0x0000000056f90000,0x0000000057090000] [id=35548]

VM state:at safepoint (normal execution)

VM Mutex/Monitor currently owned by a thread:  ([mutex/lock_event])
[0x000000000238daf0] Threads_lock - owner thread: 0x0000000054cac000
[0x000000000238dff0] Heap_lock - owner thread: 0x00000000561a2800
[0x000000000238e570] MethodData_lock - owner thread: 0x00000000561a2800

Heap:
 PSYoungGen      total 106496K, used 8182K [0x00000000eab00000, 0x00000000f7b00000, 0x0000000100000000)
  eden space 98304K, 0% used [0x00000000eab00000,0x00000000eab00000,0x00000000f0b00000)
  from space 8192K, 99% used [0x00000000f0b00000,0x00000000f12fd8f0,0x00000000f1300000)
  to   space 8192K, 0% used [0x00000000f7300000,0x00000000f7300000,0x00000000f7b00000)
 ParOldGen       total 131072K, used 1511K [0x00000000c0000000, 0x00000000c8000000, 0x00000000eab00000)
  object space 131072K, 1% used [0x00000000c0000000,0x00000000c0179de0,0x00000000c8000000)
 Metaspace       used 20777K, capacity 21180K, committed 21296K, reserved 1067008K
  class space    used 2886K, capacity 3077K, committed 3120K, reserved 1048576K

Card table byte_map: [0x0000000011980000,0x0000000011b90000] byte_map_base: 0x0000000011380000

Marking Bits: (ParMarkBitMap*) 0x000000005801c720
 Begin Bits: [0x0000000012120000, 0x0000000013120000)
 End Bits:   [0x0000000013120000, 0x0000000014120000)

Polling page: 0x0000000000110000

CodeCache: size=245760Kb used=5891Kb max_used=5891Kb free=239868Kb
 bounds [0x00000000025c0000, 0x0000000002b90000, 0x00000000115c0000]
 total_blobs=2073 nmethods=1662 adapters=323
 compilation: enabled

Compilation events (10 events):
Event: 6.186 Thread 0x00000000561a2800 nmethod 1688 0x0000000002b82190 code [0x0000000002b82300, 0x0000000002b82568]
Event: 6.198 Thread 0x00000000561a2800 1691   !   3       java.lang.ClassLoader::definePackage (77 bytes)
Event: 6.198 Thread 0x00000000561a2800 nmethod 1691 0x0000000002b82610 code [0x0000000002b827c0, 0x0000000002b82e38]
Event: 6.200 Thread 0x00000000561a2800 1692  s    2       sun.misc.URLClassPath::getNextLoader (88 bytes)
Event: 6.201 Thread 0x00000000561a2800 nmethod 1692 0x0000000002b83210 code [0x0000000002b833c0, 0x0000000002b83948]
Event: 6.201 Thread 0x00000000561a2800 1693       1       org.codehaus.groovy.util.SingleKeyHashMap$Entry::getKey (5 bytes)
Event: 6.201 Thread 0x00000000561a2800 nmethod 1693 0x0000000002b83d10 code [0x0000000002b83e60, 0x0000000002b83f70]
Event: 6.202 Thread 0x00000000561a2800 1694       3       java.beans.FeatureDescriptor::setClass0 (9 bytes)
Event: 6.202 Thread 0x00000000561a2800 nmethod 1694 0x0000000002b83fd0 code [0x0000000002b84160, 0x0000000002b844e8]
Event: 6.202 Thread 0x00000000561a2800 1695       3       java.beans.FeatureDescriptor::<init> (5 bytes)

GC Heap History (7 events):
Event: 2.260 GC heap before
{Heap before GC invocations=1 (full 0):
 PSYoungGen      total 57344K, used 49152K [0x00000000eab00000, 0x00000000eeb00000, 0x0000000100000000)
  eden space 49152K, 100% used [0x00000000eab00000,0x00000000edb00000,0x00000000edb00000)
  from space 8192K, 0% used [0x00000000ee300000,0x00000000ee300000,0x00000000eeb00000)
  to   space 8192K, 0% used [0x00000000edb00000,0x00000000edb00000,0x00000000ee300000)
 ParOldGen       total 131072K, used 0K [0x00000000c0000000, 0x00000000c8000000, 0x00000000eab00000)
  object space 131072K, 0% used [0x00000000c0000000,0x00000000c0000000,0x00000000c8000000)
 Metaspace       used 9105K, capacity 9330K, committed 9472K, reserved 1056768K
  class space    used 1192K, capacity 1253K, committed 1280K, reserved 1048576K
Event: 2.307 GC heap after
Heap after GC invocations=1 (full 0):
 PSYoungGen      total 57344K, used 6414K [0x00000000eab00000, 0x00000000f1b00000, 0x0000000100000000)
  eden space 49152K, 0% used [0x00000000eab00000,0x00000000eab00000,0x00000000edb00000)
  from space 8192K, 78% used [0x00000000edb00000,0x00000000ee143bc0,0x00000000ee300000)
  to   space 8192K, 0% used [0x00000000f1300000,0x00000000f1300000,0x00000000f1b00000)
 ParOldGen       total 131072K, used 16K [0x00000000c0000000, 0x00000000c8000000, 0x00000000eab00000)
  object space 131072K, 0% used [0x00000000c0000000,0x00000000c0004000,0x00000000c8000000)
 Metaspace       used 9105K, capacity 9330K, committed 9472K, reserved 1056768K
  class space    used 1192K, capacity 1253K, committed 1280K, reserved 1048576K
}
Event: 5.659 GC heap before
{Heap before GC invocations=2 (full 0):
 PSYoungGen      total 57344K, used 55566K [0x00000000eab00000, 0x00000000f1b00000, 0x0000000100000000)
  eden space 49152K, 100% used [0x00000000eab00000,0x00000000edb00000,0x00000000edb00000)
  from space 8192K, 78% used [0x00000000edb00000,0x00000000ee143bc0,0x00000000ee300000)
  to   space 8192K, 0% used [0x00000000f1300000,0x00000000f1300000,0x00000000f1b00000)
 ParOldGen       total 131072K, used 16K [0x00000000c0000000, 0x00000000c8000000, 0x00000000eab00000)
  object space 131072K, 0% used [0x00000000c0000000,0x00000000c0004000,0x00000000c8000000)
 Metaspace       used 16358K, capacity 16688K, committed 16896K, reserved 1062912K
  class space    used 2327K, capacity 2433K, committed 2560K, reserved 1048576K
Event: 5.691 GC heap after
Heap after GC invocations=2 (full 0):
 PSYoungGen      total 106496K, used 8191K [0x00000000eab00000, 0x00000000f1b00000, 0x0000000100000000)
  eden space 98304K, 0% used [0x00000000eab00000,0x00000000eab00000,0x00000000f0b00000)
  from space 8192K, 99% used [0x00000000f1300000,0x00000000f1affc60,0x00000000f1b00000)
  to   space 8192K, 0% used [0x00000000f0b00000,0x00000000f0b00000,0x00000000f1300000)
 ParOldGen       total 131072K, used 796K [0x00000000c0000000, 0x00000000c8000000, 0x00000000eab00000)
  object space 131072K, 0% used [0x00000000c0000000,0x00000000c00c7350,0x00000000c8000000)
 Metaspace       used 16358K, capacity 16688K, committed 16896K, reserved 1062912K
  class space    used 2327K, capacity 2433K, committed 2560K, reserved 1048576K
}
Event: 6.202 GC heap before
{Heap before GC invocations=3 (full 0):
 PSYoungGen      total 106496K, used 32664K [0x00000000eab00000, 0x00000000f1b00000, 0x0000000100000000)
  eden space 98304K, 24% used [0x00000000eab00000,0x00000000ec2e63d0,0x00000000f0b00000)
  from space 8192K, 99% used [0x00000000f1300000,0x00000000f1affc60,0x00000000f1b00000)
  to   space 8192K, 0% used [0x00000000f0b00000,0x00000000f0b00000,0x00000000f1300000)
 ParOldGen       total 131072K, used 796K [0x00000000c0000000, 0x00000000c8000000, 0x00000000eab00000)
  object space 131072K, 0% used [0x00000000c0000000,0x00000000c00c7350,0x00000000c8000000)
 Metaspace       used 20777K, capacity 21180K, committed 21296K, reserved 1067008K
  class space    used 2886K, capacity 3077K, committed 3120K, reserved 1048576K
Event: 6.224 GC heap after
Heap after GC invocations=3 (full 0):
 PSYoungGen      total 106496K, used 8182K [0x00000000eab00000, 0x00000000f7b00000, 0x0000000100000000)
  eden space 98304K, 0% used [0x00000000eab00000,0x00000000eab00000,0x00000000f0b00000)
  from space 8192K, 99% used [0x00000000f0b00000,0x00000000f12fd8f0,0x00000000f1300000)
  to   space 8192K, 0% used [0x00000000f7300000,0x00000000f7300000,0x00000000f7b00000)
 ParOldGen       total 131072K, used 1511K [0x00000000c0000000, 0x00000000c8000000, 0x00000000eab00000)
  object space 131072K, 1% used [0x00000000c0000000,0x00000000c0179de0,0x00000000c8000000)
 Metaspace       used 20777K, capacity 21180K, committed 21296K, reserved 1067008K
  class space    used 2886K, capacity 3077K, committed 3120K, reserved 1048576K
}
Event: 6.224 GC heap before
{Heap before GC invocations=4 (full 1):
 PSYoungGen      total 106496K, used 8182K [0x00000000eab00000, 0x00000000f7b00000, 0x0000000100000000)
  eden space 98304K, 0% used [0x00000000eab00000,0x00000000eab00000,0x00000000f0b00000)
  from space 8192K, 99% used [0x00000000f0b00000,0x00000000f12fd8f0,0x00000000f1300000)
  to   space 8192K, 0% used [0x00000000f7300000,0x00000000f7300000,0x00000000f7b00000)
 ParOldGen       total 131072K, used 1511K [0x00000000c0000000, 0x00000000c8000000, 0x00000000eab00000)
  object space 131072K, 1% used [0x00000000c0000000,0x00000000c0179de0,0x00000000c8000000)
 Metaspace       used 20777K, capacity 21180K, committed 21296K, reserved 1067008K
  class space    used 2886K, capacity 3077K, committed 3120K, reserved 1048576K

Deoptimization events (10 events):
Event: 5.724 Thread 0x00000000593ee800 Uncommon trap: reason=unstable_if action=reinterpret pc=0x00000000027da038 method=java.lang.AbstractStringBuilder.append(Ljava/lang/String;)Ljava/lang/AbstractStringBuilder; @ 1
Event: 5.808 Thread 0x00000000593ee800 Uncommon trap: reason=class_check action=maybe_recompile pc=0x00000000027899d8 method=java.lang.String.equals(Ljava/lang/Object;)Z @ 8
Event: 5.808 Thread 0x00000000593ee800 Uncommon trap: reason=class_check action=maybe_recompile pc=0x00000000027899d8 method=java.lang.String.equals(Ljava/lang/Object;)Z @ 8
Event: 5.808 Thread 0x00000000593ee800 Uncommon trap: reason=class_check action=maybe_recompile pc=0x00000000027899d8 method=java.lang.String.equals(Ljava/lang/Object;)Z @ 8
Event: 5.808 Thread 0x00000000593ee800 Uncommon trap: reason=class_check action=maybe_recompile pc=0x00000000027899d8 method=java.lang.String.equals(Ljava/lang/Object;)Z @ 8
Event: 5.931 Thread 0x00000000593ee800 Uncommon trap: reason=class_check action=maybe_recompile pc=0x00000000027863dc method=sun.misc.URLClassPath.getLoader(I)Lsun/misc/URLClassPath$Loader; @ 94
Event: 5.931 Thread 0x00000000593ee800 Uncommon trap: reason=class_check action=maybe_recompile pc=0x0000000002ab1e60 method=sun.misc.URLClassPath.getResource(Ljava/lang/String;Z)Lsun/misc/Resource; @ 62
Event: 6.168 Thread 0x00000000593ee800 Uncommon trap: reason=class_check action=maybe_recompile pc=0x000000000278657c method=sun.misc.URLClassPath.getLoader(I)Lsun/misc/URLClassPath$Loader; @ 239
Event: 6.175 Thread 0x00000000593ee800 Uncommon trap: reason=class_check action=maybe_recompile pc=0x000000000278657c method=sun.misc.URLClassPath.getLoader(I)Lsun/misc/URLClassPath$Loader; @ 239
Event: 6.199 Thread 0x00000000593ee800 Uncommon trap: reason=class_check action=maybe_recompile pc=0x000000000278657c method=sun.misc.URLClassPath.getLoader(I)Lsun/misc/URLClassPath$Loader; @ 239

Internal exceptions (10 events):
Event: 6.170 Thread 0x00000000593ee800 Exception <a 'java/lang/ClassNotFoundException': org/gradle/groovy/scripts/ScriptCustomizer> (0x00000000ebfb3f40) thrown at [C:\re\workspace\8-2-build-windows-amd64-cygwin\jdk8u131\8869\hotspot\src\share\vm\classfile\systemDictionary.cpp, line 210]
Event: 6.171 Thread 0x00000000593ee800 Exception <a 'java/lang/ClassNotFoundException': org/gradle/groovy/scripts/BasicScriptCustomizer> (0x00000000ebfcd9b0) thrown at [C:\re\workspace\8-2-build-windows-amd64-cygwin\jdk8u131\8869\hotspot\src\share\vm\classfile\systemDictionary.cpp, line 210]
Event: 6.172 Thread 0x00000000593ee800 Exception <a 'java/lang/ClassNotFoundException': org/gradle/groovy/scripts/DefaultScriptCustomizer> (0x00000000ebfea080) thrown at [C:\re\workspace\8-2-build-windows-amd64-cygwin\jdk8u131\8869\hotspot\src\share\vm\classfile\systemDictionary.cpp, line 210]
Event: 6.175 Thread 0x00000000593ee800 Exception <a 'java/lang/ClassNotFoundException': org/gradle/initialization/InitScriptCustomizer> (0x00000000ec0315c0) thrown at [C:\re\workspace\8-2-build-windows-amd64-cygwin\jdk8u131\8869\hotspot\src\share\vm\classfile\systemDictionary.cpp, line 210]
Event: 6.176 Thread 0x00000000593ee800 Exception <a 'java/lang/ClassNotFoundException': asLocalRepo569_aoswu8c8me660xlkvnq59mc1kCustomizer> (0x00000000ec044c98) thrown at [C:\re\workspace\8-2-build-windows-amd64-cygwin\jdk8u131\8869\hotspot\src\share\vm\classfile\systemDictionary.cpp, line 210
Event: 6.184 Thread 0x00000000593ee800 Exception <a 'java/lang/ClassNotFoundException': org/gradle/api/internal/plugins/DefaultExtraPropertiesExtensionBeanInfo> (0x00000000ec0f2f18) thrown at [C:\re\workspace\8-2-build-windows-amd64-cygwin\jdk8u131\8869\hotspot\src\share\vm\classfile\systemDic
Event: 6.184 Thread 0x00000000593ee800 Exception <a 'java/lang/ClassNotFoundException': org/gradle/api/internal/plugins/DefaultExtraPropertiesExtensionCustomizer> (0x00000000ec107348) thrown at [C:\re\workspace\8-2-build-windows-amd64-cygwin\jdk8u131\8869\hotspot\src\share\vm\classfile\systemD
Event: 6.201 Thread 0x00000000593ee800 Exception <a 'java/lang/ClassNotFoundException': groovy/lang/Closure$1BeanInfo> (0x00000000ec1a20c0) thrown at [C:\re\workspace\8-2-build-windows-amd64-cygwin\jdk8u131\8869\hotspot\src\share\vm\classfile\systemDictionary.cpp, line 210]
Event: 6.201 Thread 0x00000000593ee800 Exception <a 'java/lang/ClassNotFoundException': groovy/lang/ClosureBeanInfo> (0x00000000ec1b74f8) thrown at [C:\re\workspace\8-2-build-windows-amd64-cygwin\jdk8u131\8869\hotspot\src\share\vm\classfile\systemDictionary.cpp, line 210]
Event: 6.202 Thread 0x00000000593ee800 Exception <a 'java/lang/ClassNotFoundException': groovy/lang/ClosureCustomizer> (0x00000000ec1cd238) thrown at [C:\re\workspace\8-2-build-windows-amd64-cygwin\jdk8u131\8869\hotspot\src\share\vm\classfile\systemDictionary.cpp, line 210]

Events (10 events):
Event: 6.201 loading class groovy/lang/ClosureCustomizer
Event: 6.201 loading class groovy/lang/ClosureCustomizer done
Event: 6.201 loading class groovy/lang/ClosureCustomizer
Event: 6.201 loading class groovy/lang/ClosureCustomizer done
Event: 6.201 loading class groovy/lang/ClosureCustomizer
Event: 6.201 loading class groovy/lang/ClosureCustomizer done
Event: 6.202 loading class groovy/lang/ClosureCustomizer
Event: 6.202 loading class groovy/lang/ClosureCustomizer done
Event: 6.202 loading class sun/reflect/generics/tree/ArrayTypeSignature
Event: 6.202 Executing VM operation: CollectForMetadataAllocation


Dynamic libraries:
0x000000013f360000 - 0x000000013f397000 	C:\Program Files\Java\jdk1.8.0_131\bin\java.exe
0x0000000077200000 - 0x000000007739f000 	C:\Windows\SYSTEM32\ntdll.dll
0x00000000770e0000 - 0x00000000771ff000 	C:\Windows\system32\kernel32.dll
0x000007fefd1e0000 - 0x000007fefd24a000 	C:\Windows\system32\KERNELBASE.dll
0x000007fefd4c0000 - 0x000007fefd59b000 	C:\Windows\system32\ADVAPI32.dll
0x000007fefeaa0000 - 0x000007fefeb3f000 	C:\Windows\system32\msvcrt.dll
0x000007feff350000 - 0x000007feff36f000 	C:\Windows\SYSTEM32\sechost.dll
0x000007fefed50000 - 0x000007fefee7d000 	C:\Windows\system32\RPCRT4.dll
0x0000000076fe0000 - 0x00000000770da000 	C:\Windows\system32\USER32.dll
0x000007fefea30000 - 0x000007fefea97000 	C:\Windows\system32\GDI32.dll
0x000007feff440000 - 0x000007feff44e000 	C:\Windows\system32\LPK.dll
0x000007feff370000 - 0x000007feff43b000 	C:\Windows\system32\USP10.dll
0x000007fefb790000 - 0x000007fefb984000 	C:\Windows\WinSxS\amd64_microsoft.windows.common-controls_6595b64144ccf1df_6.0.7601.18837_none_fa3b1e3d17594757\COMCTL32.dll
0x000007fefeb40000 - 0x000007fefebb1000 	C:\Windows\system32\SHLWAPI.dll
0x000007fefd290000 - 0x000007fefd2be000 	C:\Windows\system32\IMM32.DLL
0x000007fefef20000 - 0x000007feff029000 	C:\Windows\system32\MSCTF.dll
0x000000006a8f0000 - 0x000000006a9c2000 	C:\Program Files\Java\jdk1.8.0_131\jre\bin\msvcr100.dll
0x0000000057800000 - 0x000000005809c000 	C:\Program Files\Java\jdk1.8.0_131\jre\bin\server\jvm.dll
0x000007fef8470000 - 0x000007fef8479000 	C:\Windows\system32\WSOCK32.dll
0x000007feff300000 - 0x000007feff34d000 	C:\Windows\system32\WS2_32.dll
0x000007fefd5a0000 - 0x000007fefd5a8000 	C:\Windows\system32\NSI.dll
0x000007fef9650000 - 0x000007fef968b000 	C:\Windows\system32\WINMM.dll
0x000007fefc060000 - 0x000007fefc06c000 	C:\Windows\system32\VERSION.dll
0x00000000773a0000 - 0x00000000773a7000 	C:\Windows\system32\PSAPI.DLL
0x00000000735a0000 - 0x00000000735af000 	C:\Program Files\Java\jdk1.8.0_131\jre\bin\verify.dll
0x0000000073570000 - 0x0000000073599000 	C:\Program Files\Java\jdk1.8.0_131\jre\bin\java.dll
0x0000000070eb0000 - 0x0000000070ec6000 	C:\Program Files\Java\jdk1.8.0_131\jre\bin\zip.dll
0x000007fefdca0000 - 0x000007fefea2b000 	C:\Windows\system32\SHELL32.dll
0x000007fefd2c0000 - 0x000007fefd4bd000 	C:\Windows\system32\ole32.dll
0x000007fefcee0000 - 0x000007fefceef000 	C:\Windows\system32\profapi.dll
0x0000000070ed0000 - 0x0000000070eea000 	C:\Program Files\Java\jdk1.8.0_131\jre\bin\net.dll
0x000007fefc6a0000 - 0x000007fefc6f5000 	C:\Windows\system32\mswsock.dll
0x000007fefc690000 - 0x000007fefc697000 	C:\Windows\System32\wship6.dll
0x0000000070e90000 - 0x0000000070ea1000 	C:\Program Files\Java\jdk1.8.0_131\jre\bin\nio.dll
0x000007fef6900000 - 0x000007fef691e000 	C:\Users\cong-pv\.gradle\native\23\windows-amd64\native-platform.dll
0x000007fefc700000 - 0x000007fefc718000 	C:\Windows\system32\CRYPTSP.dll
0x000007fefc400000 - 0x000007fefc447000 	C:\Windows\system32\rsaenh.dll
0x000007fefcfe0000 - 0x000007fefcffe000 	C:\Windows\system32\USERENV.dll
0x000007fefcd70000 - 0x000007fefcd7f000 	C:\Windows\system32\CRYPTBASE.dll
0x000007fef8cd0000 - 0x000007fef8cf7000 	C:\Windows\system32\IPHLPAPI.DLL
0x000007fef8cc0000 - 0x000007fef8ccb000 	C:\Windows\system32\WINNSI.DLL
0x000007fef8620000 - 0x000007fef8631000 	C:\Windows\system32\dhcpcsvc6.DLL
0x000007fef8790000 - 0x000007fef87a8000 	C:\Windows\system32\dhcpcsvc.DLL
0x00000000735b0000 - 0x00000000735bd000 	C:\Program Files\Java\jdk1.8.0_131\jre\bin\management.dll

VM Arguments:
jvm_args: -XX:MaxPermSize=256m -XX:+HeapDumpOnOutOfMemoryError -Xmx1024m -Dfile.encoding=windows-31j -Duser.country=JP -Duser.language=ja -Duser.variant 
java_command: org.gradle.launcher.daemon.bootstrap.GradleDaemon 3.3
java_class_path (initial): C:\Users\cong-pv\.gradle\wrapper\dists\gradle-3.3-all\55gk2rcmfc6p2dg9u9ohc3hw9\gradle-3.3\lib\gradle-launcher-3.3.jar
Launcher Type: SUN_STANDARD

Environment Variables:
JAVA_HOME=C:\Program Files\Java\jdk1.8.0_131
PATH=C:\Program Files (x86)\Common Files\Oracle\Java\javapath;C:\ProgramData\Oracle\Java\javapath;C:\Program Files (x86)\Intel\iCLS Client\;C:\Program Files\Intel\iCLS Client\;C:\Windows\system32;C:\Windows;C:\Windows\System32\Wbem;C:\Windows\System32\WindowsPowerShell\v1.0\;C:\Program Files (x86)\Intel\UCRT\;C:\Program Files\TortoiseSVN\bin;C:\Users\User\.dnx\bin;C:\Program Files\Microsoft DNX\Dnvm\;C:\Program Files (x86)\Windows Kits\8.1\Windows Performance Toolkit\;C:\Program Files\Microsoft SQL Server\130\Tools\Binn\;C:\Program Files\Git\cmd;C:\Program Files\Microsoft SQL Server\120\Tools\Binn\;C:\Program Files\Microsoft SQLServer\Client SDK\ODBC\110\Tools\Binn\;C:\Program Files (x86)\Microsoft SQL Server\120\Tools\Binn\;C:\Program Files\Microsoft SQL Server\120\DTS\Binn\;C:\Program Files (x86)\Microsoft SQL Server\120\Tools\Binn\ManagementStudio\;C:\ProgramFiles (x86)\Microsoft SQL Server\120\DTS\Binn\;C:\Program Files\Intel\UCRT\;C:\Program Files (x86)\Intel\Intel(R) Management Engine Components\DAL;C:\Program Files\Intel\Intel(R) Management Engine Components\DAL;C:\Program Files (x86)\Intel\Intel(R) Management Engine Components\IPT;C:\Program Files\Intel\Intel(R) Management Engine Components\IPT;c:\Program Files\Microsoft SQL Server\Client SDK\ODBC\110\Tools\Binn\;c:\Program Files (x86)\Microsoft SQL Server\120\DTS\Binn\;C:\Go\bin;C:\Program Files\Java\jdk1.8.0_131\bin;C:\Program Files\TortoiseGit\bin;C:\Users\cong-pv\go\bin
USERNAME=cong-pv
OS=Windows_NT
PROCESSOR_IDENTIFIER=Intel64 Family 6 Model 94 Stepping 3, GenuineIntel



---------------  S Y S T E M  ---------------

OS: Windows 7 , 64 bit Build 7601 (6.1.7601.24150)

CPU:total 4 (initial active 4) (4 cores per cpu, 1 threads per core) family 6 model 94 stepping 3, cmov, cx8, fxsr, mmx, sse, sse2, sse3, ssse3, sse4.1, sse4.2, popcnt, avx, avx2, aes, clmul, erms, rtm, 3dnowpref, lzcnt, tsc, tscinvbit, bmi1, bmi2, adx

Memory: 4k page, physical 12451892k(1390300k free), swap 12450016k(3072k free)

vm_info: Java HotSpot(TM) 64-Bit Server VM (25.131-b11) for windows-amd64 JRE (1.8.0_131-b11), built on Mar 15 2017 01:23:53 by "java_re" with MS VC++ 10.0 (VS2010)

time: Tue Jul 03 11:36:43 2018
elapsed time: 6 seconds (0d 0h 0m 6s)

