#
# There is insufficient memory for the Java Runtime Environment to continue.
# Native memory allocation (malloc) failed to allocate 1871216 bytes for Chunk::new
# Possible reasons:
#   The system is out of physical RAM or swap space
#   In 32 bit mode, the process size limit was hit
# Possible solutions:
#   Reduce memory load on the system
#   Increase physical memory or swap space
#   Check if swap backing store is full
#   Use 64 bit Java on a 64 bit OS
#   Decrease Java heap size (-Xmx/-Xms)
#   Decrease number of Java threads
#   Decrease Java thread stack sizes (-Xss)
#   Set larger code cache with -XX:ReservedCodeCacheSize=
# This output file may be truncated or incomplete.
#
#  Out of Memory Error (allocation.cpp:390), pid=8256, tid=0x0000000000001e64
#
# JRE version: Java(TM) SE Runtime Environment (8.0_131-b11) (build 1.8.0_131-b11)
# Java VM: Java HotSpot(TM) 64-Bit Server VM (25.131-b11 mixed mode windows-amd64 compressed oops)
# Failed to write core dump. Minidumps are not enabled by default on client versions of Windows
#

---------------  T H R E A D  ---------------

Current thread (0x00000000162a2800):  JavaThread "C2 CompilerThread1" daemon [_thread_in_native, id=7780, stack(0x0000000016bf0000,0x0000000016cf0000)]

Stack: [0x0000000016bf0000,0x0000000016cf0000]
[error occurred during error reporting (printing stack bounds), id 0xc0000005]

Native frames: (J=compiled Java code, j=interpreted, Vv=VM code, C=native code)


Current CompileTask:
C2:  27415 5003   !   4       java.net.URLClassLoader$1::run (63 bytes)


---------------  P R O C E S S  ---------------

Java Threads: ( => current thread )
  0x00000000162a5800 JavaThread "File lock request listener" [_thread_in_native, id=9876, stack(0x000000001ab40000,0x000000001ac40000)]
  0x000000001634c800 JavaThread "Stdin handler" [_thread_blocked, id=11360, stack(0x0000000019850000,0x0000000019950000)]
  0x0000000016343800 JavaThread "Asynchronous log dispatcher for DefaultDaemonConnection: socket connection from /127.0.0.1:53035 to /127.0.0.1:53036" [_thread_blocked, id=7172, stack(0x0000000019710000,0x0000000019810000)]
  0x000000001831e800 JavaThread "Daemon worker" [_thread_in_Java, id=3292, stack(0x00000000194e0000,0x00000000195e0000)]
  0x0000000018324000 JavaThread "Cancel handler" [_thread_blocked, id=11492, stack(0x00000000192f0000,0x00000000193f0000)]
  0x00000000174e7800 JavaThread "Handler for socket connection from /127.0.0.1:53035 to /127.0.0.1:53036" [_thread_in_native, id=7076, stack(0x0000000016ac0000,0x0000000016bc0000)]
  0x00000000174e4000 JavaThread "Daemon" [_thread_blocked, id=8344, stack(0x0000000019110000,0x0000000019210000)]
  0x00000000185b1800 JavaThread "Incoming local TCP Connector on port 53035" [_thread_in_native, id=4228, stack(0x0000000018d90000,0x0000000018e90000)]
  0x0000000018005800 JavaThread "pool-1-thread-1" [_thread_blocked, id=4336, stack(0x0000000018a30000,0x0000000018b30000)]
  0x0000000016331000 JavaThread "Service Thread" daemon [_thread_blocked, id=10356, stack(0x0000000016db0000,0x0000000016eb0000)]
  0x00000000162a4000 JavaThread "C1 CompilerThread2" daemon [_thread_blocked, id=4608, stack(0x0000000015eb0000,0x0000000015fb0000)]
=>0x00000000162a2800 JavaThread "C2 CompilerThread1" daemon [_thread_in_native, id=7780, stack(0x0000000016bf0000,0x0000000016cf0000)]
  0x000000001628d000 JavaThread "C2 CompilerThread0" daemon [_thread_in_native, id=10452, stack(0x00000000169b0000,0x0000000016ab0000)]
  0x0000000016289800 JavaThread "Attach Listener" daemon [_thread_blocked, id=2212, stack(0x0000000016880000,0x0000000016980000)]
  0x0000000014d41800 JavaThread "Signal Dispatcher" daemon [_thread_blocked, id=12228, stack(0x00000000166d0000,0x00000000167d0000)]
  0x0000000014d2e800 JavaThread "Finalizer" daemon [_thread_blocked, id=9844, stack(0x0000000016180000,0x0000000016280000)]
  0x0000000014ce7800 JavaThread "Reference Handler" daemon [_thread_blocked, id=9508, stack(0x0000000015fe0000,0x00000000160e0000)]
  0x00000000022df800 JavaThread "main" [_thread_blocked, id=7680, stack(0x00000000024a0000,0x00000000025a0000)]

Other Threads:
  0x0000000014cdc000 VMThread [stack: 0x0000000015d90000,0x0000000015e90000] [id=1392]
  0x0000000016372800 WatcherThread [stack: 0x0000000016ef0000,0x0000000016ff0000] [id=4196]

VM state:not at safepoint (normal execution)

VM Mutex/Monitor currently owned by a thread: None

Heap:
 PSYoungGen      total 182784K, used 24021K [0x00000000eab00000, 0x00000000f7b00000, 0x0000000100000000)
  eden space 174592K, 9% used [0x00000000eab00000,0x00000000eba7d5c8,0x00000000f5580000)
  from space 8192K, 99% used [0x00000000f7300000,0x00000000f7af8008,0x00000000f7b00000)
  to   space 8192K, 0% used [0x00000000f6b00000,0x00000000f6b00000,0x00000000f7300000)
 ParOldGen       total 91136K, used 23659K [0x00000000c0000000, 0x00000000c5900000, 0x00000000eab00000)
  object space 91136K, 25% used [0x00000000c0000000,0x00000000c171ae40,0x00000000c5900000)
 Metaspace       used 46151K, capacity 47430K, committed 47576K, reserved 1089536K
  class space    used 6252K, capacity 6599K, committed 6656K, reserved 1048576K

Card table byte_map: [0x0000000011960000,0x0000000011b70000] byte_map_base: 0x0000000011360000

Marking Bits: (ParMarkBitMap*) 0x000000005090c720
 Begin Bits: [0x0000000012150000, 0x0000000013150000)
 End Bits:   [0x0000000013150000, 0x0000000014150000)

Polling page: 0x0000000000370000

CodeCache: size=245760Kb used=17465Kb max_used=17465Kb free=228294Kb
 bounds [0x00000000025a0000, 0x00000000036c0000, 0x00000000115a0000]
 total_blobs=5535 nmethods=4784 adapters=662
 compilation: enabled

Compilation events (10 events):
Event: 27.408 Thread 0x00000000162a4000 nmethod 5292 0x00000000036b6250 code [0x00000000036b63c0, 0x00000000036b6628]
Event: 27.409 Thread 0x00000000162a4000 5293       3       sun.invoke.util.VerifyAccess::isTypeVisible (49 bytes)
Event: 27.409 Thread 0x00000000162a4000 nmethod 5293 0x00000000036b6710 code [0x00000000036b68a0, 0x00000000036b6de8]
Event: 27.409 Thread 0x00000000162a4000 5294       3       java.lang.invoke.MethodHandles::access$000 (4 bytes)
Event: 27.409 Thread 0x00000000162a4000 nmethod 5294 0x00000000036b7010 code [0x00000000036b7160, 0x00000000036b7290]
Event: 27.409 Thread 0x00000000162a4000 5295       3       java.lang.invoke.AbstractValidatingLambdaMetafactory::isAdaptableTo (126 bytes)
Event: 27.410 Thread 0x00000000162a4000 nmethod 5295 0x00000000036b7310 code [0x00000000036b7580, 0x00000000036b8448]
Event: 27.410 Thread 0x00000000162a4000 5296       3       jdk.internal.org.objectweb.asm.Frame::set (65 bytes)
Event: 27.410 Thread 0x00000000162a4000 nmethod 5296 0x00000000036b8a10 code [0x00000000036b8ba0, 0x00000000036b9068]
Event: 27.410 Thread 0x00000000162a4000 5297       3       jdk.internal.org.objectweb.asm.Type::getDescriptor (87 bytes)

GC Heap History (10 events):
Event: 9.001 GC heap before
{Heap before GC invocations=4 (full 1):
 PSYoungGen      total 106496K, used 8160K [0x00000000eab00000, 0x00000000f7b00000, 0x0000000100000000)
  eden space 98304K, 0% used [0x00000000eab00000,0x00000000eab00000,0x00000000f0b00000)
  from space 8192K, 99% used [0x00000000f0b00000,0x00000000f12f82d8,0x00000000f1300000)
  to   space 8192K, 0% used [0x00000000f7300000,0x00000000f7300000,0x00000000f7b00000)
 ParOldGen       total 131072K, used 1553K [0x00000000c0000000, 0x00000000c8000000, 0x00000000eab00000)
  object space 131072K, 1% used [0x00000000c0000000,0x00000000c0184778,0x00000000c8000000)
 Metaspace       used 20749K, capacity 21148K, committed 21248K, reserved 1067008K
  class space    used 2879K, capacity 3045K, committed 3072K, reserved 1048576K
Event: 9.123 GC heap after
Heap after GC invocations=4 (full 1):
 PSYoungGen      total 106496K, used 0K [0x00000000eab00000, 0x00000000f7b00000, 0x0000000100000000)
  eden space 98304K, 0% used [0x00000000eab00000,0x00000000eab00000,0x00000000f0b00000)
  from space 8192K, 0% used [0x00000000f0b00000,0x00000000f0b00000,0x00000000f1300000)
  to   space 8192K, 0% used [0x00000000f7300000,0x00000000f7300000,0x00000000f7b00000)
 ParOldGen       total 68608K, used 8787K [0x00000000c0000000, 0x00000000c4300000, 0x00000000eab00000)
  object space 68608K, 12% used [0x00000000c0000000,0x00000000c0894c70,0x00000000c4300000)
 Metaspace       used 20749K, capacity 21148K, committed 21248K, reserved 1067008K
  class space    used 2879K, capacity 3045K, committed 3072K, reserved 1048576K
}
Event: 14.881 GC heap before
{Heap before GC invocations=5 (full 1):
 PSYoungGen      total 106496K, used 98304K [0x00000000eab00000, 0x00000000f7b00000, 0x0000000100000000)
  eden space 98304K, 100% used [0x00000000eab00000,0x00000000f0b00000,0x00000000f0b00000)
  from space 8192K, 0% used [0x00000000f0b00000,0x00000000f0b00000,0x00000000f1300000)
  to   space 8192K, 0% used [0x00000000f7300000,0x00000000f7300000,0x00000000f7b00000)
 ParOldGen       total 68608K, used 8787K [0x00000000c0000000, 0x00000000c4300000, 0x00000000eab00000)
  object space 68608K, 12% used [0x00000000c0000000,0x00000000c0894c70,0x00000000c4300000)
 Metaspace       used 28387K, capacity 28926K, committed 29056K, reserved 1075200K
  class space    used 3974K, capacity 4151K, committed 4224K, reserved 1048576K
Event: 14.912 GC heap after
Heap after GC invocations=5 (full 1):
 PSYoungGen      total 182784K, used 8173K [0x00000000eab00000, 0x00000000f7b00000, 0x0000000100000000)
  eden space 174592K, 0% used [0x00000000eab00000,0x00000000eab00000,0x00000000f5580000)
  from space 8192K, 99% used [0x00000000f7300000,0x00000000f7afb7f0,0x00000000f7b00000)
  to   space 8192K, 0% used [0x00000000f6b00000,0x00000000f6b00000,0x00000000f7300000)
 ParOldGen       total 68608K, used 11193K [0x00000000c0000000, 0x00000000c4300000, 0x00000000eab00000)
  object space 68608K, 16% used [0x00000000c0000000,0x00000000c0aee4a0,0x00000000c4300000)
 Metaspace       used 28387K, capacity 28926K, committed 29056K, reserved 1075200K
  class space    used 3974K, capacity 4151K, committed 4224K, reserved 1048576K
}
Event: 24.879 GC heap before
{Heap before GC invocations=6 (full 1):
 PSYoungGen      total 182784K, used 88144K [0x00000000eab00000, 0x00000000f7b00000, 0x0000000100000000)
  eden space 174592K, 45% used [0x00000000eab00000,0x00000000ef918c00,0x00000000f5580000)
  from space 8192K, 99% used [0x00000000f7300000,0x00000000f7afb7f0,0x00000000f7b00000)
  to   space 8192K, 0% used [0x00000000f6b00000,0x00000000f6b00000,0x00000000f7300000)
 ParOldGen       total 68608K, used 11193K [0x00000000c0000000, 0x00000000c4300000, 0x00000000eab00000)
  object space 68608K, 16% used [0x00000000c0000000,0x00000000c0aee4a0,0x00000000c4300000)
 Metaspace       used 34627K, capacity 35310K, committed 35416K, reserved 1079296K
  class space    used 4695K, capacity 4940K, committed 4992K, reserved 1048576K
Event: 24.888 GC heap after
Heap after GC invocations=6 (full 1):
 PSYoungGen      total 182784K, used 8176K [0x00000000eab00000, 0x00000000f7b00000, 0x0000000100000000)
  eden space 174592K, 0% used [0x00000000eab00000,0x00000000eab00000,0x00000000f5580000)
  from space 8192K, 99% used [0x00000000f6b00000,0x00000000f72fc2b8,0x00000000f7300000)
  to   space 8192K, 0% used [0x00000000f7300000,0x00000000f7300000,0x00000000f7b00000)
 ParOldGen       total 68608K, used 13682K [0x00000000c0000000, 0x00000000c4300000, 0x00000000eab00000)
  object space 68608K, 19% used [0x00000000c0000000,0x00000000c0d5cae8,0x00000000c4300000)
 Metaspace       used 34627K, capacity 35310K, committed 35416K, reserved 1079296K
  class space    used 4695K, capacity 4940K, committed 4992K, reserved 1048576K
}
Event: 24.888 GC heap before
{Heap before GC invocations=7 (full 2):
 PSYoungGen      total 182784K, used 8176K [0x00000000eab00000, 0x00000000f7b00000, 0x0000000100000000)
  eden space 174592K, 0% used [0x00000000eab00000,0x00000000eab00000,0x00000000f5580000)
  from space 8192K, 99% used [0x00000000f6b00000,0x00000000f72fc2b8,0x00000000f7300000)
  to   space 8192K, 0% used [0x00000000f7300000,0x00000000f7300000,0x00000000f7b00000)
 ParOldGen       total 68608K, used 13682K [0x00000000c0000000, 0x00000000c4300000, 0x00000000eab00000)
  object space 68608K, 19% used [0x00000000c0000000,0x00000000c0d5cae8,0x00000000c4300000)
 Metaspace       used 34627K, capacity 35310K, committed 35416K, reserved 1079296K
  class space    used 4695K, capacity 4940K, committed 4992K, reserved 1048576K
Event: 24.955 GC heap after
Heap after GC invocations=7 (full 2):
 PSYoungGen      total 182784K, used 0K [0x00000000eab00000, 0x00000000f7b00000, 0x0000000100000000)
  eden space 174592K, 0% used [0x00000000eab00000,0x00000000eab00000,0x00000000f5580000)
  from space 8192K, 0% used [0x00000000f6b00000,0x00000000f6b00000,0x00000000f7300000)
  to   space 8192K, 0% used [0x00000000f7300000,0x00000000f7300000,0x00000000f7b00000)
 ParOldGen       total 91136K, used 17121K [0x00000000c0000000, 0x00000000c5900000, 0x00000000eab00000)
  object space 91136K, 18% used [0x00000000c0000000,0x00000000c10b8470,0x00000000c5900000)
 Metaspace       used 34627K, capacity 35310K, committed 35416K, reserved 1079296K
  class space    used 4695K, capacity 4940K, committed 4992K, reserved 1048576K
}
Event: 27.095 GC heap before
{Heap before GC invocations=8 (full 2):
 PSYoungGen      total 182784K, used 174592K [0x00000000eab00000, 0x00000000f7b00000, 0x0000000100000000)
  eden space 174592K, 100% used [0x00000000eab00000,0x00000000f5580000,0x00000000f5580000)
  from space 8192K, 0% used [0x00000000f6b00000,0x00000000f6b00000,0x00000000f7300000)
  to   space 8192K, 0% used [0x00000000f7300000,0x00000000f7300000,0x00000000f7b00000)
 ParOldGen       total 91136K, used 17121K [0x00000000c0000000, 0x00000000c5900000, 0x00000000eab00000)
  object space 91136K, 18% used [0x00000000c0000000,0x00000000c10b8470,0x00000000c5900000)
 Metaspace       used 45218K, capacity 46406K, committed 46680K, reserved 1089536K
  class space    used 6113K, capacity 6455K, committed 6528K, reserved 1048576K
Event: 27.109 GC heap after
Heap after GC invocations=8 (full 2):
 PSYoungGen      total 182784K, used 8160K [0x00000000eab00000, 0x00000000f7b00000, 0x0000000100000000)
  eden space 174592K, 0% used [0x00000000eab00000,0x00000000eab00000,0x00000000f5580000)
  from space 8192K, 99% used [0x00000000f7300000,0x00000000f7af8008,0x00000000f7b00000)
  to   space 8192K, 0% used [0x00000000f6b00000,0x00000000f6b00000,0x00000000f7300000)
 ParOldGen       total 91136K, used 23659K [0x00000000c0000000, 0x00000000c5900000, 0x00000000eab00000)
  object space 91136K, 25% used [0x00000000c0000000,0x00000000c171ae40,0x00000000c5900000)
 Metaspace       used 45218K, capacity 46406K, committed 46680K, reserved 1089536K
  class space    used 6113K, capacity 6455K, committed 6528K, reserved 1048576K
}

Deoptimization events (10 events):
Event: 26.404 Thread 0x000000001831e800 Uncommon trap: reason=bimorphic action=maybe_recompile pc=0x0000000002fa2224 method=com.sun.org.apache.xerces.internal.impl.XMLDocumentFragmentScannerImpl.scanEndElement()I @ 145
Event: 26.404 Thread 0x000000001831e800 Uncommon trap: reason=bimorphic action=maybe_recompile pc=0x0000000002fa2224 method=com.sun.org.apache.xerces.internal.impl.XMLDocumentFragmentScannerImpl.scanEndElement()I @ 145
Event: 26.404 Thread 0x000000001831e800 Uncommon trap: reason=bimorphic action=maybe_recompile pc=0x0000000002fa2224 method=com.sun.org.apache.xerces.internal.impl.XMLDocumentFragmentScannerImpl.scanEndElement()I @ 145
Event: 26.404 Thread 0x000000001831e800 Uncommon trap: reason=bimorphic action=maybe_recompile pc=0x0000000002fa2224 method=com.sun.org.apache.xerces.internal.impl.XMLDocumentFragmentScannerImpl.scanEndElement()I @ 145
Event: 26.427 Thread 0x000000001831e800 Uncommon trap: reason=unstable_if action=reinterpret pc=0x0000000002f5aed8 method=java.lang.CharacterDataLatin1.digit(II)I @ 31
Event: 27.092 Thread 0x000000001831e800 Uncommon trap: reason=class_check action=maybe_recompile pc=0x0000000002972f68 method=com.google.common.collect.AbstractMapBasedMultimap$WrappedCollection.refreshIfEmpty()V @ 59
Event: 27.092 Thread 0x000000001831e800 Uncommon trap: reason=class_check action=maybe_recompile pc=0x0000000002972f68 method=com.google.common.collect.AbstractMapBasedMultimap$WrappedCollection.refreshIfEmpty()V @ 59
Event: 27.092 Thread 0x000000001831e800 Uncommon trap: reason=class_check action=maybe_recompile pc=0x0000000002972f68 method=com.google.common.collect.AbstractMapBasedMultimap$WrappedCollection.refreshIfEmpty()V @ 59
Event: 27.092 Thread 0x000000001831e800 Uncommon trap: reason=class_check action=maybe_recompile pc=0x0000000002972f68 method=com.google.common.collect.AbstractMapBasedMultimap$WrappedCollection.refreshIfEmpty()V @ 59
Event: 27.195 Thread 0x000000001831e800 Uncommon trap: reason=unstable_if action=reinterpret pc=0x0000000002dcb888 method=java.lang.String.regionMatches(ZILjava/lang/String;II)Z @ 102

Internal exceptions (10 events):
Event: 27.364 Thread 0x000000001831e800 Exception <a 'java/lang/ClassNotFoundException': com/android/build/gradle/internal/tasks/MockableAndroidJarTask_DecoratedBeanInfo> (0x00000000eb6ca1f8) thrown at [C:\re\workspace\8-2-build-windows-amd64-cygwin\jdk8u131\8869\hotspot\src\share\vm\classfile\
Event: 27.364 Thread 0x000000001831e800 Exception <a 'java/lang/ClassNotFoundException': com/android/build/gradle/internal/tasks/MockableAndroidJarTaskBeanInfo> (0x00000000eb6dea60) thrown at [C:\re\workspace\8-2-build-windows-amd64-cygwin\jdk8u131\8869\hotspot\src\share\vm\classfile\systemDict
Event: 27.364 Thread 0x000000001831e800 Exception <a 'java/lang/ClassNotFoundException': com/android/build/gradle/internal/tasks/MockableAndroidJarTaskCustomizer> (0x00000000eb6f3a18) thrown at [C:\re\workspace\8-2-build-windows-amd64-cygwin\jdk8u131\8869\hotspot\src\share\vm\classfile\systemDi
Event: 27.365 Thread 0x000000001831e800 Exception <a 'java/lang/ClassNotFoundException': com/android/build/gradle/internal/tasks/MockableAndroidJarTask_DecoratedCustomizer> (0x00000000eb722538) thrown at [C:\re\workspace\8-2-build-windows-amd64-cygwin\jdk8u131\8869\hotspot\src\share\vm\classfil
Event: 27.394 Thread 0x000000001831e800 Exception <a 'java/lang/ClassNotFoundException': com/android/build/gradle/internal/tasks/CheckManifest_DecoratedBeanInfo> (0x00000000eb8b4cb0) thrown at [C:\re\workspace\8-2-build-windows-amd64-cygwin\jdk8u131\8869\hotspot\src\share\vm\classfile\systemDic
Event: 27.394 Thread 0x000000001831e800 Exception <a 'java/lang/ClassNotFoundException': com/android/build/gradle/internal/tasks/CheckManifestBeanInfo> (0x00000000eb8c7c70) thrown at [C:\re\workspace\8-2-build-windows-amd64-cygwin\jdk8u131\8869\hotspot\src\share\vm\classfile\systemDictionary.cp
Event: 27.394 Thread 0x000000001831e800 Exception <a 'java/lang/ClassNotFoundException': com/android/build/gradle/internal/tasks/DefaultAndroidTaskBeanInfo> (0x00000000eb8db880) thrown at [C:\re\workspace\8-2-build-windows-amd64-cygwin\jdk8u131\8869\hotspot\src\share\vm\classfile\systemDictiona
Event: 27.394 Thread 0x000000001831e800 Exception <a 'java/lang/ClassNotFoundException': com/android/build/gradle/internal/tasks/DefaultAndroidTaskCustomizer> (0x00000000eb8efdd8) thrown at [C:\re\workspace\8-2-build-windows-amd64-cygwin\jdk8u131\8869\hotspot\src\share\vm\classfile\systemDictio
Event: 27.395 Thread 0x000000001831e800 Exception <a 'java/lang/ClassNotFoundException': com/android/build/gradle/internal/tasks/CheckManifestCustomizer> (0x00000000eb915a48) thrown at [C:\re\workspace\8-2-build-windows-amd64-cygwin\jdk8u131\8869\hotspot\src\share\vm\classfile\systemDictionary.
Event: 27.395 Thread 0x000000001831e800 Exception <a 'java/lang/ClassNotFoundException': com/android/build/gradle/internal/tasks/CheckManifest_DecoratedCustomizer> (0x00000000eb93f770) thrown at [C:\re\workspace\8-2-build-windows-amd64-cygwin\jdk8u131\8869\hotspot\src\share\vm\classfile\systemD

Events (10 events):
Event: 27.408 loading class com/android/build/gradle/internal/core/GradleVariantConfiguration
Event: 27.408 loading class com/android/build/gradle/internal/core/GradleVariantConfiguration done
Event: 27.408 loading class com/android/build/gradle/internal/core/GradleVariantConfiguration
Event: 27.408 loading class com/android/build/gradle/internal/core/GradleVariantConfiguration done
Event: 27.409 loading class com/android/build/gradle/internal/core/GradleVariantConfiguration
Event: 27.409 loading class com/android/build/gradle/internal/core/GradleVariantConfiguration done
Event: 27.409 loading class com/android/build/gradle/internal/core/GradleVariantConfiguration
Event: 27.409 loading class com/android/build/gradle/internal/core/GradleVariantConfiguration done
Event: 27.410 loading class com/android/build/gradle/internal/core/GradleVariantConfiguration
Event: 27.410 loading class com/android/build/gradle/internal/core/GradleVariantConfiguration done


Dynamic libraries:
0x000000013f910000 - 0x000000013f947000 	C:\Program Files\Java\jdk1.8.0_131\bin\java.exe
0x0000000076f60000 - 0x00000000770ff000 	C:\Windows\SYSTEM32\ntdll.dll
0x0000000076d40000 - 0x0000000076e5f000 	C:\Windows\system32\kernel32.dll
0x000007fefcbb0000 - 0x000007fefcc1a000 	C:\Windows\system32\KERNELBASE.dll
0x000007fefcec0000 - 0x000007fefcf9b000 	C:\Windows\system32\ADVAPI32.dll
0x000007fefeaf0000 - 0x000007fefeb8f000 	C:\Windows\system32\msvcrt.dll
0x000007fefead0000 - 0x000007fefeaef000 	C:\Windows\SYSTEM32\sechost.dll
0x000007fefeb90000 - 0x000007fefecbd000 	C:\Windows\system32\RPCRT4.dll
0x0000000076e60000 - 0x0000000076f5a000 	C:\Windows\system32\USER32.dll
0x000007fefe9b0000 - 0x000007fefea17000 	C:\Windows\system32\GDI32.dll
0x000007fefe5d0000 - 0x000007fefe5de000 	C:\Windows\system32\LPK.dll
0x000007fefe8e0000 - 0x000007fefe9ab000 	C:\Windows\system32\USP10.dll
0x000007fefb3c0000 - 0x000007fefb5b4000 	C:\Windows\WinSxS\amd64_microsoft.windows.common-controls_6595b64144ccf1df_6.0.7601.18837_none_fa3b1e3d17594757\COMCTL32.dll
0x000007fefea50000 - 0x000007fefeac1000 	C:\Windows\system32\SHLWAPI.dll
0x0000000000300000 - 0x000000000032e000 	C:\Windows\system32\IMM32.DLL
0x0000000000620000 - 0x0000000000729000 	C:\Windows\system32\MSCTF.dll
0x0000000059e30000 - 0x0000000059f02000 	C:\Program Files\Java\jdk1.8.0_131\jre\bin\msvcr100.dll
0x00000000500f0000 - 0x000000005098c000 	C:\Program Files\Java\jdk1.8.0_131\jre\bin\server\jvm.dll
0x000007feef270000 - 0x000007feef279000 	C:\Windows\system32\WSOCK32.dll
0x000007feff200000 - 0x000007feff24d000 	C:\Windows\system32\WS2_32.dll
0x000007fefe5e0000 - 0x000007fefe5e8000 	C:\Windows\system32\NSI.dll
0x000007fef92a0000 - 0x000007fef92db000 	C:\Windows\system32\WINMM.dll
0x000007fefbbd0000 - 0x000007fefbbdc000 	C:\Windows\system32\VERSION.dll
0x0000000077100000 - 0x0000000077107000 	C:\Windows\system32\PSAPI.DLL
0x0000000068820000 - 0x000000006882f000 	C:\Program Files\Java\jdk1.8.0_131\jre\bin\verify.dll
0x0000000062050000 - 0x0000000062079000 	C:\Program Files\Java\jdk1.8.0_131\jre\bin\java.dll
0x0000000068340000 - 0x0000000068356000 	C:\Program Files\Java\jdk1.8.0_131\jre\bin\zip.dll
0x000007fefd460000 - 0x000007fefe1eb000 	C:\Windows\system32\SHELL32.dll
0x000007fefe3d0000 - 0x000007fefe5cd000 	C:\Windows\system32\ole32.dll
0x000007fefcb10000 - 0x000007fefcb1f000 	C:\Windows\system32\profapi.dll
0x00000000685d0000 - 0x00000000685ea000 	C:\Program Files\Java\jdk1.8.0_131\jre\bin\net.dll
0x000007fefc2d0000 - 0x000007fefc325000 	C:\Windows\system32\mswsock.dll
0x000007fefc2c0000 - 0x000007fefc2c7000 	C:\Windows\System32\wship6.dll
0x0000000062090000 - 0x00000000620a1000 	C:\Program Files\Java\jdk1.8.0_131\jre\bin\nio.dll
0x000007fecdff0000 - 0x000007fece00e000 	C:\Users\cong-pv\.gradle\native\23\windows-amd64\native-platform.dll
0x000007fefc330000 - 0x000007fefc348000 	C:\Windows\system32\CRYPTSP.dll
0x000007fefc030000 - 0x000007fefc077000 	C:\Windows\system32\rsaenh.dll
0x000007fefcc40000 - 0x000007fefcc5e000 	C:\Windows\system32\USERENV.dll
0x000007fefc9a0000 - 0x000007fefc9af000 	C:\Windows\system32\CRYPTBASE.dll
0x000007fef88e0000 - 0x000007fef8907000 	C:\Windows\system32\IPHLPAPI.DLL
0x000007fef88d0000 - 0x000007fef88db000 	C:\Windows\system32\WINNSI.DLL
0x000007fef81e0000 - 0x000007fef81f1000 	C:\Windows\system32\dhcpcsvc6.DLL
0x000007fef8390000 - 0x000007fef83a8000 	C:\Windows\system32\dhcpcsvc.DLL
0x0000000072600000 - 0x000000007260d000 	C:\Program Files\Java\jdk1.8.0_131\jre\bin\management.dll
0x000007fefc940000 - 0x000007fefc997000 	C:\Windows\system32\apphelp.dll

VM Arguments:
jvm_args: -XX:MaxPermSize=256m -XX:+HeapDumpOnOutOfMemoryError -Xmx1024m -Dfile.encoding=windows-31j -Duser.country=JP -Duser.language=ja -Duser.variant 
java_command: org.gradle.launcher.daemon.bootstrap.GradleDaemon 3.3
java_class_path (initial): C:\Users\cong-pv\.gradle\wrapper\dists\gradle-3.3-all\55gk2rcmfc6p2dg9u9ohc3hw9\gradle-3.3\lib\gradle-launcher-3.3.jar
Launcher Type: SUN_STANDARD

Environment Variables:
JAVA_HOME=C:\Program Files\Java\jdk1.8.0_131
PATH=C:\Program Files (x86)\Common Files\Oracle\Java\javapath;C:\ProgramData\Oracle\Java\javapath;C:\Program Files (x86)\Intel\iCLS Client\;C:\Program Files\Intel\iCLS Client\;C:\Windows\system32;C:\Windows;C:\Windows\System32\Wbem;C:\Windows\System32\WindowsPowerShell\v1.0\;C:\Program Files (x86)\Intel\UCRT\;C:\Program Files\TortoiseSVN\bin;C:\Users\User\.dnx\bin;C:\Program Files\Microsoft DNX\Dnvm\;C:\Program Files (x86)\Windows Kits\8.1\Windows Performance Toolkit\;C:\Program Files\Microsoft SQL Server\130\Tools\Binn\;C:\Program Files\Git\cmd;C:\Program Files\Microsoft SQL Server\120\Tools\Binn\;C:\Program Files\Microsoft SQLServer\Client SDK\ODBC\110\Tools\Binn\;C:\Program Files (x86)\Microsoft SQL Server\120\Tools\Binn\;C:\Program Files\Microsoft SQL Server\120\DTS\Binn\;C:\Program Files (x86)\Microsoft SQL Server\120\Tools\Binn\ManagementStudio\;C:\ProgramFiles (x86)\Microsoft SQL Server\120\DTS\Binn\;C:\Program Files\Intel\UCRT\;C:\Program Files (x86)\Intel\Intel(R) Management Engine Components\DAL;C:\Program Files\Intel\Intel(R) Management Engine Components\DAL;C:\Program Files (x86)\Intel\Intel(R) Management Engine Components\IPT;C:\Program Files\Intel\Intel(R) Management Engine Components\IPT;c:\Program Files\Microsoft SQL Server\Client SDK\ODBC\110\Tools\Binn\;c:\Program Files (x86)\Microsoft SQL Server\120\DTS\Binn\;C:\Program Files\Java\jdk1.8.0_131\bin;C:\Program Files\TortoiseGit\bin;C:\Go\bin;C:\Users\cong-pv\go\bin
USERNAME=cong-pv
OS=Windows_NT
PROCESSOR_IDENTIFIER=Intel64 Family 6 Model 94 Stepping 3, GenuineIntel



---------------  S Y S T E M  ---------------

OS: Windows 7 , 64 bit Build 7601 (6.1.7601.24214)

CPU:total 4 (initial active 4) (4 cores per cpu, 1 threads per core) family 6 model 94 stepping 3, cmov, cx8, fxsr, mmx, sse, sse2, sse3, ssse3, sse4.1, sse4.2, popcnt, avx, avx2, aes, clmul, erms, rtm, 3dnowpref, lzcnt, tsc, tscinvbit, bmi1, bmi2, adx

Memory: 4k page, physical 12451892k(1226204k free), swap 12449992k(5504k free)

vm_info: Java HotSpot(TM) 64-Bit Server VM (25.131-b11) for windows-amd64 JRE (1.8.0_131-b11), built on Mar 15 2017 01:23:53 by "java_re" with MS VC++ 10.0 (VS2010)

time: Fri Sep 07 16:48:01 2018
elapsed time: 27 seconds (0d 0h 0m 27s)

