JvmtiExport can_access_local_variables 0
JvmtiExport can_hotswap_or_post_breakpoint 0
JvmtiExport can_post_on_exceptions 0
# 109 ciObject found
instanceKlass sun/security/jca/GetInstance$1
instanceKlass org/gradle/api/internal/plugins/ExtensionsStorage$1
instanceKlass org/gradle/internal/dispatch/ProxyDispatchAdapter$1
instanceKlass com/google/common/reflect/TypeVisitor
instanceKlass org/gradle/api/internal/plugins/DefaultConvention$1
instanceKlass org/gradle/api/internal/artifacts/DefaultPublishArtifactSet$1
instanceKlass android/os/BaseBundle
instanceKlass android/app/Dialog
instanceKlass android/view/View$OnCreateContextMenuListener
instanceKlass android/view/KeyEvent$Callback
instanceKlass android/view/Window$Callback
instanceKlass android/support/v7/app/AppCompatCallback
instanceKlass android/content/DialogInterface
instanceKlass android/content/Intent
instanceKlass android/os/Parcelable
instanceKlass android/support/v7/app/AlertDialog$Builder
instanceKlass org/json/JSONObject
instanceKlass java/util/Collections$2
instanceKlass com/android/ide/common/res2/MergedAssetWriter$$Lambda$408
instanceKlass com/android/build/gradle/internal/transforms/MergeJavaResourcesTransform$JarFilter
instanceKlass com/android/build/gradle/internal/transforms/JarMerger
instanceKlass com/android/build/gradle/internal/packaging/ParsedPackagingOptions$$Lambda$407
instanceKlass com/android/build/gradle/internal/packaging/ParsedPackagingOptions$$Lambda$406
instanceKlass com/android/build/gradle/internal/packaging/ParsedPackagingOptions$$Lambda$405
instanceKlass com/android/build/gradle/internal/transforms/MergeJavaResourcesTransform$2
instanceKlass com/android/builder/internal/compiler/ShaderProcessor
instanceKlass com/android/builder/internal/TemplateProcessor
instanceKlass com/android/builder/internal/TestManifestGenerator
instanceKlass java/util/jar/JarFile$JarEntryIterator
instanceKlass com/android/builder/testing/MockableJarGenerator
instanceKlass com/android/ide/common/res2/DataSet$1
instanceKlass com/google/common/base/MoreObjects$1
instanceKlass com/android/builder/png/AaptProcess$NotifierProcessOutput
instanceKlass com/android/builder/tasks/JobContext
instanceKlass com/android/utils/GrabProcessOutput
instanceKlass com/android/builder/tasks/BooleanLatch
instanceKlass com/android/builder/png/AaptProcess$ProcessOutputFacade
instanceKlass com/android/utils/GrabProcessOutput$IProcessOutput
instanceKlass com/android/builder/png/AaptProcess
instanceKlass com/android/ide/common/res2/MergedResourceWriter$$Lambda$404
instanceKlass com/android/builder/internal/aapt/v1/AaptV1$$Lambda$403
instanceKlass com/android/builder/png/AaptProcess$Builder
instanceKlass com/android/builder/tasks/WorkQueue$QueueTask
instanceKlass com/android/builder/png/QueuedCruncher$2
instanceKlass com/android/ide/common/blame/MergingLogPersistUtil
instanceKlass com/android/utils/XmlUtils$PositionAwareStringBuilder
instanceKlass com/android/ide/common/res2/MergedResourceWriter$PngCrunchRequest
instanceKlass com/android/ide/common/res2/NodeUtils
instanceKlass com/android/ide/common/res2/MergedResourceWriter$$Lambda$402
instanceKlass com/google/common/collect/AbstractMapBasedMultimap$Itr
instanceKlass com/google/common/collect/HashBasedTable$Factory
instanceKlass com/google/common/collect/AbstractTable
instanceKlass java/util/concurrent/ConcurrentLinkedDeque$Node
instanceKlass com/android/ide/common/res2/MergeWriter
instanceKlass com/android/ide/common/res2/FileResourceNameValidator
instanceKlass com/android/resources/FolderTypeRelationship
instanceKlass com/android/ide/common/rendering/api/ResourceReference
instanceKlass com/android/ide/common/res2/ValueResourceNameValidator
instanceKlass com/android/ide/common/res2/ValueResourceParser2
instanceKlass com/android/ide/common/resources/configuration/FolderConfiguration
instanceKlass com/android/ide/common/res2/ResourceSet$FolderData
instanceKlass com/android/ide/common/res2/DataItem
instanceKlass com/android/ide/common/resources/configuration/Configurable
instanceKlass com/android/ide/common/res2/DataMerger
instanceKlass com/android/ide/common/resources/configuration/ResourceQualifier
instanceKlass java/awt/image/RenderedImage
instanceKlass com/android/builder/png/VectorDrawableRenderer
instanceKlass com/android/build/gradle/tasks/MergeResources$$Lambda$401
instanceKlass com/squareup/javawriter/JavaWriter
instanceKlass com/android/builder/internal/ClassFieldImpl
instanceKlass com/android/builder/compiling/BuildConfigGenerator
instanceKlass com/android/builder/internal/incremental/DependencyDataStore
instanceKlass com/android/builder/internal/compiler/AidlProcessor
instanceKlass com/android/build/gradle/tasks/AidlCompile$DepFileProcessor
instanceKlass org/gradle/api/tasks/Delete$1
instanceKlass org/gradle/execution/TaskNameResolver$FixedTaskSelectionResult
instanceKlass org/gradle/execution/TaskNameResolver$MultiProjectTaskSelectionResult
instanceKlass org/gradle/api/internal/ConventionAwareHelper$1
instanceKlass com/google/common/hash/MessageDigestHashFunction$1
instanceKlass java/beans/PropertyChangeSupport$1
instanceKlass java/util/concurrent/LinkedBlockingDeque$1
instanceKlass org/gradle/internal/logging/services/DefaultLoggingManager$1
instanceKlass org/gradle/api/internal/artifacts/ivyservice/resolveengine/artifact/DefaultArtifactSet$1
instanceKlass org/gradle/launcher/daemon/registry/DaemonRegistryContent$1
instanceKlass org/gradle/cache/internal/filelock/DefaultLockStateSerializer$1
instanceKlass org/gradle/api/internal/tasks/CachingTaskDependencyResolveContext$1
instanceKlass com/android/build/gradle/tasks/PackageAndroidArtifact$$Lambda$400
instanceKlass com/android/build/gradle/tasks/PackageAndroidArtifact$KnownFilesSaveData$$Lambda$399
instanceKlass com/google/common/base/Throwables
instanceKlass org/apache/commons/codec/binary/Base64
instanceKlass org/apache/commons/codec/BinaryDecoder
instanceKlass org/apache/commons/codec/Decoder
instanceKlass org/apache/commons/codec/BinaryEncoder
instanceKlass org/apache/commons/codec/Encoder
instanceKlass com/android/build/gradle/tasks/PackageAndroidArtifact$$Lambda$398
instanceKlass java/util/stream/DistinctOps
instanceKlass com/android/build/gradle/tasks/PackageAndroidArtifact$$Lambda$397
instanceKlass com/android/build/gradle/tasks/PackageAndroidArtifact$$Lambda$396
instanceKlass com/android/apkzlib/zip/ZFile$$Lambda$395
instanceKlass com/android/builder/internal/packaging/IncrementalPackager$$Lambda$394
instanceKlass com/android/builder/internal/packaging/IncrementalPackager$$Lambda$393
instanceKlass com/android/builder/internal/packaging/IncrementalPackager$$Lambda$392
instanceKlass com/android/builder/internal/packaging/IncrementalPackager$$Lambda$391
instanceKlass com/android/builder/internal/packaging/IncrementalPackager$$Lambda$390
instanceKlass com/android/builder/internal/packaging/IncrementalPackager$$Lambda$389
instanceKlass com/android/builder/packaging/PackagingUtils$$Lambda$388
instanceKlass com/android/build/gradle/tasks/PackageAndroidArtifact$1
instanceKlass com/google/common/base/Functions$ConstantFunction
instanceKlass com/google/common/base/Functions
instanceKlass com/android/builder/files/IncrementalRelativeFileSets$$Lambda$387
instanceKlass com/android/build/gradle/internal/transforms/DexTransform$$Lambda$386
instanceKlass org/gradle/internal/serialize/AbstractDecoder$1
instanceKlass com/google/common/collect/AbstractMultimap$1
instanceKlass org/gradle/api/internal/artifacts/repositories/resolver/MavenUniqueSnapshotModuleSource
instanceKlass com/android/build/gradle/tasks/PreColdSwapTask$$Lambda$385
instanceKlass java/util/Vector$Itr
instanceKlass java/util/zip/ZipOutputStream$XEntry
instanceKlass com/android/build/gradle/internal/transforms/InstantRunDex$JarClassesBuilder
instanceKlass com/android/build/gradle/internal/incremental/IncrementalChangeVisitor$1
instanceKlass com/google/common/io/Files$1
instanceKlass org/gradle/api/internal/project/taskfactory/TaskClassValidator$1
instanceKlass sun/nio/cs/UTF_8$1
instanceKlass com/google/common/base/Predicates$1
instanceKlass org/gradle/internal/component/local/model/DefaultLocalComponentMetadata$1
instanceKlass com/sun/tools/javac/jvm/CRTable
instanceKlass com/sun/tools/javac/jvm/CRTFlags
instanceKlass org/gradle/api/internal/artifacts/repositories/resolver/MavenResolver$1
instanceKlass com/google/common/hash/MessageDigestHashFunction$1
instanceKlass org/gradle/model/internal/registry/RuleBindings$1
instanceKlass java/util/concurrent/CopyOnWriteArrayList$1
instanceKlass java/util/zip/ZipFile$ZipEntryIterator
instanceKlass com/android/builder/internal/compiler/PreProcessCache$Item
instanceKlass sun/nio/fs/AbstractAclFileAttributeView
instanceKlass java/nio/file/attribute/AclFileAttributeView
instanceKlass java/nio/file/attribute/FileOwnerAttributeView
instanceKlass sun/nio/fs/WindowsSecurity$1
instanceKlass sun/nio/fs/WindowsSecurity$Privilege
instanceKlass sun/nio/fs/WindowsSecurity
instanceKlass sun/nio/fs/WindowsLinkSupport
instanceKlass sun/nio/fs/WindowsFileCopy
instanceKlass java/util/concurrent/locks/ReentrantReadWriteLock$Sync$HoldCounter
instanceKlass com/android/builder/utils/FileCache$$Lambda$382
instanceKlass com/android/builder/utils/FileCache$$Lambda$384
instanceKlass com/android/builder/utils/FileCache$$Lambda$383
instanceKlass com/android/builder/utils/FileCache$$Lambda$379
instanceKlass com/android/builder/utils/FileCache$$Lambda$381
instanceKlass com/android/builder/utils/FileCache$$Lambda$380
instanceKlass com/android/builder/utils/FileCache$$Lambda$378
instanceKlass android/os/BaseBundle
instanceKlass android/app/Dialog
instanceKlass android/view/View$OnCreateContextMenuListener
instanceKlass android/view/KeyEvent$Callback
instanceKlass android/view/Window$Callback
instanceKlass android/support/v7/app/AppCompatCallback
instanceKlass android/content/DialogInterface
instanceKlass android/content/Intent
instanceKlass android/os/Parcelable
instanceKlass android/support/v7/app/AlertDialog$Builder
instanceKlass org/json/JSONObject
instanceKlass org/gradle/internal/serialize/CausePlaceholder
instanceKlass org/gradle/internal/serialize/ExceptionPlaceholder$1
instanceKlass org/gradle/internal/serialize/ExceptionReplacingObjectOutputStream$2
instanceKlass org/gradle/internal/buildevents/BuildExceptionReporter$2
instanceKlass org/gradle/internal/logging/text/BufferingStyledTextOutput$ChangeStyleAction
instanceKlass org/gradle/internal/logging/text/BufferingStyledTextOutput$1
instanceKlass org/gradle/internal/buildevents/BuildExceptionReporter$FailureDetails
instanceKlass org/codehaus/groovy/runtime/StackTraceUtils
instanceKlass org/gradle/internal/exceptions/Contextual
instanceKlass org/gradle/tooling/internal/provider/events/DefaultFailure
instanceKlass org/gradle/tooling/internal/protocol/InternalFailure
instanceKlass com/google/gson/internal/Streams
instanceKlass com/android/build/gradle/internal/ExtraModelInfo$1
instanceKlass com/android/ide/common/blame/parser/util/OutputLineReader
instanceKlass android/os/BaseBundle
instanceKlass android/app/Dialog
instanceKlass android/view/View$OnCreateContextMenuListener
instanceKlass android/view/KeyEvent$Callback
instanceKlass android/view/Window$Callback
instanceKlass android/support/v7/app/AppCompatCallback
instanceKlass android/content/DialogInterface
instanceKlass android/content/Intent
instanceKlass android/os/Parcelable
instanceKlass android/support/v7/app/AlertDialog$Builder
instanceKlass org/json/JSONObject
instanceKlass com/android/build/gradle/internal/pipeline/OriginalStream$$Lambda$377
instanceKlass com/android/build/gradle/internal/pipeline/OriginalStream$$Lambda$376
instanceKlass org/gradle/launcher/daemon/registry/DaemonInfo$1
instanceKlass java/net/Inet6Address$1
instanceKlass org/gradle/internal/typeconversion/NotationConverterToNotationParserAdapter$1
instanceKlass org/gradle/cache/internal/btree/FileBackedBlockStore$1
instanceKlass org/gradle/internal/metaobject/BeanDynamicObject$1
instanceKlass com/google/common/base/Equivalence$1
instanceKlass org/gradle/internal/component/external/model/AbstractModuleComponentResolveMetadata$1
instanceKlass org/objectweb/asm/Handler
instanceKlass org/objectweb/asm/signature/SignatureVisitor
instanceKlass org/objectweb/asm/tree/TryCatchBlockNode
instanceKlass com/sun/tools/javac/comp/ConstFold$1
instanceKlass com/sun/tools/javac/comp/MemberEnter$2
instanceKlass com/sun/tools/javac/comp/MemberEnter$1
instanceKlass com/sun/tools/javac/code/Symbol$VarSymbol$2
instanceKlass com/sun/tools/javac/comp/MemberEnter$4
instanceKlass com/sun/tools/javac/comp/MemberEnter$3
instanceKlass org/gradle/api/internal/tasks/compile/CleaningJavaCompiler$1
instanceKlass org/gradle/groovy/scripts/internal/FileCacheBackedScriptClassCompiler$CompileToCrossBuildCacheAction
instanceKlass org/gradle/cache/internal/FixedSharedModeCrossProcessCacheAccess$1
instanceKlass com/sun/tools/javac/tree/JCTree$1
instanceKlass java/util/ArrayDeque$1
instanceKlass com/android/apkzlib/zip/ExtraField$AlignmentSegment
instanceKlass com/android/apkzlib/zip/ZFile$$Lambda$375
instanceKlass java/lang/invoke/LambdaForm$DMH
instanceKlass com/android/apkzlib/zip/ZFile$$Lambda$374
instanceKlass com/android/apkzlib/zip/ZFile$$Lambda$373
instanceKlass com/android/apkzlib/zip/ZFile$$Lambda$372
instanceKlass com/android/apkzlib/zip/ExtraField$Segment
instanceKlass com/google/wireless/android/sdk/stats/InstantRunArtifact$Type$1
instanceKlass com/google/wireless/android/sdk/stats/InstantRunStatus$VerifierStatus$1
instanceKlass com/google/wireless/android/sdk/stats/InstantRunStatus$PatchingPolicy$1
instanceKlass com/google/wireless/android/sdk/stats/InstantRunStatus$BuildMode$1
instanceKlass com/android/build/gradle/internal/incremental/InstantRunAnalyticsHelper$1
instanceKlass com/google/wireless/android/sdk/stats/InstantRunArtifactOrBuilder
instanceKlass com/android/build/gradle/internal/incremental/InstantRunAnalyticsHelper
instanceKlass com/android/apkzlib/zip/ZFile$$Lambda$371
instanceKlass com/android/apkzlib/sign/v2/ApkSignerV2$V2SignatureSchemeBlock$Signer
instanceKlass com/android/apkzlib/sign/v2/ApkSignerV2$V2SignatureSchemeBlock$SignedData
instanceKlass com/android/apkzlib/sign/v2/ZFileDigestSource
instanceKlass com/android/apkzlib/sign/v2/ByteArrayDigestSource
instanceKlass com/android/apkzlib/sign/v2/ApkSignerV2$SignerConfig
instanceKlass com/android/apkzlib/zip/ZFile$$Lambda$370
instanceKlass com/android/apkzlib/zip/Eocd$$Lambda$369
instanceKlass org/bouncycastle/asn1/DEROctetStringParser
instanceKlass org/bouncycastle/asn1/DERSequenceParser
instanceKlass org/bouncycastle/asn1/DERSetParser
instanceKlass org/bouncycastle/asn1/BERTaggedObjectParser
instanceKlass org/bouncycastle/asn1/BERSequenceParser
instanceKlass org/bouncycastle/asn1/ASN1StreamParser
instanceKlass org/bouncycastle/asn1/OIDTokenizer
instanceKlass org/bouncycastle/asn1/ASN1OutputStream
instanceKlass org/bouncycastle/asn1/eac/EACObjectIdentifiers
instanceKlass java/security/cert/CertStoreParameters
instanceKlass org/bouncycastle/x509/X509StoreParameters
instanceKlass org/bouncycastle/cms/CMSSignedHelper
instanceKlass org/bouncycastle/cms/CMSSignedData
instanceKlass sun/security/rsa/RSACore$BlindingRandomPair
instanceKlass sun/security/jca/JCAUtil$CachedSecureRandomHolder
instanceKlass sun/security/jca/JCAUtil
instanceKlass sun/security/rsa/RSACore$BlindingParameters
instanceKlass org/bouncycastle/cms/CMSUtils
instanceKlass org/bouncycastle/operator/jcajce/JcaDigestCalculatorProviderBuilder$1$1
instanceKlass sun/security/mscapi/SunMSCAPI$1
instanceKlass sun/security/smartcardio/SunPCSC$1
instanceKlass org/jcp/xml/dsig/internal/dom/XMLDSigRI$1
instanceKlass com/sun/security/sasl/Provider$1
instanceKlass sun/security/jgss/SunProvider$1
instanceKlass com/sun/crypto/provider/SunJCE$1
instanceKlass sun/security/ssl/SunJSSE$1
instanceKlass java/security/spec/ECFieldF2m
instanceKlass java/security/spec/ECParameterSpec
instanceKlass java/security/spec/ECPoint
instanceKlass java/security/spec/EllipticCurve
instanceKlass java/security/spec/ECFieldFp
instanceKlass java/security/spec/ECField
instanceKlass sun/security/ec/CurveDB
instanceKlass sun/security/ec/SunECEntries
instanceKlass sun/security/ec/SunEC$1
instanceKlass javax/crypto/SecretKey
instanceKlass sun/security/util/Length
instanceKlass sun/security/util/KeyUtil
instanceKlass org/bouncycastle/operator/DefaultDigestAlgorithmIdentifierFinder
instanceKlass org/bouncycastle/operator/DigestAlgorithmIdentifierFinder
instanceKlass org/bouncycastle/cms/SignerInfoGenerator
instanceKlass org/bouncycastle/cms/DefaultCMSSignatureEncryptionAlgorithmFinder
instanceKlass org/bouncycastle/cms/CMSSignatureEncryptionAlgorithmFinder
instanceKlass org/bouncycastle/cms/SignerInfoGeneratorBuilder
instanceKlass org/bouncycastle/operator/DigestCalculator
instanceKlass org/bouncycastle/operator/jcajce/JcaDigestCalculatorProviderBuilder$1
instanceKlass org/bouncycastle/operator/DigestCalculatorProvider
instanceKlass org/bouncycastle/operator/jcajce/JcaDigestCalculatorProviderBuilder
instanceKlass org/bouncycastle/cms/jcajce/JcaSignerInfoGeneratorBuilder
instanceKlass org/bouncycastle/operator/jcajce/JcaContentSignerBuilder$1
instanceKlass sun/security/rsa/RSAPadding
instanceKlass sun/security/rsa/RSACore
instanceKlass org/bouncycastle/util/Strings
instanceKlass org/bouncycastle/operator/DefaultSignatureAlgorithmIdentifierFinder
instanceKlass org/bouncycastle/operator/SignatureAlgorithmIdentifierFinder
instanceKlass org/bouncycastle/jcajce/DefaultJcaJceHelper
instanceKlass org/bouncycastle/asn1/kisa/KISAObjectIdentifiers
instanceKlass org/bouncycastle/asn1/ntt/NTTObjectIdentifiers
instanceKlass org/bouncycastle/operator/jcajce/OperatorHelper
instanceKlass org/bouncycastle/operator/ContentSigner
instanceKlass org/bouncycastle/jcajce/JcaJceHelper
instanceKlass org/bouncycastle/operator/jcajce/JcaContentSignerBuilder
instanceKlass org/bouncycastle/asn1/x9/X9ObjectIdentifiers
instanceKlass org/bouncycastle/asn1/teletrust/TeleTrusTObjectIdentifiers
instanceKlass org/bouncycastle/asn1/cryptopro/CryptoProObjectIdentifiers
instanceKlass org/bouncycastle/asn1/nist/NISTObjectIdentifiers
instanceKlass org/bouncycastle/asn1/oiw/OIWObjectIdentifiers
instanceKlass org/bouncycastle/cms/CMSAttributeTableGenerator
instanceKlass org/bouncycastle/cms/CMSSignedGenerator
instanceKlass org/bouncycastle/asn1/x509/X509ObjectIdentifiers
instanceKlass org/bouncycastle/asn1/x500/style/BCStyle
instanceKlass org/bouncycastle/asn1/x500/X500NameStyle
instanceKlass org/bouncycastle/asn1/ASN1Choice
instanceKlass org/bouncycastle/asn1/ASN1TaggedObjectParser
instanceKlass org/bouncycastle/asn1/ASN1SetParser
instanceKlass org/bouncycastle/asn1/ASN1SequenceParser
instanceKlass org/bouncycastle/asn1/DERFactory
instanceKlass org/bouncycastle/util/Arrays
instanceKlass org/bouncycastle/util/io/Streams
instanceKlass org/bouncycastle/asn1/ASN1EncodableVector
instanceKlass org/bouncycastle/asn1/StreamUtil
instanceKlass org/bouncycastle/asn1/ASN1OctetStringParser
instanceKlass org/bouncycastle/asn1/InMemoryRepresentable
instanceKlass org/bouncycastle/asn1/ASN1String
instanceKlass org/bouncycastle/asn1/BERTags
instanceKlass org/bouncycastle/cert/X509CertificateHolder
instanceKlass org/bouncycastle/util/CollectionStore
instanceKlass org/bouncycastle/asn1/pkcs/PKCSObjectIdentifiers
instanceKlass org/bouncycastle/asn1/cms/CMSObjectIdentifiers
instanceKlass org/bouncycastle/asn1/ASN1Object
instanceKlass org/bouncycastle/cms/CMSProcessableByteArray
instanceKlass org/bouncycastle/cms/CMSReadable
instanceKlass com/android/apkzlib/sign/SignatureExtension$1$$Lambda$368
instanceKlass com/android/apkzlib/sign/ManifestGenerationExtension$1$$Lambda$367
instanceKlass com/android/apkzlib/sign/SignatureExtension$1$$Lambda$366
instanceKlass com/android/apkzlib/zip/ZFile$$Lambda$365
instanceKlass com/android/apkzlib/zip/FileUseMap$1
instanceKlass com/android/apkzlib/zip/ZFile$3
instanceKlass com/google/common/util/concurrent/Futures$ChainingListenableFuture$1
instanceKlass com/google/common/util/concurrent/Futures$2
instanceKlass com/android/apkzlib/zip/ZFile$$Lambda$364
instanceKlass com/android/apkzlib/zip/CompressionResult
instanceKlass java/util/zip/Deflater
instanceKlass com/android/apkzlib/zip/ZFile$2
instanceKlass com/android/apkzlib/zip/compress/ExecutorCompressor$$Lambda$363
instanceKlass com/google/common/primitives/UnsignedInts
instanceKlass com/android/builder/internal/packaging/DexIncrementalRenameManager$DexNameComparator
instanceKlass com/android/builder/internal/packaging/DexIncrementalRenameManager$$Lambda$362
instanceKlass com/google/common/collect/Maps$FilteredEntryBiMap$1
instanceKlass com/google/common/base/Predicates$CompositionPredicate
instanceKlass com/google/common/base/Predicates$IsEqualToPredicate
instanceKlass com/android/builder/internal/packaging/DexFileNameSupplier
instanceKlass com/android/builder/internal/packaging/IncrementalPackager$$Lambda$361
instanceKlass com/android/builder/internal/packaging/IncrementalPackager$$Lambda$360
instanceKlass com/android/builder/internal/packaging/IncrementalPackager$$Lambda$359
instanceKlass com/android/builder/internal/packaging/IncrementalPackager$$Lambda$358
instanceKlass com/android/builder/internal/packaging/IncrementalPackager$$Lambda$357
instanceKlass com/android/builder/internal/packaging/IncrementalPackager$$Lambda$356
instanceKlass com/android/builder/internal/packaging/IncrementalPackager$$Lambda$355
instanceKlass com/android/builder/internal/packaging/IncrementalPackager$$Lambda$354
instanceKlass com/android/builder/internal/packaging/IncrementalPackager$$Lambda$353
instanceKlass com/android/builder/internal/packaging/PackagedFileUpdate
instanceKlass com/android/builder/internal/packaging/PackagedFileUpdates
instanceKlass com/android/builder/files/IncrementalRelativeFileSets$$Lambda$352
instanceKlass com/android/apkzlib/zip/ZFile$$Lambda$351
instanceKlass com/google/common/hash/Funnel
instanceKlass com/google/common/hash/Funnels
instanceKlass com/google/common/hash/Hashing$Crc32Holder
instanceKlass com/android/apkzlib/utils/CachedFileContents
instanceKlass com/android/apkzlib/zip/ZFile$$Lambda$350
instanceKlass com/android/apkzlib/zip/ZFile$$Lambda$349
instanceKlass com/android/builder/files/RelativeFile
instanceKlass com/android/builder/files/RelativeFiles
instanceKlass com/android/builder/files/IncrementalRelativeFileSets
instanceKlass com/android/builder/files/NativeLibraryAbiPredicate
instanceKlass com/android/builder/internal/packaging/DexIncrementalRenameManager
instanceKlass java/security/spec/MGF1ParameterSpec
instanceKlass java/security/spec/PSSParameterSpec
instanceKlass com/android/apkzlib/utils/ApkZLibPair
instanceKlass com/android/apkzlib/sign/v2/ApkSignerV2
instanceKlass com/android/apkzlib/sign/v2/DigestSource
instanceKlass com/android/apkzlib/sign/FullApkSignExtension
instanceKlass com/android/apkzlib/sign/SignatureExtension$$Lambda$348
instanceKlass com/android/apkzlib/sign/SignatureExtension$$Lambda$347
instanceKlass com/android/apkzlib/sign/SignatureExtension$$Lambda$346
instanceKlass com/android/apkzlib/sign/SignatureExtension$$Lambda$345
instanceKlass org/bouncycastle/asn1/ASN1Encodable
instanceKlass org/bouncycastle/cms/CMSTypedData
instanceKlass org/bouncycastle/cms/CMSProcessable
instanceKlass org/bouncycastle/util/Store
instanceKlass com/android/apkzlib/sign/SignatureExtension
instanceKlass java/util/Vector$1
instanceKlass com/android/apkzlib/sign/ManifestGenerationExtension$$Lambda$344
instanceKlass com/android/apkzlib/sign/ManifestGenerationExtension
instanceKlass com/android/apkzlib/zip/ZFile$$Lambda$343
instanceKlass com/android/apkzlib/utils/IOExceptionFunction
instanceKlass com/android/apkzlib/utils/IOExceptionRunnable
instanceKlass com/android/apkzlib/zip/ZFileExtension
instanceKlass com/android/apkzlib/zip/ProcessedAndRawByteSources
instanceKlass com/android/apkzlib/zip/StoredEntry$$Lambda$342
instanceKlass com/android/apkzlib/zip/StoredEntry
instanceKlass com/android/apkzlib/zip/ExtraField
instanceKlass com/android/apkzlib/zip/utils/MsDosDateTimeUtils
instanceKlass com/android/apkzlib/zip/CentralDirectoryHeader
instanceKlass com/google/common/util/concurrent/Futures$ImmediateFuture
instanceKlass com/android/apkzlib/zip/CentralDirectoryHeaderCompressInfo
instanceKlass com/android/apkzlib/zip/EncodeUtils
instanceKlass com/android/apkzlib/zip/GPFlags
instanceKlass com/android/apkzlib/zip/CentralDirectory$$Lambda$341
instanceKlass com/android/apkzlib/zip/CentralDirectory
instanceKlass com/android/apkzlib/zip/Eocd$$Lambda$340
instanceKlass com/android/apkzlib/utils/CachedSupplier
instanceKlass com/android/apkzlib/zip/utils/LittleEndianUtils
instanceKlass com/android/apkzlib/zip/ZipFieldInvariantMaxValue
instanceKlass com/android/apkzlib/zip/ZipFieldInvariantNonNegative
instanceKlass com/android/apkzlib/zip/ZipFieldInvariant
instanceKlass com/android/apkzlib/zip/ZipField
instanceKlass com/android/apkzlib/zip/Eocd
instanceKlass com/android/apkzlib/zip/utils/RandomAccessFileUtils
instanceKlass com/android/apkzlib/zip/FileUseMapEntry$$Lambda$339
instanceKlass com/android/apkzlib/zip/FileUseMapEntry$$Lambda$338
instanceKlass com/android/apkzlib/zip/FileUseMapEntry
instanceKlass com/android/apkzlib/zip/FileUseMap
instanceKlass com/android/apkzlib/zip/ZFile
instanceKlass com/android/apkzlib/zip/AlignmentRules$$Lambda$337
instanceKlass com/android/apkzlib/zfile/ZFiles
instanceKlass com/android/apkzlib/zfile/ApkZFileCreator$1
instanceKlass com/android/apkzlib/zip/AlignmentRules$$Lambda$336
instanceKlass com/android/apkzlib/zfile/ApkZFileCreator
instanceKlass com/android/builder/core/AndroidBuilder$$Lambda$335
instanceKlass com/android/ide/common/signing/CertificateInfo
instanceKlass java/security/KeyStore$PrivateKeyEntry
instanceKlass java/security/KeyStore$Entry
instanceKlass sun/security/pkcs/EncryptedPrivateKeyInfo
instanceKlass sun/security/provider/KeyProtector
instanceKlass sun/security/provider/JavaKeyStore$TrustedCertEntry
instanceKlass java/security/KeyStore$PasswordProtection
instanceKlass sun/security/pkcs/PKCS8Key
instanceKlass java/security/interfaces/RSAPrivateCrtKey
instanceKlass java/security/interfaces/RSAPrivateKey
instanceKlass java/security/interfaces/RSAPublicKey
instanceKlass java/security/interfaces/RSAKey
instanceKlass java/security/spec/RSAPrivateKeySpec
instanceKlass java/security/spec/RSAPublicKeySpec
instanceKlass sun/security/rsa/SunRsaSignEntries
instanceKlass sun/security/provider/JavaKeyStore$KeyEntry
instanceKlass sun/security/provider/KeyStoreDelegator$1
instanceKlass java/security/KeyStoreSpi
instanceKlass com/android/apkzlib/zfile/ApkCreator
instanceKlass com/android/apkzlib/zfile/ApkZFileCreatorFactory
instanceKlass com/android/apkzlib/zip/AlignmentRules$$Lambda$334
instanceKlass com/android/apkzlib/zip/AlignmentRules
instanceKlass com/android/apkzlib/zip/AlignmentRule
instanceKlass com/android/apkzlib/zip/ZFileOptions$$Lambda$333
instanceKlass java/lang/invoke/LambdaForm$DMH
instanceKlass com/android/apkzlib/zip/compress/ExecutorCompressor
instanceKlass com/android/apkzlib/zip/utils/ByteTracker
instanceKlass com/android/apkzlib/zip/ZFileOptions
instanceKlass com/android/apkzlib/zfile/ApkCreatorFactory
instanceKlass com/android/apkzlib/zip/Compressor
instanceKlass com/android/build/gradle/internal/packaging/ApkCreatorFactories
instanceKlass com/android/build/gradle/internal/transforms/InstantRunSliceSplitApkBuilder$$Lambda$332
instanceKlass com/android/build/gradle/internal/transforms/InstantRunSliceSplitApkBuilder$$Lambda$331
instanceKlass com/android/build/gradle/internal/transforms/InstantRunSplitApkBuilder$DexFiles
instanceKlass com/android/build/gradle/internal/transforms/InstantRunSliceSplitApkBuilder$1
instanceKlass com/android/build/gradle/internal/transforms/InstantRunDependenciesApkBuilder$$Lambda$330
instanceKlass com/android/build/gradle/internal/incremental/InstantRunBuildContext$1
instanceKlass com/android/builder/core/AndroidBuilder$$Lambda$329
instanceKlass com/google/common/base/Stopwatch$1
instanceKlass com/android/build/gradle/internal/process/GradleJavaProcessExecutor$ExecAction
instanceKlass com/android/ide/common/process/ProcessInfoBuilder$JavaProcessInfoImpl
instanceKlass com/android/builder/core/DexProcessBuilder$$Lambda$328
instanceKlass com/android/builder/core/DexByteCodeConverter$$Lambda$327
instanceKlass com/android/build/gradle/internal/transforms/DexTransform$PreDexTask$$Lambda$326
instanceKlass com/android/build/gradle/internal/transforms/DexTransform$PreDexTask
instanceKlass com/android/build/gradle/internal/transforms/DexTransform$1
instanceKlass com/android/ide/common/blame/parser/DexParser
instanceKlass com/google/common/base/MoreObjects$ToStringHelper$ValueHolder
instanceKlass com/google/common/base/MoreObjects$ToStringHelper
instanceKlass com/android/build/gradle/internal/transforms/InstantRunSlicer$1
instanceKlass com/android/build/gradle/internal/transforms/InstantRunSlicer$Slice$SlicedElement
instanceKlass com/android/build/gradle/internal/transforms/InstantRunSlicer$Slice
instanceKlass com/android/build/gradle/internal/transforms/InstantRunSlicer$Slices
instanceKlass com/android/build/gradle/internal/pipeline/IntermediateFolderUtils$4
instanceKlass com/android/build/gradle/tasks/PreColdSwapTask$1
instanceKlass com/android/build/gradle/internal/pipeline/TransformTask$$Lambda$325
instanceKlass com/android/build/gradle/internal/incremental/StringSwitch$$Lambda$324
instanceKlass com/google/common/collect/Multimaps
instanceKlass com/android/build/gradle/internal/incremental/StringSwitch$$Lambda$323
instanceKlass java/lang/invoke/LambdaForm$DMH
instanceKlass com/android/build/gradle/internal/incremental/StringSwitch$$Lambda$322
instanceKlass com/android/build/gradle/internal/incremental/StringSwitch
instanceKlass com/android/build/gradle/internal/incremental/IncrementalSupportVisitor$MethodReference
instanceKlass org/objectweb/asm/Edge
instanceKlass com/android/build/gradle/internal/incremental/Constructor
instanceKlass com/android/build/gradle/internal/incremental/LocalVariable
instanceKlass com/android/build/gradle/internal/incremental/ByteCodeUtils
instanceKlass org/objectweb/asm/tree/analysis/Subroutine
instanceKlass org/objectweb/asm/tree/analysis/Frame
instanceKlass org/objectweb/asm/tree/analysis/Analyzer
instanceKlass org/objectweb/asm/tree/analysis/BasicValue
instanceKlass org/objectweb/asm/tree/analysis/Value
instanceKlass org/objectweb/asm/tree/analysis/Interpreter
instanceKlass com/android/build/gradle/internal/incremental/ConstructorBuilder
instanceKlass org/objectweb/asm/Frame
instanceKlass org/objectweb/asm/commons/SerialVersionUIDAdder$Item
instanceKlass com/android/build/gradle/internal/incremental/AsmUtils$DirectoryBasedClassReader
instanceKlass com/android/build/gradle/internal/incremental/AsmUtils
instanceKlass org/objectweb/asm/Item
instanceKlass org/objectweb/asm/ByteVector
instanceKlass com/android/build/gradle/internal/incremental/IncrementalSupportVisitor$VisitorBuilder
instanceKlass com/android/build/gradle/internal/incremental/Redirection
instanceKlass org/objectweb/asm/Opcodes
instanceKlass com/android/build/gradle/internal/incremental/IncrementalVisitor$VisitorBuilder
instanceKlass com/android/build/gradle/internal/incremental/AsmUtils$ClassReaderProvider
instanceKlass com/android/build/gradle/internal/transforms/InstantRunTransform$1
instanceKlass java/util/concurrent/ForkJoinPool$1
instanceKlass java/util/concurrent/ForkJoinPool$DefaultForkJoinWorkerThreadFactory
instanceKlass java/util/concurrent/ForkJoinPool$WorkQueue
instanceKlass java/util/concurrent/ForkJoinPool$ForkJoinWorkerThreadFactory
instanceKlass java/util/stream/ForEachOps$ForEachOp
instanceKlass java/util/stream/ForEachOps
instanceKlass java/lang/invoke/LambdaForm$MH
instanceKlass java/lang/invoke/LambdaForm$DMH
instanceKlass java/lang/invoke/LambdaForm$DMH
instanceKlass com/android/build/gradle/internal/transforms/InstantRunTransform$$Lambda$321
instanceKlass java/lang/invoke/LambdaForm$DMH
instanceKlass com/android/build/gradle/internal/pipeline/IntermediateFolderUtils$5
instanceKlass com/android/build/gradle/internal/pipeline/TransformOutputProviderImpl
instanceKlass com/android/build/gradle/internal/pipeline/TransformTask$3
instanceKlass com/android/build/api/transform/SecondaryInput
instanceKlass org/objectweb/asm/commons/Method
instanceKlass org/objectweb/asm/Type
instanceKlass com/android/build/gradle/internal/incremental/InstantRunMethodVerifier
instanceKlass com/android/build/gradle/internal/incremental/InstantRunVerifier$2
instanceKlass com/android/build/gradle/internal/incremental/InstantRunVerifier$1
instanceKlass org/objectweb/asm/tree/LocalVariableNode
instanceKlass org/objectweb/asm/Label
instanceKlass org/objectweb/asm/tree/InsnList
instanceKlass org/objectweb/asm/tree/AbstractInsnNode
instanceKlass org/objectweb/asm/tree/InnerClassNode
instanceKlass org/objectweb/asm/Context
instanceKlass org/objectweb/asm/Attribute
instanceKlass org/objectweb/asm/AnnotationVisitor
instanceKlass org/objectweb/asm/FieldVisitor
instanceKlass org/objectweb/asm/ClassReader
instanceKlass com/android/build/gradle/internal/incremental/InstantRunVerifier$$Lambda$320
instanceKlass com/android/build/gradle/internal/incremental/InstantRunVerifier$$Lambda$319
instanceKlass com/android/build/gradle/internal/incremental/InstantRunVerifier$$Lambda$318
instanceKlass com/android/build/gradle/internal/incremental/InstantRunVerifier$AnnotationNodeComparator
instanceKlass org/objectweb/asm/MethodVisitor
instanceKlass org/objectweb/asm/util/Printer
instanceKlass com/android/build/gradle/internal/incremental/InstantRunVerifier$MethodNodeComparator
instanceKlass org/objectweb/asm/ClassVisitor
instanceKlass com/android/build/gradle/internal/incremental/InstantRunVerifier$Comparator
instanceKlass com/android/build/gradle/internal/incremental/InstantRunVerifier
instanceKlass com/android/build/gradle/internal/transforms/InstantRunVerifierTransform$$Lambda$317
instanceKlass com/android/build/gradle/internal/incremental/InstantRunVerifier$ClassBytesFileProvider
instanceKlass com/android/build/gradle/internal/transforms/InstantRunVerifierTransform$1
instanceKlass com/android/build/gradle/internal/pipeline/TransformInvocationBuilder$1
instanceKlass com/android/build/gradle/internal/pipeline/TransformInvocationBuilder
instanceKlass com/android/build/gradle/internal/pipeline/TransformTask$2
instanceKlass com/google/protobuf/UnknownFieldSet$Builder
instanceKlass com/android/build/gradle/internal/pipeline/TransformTask$$Lambda$316
instanceKlass com/android/build/gradle/internal/pipeline/TransformTask$$Lambda$315
instanceKlass com/android/build/gradle/internal/pipeline/TransformTask$$Lambda$314
instanceKlass com/android/build/gradle/internal/pipeline/TransformTask$$Lambda$313
instanceKlass com/android/build/gradle/internal/pipeline/TransformTask$$Lambda$312
instanceKlass com/android/build/gradle/internal/pipeline/TransformTask$1
instanceKlass com/google/wireless/android/sdk/stats/GradleTransformExecution$Type$1
instanceKlass com/android/ide/common/util/ReferenceHolder
instanceKlass com/android/builder/packaging/PackagingUtils
instanceKlass org/gradle/api/internal/tasks/compile/incremental/deps/DependencyToAll
instanceKlass org/gradle/api/internal/cache/SingleOperationPersistentStore$1
instanceKlass org/gradle/api/internal/cache/MinimalPersistentCache$2
instanceKlass org/gradle/api/internal/tasks/compile/incremental/analyzer/ClassRelevancyFilter
instanceKlass org/gradle/api/internal/tasks/compile/incremental/analyzer/ClassAnalysis
instanceKlass org/gradle/api/internal/tasks/compile/incremental/analyzer/CachingClassDependenciesAnalyzer$1
instanceKlass org/gradle/api/internal/tasks/compile/incremental/deps/ClassDependentsAccumulator
instanceKlass org/gradle/api/internal/tasks/compile/incremental/analyzer/ClassFilesAnalyzer
instanceKlass org/gradle/api/internal/tasks/compile/incremental/RecompilationNotNecessary
instanceKlass java/util/WeakHashMap$HashIterator
instanceKlass com/sun/tools/javac/util/AbstractDiagnosticFormatter$2
instanceKlass com/sun/tools/javac/util/RichDiagnosticFormatter$ClassNameSimplifier
instanceKlass com/sun/tools/javac/util/Log$2
instanceKlass com/sun/tools/javac/comp/Lower$5
instanceKlass com/sun/tools/javac/comp/Check$7
