#
# There is insufficient memory for the Java Runtime Environment to continue.
# Native memory allocation (malloc) failed to allocate 32744 bytes for ChunkPool::allocate
# Possible reasons:
#   The system is out of physical RAM or swap space
#   In 32 bit mode, the process size limit was hit
# Possible solutions:
#   Reduce memory load on the system
#   Increase physical memory or swap space
#   Check if swap backing store is full
#   Use 64 bit Java on a 64 bit OS
#   Decrease Java heap size (-Xmx/-Xms)
#   Decrease number of Java threads
#   Decrease Java thread stack sizes (-Xss)
#   Set larger code cache with -XX:ReservedCodeCacheSize=
# This output file may be truncated or incomplete.
#
#  Out of Memory Error (allocation.cpp:273), pid=11864, tid=0x00000000000017c4
#
# JRE version: Java(TM) SE Runtime Environment (8.0_131-b11) (build 1.8.0_131-b11)
# Java VM: Java HotSpot(TM) 64-Bit Server VM (25.131-b11 mixed mode windows-amd64 compressed oops)
# Failed to write core dump. Minidumps are not enabled by default on client versions of Windows
#

---------------  T H R E A D  ---------------

Current thread (0x000000001780e000):  JavaThread "C2 CompilerThread1" daemon [_thread_in_native, id=6084, stack(0x0000000017dc0000,0x0000000017ec0000)]

Stack: [0x0000000017dc0000,0x0000000017ec0000]
[error occurred during error reporting (printing stack bounds), id 0xc0000005]

Native frames: (J=compiled Java code, j=interpreted, Vv=VM code, C=native code)


Current CompileTask:
C2:12532667 24753  s    4       com.android.builder.png.AaptProcess$ProcessOutputFacade::out (148 bytes)


---------------  P R O C E S S  ---------------

Java Threads: ( => current thread )
  0x000000001cd69000 JavaThread "pool-183-thread-1" [_thread_in_native, id=7204, stack(0x00000000265c0000,0x00000000266c0000)]
  0x00000000189a9000 JavaThread "stdout" daemon [_thread_in_native, id=15348, stack(0x00000000277f0000,0x00000000278f0000)]
  0x00000000189a7000 JavaThread "stderr" daemon [_thread_in_native, id=12132, stack(0x00000000275b0000,0x00000000276b0000)]
  0x000000001cd70000 JavaThread "stdout" daemon [_thread_in_native, id=12464, stack(0x00000000270f0000,0x00000000271f0000)]
  0x000000001cd6c000 JavaThread "stderr" daemon [_thread_in_native, id=13404, stack(0x000000001e6a0000,0x000000001e7a0000)]
  0x00000000213d9000 JavaThread "stdout" daemon [_thread_in_native, id=7796, stack(0x0000000026b90000,0x0000000026c90000)]
  0x00000000213dd800 JavaThread "stderr" daemon [_thread_in_native, id=2496, stack(0x0000000026a50000,0x0000000026b50000)]
  0x00000000213df800 JavaThread "png-cruncher_30" daemon [_thread_blocked, id=3888, stack(0x0000000026900000,0x0000000026a00000)]
  0x00000000213db000 JavaThread "png-cruncher_29" daemon [_thread_blocked, id=8884, stack(0x00000000266c0000,0x00000000267c0000)]
  0x000000001f93f800 JavaThread "png-cruncher_28" daemon [_thread_blocked, id=4396, stack(0x0000000025e40000,0x0000000025f40000)]
  0x000000001f941800 JavaThread "png-cruncher_27" daemon [_thread_blocked, id=15372, stack(0x00000000264b0000,0x00000000265b0000)]
  0x000000001f944800 JavaThread "png-cruncher_26" daemon [_thread_blocked, id=16136, stack(0x000000001a560000,0x000000001a660000)]
  0x000000001f942800 JavaThread "pool-182-thread-4" [_thread_blocked, id=12084, stack(0x0000000026390000,0x0000000026490000)]
  0x000000001f93e800 JavaThread "pool-182-thread-3" [_thread_blocked, id=5848, stack(0x0000000025f40000,0x0000000026040000)]
  0x000000001f940000 JavaThread "pool-182-thread-2" [_thread_blocked, id=10436, stack(0x0000000025d40000,0x0000000025e40000)]
  0x000000001f941000 JavaThread "pool-182-thread-1" [_thread_blocked, id=12736, stack(0x000000001abd0000,0x000000001acd0000)]
  0x000000001f943000 JavaThread "Cache update executor" [_thread_blocked, id=14008, stack(0x0000000024d20000,0x0000000024e20000)]
  0x000000001afea800 JavaThread "Stdin handler" [_thread_blocked, id=17216, stack(0x0000000023500000,0x0000000023600000)]
  0x000000001afef000 JavaThread "Asynchronous log dispatcher for DefaultDaemonConnection: socket connection from /127.0.0.1:53453 to /127.0.0.1:55982" [_thread_blocked, id=13400, stack(0x000000001c160000,0x000000001c260000)]
  0x000000001afed000 JavaThread "Cancel handler" [_thread_blocked, id=13536, stack(0x0000000018330000,0x0000000018430000)]
  0x000000001afee800 JavaThread "Handler for socket connection from /127.0.0.1:53453 to /127.0.0.1:55982" [_thread_in_native, id=12384, stack(0x000000001a850000,0x000000001a950000)]
  0x000000001afed800 JavaThread "Daemon worker Thread 14" [_thread_in_native, id=9432, stack(0x000000001aa10000,0x000000001ab10000)]
  0x000000001aff0000 JavaThread "Daemon Thread 14" [_thread_blocked, id=13804, stack(0x000000001a690000,0x000000001a790000)]
  0x000000001cd6a000 JavaThread "pool-24-thread-4" [_thread_blocked, id=15736, stack(0x0000000025b30000,0x0000000025c30000)]
  0x000000001cd6e800 JavaThread "pool-24-thread-3" [_thread_blocked, id=11208, stack(0x00000000257d0000,0x00000000258d0000)]
  0x000000001cd6f000 JavaThread "pool-24-thread-2" [_thread_blocked, id=15612, stack(0x00000000258f0000,0x00000000259f0000)]
  0x000000001cd6a800 JavaThread "pool-24-thread-1" [_thread_blocked, id=14284, stack(0x0000000023830000,0x0000000023930000)]
  0x000000001afea000 JavaThread "File lock request listener" [_thread_in_native, id=12136, stack(0x0000000019d00000,0x0000000019e00000)]
  0x00000000195da000 JavaThread "Incoming local TCP Connector on port 53453" [_thread_in_native, id=12584, stack(0x000000001a260000,0x000000001a360000)]
  0x00000000190c6000 JavaThread "pool-1-thread-1" [_thread_blocked, id=9304, stack(0x0000000019f30000,0x000000001a030000)]
  0x000000001789e800 JavaThread "Service Thread" daemon [_thread_blocked, id=15620, stack(0x00000000181d0000,0x00000000182d0000)]
  0x0000000017821000 JavaThread "C1 CompilerThread2" daemon [_thread_blocked, id=5580, stack(0x0000000018040000,0x0000000018140000)]
=>0x000000001780e000 JavaThread "C2 CompilerThread1" daemon [_thread_in_native, id=6084, stack(0x0000000017dc0000,0x0000000017ec0000)]
  0x000000001780a800 JavaThread "C2 CompilerThread0" daemon [_thread_in_native, id=3024, stack(0x0000000017ec0000,0x0000000017fc0000)]
  0x000000001617e800 JavaThread "Attach Listener" daemon [_thread_blocked, id=7652, stack(0x0000000017c70000,0x0000000017d70000)]
  0x000000001617d800 JavaThread "Signal Dispatcher" daemon [_thread_blocked, id=11776, stack(0x0000000017230000,0x0000000017330000)]
  0x0000000016159800 JavaThread "Finalizer" daemon [_thread_blocked, id=13036, stack(0x0000000017500000,0x0000000017600000)]
  0x0000000016112800 JavaThread "Reference Handler" daemon [_thread_blocked, id=7944, stack(0x00000000173e0000,0x00000000174e0000)]
  0x00000000021ce800 JavaThread "main" [_thread_blocked, id=5772, stack(0x0000000002220000,0x0000000002320000)]

Other Threads:
  0x000000001610b000 VMThread [stack: 0x0000000017130000,0x0000000017230000] [id=12924]
  0x00000000178ee800 WatcherThread [stack: 0x0000000018430000,0x0000000018530000] [id=2872]

VM state:not at safepoint (normal execution)

VM Mutex/Monitor currently owned by a thread: None

Heap:
 PSYoungGen      total 425472K, used 102208K [0x00000000e0000000, 0x00000000ff480000, 0x0000000100000000)
  eden space 333312K, 21% used [0x00000000e0000000,0x00000000e4761e70,0x00000000f4580000)
  from space 92160K, 31% used [0x00000000f4580000,0x00000000f61ee2d0,0x00000000f9f80000)
  to   space 86016K, 0% used [0x00000000fa080000,0x00000000fa080000,0x00000000ff480000)
 ParOldGen       total 276992K, used 78430K [0x00000000a0000000, 0x00000000b0e80000, 0x00000000e0000000)
  object space 276992K, 28% used [0x00000000a0000000,0x00000000a4c979c0,0x00000000b0e80000)
 Metaspace       used 85110K, capacity 92309K, committed 92464K, reserved 1130496K
  class space    used 10848K, capacity 11722K, committed 11824K, reserved 1048576K

Card table byte_map: [0x00000000117c0000,0x0000000011ad0000] byte_map_base: 0x00000000112c0000

Marking Bits: (ParMarkBitMap*) 0x000000005286c720
 Begin Bits: [0x0000000012480000, 0x0000000013c80000)
 End Bits:   [0x0000000013c80000, 0x0000000015480000)

Polling page: 0x0000000000440000

CodeCache: size=245760Kb used=72194Kb max_used=72208Kb free=173565Kb
 bounds [0x0000000002400000, 0x0000000006b00000, 0x0000000011400000]
 total_blobs=19897 nmethods=19067 adapters=740
 compilation: enabled

Compilation events (10 events):
Event: 12529.543 Thread 0x000000001780a800 24747   !   4       java.util.concurrent.FutureTask::run (126 bytes)
Event: 12529.543 Thread 0x000000001780e000 nmethod 24748 0x0000000006ae62d0 code [0x0000000006ae6420, 0x0000000006ae65a8]
Event: 12529.547 Thread 0x000000001780e000 24750       4       java.util.concurrent.Executors$RunnableAdapter::call (14 bytes)
Event: 12529.547 Thread 0x000000001780e000 nmethod 24750 0x00000000026930d0 code [0x0000000002693200, 0x0000000002693298]
Event: 12529.547 Thread 0x000000001780e000 24751 %     4       java.util.ComparableTimSort::mergeLo @ 147 (656 bytes)
Event: 12529.550 Thread 0x000000001780a800 nmethod 24747 0x0000000006af1510 code [0x0000000006af1680, 0x0000000006af1968]
Event: 12529.564 Thread 0x000000001780e000 nmethod 24751% 0x0000000006af8090 code [0x0000000006af8240, 0x0000000006af9318]
Event: 12529.912 Thread 0x000000001780a800 24752       4       java.util.ArrayDeque::allocateElements (62 bytes)
Event: 12529.914 Thread 0x000000001780a800 nmethod 24752 0x0000000006af1190 code [0x0000000006af12e0, 0x0000000006af1458]
Event: 12531.267 Thread 0x000000001780e000 24753  s    4       com.android.builder.png.AaptProcess$ProcessOutputFacade::out (148 bytes)

GC Heap History (10 events):
Event: 11631.599 GC heap before
{Heap before GC invocations=45 (full 4):
 PSYoungGen      total 416256K, used 326778K [0x00000000e0000000, 0x00000000ff880000, 0x0000000100000000)
  eden space 319488K, 99% used [0x00000000e0000000,0x00000000f3797848,0x00000000f3800000)
  from space 96768K, 7% used [0x00000000f9780000,0x00000000f9f07338,0x00000000ff600000)
  to   space 97792K, 0% used [0x00000000f3800000,0x00000000f3800000,0x00000000f9780000)
 ParOldGen       total 276992K, used 64134K [0x00000000a0000000, 0x00000000b0e80000, 0x00000000e0000000)
  object space 276992K, 23% used [0x00000000a0000000,0x00000000a3ea1a88,0x00000000b0e80000)
 Metaspace       used 82121K, capacity 87841K, committed 90288K, reserved 1128448K
  class space    used 10389K, capacity 11081K, committed 11696K, reserved 1048576K
Event: 11631.612 GC heap after
Heap after GC invocations=45 (full 4):
 PSYoungGen      total 417280K, used 2403K [0x00000000e0000000, 0x0000000100000000, 0x0000000100000000)
  eden space 319488K, 0% used [0x00000000e0000000,0x00000000e0000000,0x00000000f3800000)
  from space 97792K, 2% used [0x00000000f3800000,0x00000000f3a58d48,0x00000000f9780000)
  to   space 98304K, 0% used [0x00000000fa000000,0x00000000fa000000,0x0000000100000000)
 ParOldGen       total 276992K, used 67431K [0x00000000a0000000, 0x00000000b0e80000, 0x00000000e0000000)
  object space 276992K, 24% used [0x00000000a0000000,0x00000000a41d9f08,0x00000000b0e80000)
 Metaspace       used 82121K, capacity 87841K, committed 90288K, reserved 1128448K
  class space    used 10389K, capacity 11081K, committed 11696K, reserved 1048576K
}
Event: 12162.756 GC heap before
{Heap before GC invocations=46 (full 4):
 PSYoungGen      total 417280K, used 321891K [0x00000000e0000000, 0x0000000100000000, 0x0000000100000000)
  eden space 319488K, 100% used [0x00000000e0000000,0x00000000f3800000,0x00000000f3800000)
  from space 97792K, 2% used [0x00000000f3800000,0x00000000f3a58d48,0x00000000f9780000)
  to   space 98304K, 0% used [0x00000000fa000000,0x00000000fa000000,0x0000000100000000)
 ParOldGen       total 276992K, used 67431K [0x00000000a0000000, 0x00000000b0e80000, 0x00000000e0000000)
  object space 276992K, 24% used [0x00000000a0000000,0x00000000a41d9f08,0x00000000b0e80000)
 Metaspace       used 83040K, capacity 89279K, committed 91056K, reserved 1128448K
  class space    used 10509K, capacity 11276K, committed 11696K, reserved 1048576K
Event: 12162.782 GC heap after
Heap after GC invocations=46 (full 4):
 PSYoungGen      total 423936K, used 9433K [0x00000000e0000000, 0x00000000ffd80000, 0x0000000100000000)
  eden space 328192K, 0% used [0x00000000e0000000,0x00000000e0000000,0x00000000f4080000)
  from space 95744K, 9% used [0x00000000fa000000,0x00000000fa936498,0x00000000ffd80000)
  to   space 96768K, 0% used [0x00000000f4080000,0x00000000f4080000,0x00000000f9f00000)
 ParOldGen       total 276992K, used 67831K [0x00000000a0000000, 0x00000000b0e80000, 0x00000000e0000000)
  object space 276992K, 24% used [0x00000000a0000000,0x00000000a423df08,0x00000000b0e80000)
 Metaspace       used 83040K, capacity 89279K, committed 91056K, reserved 1128448K
  class space    used 10509K, capacity 11276K, committed 11696K, reserved 1048576K
}
Event: 12363.407 GC heap before
{Heap before GC invocations=47 (full 4):
 PSYoungGen      total 423936K, used 337625K [0x00000000e0000000, 0x00000000ffd80000, 0x0000000100000000)
  eden space 328192K, 100% used [0x00000000e0000000,0x00000000f4080000,0x00000000f4080000)
  from space 95744K, 9% used [0x00000000fa000000,0x00000000fa936498,0x00000000ffd80000)
  to   space 96768K, 0% used [0x00000000f4080000,0x00000000f4080000,0x00000000f9f00000)
 ParOldGen       total 276992K, used 67831K [0x00000000a0000000, 0x00000000b0e80000, 0x00000000e0000000)
  object space 276992K, 24% used [0x00000000a0000000,0x00000000a423df08,0x00000000b0e80000)
 Metaspace       used 84592K, capacity 91589K, committed 91952K, reserved 1130496K
  class space    used 10815K, capacity 11688K, committed 11824K, reserved 1048576K
Event: 12363.419 GC heap after
Heap after GC invocations=47 (full 4):
 PSYoungGen      total 424960K, used 13084K [0x00000000e0000000, 0x00000000ffc00000, 0x0000000100000000)
  eden space 328192K, 0% used [0x00000000e0000000,0x00000000e0000000,0x00000000f4080000)
  from space 96768K, 13% used [0x00000000f4080000,0x00000000f4d47360,0x00000000f9f00000)
  to   space 94208K, 0% used [0x00000000fa000000,0x00000000fa000000,0x00000000ffc00000)
 ParOldGen       total 276992K, used 70663K [0x00000000a0000000, 0x00000000b0e80000, 0x00000000e0000000)
  object space 276992K, 25% used [0x00000000a0000000,0x00000000a4501f68,0x00000000b0e80000)
 Metaspace       used 84592K, capacity 91589K, committed 91952K, reserved 1130496K
  class space    used 10815K, capacity 11688K, committed 11824K, reserved 1048576K
}
Event: 12508.903 GC heap before
{Heap before GC invocations=48 (full 4):
 PSYoungGen      total 424960K, used 341276K [0x00000000e0000000, 0x00000000ffc00000, 0x0000000100000000)
  eden space 328192K, 100% used [0x00000000e0000000,0x00000000f4080000,0x00000000f4080000)
  from space 96768K, 13% used [0x00000000f4080000,0x00000000f4d47360,0x00000000f9f00000)
  to   space 94208K, 0% used [0x00000000fa000000,0x00000000fa000000,0x00000000ffc00000)
 ParOldGen       total 276992K, used 70663K [0x00000000a0000000, 0x00000000b0e80000, 0x00000000e0000000)
  object space 276992K, 25% used [0x00000000a0000000,0x00000000a4501f68,0x00000000b0e80000)
 Metaspace       used 84839K, capacity 91991K, committed 92208K, reserved 1130496K
  class space    used 10837K, capacity 11709K, committed 11824K, reserved 1048576K
Event: 12508.912 GC heap after
Heap after GC invocations=48 (full 4):
 PSYoungGen      total 424960K, used 7600K [0x00000000e0000000, 0x00000000ff980000, 0x0000000100000000)
  eden space 333312K, 0% used [0x00000000e0000000,0x00000000e0000000,0x00000000f4580000)
  from space 91648K, 8% used [0x00000000fa000000,0x00000000fa76c010,0x00000000ff980000)
  to   space 92160K, 0% used [0x00000000f4580000,0x00000000f4580000,0x00000000f9f80000)
 ParOldGen       total 276992K, used 78422K [0x00000000a0000000, 0x00000000b0e80000, 0x00000000e0000000)
  object space 276992K, 28% used [0x00000000a0000000,0x00000000a4c959c0,0x00000000b0e80000)
 Metaspace       used 84839K, capacity 91991K, committed 92208K, reserved 1130496K
  class space    used 10837K, capacity 11709K, committed 11824K, reserved 1048576K
}
Event: 12527.321 GC heap before
{Heap before GC invocations=49 (full 4):
 PSYoungGen      total 424960K, used 340912K [0x00000000e0000000, 0x00000000ff980000, 0x0000000100000000)
  eden space 333312K, 100% used [0x00000000e0000000,0x00000000f4580000,0x00000000f4580000)
  from space 91648K, 8% used [0x00000000fa000000,0x00000000fa76c010,0x00000000ff980000)
  to   space 92160K, 0% used [0x00000000f4580000,0x00000000f4580000,0x00000000f9f80000)
 ParOldGen       total 276992K, used 78422K [0x00000000a0000000, 0x00000000b0e80000, 0x00000000e0000000)
  object space 276992K, 28% used [0x00000000a0000000,0x00000000a4c959c0,0x00000000b0e80000)
 Metaspace       used 85087K, capacity 92283K, committed 92464K, reserved 1130496K
  class space    used 10846K, capacity 11719K, committed 11824K, reserved 1048576K
Event: 12527.341 GC heap after
Heap after GC invocations=49 (full 4):
 PSYoungGen      total 425472K, used 29112K [0x00000000e0000000, 0x00000000ff480000, 0x0000000100000000)
  eden space 333312K, 0% used [0x00000000e0000000,0x00000000e0000000,0x00000000f4580000)
  from space 92160K, 31% used [0x00000000f4580000,0x00000000f61ee2d0,0x00000000f9f80000)
  to   space 86016K, 0% used [0x00000000fa080000,0x00000000fa080000,0x00000000ff480000)
 ParOldGen       total 276992K, used 78430K [0x00000000a0000000, 0x00000000b0e80000, 0x00000000e0000000)
  object space 276992K, 28% used [0x00000000a0000000,0x00000000a4c979c0,0x00000000b0e80000)
 Metaspace       used 85087K, capacity 92283K, committed 92464K, reserved 1130496K
  class space    used 10846K, capacity 11719K, committed 11824K, reserved 1048576K
}

Deoptimization events (10 events):
Event: 12512.075 Thread 0x000000001afed800 Uncommon trap: reason=bimorphic action=maybe_recompile pc=0x00000000055a1670 method=com.sun.tools.javac.comp.Check.checkType(Lcom/sun/tools/javac/util/JCDiagnostic$DiagnosticPosition;Lcom/sun/tools/javac/code/Type;Lcom/sun/tools/javac/code/Type;Lcom/sun/t
Event: 12512.075 Thread 0x000000001afed800 Uncommon trap: reason=bimorphic action=maybe_recompile pc=0x00000000055a1670 method=com.sun.tools.javac.comp.Check.checkType(Lcom/sun/tools/javac/util/JCDiagnostic$DiagnosticPosition;Lcom/sun/tools/javac/code/Type;Lcom/sun/tools/javac/code/Type;Lcom/sun/t
Event: 12513.361 Thread 0x000000001afed800 Uncommon trap: reason=class_check action=maybe_recompile pc=0x00000000045c8624 method=sun.misc.URLClassPath$1.next()Z @ 46
Event: 12513.385 Thread 0x000000001afed800 Uncommon trap: reason=speculate_class_check action=maybe_recompile pc=0x0000000006698cf4 method=com.sun.tools.javac.file.JavacFileManager.inferBinaryName(Ljavax/tools/JavaFileManager$Location;Ljavax/tools/JavaFileObject;)Ljava/lang/String; @ 30
Event: 12513.385 Thread 0x000000001afed800 Uncommon trap: reason=speculate_class_check action=maybe_recompile pc=0x0000000006698cf4 method=com.sun.tools.javac.file.JavacFileManager.inferBinaryName(Ljavax/tools/JavaFileManager$Location;Ljavax/tools/JavaFileObject;)Ljava/lang/String; @ 30
Event: 12513.509 Thread 0x000000001afed800 Uncommon trap: reason=class_check action=maybe_recompile pc=0x0000000003b37494 method=java.util.HashMap.removeNode(ILjava/lang/Object;Ljava/lang/Object;ZZ)Ljava/util/HashMap$Node; @ 143
Event: 12527.320 Thread 0x000000001afed800 Uncommon trap: reason=bimorphic action=maybe_recompile pc=0x00000000060678c0 method=sun.reflect.DelegatingConstructorAccessorImpl.newInstance([Ljava/lang/Object;)Ljava/lang/Object; @ 5
Event: 12527.320 Thread 0x000000001afed800 Uncommon trap: reason=bimorphic action=maybe_recompile pc=0x00000000060678c0 method=sun.reflect.DelegatingConstructorAccessorImpl.newInstance([Ljava/lang/Object;)Ljava/lang/Object; @ 5
Event: 12527.320 Thread 0x000000001afed800 Uncommon trap: reason=bimorphic action=maybe_recompile pc=0x00000000060678c0 method=sun.reflect.DelegatingConstructorAccessorImpl.newInstance([Ljava/lang/Object;)Ljava/lang/Object; @ 5
Event: 12527.320 Thread 0x000000001afed800 Uncommon trap: reason=bimorphic action=maybe_recompile pc=0x00000000060678c0 method=sun.reflect.DelegatingConstructorAccessorImpl.newInstance([Ljava/lang/Object;)Ljava/lang/Object; @ 5

Internal exceptions (10 events):
Event: 12527.091 Thread 0x000000001afed800 Exception <a 'sun/nio/fs/WindowsException'> (0x00000000f3c9b350) thrown at [C:\re\workspace\8-2-build-windows-amd64-cygwin\jdk8u131\8869\hotspot\src\share\vm\prims\jni.cpp, line 709]
Event: 12527.091 Thread 0x000000001afed800 Exception <a 'sun/nio/fs/WindowsException'> (0x00000000f3c9c060) thrown at [C:\re\workspace\8-2-build-windows-amd64-cygwin\jdk8u131\8869\hotspot\src\share\vm\prims\jni.cpp, line 709]
Event: 12527.099 Thread 0x000000001afed800 Exception <a 'sun/nio/fs/WindowsException'> (0x00000000f3c9f790) thrown at [C:\re\workspace\8-2-build-windows-amd64-cygwin\jdk8u131\8869\hotspot\src\share\vm\prims\jni.cpp, line 709]
Event: 12527.099 Thread 0x000000001afed800 Exception <a 'sun/nio/fs/WindowsException'> (0x00000000f3ca0388) thrown at [C:\re\workspace\8-2-build-windows-amd64-cygwin\jdk8u131\8869\hotspot\src\share\vm\prims\jni.cpp, line 709]
Event: 12527.099 Thread 0x000000001afed800 Exception <a 'sun/nio/fs/WindowsException'> (0x00000000f3ca1fc8) thrown at [C:\re\workspace\8-2-build-windows-amd64-cygwin\jdk8u131\8869\hotspot\src\share\vm\prims\jni.cpp, line 709]
Event: 12527.099 Thread 0x000000001afed800 Exception <a 'sun/nio/fs/WindowsException'> (0x00000000f3ca2bf8) thrown at [C:\re\workspace\8-2-build-windows-amd64-cygwin\jdk8u131\8869\hotspot\src\share\vm\prims\jni.cpp, line 709]
Event: 12527.099 Thread 0x000000001afed800 Exception <a 'sun/nio/fs/WindowsException'> (0x00000000f3ca58a8) thrown at [C:\re\workspace\8-2-build-windows-amd64-cygwin\jdk8u131\8869\hotspot\src\share\vm\prims\jni.cpp, line 709]
Event: 12527.099 Thread 0x000000001afed800 Exception <a 'sun/nio/fs/WindowsException'> (0x00000000f3ca6578) thrown at [C:\re\workspace\8-2-build-windows-amd64-cygwin\jdk8u131\8869\hotspot\src\share\vm\prims\jni.cpp, line 709]
Event: 12527.099 Thread 0x000000001afed800 Exception <a 'sun/nio/fs/WindowsException'> (0x00000000f3ca8280) thrown at [C:\re\workspace\8-2-build-windows-amd64-cygwin\jdk8u131\8869\hotspot\src\share\vm\prims\jni.cpp, line 709]
Event: 12527.099 Thread 0x000000001afed800 Exception <a 'sun/nio/fs/WindowsException'> (0x00000000f3ca8f90) thrown at [C:\re\workspace\8-2-build-windows-amd64-cygwin\jdk8u131\8869\hotspot\src\share\vm\prims\jni.cpp, line 709]

Events (10 events):
Event: 12531.052 Thread 0x000000001cd69000 Thread exited: 0x000000001cd69000
Event: 12531.075 Executing VM operation: RevokeBias
Event: 12531.075 Executing VM operation: RevokeBias done
Event: 12531.096 Thread 0x000000001cd69000 Thread added: 0x000000001cd69000
Event: 12531.102 Executing VM operation: RevokeBias
Event: 12531.102 Executing VM operation: RevokeBias done
Event: 12531.104 Executing VM operation: RevokeBias
Event: 12531.104 Executing VM operation: RevokeBias done
Event: 12531.106 Executing VM operation: RevokeBias
Event: 12531.106 Executing VM operation: RevokeBias done


Dynamic libraries:
0x000000013fff0000 - 0x0000000140027000 	C:\Program Files\Java\jdk1.8.0_131\bin\java.exe
0x0000000077940000 - 0x0000000077adf000 	C:\Windows\SYSTEM32\ntdll.dll
0x0000000077820000 - 0x000000007793f000 	C:\Windows\system32\kernel32.dll
0x000007fefd700000 - 0x000007fefd76a000 	C:\Windows\system32\KERNELBASE.dll
0x000007fefd8c0000 - 0x000007fefd99b000 	C:\Windows\system32\ADVAPI32.dll
0x000007feff970000 - 0x000007feffa0f000 	C:\Windows\system32\msvcrt.dll
0x000007fefd8a0000 - 0x000007fefd8bf000 	C:\Windows\SYSTEM32\sechost.dll
0x000007feffa80000 - 0x000007feffbad000 	C:\Windows\system32\RPCRT4.dll
0x0000000077720000 - 0x000000007781a000 	C:\Windows\system32\USER32.dll
0x000007feffa10000 - 0x000007feffa77000 	C:\Windows\system32\GDI32.dll
0x000007feff100000 - 0x000007feff10e000 	C:\Windows\system32\LPK.dll
0x000007fefebc0000 - 0x000007fefec8b000 	C:\Windows\system32\USP10.dll
0x000007fefbda0000 - 0x000007fefbf94000 	C:\Windows\WinSxS\amd64_microsoft.windows.common-controls_6595b64144ccf1df_6.0.7601.18837_none_fa3b1e3d17594757\COMCTL32.dll
0x000007feff3e0000 - 0x000007feff451000 	C:\Windows\system32\SHLWAPI.dll
0x000007fefe930000 - 0x000007fefe95e000 	C:\Windows\system32\IMM32.DLL
0x000007fefeab0000 - 0x000007fefebb9000 	C:\Windows\system32\MSCTF.dll
0x0000000058fe0000 - 0x00000000590b2000 	C:\Program Files\Java\jdk1.8.0_131\jre\bin\msvcr100.dll
0x0000000052050000 - 0x00000000528ec000 	C:\Program Files\Java\jdk1.8.0_131\jre\bin\server\jvm.dll
0x000007fef8aa0000 - 0x000007fef8aa9000 	C:\Windows\system32\WSOCK32.dll
0x000007fefea60000 - 0x000007fefeaad000 	C:\Windows\system32\WS2_32.dll
0x000007feff460000 - 0x000007feff468000 	C:\Windows\system32\NSI.dll
0x000007fef9bd0000 - 0x000007fef9c0b000 	C:\Windows\system32\WINMM.dll
0x000007fefc5b0000 - 0x000007fefc5bc000 	C:\Windows\system32\VERSION.dll
0x0000000077af0000 - 0x0000000077af7000 	C:\Windows\system32\PSAPI.DLL
0x0000000075040000 - 0x000000007504f000 	C:\Program Files\Java\jdk1.8.0_131\jre\bin\verify.dll
0x0000000072200000 - 0x0000000072229000 	C:\Program Files\Java\jdk1.8.0_131\jre\bin\java.dll
0x00000000737b0000 - 0x00000000737c6000 	C:\Program Files\Java\jdk1.8.0_131\jre\bin\zip.dll
0x000007fefdba0000 - 0x000007fefe92a000 	C:\Windows\system32\SHELL32.dll
0x0000000017600000 - 0x00000000177fd000 	C:\Windows\system32\ole32.dll
0x000007fefd4f0000 - 0x000007fefd4ff000 	C:\Windows\system32\profapi.dll
0x0000000073d70000 - 0x0000000073d8a000 	C:\Program Files\Java\jdk1.8.0_131\jre\bin\net.dll
0x000007fefcd90000 - 0x000007fefcde5000 	C:\Windows\system32\mswsock.dll
0x000007fefcf10000 - 0x000007fefcf17000 	C:\Windows\System32\wship6.dll
0x0000000073790000 - 0x00000000737a1000 	C:\Program Files\Java\jdk1.8.0_131\jre\bin\nio.dll
0x000007fedbe40000 - 0x000007fedbe5e000 	C:\Users\cong-pv\.gradle\native\23\windows-amd64\native-platform.dll
0x000007fefce30000 - 0x000007fefce48000 	C:\Windows\system32\CRYPTSP.dll
0x000007fefc9e0000 - 0x000007fefca27000 	C:\Windows\system32\rsaenh.dll
0x000007fefd830000 - 0x000007fefd84e000 	C:\Windows\system32\USERENV.dll
0x000007fefd380000 - 0x000007fefd38f000 	C:\Windows\system32\CRYPTBASE.dll
0x000007fef92e0000 - 0x000007fef9307000 	C:\Windows\system32\IPHLPAPI.DLL
0x000007fef92d0000 - 0x000007fef92db000 	C:\Windows\system32\WINNSI.DLL
0x000007fef8c10000 - 0x000007fef8c21000 	C:\Windows\system32\dhcpcsvc6.DLL
0x000007fef8dc0000 - 0x000007fef8dd8000 	C:\Windows\system32\dhcpcsvc.DLL
0x0000000075050000 - 0x000000007505d000 	C:\Program Files\Java\jdk1.8.0_131\jre\bin\management.dll
0x000007fefd320000 - 0x000007fefd377000 	C:\Windows\system32\apphelp.dll
0x000000006c1e0000 - 0x000000006c204000 	C:\Program Files\Java\jdk1.8.0_131\jre\bin\sunec.dll
0x000007fef9ba0000 - 0x000007fef9bb5000 	C:\Windows\system32\NLAapi.dll
0x000007fef07e0000 - 0x000007fef07f5000 	C:\Windows\system32\napinsp.dll
0x000007fef0800000 - 0x000007fef0819000 	C:\Windows\system32\pnrpnsp.dll
0x000007fefcbb0000 - 0x000007fefcc0b000 	C:\Windows\system32\DNSAPI.dll
0x000007fef07c0000 - 0x000007fef07cb000 	C:\Windows\System32\winrnr.dll
0x000007fefc680000 - 0x000007fefc687000 	C:\Windows\System32\wshtcpip.dll
0x000007fef07d0000 - 0x000007fef07d8000 	C:\Windows\system32\rasadhlp.dll
0x000007fef8c40000 - 0x000007fef8c93000 	C:\Windows\System32\fwpuclnt.dll
0x0000000073c90000 - 0x0000000073c9b000 	C:\Program Files\Java\jdk1.8.0_131\jre\bin\sunmscapi.dll
0x000007fefd590000 - 0x000007fefd6fd000 	C:\Windows\system32\CRYPT32.dll
0x000007fefd4e0000 - 0x000007fefd4ef000 	C:\Windows\system32\MSASN1.dll

VM Arguments:
jvm_args: -Xmx1536m -Dfile.encoding=windows-31j -Duser.country=JP -Duser.language=ja -Duser.variant 
java_command: org.gradle.launcher.daemon.bootstrap.GradleDaemon 3.3
java_class_path (initial): C:\Users\cong-pv\.gradle\wrapper\dists\gradle-3.3-all\55gk2rcmfc6p2dg9u9ohc3hw9\gradle-3.3\lib\gradle-launcher-3.3.jar
Launcher Type: SUN_STANDARD

Environment Variables:
JAVA_HOME=C:\Program Files\Java\jdk1.8.0_131
PATH=C:\Program Files (x86)\Common Files\Oracle\Java\javapath;C:\ProgramData\Oracle\Java\javapath;C:\Program Files (x86)\Intel\iCLS Client\;C:\Program Files\Intel\iCLS Client\;C:\Windows\system32;C:\Windows;C:\Windows\System32\Wbem;C:\Windows\System32\WindowsPowerShell\v1.0\;C:\Program Files (x86)\Intel\UCRT\;C:\Program Files\TortoiseSVN\bin;C:\Users\User\.dnx\bin;C:\Program Files\Microsoft DNX\Dnvm\;C:\Program Files (x86)\Windows Kits\8.1\Windows Performance Toolkit\;C:\Program Files\Microsoft SQL Server\130\Tools\Binn\;C:\Program Files\Git\cmd;C:\Program Files\Microsoft SQL Server\120\Tools\Binn\;C:\Program Files\Microsoft SQLServer\Client SDK\ODBC\110\Tools\Binn\;C:\Program Files (x86)\Microsoft SQL Server\120\Tools\Binn\;C:\Program Files\Microsoft SQL Server\120\DTS\Binn\;C:\Program Files (x86)\Microsoft SQL Server\120\Tools\Binn\ManagementStudio\;C:\ProgramFiles (x86)\Microsoft SQL Server\120\DTS\Binn\;C:\Program Files\Intel\UCRT\;C:\Program Files (x86)\Intel\Intel(R) Management Engine Components\DAL;C:\Program Files\Intel\Intel(R) Management Engine Components\DAL;C:\Program Files (x86)\Intel\Intel(R) Management Engine Components\IPT;C:\Program Files\Intel\Intel(R) Management Engine Components\IPT;c:\Program Files\Microsoft SQL Server\Client SDK\ODBC\110\Tools\Binn\;c:\Program Files (x86)\Microsoft SQL Server\120\DTS\Binn\;C:\Program Files\Java\jdk1.8.0_131\bin;C:\Program Files\TortoiseGit\bin;C:\Go\bin;C:\Users\cong-pv\go\bin
USERNAME=cong-pv
OS=Windows_NT
PROCESSOR_IDENTIFIER=Intel64 Family 6 Model 94 Stepping 3, GenuineIntel



---------------  S Y S T E M  ---------------

OS: Windows 7 , 64 bit Build 7601 (6.1.7601.24260)

CPU:total 4 (initial active 4) (4 cores per cpu, 1 threads per core) family 6 model 94 stepping 3, cmov, cx8, fxsr, mmx, sse, sse2, sse3, ssse3, sse4.1, sse4.2, popcnt, avx, avx2, aes, clmul, erms, rtm, 3dnowpref, lzcnt, tsc, tscinvbit, bmi1, bmi2, adx

Memory: 4k page, physical 12451892k(1335932k free), swap 12449992k(6808k free)

vm_info: Java HotSpot(TM) 64-Bit Server VM (25.131-b11) for windows-amd64 JRE (1.8.0_131-b11), built on Mar 15 2017 01:23:53 by "java_re" with MS VC++ 10.0 (VS2010)

time: Fri Oct 12 18:02:46 2018
elapsed time: 12531 seconds (0d 3h 28m 51s)

