#
# There is insufficient memory for the Java Runtime Environment to continue.
# Native memory allocation (malloc) failed to allocate 372736 bytes for Chunk::new
# Possible reasons:
#   The system is out of physical RAM or swap space
#   In 32 bit mode, the process size limit was hit
# Possible solutions:
#   Reduce memory load on the system
#   Increase physical memory or swap space
#   Check if swap backing store is full
#   Use 64 bit Java on a 64 bit OS
#   Decrease Java heap size (-Xmx/-Xms)
#   Decrease number of Java threads
#   Decrease Java thread stack sizes (-Xss)
#   Set larger code cache with -XX:ReservedCodeCacheSize=
# This output file may be truncated or incomplete.
#
#  Out of Memory Error (allocation.cpp:390), pid=9608, tid=0x000000000000131c
#
# JRE version: Java(TM) SE Runtime Environment (8.0_131-b11) (build 1.8.0_131-b11)
# Java VM: Java HotSpot(TM) 64-Bit Server VM (25.131-b11 mixed mode windows-amd64 compressed oops)
# Failed to write core dump. Minidumps are not enabled by default on client versions of Windows
#

---------------  T H R E A D  ---------------

Current thread (0x000000005708f000):  JavaThread "C2 CompilerThread0" daemon [_thread_in_native, id=4892, stack(0x00000000575d0000,0x00000000576d0000)]

Stack: [0x00000000575d0000,0x00000000576d0000]
[error occurred during error reporting (printing stack bounds), id 0xc0000005]

Native frames: (J=compiled Java code, j=interpreted, Vv=VM code, C=native code)


Current CompileTask:
C2:    759  775       4       com.android.dx.ssa.NormalSsaInsn::accept (25 bytes)


---------------  P R O C E S S  ---------------

Java Threads: ( => current thread )
  0x0000000057382000 JavaThread "pool-2-thread-4" [_thread_blocked, id=11640, stack(0x0000000057d50000,0x0000000057e50000)]
  0x0000000057359800 JavaThread "pool-2-thread-3" [_thread_in_Java, id=9660, stack(0x0000000058040000,0x0000000058140000)]
  0x0000000057231000 JavaThread "pool-2-thread-2" [_thread_blocked, id=4932, stack(0x0000000057ea0000,0x0000000057fa0000)]
  0x0000000057230000 JavaThread "pool-3-thread-1" [_thread_blocked, id=11552, stack(0x0000000057c00000,0x0000000057d00000)]
  0x000000005722c000 JavaThread "pool-2-thread-1" [_thread_in_Java, id=6456, stack(0x0000000055f50000,0x0000000056050000)]
  0x0000000057099000 JavaThread "Service Thread" daemon [_thread_blocked, id=10984, stack(0x0000000057990000,0x0000000057a90000)]
  0x0000000057094000 JavaThread "C1 CompilerThread2" daemon [_thread_blocked, id=7252, stack(0x0000000057850000,0x0000000057950000)]
  0x0000000057093000 JavaThread "C2 CompilerThread1" daemon [_thread_in_native, id=11368, stack(0x00000000576e0000,0x00000000577e0000)]
=>0x000000005708f000 JavaThread "C2 CompilerThread0" daemon [_thread_in_native, id=4892, stack(0x00000000575d0000,0x00000000576d0000)]
  0x000000005708b800 JavaThread "Attach Listener" daemon [_thread_blocked, id=7020, stack(0x00000000574d0000,0x00000000575d0000)]
  0x000000005708a800 JavaThread "Signal Dispatcher" daemon [_thread_blocked, id=10456, stack(0x0000000055d20000,0x0000000055e20000)]
  0x0000000054dda000 JavaThread "Finalizer" daemon [_thread_blocked, id=1016, stack(0x00000000561f0000,0x00000000562f0000)]
  0x0000000054d92800 JavaThread "Reference Handler" daemon [_thread_blocked, id=11080, stack(0x0000000056090000,0x0000000056190000)]
  0x00000000004ae800 JavaThread "main" [_thread_in_native, id=11160, stack(0x0000000002570000,0x0000000002670000)]

Other Threads:
  0x0000000054d8b000 VMThread [stack: 0x0000000055e50000,0x0000000055f50000] [id=9084]
  0x0000000054dfe800 WatcherThread [stack: 0x0000000057ae0000,0x0000000057be0000] [id=11660]

VM state:not at safepoint (normal execution)

VM Mutex/Monitor currently owned by a thread: None

Heap:
 PSYoungGen      total 57344K, used 22620K [0x00000000eab00000, 0x00000000eeb00000, 0x0000000100000000)
  eden space 49152K, 46% used [0x00000000eab00000,0x00000000ec1173f0,0x00000000edb00000)
  from space 8192K, 0% used [0x00000000ee300000,0x00000000ee300000,0x00000000eeb00000)
  to   space 8192K, 0% used [0x00000000edb00000,0x00000000edb00000,0x00000000ee300000)
 ParOldGen       total 131072K, used 0K [0x00000000c0000000, 0x00000000c8000000, 0x00000000eab00000)
  object space 131072K, 0% used [0x00000000c0000000,0x00000000c0000000,0x00000000c8000000)
 Metaspace       used 5749K, capacity 6712K, committed 6784K, reserved 1056768K
  class space    used 601K, capacity 624K, committed 640K, reserved 1048576K

Card table byte_map: [0x0000000011a30000,0x0000000011c40000] byte_map_base: 0x0000000011430000

Marking Bits: (ParMarkBitMap*) 0x000000007012c720
 Begin Bits: [0x0000000012200000, 0x0000000013200000)
 End Bits:   [0x0000000013200000, 0x0000000014200000)

Polling page: 0x0000000000150000

CodeCache: size=245760Kb used=3145Kb max_used=3145Kb free=242614Kb
 bounds [0x0000000002670000, 0x0000000002990000, 0x0000000011670000]
 total_blobs=1045 nmethods=782 adapters=176
 compilation: enabled

Compilation events (10 events):
Event: 0.754 Thread 0x0000000057094000  732       1       com.android.dx.cf.iface.StdMember::getDefiningClass (5 bytes)
Event: 0.754 Thread 0x0000000057094000 nmethod 732 0x0000000002983e50 code [0x0000000002983fa0, 0x00000000029840b0]
Event: 0.754 Thread 0x0000000057094000  774       1       java.lang.Integer::intValue (5 bytes)
Event: 0.754 Thread 0x0000000057094000 nmethod 774 0x0000000002984110 code [0x0000000002984260, 0x0000000002984370]
Event: 0.754 Thread 0x0000000057094000  717       1       java.util.HashMap$Node::getValue (5 bytes)
Event: 0.754 Thread 0x0000000057094000 nmethod 717 0x00000000029843d0 code [0x0000000002984520, 0x0000000002984630]
Event: 0.754 Thread 0x0000000057094000  760       1       com.android.dx.cf.attrib.AttCode::getCode (5 bytes)
Event: 0.754 Thread 0x0000000057094000 nmethod 760 0x0000000002984690 code [0x00000000029847e0, 0x00000000029848f0]
Event: 0.754 Thread 0x0000000057094000  787       1       com.android.dx.cf.code.RopperMachine::returns (5 bytes)
Event: 0.754 Thread 0x0000000057094000 nmethod 787 0x0000000002984950 code [0x0000000002984aa0, 0x0000000002984bb0]

GC Heap History (0 events):
No events

Deoptimization events (6 events):
Event: 0.483 Thread 0x0000000057231000 Uncommon trap: reason=unstable_if action=reinterpret pc=0x000000000284ba94 method=java.util.HashMap.getNode(ILjava/lang/Object;)Ljava/util/HashMap$Node; @ 129
Event: 0.525 Thread 0x0000000057359800 Uncommon trap: reason=unstable_if action=reinterpret pc=0x0000000002876320 method=java.util.BitSet.nextSetBit(I)I @ 87
Event: 0.532 Thread 0x0000000057359800 Uncommon trap: reason=unstable_if action=reinterpret pc=0x00000000028c32c8 method=com.android.dx.rop.code.RegisterSpec.equals(ILcom/android/dx/rop/type/TypeBearer;Lcom/android/dx/rop/code/LocalItem;)Z @ 16
Event: 0.594 Thread 0x0000000057359800 Uncommon trap: reason=unstable_if action=reinterpret pc=0x000000000287b824 method=java.util.BitSet.ensureCapacity(I)V @ 6
Event: 0.690 Thread 0x0000000057231000 Uncommon trap: reason=class_check action=maybe_recompile pc=0x00000000028fbda8 method=com.android.dx.ssa.NormalSsaInsn.accept(Lcom/android/dx/ssa/SsaInsn$Visitor;)V @ 9
Event: 0.711 Thread 0x0000000057359800 Uncommon trap: reason=unloaded action=reinterpret pc=0x00000000028fbadc method=com.android.dx.ssa.SsaRenamer$BlockRenamer.visitMoveInsn(Lcom/android/dx/ssa/NormalSsaInsn;)V @ 208

Internal exceptions (2 events):
Event: 0.041 Thread 0x00000000004ae800 Exception <a 'java/lang/NoSuchMethodError': Method sun.misc.Unsafe.defineClass(Ljava/lang/String;[BII)Ljava/lang/Class; name or signature does not match> (0x00000000eab07ca8) thrown at [C:\re\workspace\8-2-build-windows-amd64-cygwin\jdk8u131\8869\hotspot\
Event: 0.041 Thread 0x00000000004ae800 Exception <a 'java/lang/NoSuchMethodError': Method sun.misc.Unsafe.prefetchRead(Ljava/lang/Object;J)V name or signature does not match> (0x00000000eab07f90) thrown at [C:\re\workspace\8-2-build-windows-amd64-cygwin\jdk8u131\8869\hotspot\src\share\vm\prims

Events (10 events):
Event: 0.651 loading class com/android/dx/cf/attrib/AttLocalVariableTypeTable
Event: 0.651 loading class com/android/dx/cf/attrib/AttLocalVariableTypeTable done
Event: 0.690 Thread 0x0000000057231000 Uncommon trap: trap_request=0xffffffde fr.pc=0x00000000028fbda8
Event: 0.690 Thread 0x0000000057231000 DEOPT PACKING pc=0x00000000028fbda8 sp=0x0000000057f9eb50
Event: 0.690 Thread 0x0000000057231000 DEOPT UNPACKING pc=0x00000000026b582a sp=0x0000000057f9eb70 mode 2
Event: 0.704 loading class java/util/ArrayList$1
Event: 0.704 loading class java/util/ArrayList$1 done
Event: 0.711 Thread 0x0000000057359800 Uncommon trap: trap_request=0x00000035 fr.pc=0x00000000028fbadc
Event: 0.711 Thread 0x0000000057359800 DEOPT PACKING pc=0x00000000028fbadc sp=0x000000005813ebf0
Event: 0.711 Thread 0x0000000057359800 DEOPT UNPACKING pc=0x00000000026b582a sp=0x000000005813eb60 mode 2


Dynamic libraries:
0x000000013f640000 - 0x000000013f677000 	C:\Program Files\Java\jdk1.8.0_131\bin\java.exe
0x0000000077680000 - 0x000000007781f000 	C:\Windows\SYSTEM32\ntdll.dll
0x0000000077460000 - 0x000000007757f000 	C:\Windows\system32\kernel32.dll
0x000007fefd480000 - 0x000007fefd4ea000 	C:\Windows\system32\KERNELBASE.dll
0x000007fefe770000 - 0x000007fefe84b000 	C:\Windows\system32\ADVAPI32.dll
0x000007feff5e0000 - 0x000007feff67f000 	C:\Windows\system32\msvcrt.dll
0x000007feff680000 - 0x000007feff69f000 	C:\Windows\SYSTEM32\sechost.dll
0x000007feff830000 - 0x000007feff95d000 	C:\Windows\system32\RPCRT4.dll
0x0000000077580000 - 0x000000007767a000 	C:\Windows\system32\USER32.dll
0x000007fefd710000 - 0x000007fefd777000 	C:\Windows\system32\GDI32.dll
0x000007fefe0a0000 - 0x000007fefe0ae000 	C:\Windows\system32\LPK.dll
0x000007fefe0b0000 - 0x000007fefe17b000 	C:\Windows\system32\USP10.dll
0x000007fefbc10000 - 0x000007fefbe04000 	C:\Windows\WinSxS\amd64_microsoft.windows.common-controls_6595b64144ccf1df_6.0.7601.18837_none_fa3b1e3d17594757\COMCTL32.dll
0x000007feff6a0000 - 0x000007feff711000 	C:\Windows\system32\SHLWAPI.dll
0x000007fefdfd0000 - 0x000007fefdffe000 	C:\Windows\system32\IMM32.DLL
0x000007feff720000 - 0x000007feff829000 	C:\Windows\system32\MSCTF.dll
0x000000005d4c0000 - 0x000000005d592000 	C:\Program Files\Java\jdk1.8.0_131\jre\bin\msvcr100.dll
0x000000006f910000 - 0x00000000701ac000 	C:\Program Files\Java\jdk1.8.0_131\jre\bin\server\jvm.dll
0x000007fef8600000 - 0x000007fef8609000 	C:\Windows\system32\WSOCK32.dll
0x000007fefdf80000 - 0x000007fefdfcd000 	C:\Windows\system32\WS2_32.dll
0x0000000000140000 - 0x0000000000148000 	C:\Windows\system32\NSI.dll
0x000007fefa730000 - 0x000007fefa76b000 	C:\Windows\system32\WINMM.dll
0x000007fefc420000 - 0x000007fefc42c000 	C:\Windows\system32\VERSION.dll
0x0000000077830000 - 0x0000000077837000 	C:\Windows\system32\PSAPI.DLL
0x0000000072950000 - 0x000000007295f000 	C:\Program Files\Java\jdk1.8.0_131\jre\bin\verify.dll
0x000000006d5e0000 - 0x000000006d609000 	C:\Program Files\Java\jdk1.8.0_131\jre\bin\java.dll
0x000000006d670000 - 0x000000006d686000 	C:\Program Files\Java\jdk1.8.0_131\jre\bin\zip.dll
0x00000000562f0000 - 0x000000005707b000 	C:\Windows\system32\SHELL32.dll
0x000007fefe570000 - 0x000007fefe76d000 	C:\Windows\system32\ole32.dll
0x000007fefd350000 - 0x000007fefd35f000 	C:\Windows\system32\profapi.dll

VM Arguments:
jvm_args: -Djava.awt.headless=true -Xmx1024M -Dfile.encoding=windows-31j -Duser.country=JP -Duser.language=ja -Duser.variant 
java_command: com.android.dx.command.Main --dex --force-jumbo --num-threads=4 --multi-dex --output D:\Project\shouhin_irekae\Android\ProductChange\app\build\intermediates\transforms\dex\debug\folders\1000\5\slice_9 D:\Project\shouhin_irekae\Android\ProductChange\app\build\intermediates\transforms\instantRunSlicer\debug\folders\1\5\slice_9
java_class_path (initial): C:\Users\cong-pv\AppData\Local\Android\Sdk\build-tools\25.0.0\lib\dx.jar
Launcher Type: SUN_STANDARD

Environment Variables:
JAVA_HOME=C:\Program Files\Java\jdk1.8.0_131
PATH=C:\Program Files (x86)\Common Files\Oracle\Java\javapath;C:\ProgramData\Oracle\Java\javapath;C:\Program Files (x86)\Intel\iCLS Client\;C:\Program Files\Intel\iCLS Client\;C:\Windows\system32;C:\Windows;C:\Windows\System32\Wbem;C:\Windows\System32\WindowsPowerShell\v1.0\;C:\Program Files (x86)\Intel\UCRT\;C:\Program Files\TortoiseSVN\bin;C:\Users\User\.dnx\bin;C:\Program Files\Microsoft DNX\Dnvm\;C:\Program Files (x86)\Windows Kits\8.1\Windows Performance Toolkit\;C:\Program Files\Microsoft SQL Server\130\Tools\Binn\;C:\Program Files\Git\cmd;C:\Program Files\Microsoft SQL Server\120\Tools\Binn\;C:\Program Files\Microsoft SQLServer\Client SDK\ODBC\110\Tools\Binn\;C:\Program Files (x86)\Microsoft SQL Server\120\Tools\Binn\;C:\Program Files\Microsoft SQL Server\120\DTS\Binn\;C:\Program Files (x86)\Microsoft SQL Server\120\Tools\Binn\ManagementStudio\;C:\ProgramFiles (x86)\Microsoft SQL Server\120\DTS\Binn\;C:\Program Files\Intel\UCRT\;C:\Program Files (x86)\Intel\Intel(R) Management Engine Components\DAL;C:\Program Files\Intel\Intel(R) Management Engine Components\DAL;C:\Program Files (x86)\Intel\Intel(R) Management Engine Components\IPT;C:\Program Files\Intel\Intel(R) Management Engine Components\IPT;c:\Program Files\Microsoft SQL Server\Client SDK\ODBC\110\Tools\Binn\;c:\Program Files (x86)\Microsoft SQL Server\120\DTS\Binn\;C:\Go\bin;C:\Program Files\Java\jdk1.8.0_131\bin;C:\Program Files\TortoiseGit\bin;C:\Users\cong-pv\go\bin
USERNAME=cong-pv
OS=Windows_NT
PROCESSOR_IDENTIFIER=Intel64 Family 6 Model 94 Stepping 3, GenuineIntel



---------------  S Y S T E M  ---------------

OS: Windows 7 , 64 bit Build 7601 (6.1.7601.24168)

CPU:total 4 (initial active 4) (4 cores per cpu, 1 threads per core) family 6 model 94 stepping 3, cmov, cx8, fxsr, mmx, sse, sse2, sse3, ssse3, sse4.1, sse4.2, popcnt, avx, avx2, aes, clmul, erms, rtm, 3dnowpref, lzcnt, tsc, tscinvbit, bmi1, bmi2, adx

Memory: 4k page, physical 12451892k(1741528k free), swap 12450016k(5180k free)

vm_info: Java HotSpot(TM) 64-Bit Server VM (25.131-b11) for windows-amd64 JRE (1.8.0_131-b11), built on Mar 15 2017 01:23:53 by "java_re" with MS VC++ 10.0 (VS2010)

time: Mon Jul 30 11:36:47 2018
elapsed time: 0 seconds (0d 0h 0m 0s)

