#
# There is insufficient memory for the Java Runtime Environment to continue.
# Native memory allocation (malloc) failed to allocate 197856 bytes for Chunk::new
# Possible reasons:
#   The system is out of physical RAM or swap space
#   In 32 bit mode, the process size limit was hit
# Possible solutions:
#   Reduce memory load on the system
#   Increase physical memory or swap space
#   Check if swap backing store is full
#   Use 64 bit Java on a 64 bit OS
#   Decrease Java heap size (-Xmx/-Xms)
#   Decrease number of Java threads
#   Decrease Java thread stack sizes (-Xss)
#   Set larger code cache with -XX:ReservedCodeCacheSize=
# This output file may be truncated or incomplete.
#
#  Out of Memory Error (allocation.cpp:390), pid=6200, tid=0x0000000000001b18
#
# JRE version: Java(TM) SE Runtime Environment (8.0_131-b11) (build 1.8.0_131-b11)
# Java VM: Java HotSpot(TM) 64-Bit Server VM (25.131-b11 mixed mode windows-amd64 compressed oops)
# Failed to write core dump. Minidumps are not enabled by default on client versions of Windows
#

---------------  T H R E A D  ---------------

Current thread (0x00000000560a5000):  JavaThread "C2 CompilerThread1" daemon [_thread_in_native, id=6936, stack(0x0000000056730000,0x0000000056830000)]

Stack: [0x0000000056730000,0x0000000056830000]
[error occurred during error reporting (printing stack bounds), id 0xc0000005]

Native frames: (J=compiled Java code, j=interpreted, Vv=VM code, C=native code)


Current CompileTask:
C2:   3538 1514       4       com.android.dx.dex.code.RopTranslator$LocalVariableAwareTranslationVisitor::visitThrowingCstInsn (11 bytes)


---------------  P R O C E S S  ---------------

Java Threads: ( => current thread )
  0x000000005768d800 JavaThread "pool-2-thread-4" [_thread_blocked, id=6816, stack(0x0000000057d20000,0x0000000057e20000)]
  0x00000000563b8000 JavaThread "pool-2-thread-3" [_thread_blocked, id=4740, stack(0x0000000057320000,0x0000000057420000)]
  0x0000000056260800 JavaThread "pool-2-thread-2" [_thread_blocked, id=10032, stack(0x0000000056bb0000,0x0000000056cb0000)]
  0x000000005624b000 JavaThread "pool-3-thread-1" [_thread_blocked, id=9472, stack(0x00000000570b0000,0x00000000571b0000)]
  0x000000005624a000 JavaThread "pool-2-thread-1" [_thread_blocked, id=10636, stack(0x0000000056ee0000,0x0000000056fe0000)]
  0x0000000056102000 JavaThread "Service Thread" daemon [_thread_blocked, id=6876, stack(0x0000000056cb0000,0x0000000056db0000)]
  0x0000000054bee800 JavaThread "C1 CompilerThread2" daemon [_thread_blocked, id=12164, stack(0x0000000056a20000,0x0000000056b20000)]
=>0x00000000560a5000 JavaThread "C2 CompilerThread1" daemon [_thread_in_native, id=6936, stack(0x0000000056730000,0x0000000056830000)]
  0x00000000560a1000 JavaThread "C2 CompilerThread0" daemon [_thread_blocked, id=10664, stack(0x0000000056870000,0x0000000056970000)]
  0x000000005609d800 JavaThread "Attach Listener" daemon [_thread_blocked, id=11208, stack(0x00000000565e0000,0x00000000566e0000)]
  0x000000005609c800 JavaThread "Signal Dispatcher" daemon [_thread_blocked, id=5968, stack(0x0000000055b60000,0x0000000055c60000)]
  0x0000000054bca000 JavaThread "Finalizer" daemon [_thread_blocked, id=11336, stack(0x0000000055f90000,0x0000000056090000)]
  0x0000000054b82800 JavaThread "Reference Handler" daemon [_thread_blocked, id=6748, stack(0x0000000055e00000,0x0000000055f00000)]
  0x000000000038e800 JavaThread "main" [_thread_in_native, id=5228, stack(0x0000000002220000,0x0000000002320000)]

Other Threads:
  0x0000000054b7b000 VMThread [stack: 0x0000000055cb0000,0x0000000055db0000] [id=10004]
  0x0000000056158800 WatcherThread [stack: 0x0000000056490000,0x0000000056590000] [id=12100]

VM state:not at safepoint (normal execution)

VM Mutex/Monitor currently owned by a thread: None

Heap:
 PSYoungGen      total 57344K, used 51199K [0x00000000eab00000, 0x00000000eeb00000, 0x0000000100000000)
  eden space 49152K, 87% used [0x00000000eab00000,0x00000000ed500828,0x00000000edb00000)
  from space 8192K, 99% used [0x00000000edb00000,0x00000000ee2ff5a0,0x00000000ee300000)
  to   space 8192K, 0% used [0x00000000ee300000,0x00000000ee300000,0x00000000eeb00000)
 ParOldGen       total 131072K, used 872K [0x00000000c0000000, 0x00000000c8000000, 0x00000000eab00000)
  object space 131072K, 0% used [0x00000000c0000000,0x00000000c00da0b8,0x00000000c8000000)
 Metaspace       used 6051K, capacity 6968K, committed 7040K, reserved 1056768K
  class space    used 602K, capacity 624K, committed 640K, reserved 1048576K

Card table byte_map: [0x00000000116e0000,0x00000000118f0000] byte_map_base: 0x00000000110e0000

Marking Bits: (ParMarkBitMap*) 0x000000005d34c720
 Begin Bits: [0x0000000011ff0000, 0x0000000012ff0000)
 End Bits:   [0x0000000012ff0000, 0x0000000013ff0000)

Polling page: 0x0000000000350000

CodeCache: size=245760Kb used=6452Kb max_used=6466Kb free=239308Kb
 bounds [0x0000000002320000, 0x0000000002980000, 0x0000000011320000]
 total_blobs=1766 nmethods=1502 adapters=177
 compilation: enabled

Compilation events (10 events):
Event: 3.484 Thread 0x00000000560a5000 nmethod 1501% 0x0000000002973310 code [0x0000000002973560, 0x00000000029756f0]
Event: 3.528 Thread 0x0000000054bee800 1510       1       com.android.dx.cf.attrib.InnerClassList$Item::getOuterClass (5 bytes)
Event: 3.528 Thread 0x0000000054bee800 nmethod 1510 0x000000000296e610 code [0x000000000296e760, 0x000000000296e870]
Event: 3.528 Thread 0x0000000054bee800 1511       3       com.android.dx.ssa.SsaBasicBlock::addInsnToHead (27 bytes)
Event: 3.528 Thread 0x00000000560a1000 1513       4       com.android.dx.rop.code.ThrowingInsn::accept (8 bytes)
Event: 3.528 Thread 0x0000000054bee800 nmethod 1511 0x000000000296dad0 code [0x000000000296dca0, 0x000000000296e328]
Event: 3.529 Thread 0x0000000054bee800 1512       3       com.android.dx.ssa.SsaMethod::onInsnAdded (13 bytes)
Event: 3.529 Thread 0x0000000054bee800 nmethod 1512 0x000000000296d5d0 code [0x000000000296d740, 0x000000000296da18]
Event: 3.529 Thread 0x00000000560a1000 nmethod 1513 0x000000000296be90 code [0x000000000296bfc0, 0x000000000296c038]
Event: 3.530 Thread 0x00000000560a5000 1514       4       com.android.dx.dex.code.RopTranslator$LocalVariableAwareTranslationVisitor::visitThrowingCstInsn (11 bytes)

GC Heap History (2 events):
Event: 1.112 GC heap before
{Heap before GC invocations=1 (full 0):
 PSYoungGen      total 57344K, used 49152K [0x00000000eab00000, 0x00000000eeb00000, 0x0000000100000000)
  eden space 49152K, 100% used [0x00000000eab00000,0x00000000edb00000,0x00000000edb00000)
  from space 8192K, 0% used [0x00000000ee300000,0x00000000ee300000,0x00000000eeb00000)
  to   space 8192K, 0% used [0x00000000edb00000,0x00000000edb00000,0x00000000ee300000)
 ParOldGen       total 131072K, used 0K [0x00000000c0000000, 0x00000000c8000000, 0x00000000eab00000)
  object space 131072K, 0% used [0x00000000c0000000,0x00000000c0000000,0x00000000c8000000)
 Metaspace       used 5937K, capacity 6904K, committed 7040K, reserved 1056768K
  class space    used 602K, capacity 624K, committed 640K, reserved 1048576K
Event: 1.120 GC heap after
Heap after GC invocations=1 (full 0):
 PSYoungGen      total 57344K, used 8189K [0x00000000eab00000, 0x00000000eeb00000, 0x0000000100000000)
  eden space 49152K, 0% used [0x00000000eab00000,0x00000000eab00000,0x00000000edb00000)
  from space 8192K, 99% used [0x00000000edb00000,0x00000000ee2ff5a0,0x00000000ee300000)
  to   space 8192K, 0% used [0x00000000ee300000,0x00000000ee300000,0x00000000eeb00000)
 ParOldGen       total 131072K, used 872K [0x00000000c0000000, 0x00000000c8000000, 0x00000000eab00000)
  object space 131072K, 0% used [0x00000000c0000000,0x00000000c00da0b8,0x00000000c8000000)
 Metaspace       used 5937K, capacity 6904K, committed 7040K, reserved 1056768K
  class space    used 602K, capacity 624K, committed 640K, reserved 1048576K
}

Deoptimization events (10 events):
Event: 0.840 Thread 0x000000005768d800 Uncommon trap: reason=unstable_if action=reinterpret pc=0x0000000002651ca0 method=com.android.dx.ssa.NormalSsaInsn.getLocalAssignment()Lcom/android/dx/rop/code/RegisterSpec; @ 12
Event: 0.842 Thread 0x000000005768d800 Uncommon trap: reason=unstable_if action=reinterpret pc=0x000000000261b814 method=com.android.dx.rop.code.RegisterSpec.equals(ILcom/android/dx/rop/type/TypeBearer;Lcom/android/dx/rop/code/LocalItem;)Z @ 24
Event: 0.843 Thread 0x000000005768d800 Uncommon trap: reason=unstable_if action=reinterpret pc=0x00000000025deefc method=com.android.dx.rop.code.RegisterSpec.equals(ILcom/android/dx/rop/type/TypeBearer;Lcom/android/dx/rop/code/LocalItem;)Z @ 24
Event: 0.848 Thread 0x000000005768d800 Uncommon trap: reason=unstable_if action=reinterpret pc=0x000000000258f784 method=com.android.dx.rop.code.RegisterSpec.equals(ILcom/android/dx/rop/type/TypeBearer;Lcom/android/dx/rop/code/LocalItem;)Z @ 24
Event: 0.848 Thread 0x000000005768d800 Uncommon trap: reason=unstable_if action=reinterpret pc=0x0000000002576b24 method=java.util.BitSet.ensureCapacity(I)V @ 6
Event: 0.989 Thread 0x00000000563b8000 Uncommon trap: reason=unstable_if action=reinterpret pc=0x00000000027b1960 method=com.android.dx.ssa.SCCP.simulateBranch(Lcom/android/dx/ssa/SsaInsn;)V @ 81
Event: 1.021 Thread 0x000000005624a000 Uncommon trap: reason=unstable_if action=reinterpret pc=0x00000000026a7fec method=com.android.dx.ssa.SsaRenamer$BlockRenamer.addMapping(ILcom/android/dx/rop/code/RegisterSpec;)V @ 120
Event: 1.031 Thread 0x000000005624a000 Uncommon trap: reason=unstable_if action=reinterpret pc=0x00000000027c752c method=com.android.dx.ssa.SCCP.simulateStmt(Lcom/android/dx/ssa/SsaInsn;)V @ 469
Event: 1.066 Thread 0x0000000056260800 Uncommon trap: reason=unstable_if action=reinterpret pc=0x00000000027371d0 method=com.android.dx.util.IntList.binarysearch(I)I @ 26
Event: 1.301 Thread 0x00000000563b8000 Uncommon trap: reason=unstable_if action=reinterpret pc=0x00000000028074f8 method=com.android.dx.rop.code.Insn.equalsHandleNulls(Ljava/lang/Object;Ljava/lang/Object;)Z @ 14

Internal exceptions (2 events):
Event: 0.109 Thread 0x000000000038e800 Exception <a 'java/lang/NoSuchMethodError': Method sun.misc.Unsafe.defineClass(Ljava/lang/String;[BII)Ljava/lang/Class; name or signature does not match> (0x00000000eab07ca8) thrown at [C:\re\workspace\8-2-build-windows-amd64-cygwin\jdk8u131\8869\hotspot\
Event: 0.109 Thread 0x000000000038e800 Exception <a 'java/lang/NoSuchMethodError': Method sun.misc.Unsafe.prefetchRead(Ljava/lang/Object;J)V name or signature does not match> (0x00000000eab07f90) thrown at [C:\re\workspace\8-2-build-windows-amd64-cygwin\jdk8u131\8869\hotspot\src\share\vm\prims

Events (10 events):
Event: 2.030 Thread 0x000000005624a000 DEOPT PACKING pc=0x0000000002612291 sp=0x0000000056fde5a0
Event: 2.030 Thread 0x000000005624a000 DEOPT UNPACKING pc=0x000000000236787f sp=0x0000000056fde310 mode 0
Event: 2.459 Thread 0x000000005768d800 DEOPT PACKING pc=0x00000000028a1394 sp=0x0000000057e1e5f0
Event: 2.459 Thread 0x000000005768d800 DEOPT UNPACKING pc=0x000000000236787f sp=0x0000000057e1e300 mode 0
Event: 2.857 Thread 0x000000005624a000 DEOPT PACKING pc=0x00000000028aaf43 sp=0x0000000056fde650
Event: 2.857 Thread 0x000000005624a000 DEOPT UNPACKING pc=0x000000000236787f sp=0x0000000056fde3a8 mode 0
Event: 3.202 Thread 0x0000000056260800 DEOPT PACKING pc=0x0000000002751d3d sp=0x0000000056caef50
Event: 3.202 Thread 0x0000000056260800 DEOPT UNPACKING pc=0x000000000236787f sp=0x0000000056caec40 mode 0
Event: 3.445 Thread 0x000000005624a000 DEOPT PACKING pc=0x00000000028b6d1d sp=0x0000000056fde700
Event: 3.445 Thread 0x000000005624a000 DEOPT UNPACKING pc=0x000000000236787f sp=0x0000000056fde440 mode 0


Dynamic libraries:
0x000000013fde0000 - 0x000000013fe17000 	C:\Program Files\Java\jdk1.8.0_131\bin\java.exe
0x00000000772e0000 - 0x000000007747f000 	C:\Windows\SYSTEM32\ntdll.dll
0x00000000771c0000 - 0x00000000772df000 	C:\Windows\system32\kernel32.dll
0x000007fefcef0000 - 0x000007fefcf5a000 	C:\Windows\system32\KERNELBASE.dll
0x000007fefd340000 - 0x000007fefd41b000 	C:\Windows\system32\ADVAPI32.dll
0x000007feff350000 - 0x000007feff3ef000 	C:\Windows\system32\msvcrt.dll
0x000007fefd840000 - 0x000007fefd85f000 	C:\Windows\SYSTEM32\sechost.dll
0x000007fefd500000 - 0x000007fefd62d000 	C:\Windows\system32\RPCRT4.dll
0x00000000770c0000 - 0x00000000771ba000 	C:\Windows\system32\USER32.dll
0x000007feff200000 - 0x000007feff267000 	C:\Windows\system32\GDI32.dll
0x000007fefd330000 - 0x000007fefd33e000 	C:\Windows\system32\LPK.dll
0x000007feff280000 - 0x000007feff34b000 	C:\Windows\system32\USP10.dll
0x000007fefb740000 - 0x000007fefb934000 	C:\Windows\WinSxS\amd64_microsoft.windows.common-controls_6595b64144ccf1df_6.0.7601.18837_none_fa3b1e3d17594757\COMCTL32.dll
0x000007fefd860000 - 0x000007fefd8d1000 	C:\Windows\system32\SHLWAPI.dll
0x000007fefece0000 - 0x000007fefed0e000 	C:\Windows\system32\IMM32.DLL
0x000007fefd730000 - 0x000007fefd839000 	C:\Windows\system32\MSCTF.dll
0x000000005d3d0000 - 0x000000005d4a2000 	C:\Program Files\Java\jdk1.8.0_131\jre\bin\msvcr100.dll
0x000000005cb30000 - 0x000000005d3cc000 	C:\Program Files\Java\jdk1.8.0_131\jre\bin\server\jvm.dll
0x000007fef8570000 - 0x000007fef8579000 	C:\Windows\system32\WSOCK32.dll
0x000007fefd240000 - 0x000007fefd28d000 	C:\Windows\system32\WS2_32.dll
0x0000000000340000 - 0x0000000000348000 	C:\Windows\system32\NSI.dll
0x000007fefa3b0000 - 0x000007fefa3eb000 	C:\Windows\system32\WINMM.dll
0x000007fefbf50000 - 0x000007fefbf5c000 	C:\Windows\system32\VERSION.dll
0x0000000077480000 - 0x0000000077487000 	C:\Windows\system32\PSAPI.DLL
0x00000000673e0000 - 0x00000000673ef000 	C:\Program Files\Java\jdk1.8.0_131\jre\bin\verify.dll
0x0000000066d70000 - 0x0000000066d99000 	C:\Program Files\Java\jdk1.8.0_131\jre\bin\java.dll
0x0000000066db0000 - 0x0000000066dc6000 	C:\Program Files\Java\jdk1.8.0_131\jre\bin\zip.dll
0x000007fefdf50000 - 0x000007fefecdb000 	C:\Windows\system32\SHELL32.dll
0x000007fefed30000 - 0x000007fefef2d000 	C:\Windows\system32\ole32.dll
0x000007fefce90000 - 0x000007fefce9f000 	C:\Windows\system32\profapi.dll

VM Arguments:
jvm_args: -Djava.awt.headless=true -Xmx1024M -Dfile.encoding=windows-31j -Duser.country=JP -Duser.language=ja -Duser.variant 
java_command: com.android.dx.command.Main --dex --force-jumbo --num-threads=4 --multi-dex --output D:\Project\shouhin_irekae\Android\ProductChange\app\build\intermediates\transforms\dex\debug\folders\1000\5\slice_2 D:\Project\shouhin_irekae\Android\ProductChange\app\build\intermediates\transforms\instantRunSlicer\debug\folders\1\5\slice_2
java_class_path (initial): C:\Users\cong-pv\AppData\Local\Android\Sdk\build-tools\25.0.0\lib\dx.jar
Launcher Type: SUN_STANDARD

Environment Variables:
JAVA_HOME=C:\Program Files\Java\jdk1.8.0_131
PATH=C:\Program Files (x86)\Common Files\Oracle\Java\javapath;C:\ProgramData\Oracle\Java\javapath;C:\Program Files (x86)\Intel\iCLS Client\;C:\Program Files\Intel\iCLS Client\;C:\Windows\system32;C:\Windows;C:\Windows\System32\Wbem;C:\Windows\System32\WindowsPowerShell\v1.0\;C:\Program Files (x86)\Intel\UCRT\;C:\Program Files\TortoiseSVN\bin;C:\Users\User\.dnx\bin;C:\Program Files\Microsoft DNX\Dnvm\;C:\Program Files (x86)\Windows Kits\8.1\Windows Performance Toolkit\;C:\Program Files\Microsoft SQL Server\130\Tools\Binn\;C:\Program Files\Git\cmd;C:\Program Files\Microsoft SQL Server\120\Tools\Binn\;C:\Program Files\Microsoft SQLServer\Client SDK\ODBC\110\Tools\Binn\;C:\Program Files (x86)\Microsoft SQL Server\120\Tools\Binn\;C:\Program Files\Microsoft SQL Server\120\DTS\Binn\;C:\Program Files (x86)\Microsoft SQL Server\120\Tools\Binn\ManagementStudio\;C:\ProgramFiles (x86)\Microsoft SQL Server\120\DTS\Binn\;C:\Program Files\Intel\UCRT\;C:\Program Files (x86)\Intel\Intel(R) Management Engine Components\DAL;C:\Program Files\Intel\Intel(R) Management Engine Components\DAL;C:\Program Files (x86)\Intel\Intel(R) Management Engine Components\IPT;C:\Program Files\Intel\Intel(R) Management Engine Components\IPT;c:\Program Files\Microsoft SQL Server\Client SDK\ODBC\110\Tools\Binn\;c:\Program Files (x86)\Microsoft SQL Server\120\DTS\Binn\;C:\Program Files\Java\jdk1.8.0_131\bin;C:\Program Files\TortoiseGit\bin;C:\Go\bin;C:\Users\cong-pv\go\bin
USERNAME=cong-pv
OS=Windows_NT
PROCESSOR_IDENTIFIER=Intel64 Family 6 Model 94 Stepping 3, GenuineIntel



---------------  S Y S T E M  ---------------

OS: Windows 7 , 64 bit Build 7601 (6.1.7601.24214)

CPU:total 4 (initial active 4) (4 cores per cpu, 1 threads per core) family 6 model 94 stepping 3, cmov, cx8, fxsr, mmx, sse, sse2, sse3, ssse3, sse4.1, sse4.2, popcnt, avx, avx2, aes, clmul, erms, rtm, 3dnowpref, lzcnt, tsc, tscinvbit, bmi1, bmi2, adx

Memory: 4k page, physical 12451892k(1736952k free), swap 12449992k(3084k free)

vm_info: Java HotSpot(TM) 64-Bit Server VM (25.131-b11) for windows-amd64 JRE (1.8.0_131-b11), built on Mar 15 2017 01:23:53 by "java_re" with MS VC++ 10.0 (VS2010)

time: Wed Sep 05 15:07:23 2018
elapsed time: 3 seconds (0d 0h 0m 3s)

