#
# There is insufficient memory for the Java Runtime Environment to continue.
# Native memory allocation (malloc) failed to allocate 510576 bytes for Chunk::new
# Possible reasons:
#   The system is out of physical RAM or swap space
#   In 32 bit mode, the process size limit was hit
# Possible solutions:
#   Reduce memory load on the system
#   Increase physical memory or swap space
#   Check if swap backing store is full
#   Use 64 bit Java on a 64 bit OS
#   Decrease Java heap size (-Xmx/-Xms)
#   Decrease number of Java threads
#   Decrease Java thread stack sizes (-Xss)
#   Set larger code cache with -XX:ReservedCodeCacheSize=
# This output file may be truncated or incomplete.
#
#  Out of Memory Error (allocation.cpp:390), pid=6952, tid=0x0000000000001f20
#
# JRE version: Java(TM) SE Runtime Environment (8.0_131-b11) (build 1.8.0_131-b11)
# Java VM: Java HotSpot(TM) 64-Bit Server VM (25.131-b11 mixed mode windows-amd64 compressed oops)
# Failed to write core dump. Minidumps are not enabled by default on client versions of Windows
#

---------------  T H R E A D  ---------------

Current thread (0x000000005640f000):  JavaThread "C2 CompilerThread0" daemon [_thread_in_native, id=7968, stack(0x0000000056ce0000,0x0000000056de0000)]

Stack: [0x0000000056ce0000,0x0000000056de0000]
[error occurred during error reporting (printing stack bounds), id 0xc0000005]

Native frames: (J=compiled Java code, j=interpreted, Vv=VM code, C=native code)


Current CompileTask:
C2:   2886 1404   !   4       com.android.dx.cf.code.RopperMachine::run (1550 bytes)


---------------  P R O C E S S  ---------------

Java Threads: ( => current thread )
  0x0000000056754000 JavaThread "pool-2-thread-4" [_thread_blocked, id=8284, stack(0x0000000055e80000,0x0000000055f80000)]
  0x0000000056725000 JavaThread "pool-2-thread-3" [_thread_blocked, id=11604, stack(0x0000000057870000,0x0000000057970000)]
  0x00000000565d6800 JavaThread "pool-2-thread-2" [_thread_blocked, id=11308, stack(0x0000000057720000,0x0000000057820000)]
  0x00000000565cc800 JavaThread "pool-3-thread-1" [_thread_blocked, id=2468, stack(0x0000000056a70000,0x0000000056b70000)]
  0x00000000565c8800 JavaThread "pool-2-thread-1" [_thread_blocked, id=11120, stack(0x0000000057550000,0x0000000057650000)]
  0x000000005647f800 JavaThread "Service Thread" daemon [_thread_blocked, id=13092, stack(0x0000000057180000,0x0000000057280000)]
  0x0000000056414000 JavaThread "C1 CompilerThread2" daemon [_thread_blocked, id=6140, stack(0x0000000056fb0000,0x00000000570b0000)]
  0x0000000056413000 JavaThread "C2 CompilerThread1" daemon [_thread_in_native, id=11696, stack(0x0000000056e20000,0x0000000056f20000)]
=>0x000000005640f000 JavaThread "C2 CompilerThread0" daemon [_thread_in_native, id=7968, stack(0x0000000056ce0000,0x0000000056de0000)]
  0x000000005640b800 JavaThread "Attach Listener" daemon [_thread_blocked, id=11872, stack(0x0000000056b70000,0x0000000056c70000)]
  0x000000005640a800 JavaThread "Signal Dispatcher" daemon [_thread_blocked, id=11168, stack(0x00000000568c0000,0x00000000569c0000)]
  0x0000000054e7a000 JavaThread "Finalizer" daemon [_thread_blocked, id=12488, stack(0x0000000056100000,0x0000000056200000)]
  0x0000000054e32800 JavaThread "Reference Handler" daemon [_thread_blocked, id=8468, stack(0x0000000055fb0000,0x00000000560b0000)]
  0x000000000048e800 JavaThread "main" [_thread_blocked, id=13156, stack(0x00000000023f0000,0x00000000024f0000)]

Other Threads:
  0x0000000054e2b000 VMThread [stack: 0x0000000055d80000,0x0000000055e80000] [id=6776]
  0x00000000564c5800 WatcherThread [stack: 0x0000000057360000,0x0000000057460000] [id=12472]

VM state:not at safepoint (normal execution)

VM Mutex/Monitor currently owned by a thread: None

Heap:
 PSYoungGen      total 57344K, used 32105K [0x00000000eab00000, 0x00000000eeb00000, 0x0000000100000000)
  eden space 49152K, 48% used [0x00000000eab00000,0x00000000ec25cf70,0x00000000edb00000)
  from space 8192K, 99% used [0x00000000edb00000,0x00000000ee2fd550,0x00000000ee300000)
  to   space 8192K, 0% used [0x00000000ee300000,0x00000000ee300000,0x00000000eeb00000)
 ParOldGen       total 131072K, used 1216K [0x00000000c0000000, 0x00000000c8000000, 0x00000000eab00000)
  object space 131072K, 0% used [0x00000000c0000000,0x00000000c0130278,0x00000000c8000000)
 Metaspace       used 5968K, capacity 6904K, committed 7040K, reserved 1056768K
  class space    used 602K, capacity 624K, committed 640K, reserved 1048576K

Card table byte_map: [0x00000000118b0000,0x0000000011ac0000] byte_map_base: 0x00000000112b0000

Marking Bits: (ParMarkBitMap*) 0x000000005c8bc720
 Begin Bits: [0x00000000122a0000, 0x00000000132a0000)
 End Bits:   [0x00000000132a0000, 0x00000000142a0000)

Polling page: 0x0000000000440000

CodeCache: size=245760Kb used=5754Kb max_used=5769Kb free=240005Kb
 bounds [0x00000000024f0000, 0x0000000002aa0000, 0x00000000114f0000]
 total_blobs=1660 nmethods=1396 adapters=177
 compilation: enabled

Compilation events (10 events):
Event: 2.854 Thread 0x0000000056414000 1406       3       com.android.dx.ssa.back.SsaToRop::convertBasicBlocks (151 bytes)
Event: 2.855 Thread 0x0000000056414000 nmethod 1406 0x0000000002a8e050 code [0x0000000002a8e360, 0x0000000002a8fbf8]
Event: 2.855 Thread 0x0000000056414000 1407       3       com.android.dx.dex.code.RopTranslator::outputInstructions (69 bytes)
Event: 2.855 Thread 0x0000000056414000 nmethod 1407 0x0000000002a85650 code [0x0000000002a857e0, 0x0000000002a85c38]
Event: 2.855 Thread 0x0000000056414000 1408       3       com.android.dx.rop.code.RopMethod::<init> (53 bytes)
Event: 2.856 Thread 0x0000000056414000 nmethod 1408 0x0000000002a909d0 code [0x0000000002a90b60, 0x0000000002a90f38]
Event: 2.864 Thread 0x0000000056413000 nmethod 1398 0x0000000002a94b50 code [0x0000000002a94d00, 0x0000000002a95b78]
Event: 2.864 Thread 0x0000000056413000 1402       4       com.android.dx.ssa.back.SsaToRop$1::visitBlock (97 bytes)
Event: 2.883 Thread 0x0000000056413000 nmethod 1402 0x0000000002a99410 code [0x0000000002a99620, 0x0000000002a9a5f8]
Event: 2.883 Thread 0x0000000056413000 1400       4       java.util.ArrayList::removeRange (75 bytes)

GC Heap History (2 events):
Event: 1.314 GC heap before
{Heap before GC invocations=1 (full 0):
 PSYoungGen      total 57344K, used 49152K [0x00000000eab00000, 0x00000000eeb00000, 0x0000000100000000)
  eden space 49152K, 100% used [0x00000000eab00000,0x00000000edb00000,0x00000000edb00000)
  from space 8192K, 0% used [0x00000000ee300000,0x00000000ee300000,0x00000000eeb00000)
  to   space 8192K, 0% used [0x00000000edb00000,0x00000000edb00000,0x00000000ee300000)
 ParOldGen       total 131072K, used 0K [0x00000000c0000000, 0x00000000c8000000, 0x00000000eab00000)
  object space 131072K, 0% used [0x00000000c0000000,0x00000000c0000000,0x00000000c8000000)
 Metaspace       used 5907K, capacity 6840K, committed 7040K, reserved 1056768K
  class space    used 602K, capacity 624K, committed 640K, reserved 1048576K
Event: 1.828 GC heap after
Heap after GC invocations=1 (full 0):
 PSYoungGen      total 57344K, used 8181K [0x00000000eab00000, 0x00000000eeb00000, 0x0000000100000000)
  eden space 49152K, 0% used [0x00000000eab00000,0x00000000eab00000,0x00000000edb00000)
  from space 8192K, 99% used [0x00000000edb00000,0x00000000ee2fd550,0x00000000ee300000)
  to   space 8192K, 0% used [0x00000000ee300000,0x00000000ee300000,0x00000000eeb00000)
 ParOldGen       total 131072K, used 1216K [0x00000000c0000000, 0x00000000c8000000, 0x00000000eab00000)
  object space 131072K, 0% used [0x00000000c0000000,0x00000000c0130278,0x00000000c8000000)
 Metaspace       used 5907K, capacity 6840K, committed 7040K, reserved 1056768K
  class space    used 602K, capacity 624K, committed 640K, reserved 1048576K
}

Deoptimization events (10 events):
Event: 0.852 Thread 0x0000000056754000 Uncommon trap: reason=unloaded action=reinterpret pc=0x0000000002757384 method=com.android.dx.ssa.SsaRenamer$BlockRenamer.visitMoveInsn(Lcom/android/dx/ssa/NormalSsaInsn;)V @ 208
Event: 0.861 Thread 0x0000000056754000 Uncommon trap: reason=unstable_if action=reinterpret pc=0x0000000002748324 method=com.android.dx.rop.code.RegisterSpec.equals(ILcom/android/dx/rop/type/TypeBearer;Lcom/android/dx/rop/code/LocalItem;)Z @ 24
Event: 0.862 Thread 0x0000000056754000 Uncommon trap: reason=unstable_if action=reinterpret pc=0x000000000270ea24 method=java.util.BitSet.ensureCapacity(I)V @ 6
Event: 0.952 Thread 0x00000000565c8800 Uncommon trap: reason=unstable_if action=reinterpret pc=0x000000000286286c method=com.android.dx.ssa.SsaRenamer$BlockRenamer.addMapping(ILcom/android/dx/rop/code/RegisterSpec;)V @ 120
Event: 0.977 Thread 0x00000000565c8800 Uncommon trap: reason=class_check action=maybe_recompile pc=0x0000000002972414 method=com.android.dx.ssa.NormalSsaInsn.accept(Lcom/android/dx/ssa/SsaInsn$Visitor;)V @ 9
Event: 0.996 Thread 0x00000000565c8800 Uncommon trap: reason=class_check action=maybe_recompile pc=0x0000000002972414 method=com.android.dx.ssa.NormalSsaInsn.accept(Lcom/android/dx/ssa/SsaInsn$Visitor;)V @ 9
Event: 1.031 Thread 0x0000000056754000 Uncommon trap: reason=class_check action=maybe_recompile pc=0x0000000002972414 method=com.android.dx.ssa.NormalSsaInsn.accept(Lcom/android/dx/ssa/SsaInsn$Visitor;)V @ 9
Event: 1.235 Thread 0x00000000565c8800 Uncommon trap: reason=unstable_if action=reinterpret pc=0x0000000002991694 method=com.android.dx.ssa.SsaRenamer$BlockRenamer.visitMoveInsn(Lcom/android/dx/ssa/NormalSsaInsn;)V @ 104
Event: 1.235 Thread 0x00000000565c8800 Uncommon trap: reason=class_check action=maybe_recompile pc=0x0000000002972414 method=com.android.dx.ssa.NormalSsaInsn.accept(Lcom/android/dx/ssa/SsaInsn$Visitor;)V @ 9
Event: 1.237 Thread 0x00000000565c8800 Uncommon trap: reason=unstable_if action=reinterpret pc=0x00000000028eac50 method=com.android.dx.util.IntList.binarysearch(I)I @ 26

Internal exceptions (2 events):
Event: 0.040 Thread 0x000000000048e800 Exception <a 'java/lang/NoSuchMethodError': Method sun.misc.Unsafe.defineClass(Ljava/lang/String;[BII)Ljava/lang/Class; name or signature does not match> (0x00000000eab07ca8) thrown at [C:\re\workspace\8-2-build-windows-amd64-cygwin\jdk8u131\8869\hotspot\
Event: 0.040 Thread 0x000000000048e800 Exception <a 'java/lang/NoSuchMethodError': Method sun.misc.Unsafe.prefetchRead(Ljava/lang/Object;J)V name or signature does not match> (0x00000000eab07f90) thrown at [C:\re\workspace\8-2-build-windows-amd64-cygwin\jdk8u131\8869\hotspot\src\share\vm\prims

Events (10 events):
Event: 1.237 Thread 0x00000000565c8800 DEOPT PACKING pc=0x00000000028eac50 sp=0x000000005764e6d0
Event: 1.237 Thread 0x00000000565c8800 DEOPT UNPACKING pc=0x000000000253582a sp=0x000000005764e648 mode 2
Event: 1.245 loading class com/android/dx/dex/file/MethodAnnotationStruct
Event: 1.245 loading class com/android/dx/dex/file/MethodAnnotationStruct done
Event: 1.314 Executing VM operation: ParallelGCFailedAllocation
Event: 1.828 Executing VM operation: ParallelGCFailedAllocation done
Event: 1.840 Thread 0x00000000565c8800 DEOPT PACKING pc=0x000000000284a70d sp=0x000000005764e760
Event: 1.840 Thread 0x00000000565c8800 DEOPT UNPACKING pc=0x000000000253787f sp=0x000000005764e550 mode 0
Event: 2.835 Thread 0x0000000056725000 DEOPT PACKING pc=0x00000000028cb4fc sp=0x000000005796edb0
Event: 2.835 Thread 0x0000000056725000 DEOPT UNPACKING pc=0x000000000253787f sp=0x000000005796eb78 mode 0


Dynamic libraries:
0x000000013f3b0000 - 0x000000013f3e7000 	C:\Program Files\Java\jdk1.8.0_131\bin\java.exe
0x00000000771c0000 - 0x000000007735f000 	C:\Windows\SYSTEM32\ntdll.dll
0x00000000770a0000 - 0x00000000771bf000 	C:\Windows\system32\kernel32.dll
0x000007fefcd80000 - 0x000007fefcdea000 	C:\Windows\system32\KERNELBASE.dll
0x000007fefd170000 - 0x000007fefd24b000 	C:\Windows\system32\ADVAPI32.dll
0x000007fefe7e0000 - 0x000007fefe87f000 	C:\Windows\system32\msvcrt.dll
0x000007fefe700000 - 0x000007fefe71f000 	C:\Windows\SYSTEM32\sechost.dll
0x000007fefe300000 - 0x000007fefe42d000 	C:\Windows\system32\RPCRT4.dll
0x0000000076fa0000 - 0x000000007709a000 	C:\Windows\system32\USER32.dll
0x000007feff150000 - 0x000007feff1b7000 	C:\Windows\system32\GDI32.dll
0x000007feff260000 - 0x000007feff26e000 	C:\Windows\system32\LPK.dll
0x000007fefeef0000 - 0x000007fefefbb000 	C:\Windows\system32\USP10.dll
0x000007fefb620000 - 0x000007fefb814000 	C:\Windows\WinSxS\amd64_microsoft.windows.common-controls_6595b64144ccf1df_6.0.7601.18837_none_fa3b1e3d17594757\COMCTL32.dll
0x000007fefee70000 - 0x000007fefeee1000 	C:\Windows\system32\SHLWAPI.dll
0x000007fefe2d0000 - 0x000007fefe2fe000 	C:\Windows\system32\IMM32.DLL
0x000007fefefc0000 - 0x000007feff0c9000 	C:\Windows\system32\MSCTF.dll
0x000000005c940000 - 0x000000005ca12000 	C:\Program Files\Java\jdk1.8.0_131\jre\bin\msvcr100.dll
0x000000005c0a0000 - 0x000000005c93c000 	C:\Program Files\Java\jdk1.8.0_131\jre\bin\server\jvm.dll
0x000007fef7ff0000 - 0x000007fef7ff9000 	C:\Windows\system32\WSOCK32.dll
0x000007fefd120000 - 0x000007fefd16d000 	C:\Windows\system32\WS2_32.dll
0x000007fefd530000 - 0x000007fefd538000 	C:\Windows\system32\NSI.dll
0x000007fef9510000 - 0x000007fef954b000 	C:\Windows\system32\WINMM.dll
0x000007fefbe30000 - 0x000007fefbe3c000 	C:\Windows\system32\VERSION.dll
0x0000000077370000 - 0x0000000077377000 	C:\Windows\system32\PSAPI.DLL
0x000000006aaa0000 - 0x000000006aaaf000 	C:\Program Files\Java\jdk1.8.0_131\jre\bin\verify.dll
0x000000006aa70000 - 0x000000006aa99000 	C:\Program Files\Java\jdk1.8.0_131\jre\bin\java.dll
0x00000000620d0000 - 0x00000000620e6000 	C:\Program Files\Java\jdk1.8.0_131\jre\bin\zip.dll
0x000007fefd540000 - 0x000007fefe2cb000 	C:\Windows\system32\SHELL32.dll
0x0000000056200000 - 0x00000000563fd000 	C:\Windows\system32\ole32.dll
0x000007fefcd60000 - 0x000007fefcd6f000 	C:\Windows\system32\profapi.dll

VM Arguments:
jvm_args: -Djava.awt.headless=true -Xmx1024M -Dfile.encoding=windows-31j -Duser.country=JP -Duser.language=ja -Duser.variant 
java_command: com.android.dx.command.Main --dex --force-jumbo --num-threads=4 --multi-dex --output D:\Project\shouhin_irekae\Android\ProductChange\app\build\intermediates\transforms\dex\debug\folders\1000\5\slice_2 D:\Project\shouhin_irekae\Android\ProductChange\app\build\intermediates\transforms\instantRunSlicer\debug\folders\1\5\slice_2
java_class_path (initial): C:\Users\cong-pv\AppData\Local\Android\Sdk\build-tools\25.0.0\lib\dx.jar
Launcher Type: SUN_STANDARD

Environment Variables:
JAVA_HOME=C:\Program Files\Java\jdk1.8.0_131
PATH=C:\Program Files (x86)\Common Files\Oracle\Java\javapath;C:\ProgramData\Oracle\Java\javapath;C:\Program Files (x86)\Intel\iCLS Client\;C:\Program Files\Intel\iCLS Client\;C:\Windows\system32;C:\Windows;C:\Windows\System32\Wbem;C:\Windows\System32\WindowsPowerShell\v1.0\;C:\Program Files (x86)\Intel\UCRT\;C:\Program Files\TortoiseSVN\bin;C:\Users\User\.dnx\bin;C:\Program Files\Microsoft DNX\Dnvm\;C:\Program Files (x86)\Windows Kits\8.1\Windows Performance Toolkit\;C:\Program Files\Microsoft SQL Server\130\Tools\Binn\;C:\Program Files\Git\cmd;C:\Program Files\Microsoft SQL Server\120\Tools\Binn\;C:\Program Files\Microsoft SQLServer\Client SDK\ODBC\110\Tools\Binn\;C:\Program Files (x86)\Microsoft SQL Server\120\Tools\Binn\;C:\Program Files\Microsoft SQL Server\120\DTS\Binn\;C:\Program Files (x86)\Microsoft SQL Server\120\Tools\Binn\ManagementStudio\;C:\ProgramFiles (x86)\Microsoft SQL Server\120\DTS\Binn\;C:\Program Files\Intel\UCRT\;C:\Program Files (x86)\Intel\Intel(R) Management Engine Components\DAL;C:\Program Files\Intel\Intel(R) Management Engine Components\DAL;C:\Program Files (x86)\Intel\Intel(R) Management Engine Components\IPT;C:\Program Files\Intel\Intel(R) Management Engine Components\IPT;c:\Program Files\Microsoft SQL Server\Client SDK\ODBC\110\Tools\Binn\;c:\Program Files (x86)\Microsoft SQL Server\120\DTS\Binn\;C:\Program Files\Java\jdk1.8.0_131\bin;C:\Program Files\TortoiseGit\bin;C:\Go\bin;C:\Users\cong-pv\go\bin
USERNAME=cong-pv
OS=Windows_NT
PROCESSOR_IDENTIFIER=Intel64 Family 6 Model 94 Stepping 3, GenuineIntel



---------------  S Y S T E M  ---------------

OS: Windows 7 , 64 bit Build 7601 (6.1.7601.24214)

CPU:total 4 (initial active 4) (4 cores per cpu, 1 threads per core) family 6 model 94 stepping 3, cmov, cx8, fxsr, mmx, sse, sse2, sse3, ssse3, sse4.1, sse4.2, popcnt, avx, avx2, aes, clmul, erms, rtm, 3dnowpref, lzcnt, tsc, tscinvbit, bmi1, bmi2, adx

Memory: 4k page, physical 12451892k(2017008k free), swap 12449992k(3264k free)

vm_info: Java HotSpot(TM) 64-Bit Server VM (25.131-b11) for windows-amd64 JRE (1.8.0_131-b11), built on Mar 15 2017 01:23:53 by "java_re" with MS VC++ 10.0 (VS2010)

time: Thu Sep 06 17:54:07 2018
elapsed time: 2 seconds (0d 0h 0m 2s)

