#
# There is insufficient memory for the Java Runtime Environment to continue.
# Native memory allocation (malloc) failed to allocate 913776 bytes for Chunk::new
# Possible reasons:
#   The system is out of physical RAM or swap space
#   In 32 bit mode, the process size limit was hit
# Possible solutions:
#   Reduce memory load on the system
#   Increase physical memory or swap space
#   Check if swap backing store is full
#   Use 64 bit Java on a 64 bit OS
#   Decrease Java heap size (-Xmx/-Xms)
#   Decrease number of Java threads
#   Decrease Java thread stack sizes (-Xss)
#   Set larger code cache with -XX:ReservedCodeCacheSize=
# This output file may be truncated or incomplete.
#
#  Out of Memory Error (allocation.cpp:390), pid=8196, tid=0x0000000000002de0
#
# JRE version: Java(TM) SE Runtime Environment (8.0_131-b11) (build 1.8.0_131-b11)
# Java VM: Java HotSpot(TM) 64-Bit Server VM (25.131-b11 mixed mode windows-amd64 compressed oops)
# Failed to write core dump. Minidumps are not enabled by default on client versions of Windows
#

---------------  T H R E A D  ---------------

Current thread (0x000000005609d000):  JavaThread "C2 CompilerThread1" daemon [_thread_in_native, id=11744, stack(0x0000000056af0000,0x0000000056bf0000)]

Stack: [0x0000000056af0000,0x0000000056bf0000]
[error occurred during error reporting (printing stack bounds), id 0xc0000005]

Native frames: (J=compiled Java code, j=interpreted, Vv=VM code, C=native code)


Current CompileTask:
C2:   3164 1490   !   4       com.android.dx.cf.code.Ropper::processBlock (1101 bytes)


---------------  P R O C E S S  ---------------

Java Threads: ( => current thread )
  0x0000000056377000 JavaThread "pool-2-thread-4" [_thread_blocked, id=8996, stack(0x0000000057490000,0x0000000057590000)]
  0x000000005635f000 JavaThread "pool-2-thread-3" [_thread_in_Java, id=1336, stack(0x0000000056c10000,0x0000000056d10000)]
  0x0000000056242800 JavaThread "pool-2-thread-2" [_thread_blocked, id=5600, stack(0x0000000057390000,0x0000000057490000)]
  0x000000005623c800 JavaThread "pool-3-thread-1" [_thread_blocked, id=11876, stack(0x0000000057230000,0x0000000057330000)]
  0x000000005623c000 JavaThread "pool-2-thread-1" [_thread_blocked, id=9904, stack(0x00000000570d0000,0x00000000571d0000)]
  0x00000000560a2800 JavaThread "Service Thread" daemon [_thread_blocked, id=10600, stack(0x0000000056d80000,0x0000000056e80000)]
  0x000000005609e000 JavaThread "C1 CompilerThread2" daemon [_thread_blocked, id=7016, stack(0x00000000567a0000,0x00000000568a0000)]
=>0x000000005609d000 JavaThread "C2 CompilerThread1" daemon [_thread_in_native, id=11744, stack(0x0000000056af0000,0x0000000056bf0000)]
  0x0000000054bee800 JavaThread "C2 CompilerThread0" daemon [_thread_in_native, id=10832, stack(0x0000000056900000,0x0000000056a00000)]
  0x0000000054bed800 JavaThread "Attach Listener" daemon [_thread_blocked, id=7692, stack(0x00000000564f0000,0x00000000565f0000)]
  0x0000000054bdf000 JavaThread "Signal Dispatcher" daemon [_thread_blocked, id=11472, stack(0x0000000056670000,0x0000000056770000)]
  0x0000000054bca000 JavaThread "Finalizer" daemon [_thread_blocked, id=6844, stack(0x0000000055f90000,0x0000000056090000)]
  0x0000000054b82800 JavaThread "Reference Handler" daemon [_thread_blocked, id=9464, stack(0x0000000055e20000,0x0000000055f20000)]
  0x0000000001dee800 JavaThread "main" [_thread_in_native, id=8392, stack(0x0000000002370000,0x0000000002470000)]

Other Threads:
  0x0000000054b7b000 VMThread [stack: 0x0000000055c30000,0x0000000055d30000] [id=9752]
  0x0000000056133800 WatcherThread [stack: 0x0000000056f80000,0x0000000057080000] [id=6588]

VM state:not at safepoint (normal execution)

VM Mutex/Monitor currently owned by a thread: None

Heap:
 PSYoungGen      total 106496K, used 30278K [0x00000000eab00000, 0x00000000f1b00000, 0x0000000100000000)
  eden space 98304K, 22% used [0x00000000eab00000,0x00000000ec091ab8,0x00000000f0b00000)
  from space 8192K, 99% used [0x00000000f1300000,0x00000000f1affef8,0x00000000f1b00000)
  to   space 8192K, 0% used [0x00000000f0b00000,0x00000000f0b00000,0x00000000f1300000)
 ParOldGen       total 131072K, used 3526K [0x00000000c0000000, 0x00000000c8000000, 0x00000000eab00000)
  object space 131072K, 2% used [0x00000000c0000000,0x00000000c0371aa8,0x00000000c8000000)
 Metaspace       used 6023K, capacity 7000K, committed 7168K, reserved 1056768K
  class space    used 603K, capacity 656K, committed 768K, reserved 1048576K

Card table byte_map: [0x0000000011830000,0x0000000011a40000] byte_map_base: 0x0000000011230000

Marking Bits: (ParMarkBitMap*) 0x000000006ffec720
 Begin Bits: [0x0000000011ff0000, 0x0000000012ff0000)
 End Bits:   [0x0000000012ff0000, 0x0000000013ff0000)

Polling page: 0x0000000000370000

CodeCache: size=245760Kb used=6377Kb max_used=6377Kb free=239382Kb
 bounds [0x0000000002470000, 0x0000000002ab0000, 0x0000000011470000]
 total_blobs=1816 nmethods=1553 adapters=176
 compilation: enabled

Compilation events (10 events):
Event: 3.082 Thread 0x0000000054bee800 1557       4       com.android.dx.ssa.SsaBasicBlock::isExitBlock (20 bytes)
Event: 3.083 Thread 0x0000000054bee800 nmethod 1557 0x0000000002a6b9d0 code [0x0000000002a6bb00, 0x0000000002a6bb78]
Event: 3.083 Thread 0x0000000054bee800 1555       4       com.android.dx.util.BitIntSet::merge (148 bytes)
Event: 3.086 Thread 0x0000000054bee800 nmethod 1555 0x0000000002aa1450 code [0x0000000002aa15a0, 0x0000000002aa18b8]
Event: 3.086 Thread 0x0000000054bee800 1525       4       com.android.dx.rop.type.Type::isCategory2 (36 bytes)
Event: 3.087 Thread 0x0000000054bee800 nmethod 1525 0x0000000002890690 code [0x00000000028907c0, 0x0000000002890838]
Event: 3.087 Thread 0x0000000054bee800 1529 %     4       com.android.dx.util.Bits::or @ 2 (24 bytes)
Event: 3.089 Thread 0x0000000054bee800 nmethod 1529% 0x0000000002aa1b50 code [0x0000000002aa1ca0, 0x0000000002aa1e98]
Event: 3.089 Thread 0x0000000054bee800 1548       4       com.android.dx.rop.code.Rop::isCommutative (60 bytes)
Event: 3.089 Thread 0x0000000054bee800 nmethod 1548 0x0000000002968ed0 code [0x0000000002969000, 0x0000000002969078]

GC Heap History (4 events):
Event: 1.443 GC heap before
{Heap before GC invocations=1 (full 0):
 PSYoungGen      total 57344K, used 49152K [0x00000000eab00000, 0x00000000eeb00000, 0x0000000100000000)
  eden space 49152K, 100% used [0x00000000eab00000,0x00000000edb00000,0x00000000edb00000)
  from space 8192K, 0% used [0x00000000ee300000,0x00000000ee300000,0x00000000eeb00000)
  to   space 8192K, 0% used [0x00000000edb00000,0x00000000edb00000,0x00000000ee300000)
 ParOldGen       total 131072K, used 0K [0x00000000c0000000, 0x00000000c8000000, 0x00000000eab00000)
  object space 131072K, 0% used [0x00000000c0000000,0x00000000c0000000,0x00000000c8000000)
 Metaspace       used 5845K, capacity 6840K, committed 7040K, reserved 1056768K
  class space    used 601K, capacity 624K, committed 640K, reserved 1048576K
Event: 1.497 GC heap after
Heap after GC invocations=1 (full 0):
 PSYoungGen      total 57344K, used 6797K [0x00000000eab00000, 0x00000000f1b00000, 0x0000000100000000)
  eden space 49152K, 0% used [0x00000000eab00000,0x00000000eab00000,0x00000000edb00000)
  from space 8192K, 82% used [0x00000000edb00000,0x00000000ee1a3458,0x00000000ee300000)
  to   space 8192K, 0% used [0x00000000f1300000,0x00000000f1300000,0x00000000f1b00000)
 ParOldGen       total 131072K, used 16K [0x00000000c0000000, 0x00000000c8000000, 0x00000000eab00000)
  object space 131072K, 0% used [0x00000000c0000000,0x00000000c0004000,0x00000000c8000000)
 Metaspace       used 5845K, capacity 6840K, committed 7040K, reserved 1056768K
  class space    used 601K, capacity 624K, committed 640K, reserved 1048576K
}
Event: 2.699 GC heap before
{Heap before GC invocations=2 (full 0):
 PSYoungGen      total 57344K, used 55949K [0x00000000eab00000, 0x00000000f1b00000, 0x0000000100000000)
  eden space 49152K, 100% used [0x00000000eab00000,0x00000000edb00000,0x00000000edb00000)
  from space 8192K, 82% used [0x00000000edb00000,0x00000000ee1a3458,0x00000000ee300000)
  to   space 8192K, 0% used [0x00000000f1300000,0x00000000f1300000,0x00000000f1b00000)
 ParOldGen       total 131072K, used 16K [0x00000000c0000000, 0x00000000c8000000, 0x00000000eab00000)
  object space 131072K, 0% used [0x00000000c0000000,0x00000000c0004000,0x00000000c8000000)
 Metaspace       used 6018K, capacity 7000K, committed 7168K, reserved 1056768K
  class space    used 603K, capacity 656K, committed 768K, reserved 1048576K
Event: 3.000 GC heap after
Heap after GC invocations=2 (full 0):
 PSYoungGen      total 106496K, used 8191K [0x00000000eab00000, 0x00000000f1b00000, 0x0000000100000000)
  eden space 98304K, 0% used [0x00000000eab00000,0x00000000eab00000,0x00000000f0b00000)
  from space 8192K, 99% used [0x00000000f1300000,0x00000000f1affef8,0x00000000f1b00000)
  to   space 8192K, 0% used [0x00000000f0b00000,0x00000000f0b00000,0x00000000f1300000)
 ParOldGen       total 131072K, used 3526K [0x00000000c0000000, 0x00000000c8000000, 0x00000000eab00000)
  object space 131072K, 2% used [0x00000000c0000000,0x00000000c0371aa8,0x00000000c8000000)
 Metaspace       used 6018K, capacity 7000K, committed 7168K, reserved 1056768K
  class space    used 603K, capacity 656K, committed 768K, reserved 1048576K
}

Deoptimization events (10 events):
Event: 1.188 Thread 0x0000000056242800 Uncommon trap: reason=unstable_if action=reinterpret pc=0x00000000026fb6f4 method=com.android.dx.ssa.SsaRenamer$BlockRenamer.addMapping(ILcom/android/dx/rop/code/RegisterSpec;)V @ 120
Event: 1.946 Thread 0x0000000056377000 Uncommon trap: reason=null_check action=make_not_entrant pc=0x00000000027cfc7c method=com.android.dx.ssa.SsaRenamer.getLocalForNewReg(I)Lcom/android/dx/rop/code/LocalItem; @ 19
Event: 1.946 Thread 0x0000000056377000 Uncommon trap: reason=null_check action=make_not_entrant pc=0x00000000027fac28 method=com.android.dx.ssa.SsaRenamer.getLocalForNewReg(I)Lcom/android/dx/rop/code/LocalItem; @ 19
Event: 1.948 Thread 0x0000000056377000 Uncommon trap: reason=unstable_if action=reinterpret pc=0x00000000025e7d04 method=com.android.dx.rop.cst.Constant.compareTo(Lcom/android/dx/rop/cst/Constant;)I @ 12
Event: 1.959 Thread 0x000000005623c000 Uncommon trap: reason=bimorphic action=maybe_recompile pc=0x000000000282efa4 method=com.android.dx.cf.code.Merger.mergeType(Lcom/android/dx/rop/type/TypeBearer;Lcom/android/dx/rop/type/TypeBearer;)Lcom/android/dx/rop/type/TypeBearer; @ 6
Event: 1.972 Thread 0x0000000056377000 Uncommon trap: reason=bimorphic action=maybe_recompile pc=0x000000000282efa4 method=com.android.dx.cf.code.Merger.mergeType(Lcom/android/dx/rop/type/TypeBearer;Lcom/android/dx/rop/type/TypeBearer;)Lcom/android/dx/rop/type/TypeBearer; @ 6
Event: 2.165 Thread 0x0000000056242800 Uncommon trap: reason=bimorphic action=maybe_recompile pc=0x000000000282efa4 method=com.android.dx.cf.code.Merger.mergeType(Lcom/android/dx/rop/type/TypeBearer;Lcom/android/dx/rop/type/TypeBearer;)Lcom/android/dx/rop/type/TypeBearer; @ 6
Event: 2.166 Thread 0x0000000056242800 Uncommon trap: reason=bimorphic action=maybe_recompile pc=0x000000000282efa4 method=com.android.dx.cf.code.Merger.mergeType(Lcom/android/dx/rop/type/TypeBearer;Lcom/android/dx/rop/type/TypeBearer;)Lcom/android/dx/rop/type/TypeBearer; @ 6
Event: 2.657 Thread 0x0000000056242800 Uncommon trap: reason=unstable_if action=reinterpret pc=0x0000000002975870 method=com.android.dx.ssa.SCCP.simulateBranch(Lcom/android/dx/ssa/SsaInsn;)V @ 107
Event: 3.067 Thread 0x000000005623c000 Uncommon trap: reason=bimorphic action=maybe_recompile pc=0x000000000295adac method=com.android.dx.ssa.SCCP.simulatePhi(Lcom/android/dx/ssa/PhiInsn;)V @ 124

Internal exceptions (4 events):
Event: 0.040 Thread 0x0000000001dee800 Exception <a 'java/lang/NoSuchMethodError': Method sun.misc.Unsafe.defineClass(Ljava/lang/String;[BII)Ljava/lang/Class; name or signature does not match> (0x00000000eab07ca8) thrown at [C:\re\workspace\8-2-build-windows-amd64-cygwin\jdk8u131\8869\hotspot\
Event: 0.040 Thread 0x0000000001dee800 Exception <a 'java/lang/NoSuchMethodError': Method sun.misc.Unsafe.prefetchRead(Ljava/lang/Object;J)V name or signature does not match> (0x00000000eab07f90) thrown at [C:\re\workspace\8-2-build-windows-amd64-cygwin\jdk8u131\8869\hotspot\src\share\vm\prims
Event: 1.946 Thread 0x0000000056377000 Implicit null exception at 0x00000000027ceabe to 0x00000000027cfc31
Event: 1.946 Thread 0x0000000056377000 Implicit null exception at 0x00000000027f9c79 to 0x00000000027fabf5

Events (10 events):
Event: 3.015 Thread 0x0000000056242800 DEOPT UNPACKING pc=0x00000000024b787f sp=0x000000005748e710 mode 0
Event: 3.040 Thread 0x000000005635f000 DEOPT PACKING pc=0x00000000028e7d36 sp=0x0000000056d0edf0
Event: 3.040 Thread 0x000000005635f000 DEOPT UNPACKING pc=0x00000000024b787f sp=0x0000000056d0eb58 mode 0
Event: 3.043 Thread 0x000000005635f000 DEOPT PACKING pc=0x00000000029aab9a sp=0x0000000056d0eeb0
Event: 3.043 Thread 0x000000005635f000 DEOPT UNPACKING pc=0x00000000024b787f sp=0x0000000056d0ec28 mode 0
Event: 3.056 Thread 0x000000005635f000 DEOPT PACKING pc=0x00000000028c50f6 sp=0x0000000056d0ea50
Event: 3.056 Thread 0x000000005635f000 DEOPT UNPACKING pc=0x00000000024b787f sp=0x0000000056d0e890 mode 0
Event: 3.067 Thread 0x000000005623c000 Uncommon trap: trap_request=0xffffffc6 fr.pc=0x000000000295adac
Event: 3.067 Thread 0x000000005623c000 DEOPT PACKING pc=0x000000000295adac sp=0x00000000571ce750
Event: 3.067 Thread 0x000000005623c000 DEOPT UNPACKING pc=0x00000000024b582a sp=0x00000000571ce708 mode 2


Dynamic libraries:
0x000000013f660000 - 0x000000013f697000 	C:\Program Files\Java\jdk1.8.0_131\bin\java.exe
0x0000000077060000 - 0x00000000771ff000 	C:\Windows\SYSTEM32\ntdll.dll
0x0000000076e40000 - 0x0000000076f5f000 	C:\Windows\system32\kernel32.dll
0x000007fefcf30000 - 0x000007fefcf9a000 	C:\Windows\system32\KERNELBASE.dll
0x000007fefd0d0000 - 0x000007fefd1ab000 	C:\Windows\system32\ADVAPI32.dll
0x000007feff0e0000 - 0x000007feff17f000 	C:\Windows\system32\msvcrt.dll
0x000007fefd030000 - 0x000007fefd04f000 	C:\Windows\SYSTEM32\sechost.dll
0x000007fefe070000 - 0x000007fefe19d000 	C:\Windows\system32\RPCRT4.dll
0x0000000076f60000 - 0x000000007705a000 	C:\Windows\system32\USER32.dll
0x000007fefcfc0000 - 0x000007fefd027000 	C:\Windows\system32\GDI32.dll
0x000007fefe1d0000 - 0x000007fefe1de000 	C:\Windows\system32\LPK.dll
0x000007feff180000 - 0x000007feff24b000 	C:\Windows\system32\USP10.dll
0x000007fefb4c0000 - 0x000007fefb6b4000 	C:\Windows\WinSxS\amd64_microsoft.windows.common-controls_6595b64144ccf1df_6.0.7601.18837_none_fa3b1e3d17594757\COMCTL32.dll
0x000007fefe4b0000 - 0x000007fefe521000 	C:\Windows\system32\SHLWAPI.dll
0x0000000000320000 - 0x000000000034e000 	C:\Windows\system32\IMM32.DLL
0x000007fefdf60000 - 0x000007fefe069000 	C:\Windows\system32\MSCTF.dll
0x0000000058460000 - 0x0000000058532000 	C:\Program Files\Java\jdk1.8.0_131\jre\bin\msvcr100.dll
0x000000006f7d0000 - 0x000000007006c000 	C:\Program Files\Java\jdk1.8.0_131\jre\bin\server\jvm.dll
0x000007feee0f0000 - 0x000007feee0f9000 	C:\Windows\system32\WSOCK32.dll
0x000007feff250000 - 0x000007feff29d000 	C:\Windows\system32\WS2_32.dll
0x000007feff340000 - 0x000007feff348000 	C:\Windows\system32\NSI.dll
0x000007fef93c0000 - 0x000007fef93fb000 	C:\Windows\system32\WINMM.dll
0x000007fefbcd0000 - 0x000007fefbcdc000 	C:\Windows\system32\VERSION.dll
0x0000000077210000 - 0x0000000077217000 	C:\Windows\system32\PSAPI.DLL
0x0000000073ee0000 - 0x0000000073eef000 	C:\Program Files\Java\jdk1.8.0_131\jre\bin\verify.dll
0x0000000073eb0000 - 0x0000000073ed9000 	C:\Program Files\Java\jdk1.8.0_131\jre\bin\java.dll
0x0000000073e80000 - 0x0000000073e96000 	C:\Program Files\Java\jdk1.8.0_131\jre\bin\zip.dll
0x000007fefd1d0000 - 0x000007fefdf5b000 	C:\Windows\system32\SHELL32.dll
0x000007fefe530000 - 0x000007fefe72d000 	C:\Windows\system32\ole32.dll
0x000007fefcc00000 - 0x000007fefcc0f000 	C:\Windows\system32\profapi.dll

VM Arguments:
jvm_args: -Djava.awt.headless=true -Xmx1024M -Dfile.encoding=windows-31j -Duser.country=JP -Duser.language=ja -Duser.variant 
java_command: com.android.dx.command.Main --dex --force-jumbo --num-threads=4 --multi-dex --output D:\Project\shouhin_irekae\Android\ProductChange\app\build\intermediates\transforms\dex\debug\folders\1000\5\slice_9 D:\Project\shouhin_irekae\Android\ProductChange\app\build\intermediates\transforms\instantRunSlicer\debug\folders\1\5\slice_9
java_class_path (initial): C:\Users\cong-pv\AppData\Local\Android\Sdk\build-tools\25.0.0\lib\dx.jar
Launcher Type: SUN_STANDARD

Environment Variables:
JAVA_HOME=C:\Program Files\Java\jdk1.8.0_131
PATH=C:\Program Files (x86)\Common Files\Oracle\Java\javapath;C:\ProgramData\Oracle\Java\javapath;C:\Program Files (x86)\Intel\iCLS Client\;C:\Program Files\Intel\iCLS Client\;C:\Windows\system32;C:\Windows;C:\Windows\System32\Wbem;C:\Windows\System32\WindowsPowerShell\v1.0\;C:\Program Files (x86)\Intel\UCRT\;C:\Program Files\TortoiseSVN\bin;C:\Users\User\.dnx\bin;C:\Program Files\Microsoft DNX\Dnvm\;C:\Program Files (x86)\Windows Kits\8.1\Windows Performance Toolkit\;C:\Program Files\Microsoft SQL Server\130\Tools\Binn\;C:\Program Files\Git\cmd;C:\Program Files\Microsoft SQL Server\120\Tools\Binn\;C:\Program Files\Microsoft SQLServer\Client SDK\ODBC\110\Tools\Binn\;C:\Program Files (x86)\Microsoft SQL Server\120\Tools\Binn\;C:\Program Files\Microsoft SQL Server\120\DTS\Binn\;C:\Program Files (x86)\Microsoft SQL Server\120\Tools\Binn\ManagementStudio\;C:\ProgramFiles (x86)\Microsoft SQL Server\120\DTS\Binn\;C:\Program Files\Intel\UCRT\;C:\Program Files (x86)\Intel\Intel(R) Management Engine Components\DAL;C:\Program Files\Intel\Intel(R) Management Engine Components\DAL;C:\Program Files (x86)\Intel\Intel(R) Management Engine Components\IPT;C:\Program Files\Intel\Intel(R) Management Engine Components\IPT;c:\Program Files\Microsoft SQL Server\Client SDK\ODBC\110\Tools\Binn\;c:\Program Files (x86)\Microsoft SQL Server\120\DTS\Binn\;C:\Program Files\Java\jdk1.8.0_131\bin;C:\Program Files\TortoiseGit\bin;C:\Go\bin;C:\Users\cong-pv\go\bin
USERNAME=cong-pv
OS=Windows_NT
PROCESSOR_IDENTIFIER=Intel64 Family 6 Model 94 Stepping 3, GenuineIntel



---------------  S Y S T E M  ---------------

OS: Windows 7 , 64 bit Build 7601 (6.1.7601.24214)

CPU:total 4 (initial active 4) (4 cores per cpu, 1 threads per core) family 6 model 94 stepping 3, cmov, cx8, fxsr, mmx, sse, sse2, sse3, ssse3, sse4.1, sse4.2, popcnt, avx, avx2, aes, clmul, erms, rtm, 3dnowpref, lzcnt, tsc, tscinvbit, bmi1, bmi2, adx

Memory: 4k page, physical 12451892k(1840064k free), swap 12449992k(4996k free)

vm_info: Java HotSpot(TM) 64-Bit Server VM (25.131-b11) for windows-amd64 JRE (1.8.0_131-b11), built on Mar 15 2017 01:23:53 by "java_re" with MS VC++ 10.0 (VS2010)

time: Fri Aug 31 17:54:37 2018
elapsed time: 3 seconds (0d 0h 0m 3s)

