#
# There is insufficient memory for the Java Runtime Environment to continue.
# Native memory allocation (malloc) failed to allocate 1339760 bytes for Chunk::new
# Possible reasons:
#   The system is out of physical RAM or swap space
#   In 32 bit mode, the process size limit was hit
# Possible solutions:
#   Reduce memory load on the system
#   Increase physical memory or swap space
#   Check if swap backing store is full
#   Use 64 bit Java on a 64 bit OS
#   Decrease Java heap size (-Xmx/-Xms)
#   Decrease number of Java threads
#   Decrease Java thread stack sizes (-Xss)
#   Set larger code cache with -XX:ReservedCodeCacheSize=
# This output file may be truncated or incomplete.
#
#  Out of Memory Error (allocation.cpp:390), pid=11952, tid=0x0000000000002b58
#
# JRE version: Java(TM) SE Runtime Environment (8.0_131-b11) (build 1.8.0_131-b11)
# Java VM: Java HotSpot(TM) 64-Bit Server VM (25.131-b11 mixed mode windows-amd64 compressed oops)
# Failed to write core dump. Minidumps are not enabled by default on client versions of Windows
#

---------------  T H R E A D  ---------------

Current thread (0x00000000562e1000):  JavaThread "C2 CompilerThread0" daemon [_thread_in_native, id=11096, stack(0x0000000056b70000,0x0000000056c70000)]

Stack: [0x0000000056b70000,0x0000000056c70000]
[error occurred during error reporting (printing stack bounds), id 0xc0000005]

Native frames: (J=compiled Java code, j=interpreted, Vv=VM code, C=native code)


Current CompileTask:
C2:   1308 1215   !   4       com.android.dx.cf.cst.ConstantPoolParser::parse0 (731 bytes)


---------------  P R O C E S S  ---------------

Java Threads: ( => current thread )
  0x00000000565b1800 JavaThread "pool-2-thread-4" [_thread_in_Java, id=12024, stack(0x0000000058260000,0x0000000058360000)]
  0x0000000056497800 JavaThread "pool-2-thread-3" [_thread_blocked, id=7164, stack(0x0000000058130000,0x0000000058230000)]
  0x0000000056493000 JavaThread "pool-2-thread-2" [_thread_blocked, id=12080, stack(0x0000000058010000,0x0000000058110000)]
  0x000000005648c000 JavaThread "pool-3-thread-1" [_thread_blocked, id=10632, stack(0x0000000057e00000,0x0000000057f00000)]
  0x000000005648b800 JavaThread "pool-2-thread-1" [_thread_blocked, id=12292, stack(0x0000000057c20000,0x0000000057d20000)]
  0x0000000054c1f800 JavaThread "Service Thread" daemon [_thread_blocked, id=10052, stack(0x0000000057950000,0x0000000057a50000)]
  0x00000000562e6000 JavaThread "C1 CompilerThread2" daemon [_thread_blocked, id=4172, stack(0x0000000057850000,0x0000000057950000)]
  0x00000000562e5000 JavaThread "C2 CompilerThread1" daemon [_thread_in_native, id=3276, stack(0x0000000056cf0000,0x0000000056df0000)]
=>0x00000000562e1000 JavaThread "C2 CompilerThread0" daemon [_thread_in_native, id=11096, stack(0x0000000056b70000,0x0000000056c70000)]
  0x00000000562dd800 JavaThread "Attach Listener" daemon [_thread_blocked, id=12700, stack(0x0000000056a10000,0x0000000056b10000)]
  0x00000000562dc800 JavaThread "Signal Dispatcher" daemon [_thread_blocked, id=12032, stack(0x0000000056780000,0x0000000056880000)]
  0x0000000054bfa000 JavaThread "Finalizer" daemon [_thread_blocked, id=7248, stack(0x0000000055c90000,0x0000000055d90000)]
  0x0000000054bb2800 JavaThread "Reference Handler" daemon [_thread_blocked, id=11880, stack(0x0000000055fd0000,0x00000000560d0000)]
  0x00000000021ae800 JavaThread "main" [_thread_blocked, id=6496, stack(0x00000000024d0000,0x00000000025d0000)]

Other Threads:
  0x0000000054bab000 VMThread [stack: 0x0000000055e00000,0x0000000055f00000] [id=12740]
  0x00000000563ac800 WatcherThread [stack: 0x0000000057b00000,0x0000000057c00000] [id=5044]

VM state:not at safepoint (normal execution)

VM Mutex/Monitor currently owned by a thread:  ([mutex/lock_event])
[0x00000000021ad130] Heap_lock - owner thread: 0x0000000056493000

Heap:
 PSYoungGen      total 106496K, used 9151K [0x00000000eab00000, 0x00000000f1b00000, 0x0000000100000000)
  eden space 98304K, 1% used [0x00000000eab00000,0x00000000eabf5f00,0x00000000f0b00000)
  from space 8192K, 99% used [0x00000000f1300000,0x00000000f1af9ea0,0x00000000f1b00000)
  to   space 8192K, 0% used [0x00000000f0b00000,0x00000000f0b00000,0x00000000f1300000)
 ParOldGen       total 131072K, used 25913K [0x00000000c0000000, 0x00000000c8000000, 0x00000000eab00000)
  object space 131072K, 19% used [0x00000000c0000000,0x00000000c194e5a0,0x00000000c8000000)
 Metaspace       used 6005K, capacity 7000K, committed 7168K, reserved 1056768K
  class space    used 610K, capacity 656K, committed 768K, reserved 1048576K

Card table byte_map: [0x0000000011990000,0x0000000011ba0000] byte_map_base: 0x0000000011390000

Marking Bits: (ParMarkBitMap*) 0x000000005771c720
 Begin Bits: [0x0000000012020000, 0x0000000013020000)
 End Bits:   [0x0000000013020000, 0x0000000014020000)

Polling page: 0x0000000000440000

CodeCache: size=245760Kb used=5032Kb max_used=5032Kb free=240727Kb
 bounds [0x00000000025d0000, 0x0000000002ac0000, 0x00000000115d0000]
 total_blobs=1512 nmethods=1248 adapters=177
 compilation: enabled

Compilation events (10 events):
Event: 1.224 Thread 0x00000000562e6000 1271       3       java.lang.ref.Finalizer::access$000 (4 bytes)
Event: 1.224 Thread 0x00000000562e6000 nmethod 1271 0x0000000002abd810 code [0x0000000002abd960, 0x0000000002abda90]
Event: 1.224 Thread 0x00000000562e6000 1274       3       sun.misc.VM::addFinalRefCount (24 bytes)
Event: 1.224 Thread 0x00000000562e6000 nmethod 1274 0x0000000002abdb10 code [0x0000000002abdc60, 0x0000000002abde10]
Event: 1.224 Thread 0x00000000562e6000 1275   !   3       java.util.zip.ZipFile$ZipFileInflaterInputStream::close (67 bytes)
Event: 1.224 Thread 0x00000000562e6000 nmethod 1275 0x0000000002abde90 code [0x0000000002abe060, 0x0000000002abe858]
Event: 1.224 Thread 0x00000000562e6000 1272       3       java.lang.ref.ReferenceQueue::remove (6 bytes)
Event: 1.224 Thread 0x00000000562e6000 nmethod 1272 0x0000000002abec10 code [0x0000000002abed80, 0x0000000002abef88]
Event: 1.224 Thread 0x00000000562e6000 1273       3       java.lang.ref.Reference::clear (6 bytes)
Event: 1.224 Thread 0x00000000562e6000 nmethod 1273 0x0000000002abf010 code [0x0000000002abf160, 0x0000000002abf2d0]

GC Heap History (4 events):
Event: 0.983 GC heap before
{Heap before GC invocations=1 (full 0):
 PSYoungGen      total 57344K, used 49152K [0x00000000eab00000, 0x00000000eeb00000, 0x0000000100000000)
  eden space 49152K, 100% used [0x00000000eab00000,0x00000000edb00000,0x00000000edb00000)
  from space 8192K, 0% used [0x00000000ee300000,0x00000000ee300000,0x00000000eeb00000)
  to   space 8192K, 0% used [0x00000000edb00000,0x00000000edb00000,0x00000000ee300000)
 ParOldGen       total 131072K, used 0K [0x00000000c0000000, 0x00000000c8000000, 0x00000000eab00000)
  object space 131072K, 0% used [0x00000000c0000000,0x00000000c0000000,0x00000000c8000000)
 Metaspace       used 5967K, capacity 7000K, committed 7168K, reserved 1056768K
  class space    used 605K, capacity 656K, committed 768K, reserved 1048576K
Event: 0.994 GC heap after
Heap after GC invocations=1 (full 0):
 PSYoungGen      total 57344K, used 8181K [0x00000000eab00000, 0x00000000f1b00000, 0x0000000100000000)
  eden space 49152K, 0% used [0x00000000eab00000,0x00000000eab00000,0x00000000edb00000)
  from space 8192K, 99% used [0x00000000edb00000,0x00000000ee2fd7d0,0x00000000ee300000)
  to   space 8192K, 0% used [0x00000000f1300000,0x00000000f1300000,0x00000000f1b00000)
 ParOldGen       total 131072K, used 711K [0x00000000c0000000, 0x00000000c8000000, 0x00000000eab00000)
  object space 131072K, 0% used [0x00000000c0000000,0x00000000c00b1f98,0x00000000c8000000)
 Metaspace       used 5967K, capacity 7000K, committed 7168K, reserved 1056768K
  class space    used 605K, capacity 656K, committed 768K, reserved 1048576K
}
Event: 1.097 GC heap before
{Heap before GC invocations=2 (full 0):
 PSYoungGen      total 57344K, used 57333K [0x00000000eab00000, 0x00000000f1b00000, 0x0000000100000000)
  eden space 49152K, 100% used [0x00000000eab00000,0x00000000edb00000,0x00000000edb00000)
  from space 8192K, 99% used [0x00000000edb00000,0x00000000ee2fd7d0,0x00000000ee300000)
  to   space 8192K, 0% used [0x00000000f1300000,0x00000000f1300000,0x00000000f1b00000)
 ParOldGen       total 131072K, used 711K [0x00000000c0000000, 0x00000000c8000000, 0x00000000eab00000)
  object space 131072K, 0% used [0x00000000c0000000,0x00000000c00b1f98,0x00000000c8000000)
 Metaspace       used 5998K, capacity 7000K, committed 7168K, reserved 1056768K
  class space    used 610K, capacity 656K, committed 768K, reserved 1048576K
Event: 1.190 GC heap after
Heap after GC invocations=2 (full 0):
 PSYoungGen      total 106496K, used 8167K [0x00000000eab00000, 0x00000000f1b00000, 0x0000000100000000)
  eden space 98304K, 0% used [0x00000000eab00000,0x00000000eab00000,0x00000000f0b00000)
  from space 8192K, 99% used [0x00000000f1300000,0x00000000f1af9ea0,0x00000000f1b00000)
  to   space 8192K, 0% used [0x00000000f0b00000,0x00000000f0b00000,0x00000000f1300000)
 ParOldGen       total 131072K, used 25913K [0x00000000c0000000, 0x00000000c8000000, 0x00000000eab00000)
  object space 131072K, 19% used [0x00000000c0000000,0x00000000c194e5a0,0x00000000c8000000)
 Metaspace       used 5998K, capacity 7000K, committed 7168K, reserved 1056768K
  class space    used 610K, capacity 656K, committed 768K, reserved 1048576K
}

Deoptimization events (6 events):
Event: 0.537 Thread 0x00000000565b1800 Uncommon trap: reason=unstable_if action=reinterpret pc=0x00000000027c8a94 method=java.util.HashMap.getNode(ILjava/lang/Object;)Ljava/util/HashMap$Node; @ 129
Event: 0.556 Thread 0x00000000021ae800 Uncommon trap: reason=unstable_if action=reinterpret pc=0x00000000027e3060 method=java.util.BitSet.nextSetBit(I)I @ 87
Event: 0.711 Thread 0x00000000565b1800 Uncommon trap: reason=unstable_if action=reinterpret pc=0x000000000281a8e4 method=java.util.BitSet.ensureCapacity(I)V @ 6
Event: 0.718 Thread 0x0000000056497800 Uncommon trap: reason=unstable_if action=reinterpret pc=0x00000000028ad9a8 method=com.android.dx.rop.code.RegisterSpecSet.put(Lcom/android/dx/rop/code/RegisterSpec;)V @ 77
Event: 0.751 Thread 0x0000000056493000 Uncommon trap: reason=unstable_if action=reinterpret pc=0x00000000028ca93c method=com.android.dx.ssa.SsaRenamer$BlockRenamer.addMapping(ILcom/android/dx/rop/code/RegisterSpec;)V @ 120
Event: 0.898 Thread 0x00000000565b1800 Uncommon trap: reason=class_check action=maybe_recompile pc=0x0000000002863e34 method=com.android.dx.ssa.NormalSsaInsn.accept(Lcom/android/dx/ssa/SsaInsn$Visitor;)V @ 9

Internal exceptions (2 events):
Event: 0.056 Thread 0x00000000021ae800 Exception <a 'java/lang/NoSuchMethodError': Method sun.misc.Unsafe.defineClass(Ljava/lang/String;[BII)Ljava/lang/Class; name or signature does not match> (0x00000000eab07ca8) thrown at [C:\re\workspace\8-2-build-windows-amd64-cygwin\jdk8u131\8869\hotspot\
Event: 0.056 Thread 0x00000000021ae800 Exception <a 'java/lang/NoSuchMethodError': Method sun.misc.Unsafe.prefetchRead(Ljava/lang/Object;J)V name or signature does not match> (0x00000000eab07f90) thrown at [C:\re\workspace\8-2-build-windows-amd64-cygwin\jdk8u131\8869\hotspot\src\share\vm\prims

Events (10 events):
Event: 1.041 loading class java/util/HashMap$KeySet
Event: 1.041 loading class java/util/HashMap$KeySet done
Event: 1.041 loading class java/util/HashMap$KeyIterator
Event: 1.041 loading class java/util/HashMap$KeyIterator done
Event: 1.087 Thread 0x0000000056497800 DEOPT PACKING pc=0x00000000028d245c sp=0x000000005822e900
Event: 1.087 Thread 0x0000000056497800 DEOPT UNPACKING pc=0x000000000261787f sp=0x000000005822e618 mode 0
Event: 1.092 Thread 0x0000000056493000 DEOPT PACKING pc=0x0000000002a141dd sp=0x000000005810e770
Event: 1.092 Thread 0x0000000056493000 DEOPT UNPACKING pc=0x000000000261787f sp=0x000000005810e4b0 mode 0
Event: 1.097 Executing VM operation: ParallelGCFailedAllocation
Event: 1.190 Executing VM operation: ParallelGCFailedAllocation done


Dynamic libraries:
0x000000013f290000 - 0x000000013f2c7000 	C:\Program Files\Java\jdk1.8.0_131\bin\java.exe
0x0000000077120000 - 0x00000000772bf000 	C:\Windows\SYSTEM32\ntdll.dll
0x0000000076f00000 - 0x000000007701f000 	C:\Windows\system32\kernel32.dll
0x000007fefcce0000 - 0x000007fefcd4a000 	C:\Windows\system32\KERNELBASE.dll
0x000007fefe6e0000 - 0x000007fefe7bb000 	C:\Windows\system32\ADVAPI32.dll
0x000007fefd080000 - 0x000007fefd11f000 	C:\Windows\system32\msvcrt.dll
0x000007fefd1a0000 - 0x000007fefd1bf000 	C:\Windows\SYSTEM32\sechost.dll
0x000007fefd230000 - 0x000007fefd35d000 	C:\Windows\system32\RPCRT4.dll
0x0000000077020000 - 0x000000007711a000 	C:\Windows\system32\USER32.dll
0x000007fefd1c0000 - 0x000007fefd227000 	C:\Windows\system32\GDI32.dll
0x000007feff2f0000 - 0x000007feff2fe000 	C:\Windows\system32\LPK.dll
0x000007fefeb90000 - 0x000007fefec5b000 	C:\Windows\system32\USP10.dll
0x000007fefb580000 - 0x000007fefb774000 	C:\Windows\WinSxS\amd64_microsoft.windows.common-controls_6595b64144ccf1df_6.0.7601.18837_none_fa3b1e3d17594757\COMCTL32.dll
0x000007fefd120000 - 0x000007fefd191000 	C:\Windows\system32\SHLWAPI.dll
0x000007fefeb30000 - 0x000007fefeb5e000 	C:\Windows\system32\IMM32.DLL
0x000007feff300000 - 0x000007feff409000 	C:\Windows\system32\MSCTF.dll
0x000000006cf20000 - 0x000000006cff2000 	C:\Program Files\Java\jdk1.8.0_131\jre\bin\msvcr100.dll
0x0000000056f00000 - 0x000000005779c000 	C:\Program Files\Java\jdk1.8.0_131\jre\bin\server\jvm.dll
0x000007fef8310000 - 0x000007fef8319000 	C:\Windows\system32\WSOCK32.dll
0x000007feff0c0000 - 0x000007feff10d000 	C:\Windows\system32\WS2_32.dll
0x000007fefeb80000 - 0x000007fefeb88000 	C:\Windows\system32\NSI.dll
0x000007fef94c0000 - 0x000007fef94fb000 	C:\Windows\system32\WINMM.dll
0x000007fefbd90000 - 0x000007fefbd9c000 	C:\Windows\system32\VERSION.dll
0x00000000772d0000 - 0x00000000772d7000 	C:\Windows\system32\PSAPI.DLL
0x0000000074980000 - 0x000000007498f000 	C:\Program Files\Java\jdk1.8.0_131\jre\bin\verify.dll
0x0000000071310000 - 0x0000000071339000 	C:\Program Files\Java\jdk1.8.0_131\jre\bin\java.dll
0x0000000071840000 - 0x0000000071856000 	C:\Program Files\Java\jdk1.8.0_131\jre\bin\zip.dll
0x000007fefd6e0000 - 0x000007fefe46b000 	C:\Windows\system32\SHELL32.dll
0x00000000560d0000 - 0x00000000562cd000 	C:\Windows\system32\ole32.dll
0x000007fefccc0000 - 0x000007fefcccf000 	C:\Windows\system32\profapi.dll

VM Arguments:
jvm_args: -Djava.awt.headless=true -Xmx1024M -Dfile.encoding=windows-31j -Duser.country=JP -Duser.language=ja -Duser.variant 
java_command: com.android.dx.command.Main --dex --force-jumbo --num-threads=4 --multi-dex --output D:\Project\shouhin_irekae\Android\ProductChange\app\build\intermediates\transforms\dex\debug\folders\1000\5\slice_3 D:\Project\shouhin_irekae\Android\ProductChange\app\build\intermediates\transforms\instantRunSlicer\debug\folders\1\5\slice_3
java_class_path (initial): C:\Users\cong-pv\AppData\Local\Android\Sdk\build-tools\25.0.0\lib\dx.jar
Launcher Type: SUN_STANDARD

Environment Variables:
JAVA_HOME=C:\Program Files\Java\jdk1.8.0_131
PATH=C:\Program Files (x86)\Common Files\Oracle\Java\javapath;C:\ProgramData\Oracle\Java\javapath;C:\Program Files (x86)\Intel\iCLS Client\;C:\Program Files\Intel\iCLS Client\;C:\Windows\system32;C:\Windows;C:\Windows\System32\Wbem;C:\Windows\System32\WindowsPowerShell\v1.0\;C:\Program Files (x86)\Intel\UCRT\;C:\Program Files\TortoiseSVN\bin;C:\Users\User\.dnx\bin;C:\Program Files\Microsoft DNX\Dnvm\;C:\Program Files (x86)\Windows Kits\8.1\Windows Performance Toolkit\;C:\Program Files\Microsoft SQL Server\130\Tools\Binn\;C:\Program Files\Git\cmd;C:\Program Files\Microsoft SQL Server\120\Tools\Binn\;C:\Program Files\Microsoft SQLServer\Client SDK\ODBC\110\Tools\Binn\;C:\Program Files (x86)\Microsoft SQL Server\120\Tools\Binn\;C:\Program Files\Microsoft SQL Server\120\DTS\Binn\;C:\Program Files (x86)\Microsoft SQL Server\120\Tools\Binn\ManagementStudio\;C:\ProgramFiles (x86)\Microsoft SQL Server\120\DTS\Binn\;C:\Program Files\Intel\UCRT\;C:\Program Files (x86)\Intel\Intel(R) Management Engine Components\DAL;C:\Program Files\Intel\Intel(R) Management Engine Components\DAL;C:\Program Files (x86)\Intel\Intel(R) Management Engine Components\IPT;C:\Program Files\Intel\Intel(R) Management Engine Components\IPT;c:\Program Files\Microsoft SQL Server\Client SDK\ODBC\110\Tools\Binn\;c:\Program Files (x86)\Microsoft SQL Server\120\DTS\Binn\;C:\Program Files\Java\jdk1.8.0_131\bin;C:\Program Files\TortoiseGit\bin;C:\Go\bin;C:\Users\cong-pv\go\bin
USERNAME=cong-pv
OS=Windows_NT
PROCESSOR_IDENTIFIER=Intel64 Family 6 Model 94 Stepping 3, GenuineIntel



---------------  S Y S T E M  ---------------

OS: Windows 7 , 64 bit Build 7601 (6.1.7601.24214)

CPU:total 4 (initial active 4) (4 cores per cpu, 1 threads per core) family 6 model 94 stepping 3, cmov, cx8, fxsr, mmx, sse, sse2, sse3, ssse3, sse4.1, sse4.2, popcnt, avx, avx2, aes, clmul, erms, rtm, 3dnowpref, lzcnt, tsc, tscinvbit, bmi1, bmi2, adx

Memory: 4k page, physical 12451892k(1701512k free), swap 12449992k(5128k free)

vm_info: Java HotSpot(TM) 64-Bit Server VM (25.131-b11) for windows-amd64 JRE (1.8.0_131-b11), built on Mar 15 2017 01:23:53 by "java_re" with MS VC++ 10.0 (VS2010)

time: Tue Sep 04 16:23:52 2018
elapsed time: 1 seconds (0d 0h 0m 1s)

