#
# There is insufficient memory for the Java Runtime Environment to continue.
# Native memory allocation (malloc) failed to allocate 129376 bytes for Chunk::new
# Possible reasons:
#   The system is out of physical RAM or swap space
#   In 32 bit mode, the process size limit was hit
# Possible solutions:
#   Reduce memory load on the system
#   Increase physical memory or swap space
#   Check if swap backing store is full
#   Use 64 bit Java on a 64 bit OS
#   Decrease Java heap size (-Xmx/-Xms)
#   Decrease number of Java threads
#   Decrease Java thread stack sizes (-Xss)
#   Set larger code cache with -XX:ReservedCodeCacheSize=
# This output file may be truncated or incomplete.
#
#  Out of Memory Error (allocation.cpp:390), pid=8748, tid=0x0000000000002e68
#
# JRE version: Java(TM) SE Runtime Environment (8.0_131-b11) (build 1.8.0_131-b11)
# Java VM: Java HotSpot(TM) 64-Bit Server VM (25.131-b11 mixed mode windows-amd64 compressed oops)
# Failed to write core dump. Minidumps are not enabled by default on client versions of Windows
#

---------------  T H R E A D  ---------------

Current thread (0x0000000056fd2000):  JavaThread "C2 CompilerThread1" daemon [_thread_in_native, id=11880, stack(0x0000000057880000,0x0000000057980000)]

Stack: [0x0000000057880000,0x0000000057980000]
[error occurred during error reporting (printing stack bounds), id 0xc0000005]

Native frames: (J=compiled Java code, j=interpreted, Vv=VM code, C=native code)


Current CompileTask:
C2:   1495 1017       4       com.android.dx.ssa.SCCP::addBlockToWorklist (47 bytes)


---------------  P R O C E S S  ---------------

Java Threads: ( => current thread )
  0x000000005723f000 JavaThread "pool-2-thread-3" [_thread_blocked, id=4736, stack(0x0000000058080000,0x0000000058180000)]
  0x0000000057236800 JavaThread "pool-3-thread-1" [_thread_blocked, id=12136, stack(0x0000000057f60000,0x0000000058060000)]
  0x0000000057039800 JavaThread "Service Thread" daemon [_thread_blocked, id=6132, stack(0x0000000055f10000,0x0000000056010000)]
  0x0000000056feb800 JavaThread "C1 CompilerThread2" daemon [_thread_blocked, id=10828, stack(0x0000000057a80000,0x0000000057b80000)]
=>0x0000000056fd2000 JavaThread "C2 CompilerThread1" daemon [_thread_in_native, id=11880, stack(0x0000000057880000,0x0000000057980000)]
  0x0000000056fca800 JavaThread "C2 CompilerThread0" daemon [_thread_in_native, id=10268, stack(0x0000000057720000,0x0000000057820000)]
  0x0000000054d1f800 JavaThread "Attach Listener" daemon [_thread_blocked, id=11856, stack(0x00000000575c0000,0x00000000576c0000)]
  0x0000000054d1e800 JavaThread "Signal Dispatcher" daemon [_thread_blocked, id=7708, stack(0x0000000057490000,0x0000000057590000)]
  0x0000000054cfd000 JavaThread "Finalizer" daemon [_thread_blocked, id=11612, stack(0x0000000056130000,0x0000000056230000)]
  0x0000000054cb6000 JavaThread "Reference Handler" daemon [_thread_blocked, id=8928, stack(0x0000000056030000,0x0000000056130000)]
  0x0000000001dee800 JavaThread "main" [_thread_blocked, id=5944, stack(0x0000000002500000,0x0000000002600000)]

Other Threads:
  0x0000000054caf000 VMThread [stack: 0x0000000055d60000,0x0000000055e60000] [id=3208]
  0x00000000570d5000 WatcherThread [stack: 0x0000000057bf0000,0x0000000057cf0000] [id=10380]

VM state:not at safepoint (normal execution)

VM Mutex/Monitor currently owned by a thread: None

Heap:
 PSYoungGen      total 57344K, used 41603K [0x00000000eab00000, 0x00000000eeb00000, 0x0000000100000000)
  eden space 49152K, 84% used [0x00000000eab00000,0x00000000ed3a0f40,0x00000000edb00000)
  from space 8192K, 0% used [0x00000000ee300000,0x00000000ee300000,0x00000000eeb00000)
  to   space 8192K, 0% used [0x00000000edb00000,0x00000000edb00000,0x00000000ee300000)
 ParOldGen       total 131072K, used 0K [0x00000000c0000000, 0x00000000c8000000, 0x00000000eab00000)
  object space 131072K, 0% used [0x00000000c0000000,0x00000000c0000000,0x00000000c8000000)
 Metaspace       used 6045K, capacity 6872K, committed 7168K, reserved 1056768K
  class space    used 622K, capacity 656K, committed 768K, reserved 1048576K

Card table byte_map: [0x00000000119c0000,0x0000000011bd0000] byte_map_base: 0x00000000113c0000

Marking Bits: (ParMarkBitMap*) 0x000000007029c720
 Begin Bits: [0x0000000012120000, 0x0000000013120000)
 End Bits:   [0x0000000013120000, 0x0000000014120000)

Polling page: 0x0000000000450000

CodeCache: size=245760Kb used=4044Kb max_used=4056Kb free=241715Kb
 bounds [0x0000000002600000, 0x0000000002a00000, 0x0000000011600000]
 total_blobs=1282 nmethods=1011 adapters=184
 compilation: enabled

Compilation events (10 events):
Event: 1.477 Thread 0x0000000056feb800 1010       3       com.android.dx.rop.type.StdTypeList::getType (6 bytes)
Event: 1.477 Thread 0x0000000056feb800 nmethod 1010 0x00000000029f5e10 code [0x00000000029f5f80, 0x00000000029f6348]
Event: 1.477 Thread 0x0000000056feb800 1009       3       com.android.dx.rop.code.ThrowingInsn::<init> (49 bytes)
Event: 1.477 Thread 0x0000000056feb800 nmethod 1009 0x00000000029f6450 code [0x00000000029f65e0, 0x00000000029f6a28]
Event: 1.477 Thread 0x0000000056feb800 1011       3       java.lang.Character::forDigit (42 bytes)
Event: 1.477 Thread 0x0000000056feb800 nmethod 1011 0x00000000029edfd0 code [0x00000000029ee140, 0x00000000029ee3f0]
Event: 1.490 Thread 0x0000000056fd2000 1014   !   4       com.android.dx.rop.code.RegisterSpecSet::put (104 bytes)
Event: 1.490 Thread 0x0000000056fca800 1016       4       com.android.dx.ssa.SCCP::simulateStmt (481 bytes)
Event: 1.492 Thread 0x0000000056fd2000 nmethod 1014 0x00000000029f9a50 code [0x00000000029f9bc0, 0x00000000029f9df8]
Event: 1.492 Thread 0x0000000056fd2000 1017       4       com.android.dx.ssa.SCCP::addBlockToWorklist (47 bytes)

GC Heap History (0 events):
No events

Deoptimization events (4 events):
Event: 1.051 Thread 0x0000000057234800 Uncommon trap: reason=null_check action=make_not_entrant pc=0x0000000002866aa8 method=com.android.dx.ssa.SsaRenamer.getLocalForNewReg(I)Lcom/android/dx/rop/code/LocalItem; @ 19
Event: 1.130 Thread 0x0000000057239000 Uncommon trap: reason=null_check action=make_not_entrant pc=0x00000000028c2404 method=com.android.dx.ssa.SsaRenamer.getLocalForNewReg(I)Lcom/android/dx/rop/code/LocalItem; @ 19
Event: 1.249 Thread 0x000000005726f800 Uncommon trap: reason=unstable_if action=reinterpret pc=0x00000000028871dc method=com.android.dx.rop.code.RegisterSpecSet.put(Lcom/android/dx/rop/code/RegisterSpec;)V @ 77
Event: 1.249 Thread 0x000000005726f800 Uncommon trap: reason=unstable_if action=reinterpret pc=0x000000000289fa10 method=com.android.dx.rop.code.RegisterSpecSet.put(Lcom/android/dx/rop/code/RegisterSpec;)V @ 77

Internal exceptions (4 events):
Event: 0.063 Thread 0x0000000001dee800 Exception <a 'java/lang/NoSuchMethodError': Method sun.misc.Unsafe.defineClass(Ljava/lang/String;[BII)Ljava/lang/Class; name or signature does not match> (0x00000000eab07ca8) thrown at [C:\re\workspace\8-2-build-windows-amd64-cygwin\jdk8u131\8869\hotspot\
Event: 0.063 Thread 0x0000000001dee800 Exception <a 'java/lang/NoSuchMethodError': Method sun.misc.Unsafe.prefetchRead(Ljava/lang/Object;J)V name or signature does not match> (0x00000000eab07f90) thrown at [C:\re\workspace\8-2-build-windows-amd64-cygwin\jdk8u131\8869\hotspot\src\share\vm\prims
Event: 1.051 Thread 0x0000000057234800 Implicit null exception at 0x0000000002864f9a to 0x0000000002866a89
Event: 1.130 Thread 0x0000000057239000 Implicit null exception at 0x00000000028c01c5 to 0x00000000028c23b9

Events (10 events):
Event: 1.267 loading class com/android/dx/cf/attrib/AttRuntimeVisibleAnnotations done
Event: 1.267 loading class com/android/dx/cf/attrib/BaseAnnotations
Event: 1.267 loading class com/android/dx/cf/attrib/BaseAnnotations done
Event: 1.268 loading class java/util/HashMap$KeySet
Event: 1.268 loading class java/util/HashMap$KeySet done
Event: 1.269 loading class java/util/HashMap$KeyIterator
Event: 1.269 loading class java/util/HashMap$KeyIterator done
Event: 1.273 Thread 0x0000000057234800 Thread exited: 0x0000000057234800
Event: 1.273 Thread 0x0000000057239000 Thread exited: 0x0000000057239000
Event: 1.274 Thread 0x000000005726f800 Thread exited: 0x000000005726f800


Dynamic libraries:
0x000000013fd10000 - 0x000000013fd47000 	C:\Program Files\Java\jdk1.8.0_131\bin\java.exe
0x0000000077680000 - 0x000000007781f000 	C:\Windows\SYSTEM32\ntdll.dll
0x0000000077460000 - 0x000000007757f000 	C:\Windows\system32\kernel32.dll
0x000007fefd480000 - 0x000007fefd4ea000 	C:\Windows\system32\KERNELBASE.dll
0x000007fefe770000 - 0x000007fefe84b000 	C:\Windows\system32\ADVAPI32.dll
0x000007feff5e0000 - 0x000007feff67f000 	C:\Windows\system32\msvcrt.dll
0x000007feff680000 - 0x000007feff69f000 	C:\Windows\SYSTEM32\sechost.dll
0x000007feff830000 - 0x000007feff95d000 	C:\Windows\system32\RPCRT4.dll
0x0000000077580000 - 0x000000007767a000 	C:\Windows\system32\USER32.dll
0x000007fefd710000 - 0x000007fefd777000 	C:\Windows\system32\GDI32.dll
0x000007fefe0a0000 - 0x000007fefe0ae000 	C:\Windows\system32\LPK.dll
0x000007fefe0b0000 - 0x000007fefe17b000 	C:\Windows\system32\USP10.dll
0x000007fefbc10000 - 0x000007fefbe04000 	C:\Windows\WinSxS\amd64_microsoft.windows.common-controls_6595b64144ccf1df_6.0.7601.18837_none_fa3b1e3d17594757\COMCTL32.dll
0x000007feff6a0000 - 0x000007feff711000 	C:\Windows\system32\SHLWAPI.dll
0x000007fefdfd0000 - 0x000007fefdffe000 	C:\Windows\system32\IMM32.DLL
0x000007feff720000 - 0x000007feff829000 	C:\Windows\system32\MSCTF.dll
0x000000005c7e0000 - 0x000000005c8b2000 	C:\Program Files\Java\jdk1.8.0_131\jre\bin\msvcr100.dll
0x000000006fa80000 - 0x000000007031c000 	C:\Program Files\Java\jdk1.8.0_131\jre\bin\server\jvm.dll
0x000007fef8600000 - 0x000007fef8609000 	C:\Windows\system32\WSOCK32.dll
0x000007fefdf80000 - 0x000007fefdfcd000 	C:\Windows\system32\WS2_32.dll
0x0000000000440000 - 0x0000000000448000 	C:\Windows\system32\NSI.dll
0x000007fefa730000 - 0x000007fefa76b000 	C:\Windows\system32\WINMM.dll
0x000007fefc420000 - 0x000007fefc42c000 	C:\Windows\system32\VERSION.dll
0x0000000077830000 - 0x0000000077837000 	C:\Windows\system32\PSAPI.DLL
0x0000000072ad0000 - 0x0000000072adf000 	C:\Program Files\Java\jdk1.8.0_131\jre\bin\verify.dll
0x000000006d660000 - 0x000000006d689000 	C:\Program Files\Java\jdk1.8.0_131\jre\bin\java.dll
0x000000006d5f0000 - 0x000000006d606000 	C:\Program Files\Java\jdk1.8.0_131\jre\bin\zip.dll
0x0000000056230000 - 0x0000000056fbb000 	C:\Windows\system32\SHELL32.dll
0x000007fefe570000 - 0x000007fefe76d000 	C:\Windows\system32\ole32.dll
0x000007fefd350000 - 0x000007fefd35f000 	C:\Windows\system32\profapi.dll

VM Arguments:
jvm_args: -Djava.awt.headless=true -Xmx1024M -Dfile.encoding=windows-31j -Duser.country=JP -Duser.language=ja -Duser.variant 
java_command: com.android.dx.command.Main --dex --force-jumbo --num-threads=4 --multi-dex --output D:\Project\shouhin_irekae\Android\ProductChange\app\build\intermediates\transforms\dex\debug\folders\1000\10000\instant-run_b4932cfabe8f24bd66ac9b18f30c9cea2786418d D:\Project\shouhin_irekae\Android\ProductChange\app\build\intermediates\incremental-runtime-classes\debug\instant-run.jar
java_class_path (initial): C:\Users\cong-pv\AppData\Local\Android\Sdk\build-tools\25.0.0\lib\dx.jar
Launcher Type: SUN_STANDARD

Environment Variables:
JAVA_HOME=C:\Program Files\Java\jdk1.8.0_131
PATH=C:\Program Files (x86)\Common Files\Oracle\Java\javapath;C:\ProgramData\Oracle\Java\javapath;C:\Program Files (x86)\Intel\iCLS Client\;C:\Program Files\Intel\iCLS Client\;C:\Windows\system32;C:\Windows;C:\Windows\System32\Wbem;C:\Windows\System32\WindowsPowerShell\v1.0\;C:\Program Files (x86)\Intel\UCRT\;C:\Program Files\TortoiseSVN\bin;C:\Users\User\.dnx\bin;C:\Program Files\Microsoft DNX\Dnvm\;C:\Program Files (x86)\Windows Kits\8.1\Windows Performance Toolkit\;C:\Program Files\Microsoft SQL Server\130\Tools\Binn\;C:\Program Files\Git\cmd;C:\Program Files\Microsoft SQL Server\120\Tools\Binn\;C:\Program Files\Microsoft SQLServer\Client SDK\ODBC\110\Tools\Binn\;C:\Program Files (x86)\Microsoft SQL Server\120\Tools\Binn\;C:\Program Files\Microsoft SQL Server\120\DTS\Binn\;C:\Program Files (x86)\Microsoft SQL Server\120\Tools\Binn\ManagementStudio\;C:\ProgramFiles (x86)\Microsoft SQL Server\120\DTS\Binn\;C:\Program Files\Intel\UCRT\;C:\Program Files (x86)\Intel\Intel(R) Management Engine Components\DAL;C:\Program Files\Intel\Intel(R) Management Engine Components\DAL;C:\Program Files (x86)\Intel\Intel(R) Management Engine Components\IPT;C:\Program Files\Intel\Intel(R) Management Engine Components\IPT;c:\Program Files\Microsoft SQL Server\Client SDK\ODBC\110\Tools\Binn\;c:\Program Files (x86)\Microsoft SQL Server\120\DTS\Binn\;C:\Go\bin;C:\Program Files\Java\jdk1.8.0_131\bin;C:\Program Files\TortoiseGit\bin;C:\Users\cong-pv\go\bin
USERNAME=cong-pv
OS=Windows_NT
PROCESSOR_IDENTIFIER=Intel64 Family 6 Model 94 Stepping 3, GenuineIntel



---------------  S Y S T E M  ---------------

OS: Windows 7 , 64 bit Build 7601 (6.1.7601.24168)

CPU:total 4 (initial active 4) (4 cores per cpu, 1 threads per core) family 6 model 94 stepping 3, cmov, cx8, fxsr, mmx, sse, sse2, sse3, ssse3, sse4.1, sse4.2, popcnt, avx, avx2, aes, clmul, erms, rtm, 3dnowpref, lzcnt, tsc, tscinvbit, bmi1, bmi2, adx

Memory: 4k page, physical 12451892k(1493404k free), swap 12450016k(4956k free)

vm_info: Java HotSpot(TM) 64-Bit Server VM (25.131-b11) for windows-amd64 JRE (1.8.0_131-b11), built on Mar 15 2017 01:23:53 by "java_re" with MS VC++ 10.0 (VS2010)

time: Mon Jul 30 11:48:23 2018
elapsed time: 1 seconds (0d 0h 0m 1s)

