#
# There is insufficient memory for the Java Runtime Environment to continue.
# Native memory allocation (malloc) failed to allocate 259856 bytes for Chunk::new
# Possible reasons:
#   The system is out of physical RAM or swap space
#   In 32 bit mode, the process size limit was hit
# Possible solutions:
#   Reduce memory load on the system
#   Increase physical memory or swap space
#   Check if swap backing store is full
#   Use 64 bit Java on a 64 bit OS
#   Decrease Java heap size (-Xmx/-Xms)
#   Decrease number of Java threads
#   Decrease Java thread stack sizes (-Xss)
#   Set larger code cache with -XX:ReservedCodeCacheSize=
# This output file may be truncated or incomplete.
#
#  Out of Memory Error (allocation.cpp:390), pid=55720, tid=0x000000000000dcd4
#
# JRE version: Java(TM) SE Runtime Environment (8.0_131-b11) (build 1.8.0_131-b11)
# Java VM: Java HotSpot(TM) 64-Bit Server VM (25.131-b11 mixed mode windows-amd64 compressed oops)
# Failed to write core dump. Minidumps are not enabled by default on client versions of Windows
#

---------------  T H R E A D  ---------------

Current thread (0x0000000056213000):  JavaThread "C2 CompilerThread1" daemon [_thread_in_native, id=56532, stack(0x0000000056a60000,0x0000000056b60000)]

Stack: [0x0000000056a60000,0x0000000056b60000]
[error occurred during error reporting (printing stack bounds), id 0xc0000005]

Native frames: (J=compiled Java code, j=interpreted, Vv=VM code, C=native code)


Current CompileTask:
C2:   3171 1658       4       com.android.dx.ssa.back.FirstFitLocalCombiningAllocator::addMapping (76 bytes)


---------------  P R O C E S S  ---------------

Java Threads: ( => current thread )
  0x00000000565a5800 JavaThread "pool-2-thread-4" [_thread_blocked, id=56752, stack(0x00000000573b0000,0x00000000574b0000)]
  0x0000000056580000 JavaThread "pool-2-thread-3" [_thread_blocked, id=56764, stack(0x0000000056f80000,0x0000000057080000)]
  0x0000000056572000 JavaThread "pool-2-thread-2" [_thread_blocked, id=56696, stack(0x00000000571a0000,0x00000000572a0000)]
  0x0000000056560800 JavaThread "pool-3-thread-1" [_thread_blocked, id=56704, stack(0x0000000056960000,0x0000000056a60000)]
  0x000000005655f800 JavaThread "pool-2-thread-1" [_thread_blocked, id=56756, stack(0x0000000057090000,0x0000000057190000)]
  0x0000000056286000 JavaThread "Service Thread" daemon [_thread_blocked, id=56556, stack(0x0000000056d00000,0x0000000056e00000)]
  0x0000000056253000 JavaThread "C1 CompilerThread2" daemon [_thread_blocked, id=56552, stack(0x0000000056bb0000,0x0000000056cb0000)]
=>0x0000000056213000 JavaThread "C2 CompilerThread1" daemon [_thread_in_native, id=56532, stack(0x0000000056a60000,0x0000000056b60000)]
  0x00000000561fb000 JavaThread "C2 CompilerThread0" daemon [_thread_in_native, id=56508, stack(0x0000000056860000,0x0000000056960000)]
  0x0000000054d6f800 JavaThread "Attach Listener" daemon [_thread_blocked, id=56528, stack(0x0000000056600000,0x0000000056700000)]
  0x0000000054d7f800 JavaThread "Signal Dispatcher" daemon [_thread_blocked, id=56520, stack(0x0000000055ff0000,0x00000000560f0000)]
  0x0000000054d5a000 JavaThread "Finalizer" daemon [_thread_blocked, id=56380, stack(0x00000000560f0000,0x00000000561f0000)]
  0x0000000054d12800 JavaThread "Reference Handler" daemon [_thread_blocked, id=56560, stack(0x0000000055d40000,0x0000000055e40000)]
  0x00000000021ce800 JavaThread "main" [_thread_blocked, id=56056, stack(0x0000000002200000,0x0000000002300000)]

Other Threads:
  0x0000000054d0b000 VMThread [stack: 0x0000000055e40000,0x0000000055f40000] [id=56364]
  0x00000000562a6800 WatcherThread [stack: 0x0000000056e80000,0x0000000056f80000] [id=56584]

VM state:not at safepoint (normal execution)

VM Mutex/Monitor currently owned by a thread: None

Heap:
 PSYoungGen      total 106496K, used 15763K [0x00000000eab00000, 0x00000000f1b00000, 0x0000000100000000)
  eden space 98304K, 7% used [0x00000000eab00000,0x00000000eb26c880,0x00000000f0b00000)
  from space 8192K, 99% used [0x00000000f1300000,0x00000000f1af8440,0x00000000f1b00000)
  to   space 8192K, 0% used [0x00000000f0b00000,0x00000000f0b00000,0x00000000f1300000)
 ParOldGen       total 131072K, used 38256K [0x00000000c0000000, 0x00000000c8000000, 0x00000000eab00000)
  object space 131072K, 29% used [0x00000000c0000000,0x00000000c255c390,0x00000000c8000000)
 Metaspace       used 6047K, capacity 7000K, committed 7168K, reserved 1056768K
  class space    used 608K, capacity 656K, committed 768K, reserved 1048576K

Card table byte_map: [0x0000000011790000,0x00000000119a0000] byte_map_base: 0x0000000011190000

Marking Bits: (ParMarkBitMap*) 0x000000005801c720
 Begin Bits: [0x0000000012180000, 0x0000000013180000)
 End Bits:   [0x0000000013180000, 0x0000000014180000)

Polling page: 0x0000000000210000

CodeCache: size=245760Kb used=7133Kb max_used=7150Kb free=238626Kb
 bounds [0x00000000023d0000, 0x0000000002ae0000, 0x00000000113d0000]
 total_blobs=1862 nmethods=1598 adapters=177
 compilation: enabled

Compilation events (10 events):
Event: 3.125 Thread 0x0000000056213000 nmethod 1654% 0x0000000002ac8790 code [0x0000000002ac8900, 0x0000000002ac9118]
Event: 3.125 Thread 0x0000000056213000 1656   !   4       com.android.dx.rop.cst.StdConstantPool::get (24 bytes)
Event: 3.126 Thread 0x0000000056213000 nmethod 1656 0x0000000002a9df50 code [0x0000000002a9e080, 0x0000000002a9e118]
Event: 3.126 Thread 0x0000000056213000 1655       4       com.android.dx.dex.code.RopTranslator::outputBlock (202 bytes)
Event: 3.139 Thread 0x00000000561fb000 nmethod 1650 0x0000000002ac95d0 code [0x0000000002ac97a0, 0x0000000002aca9d8]
Event: 3.139 Thread 0x00000000561fb000 1651       4       com.android.dx.util.BitIntSet::merge (148 bytes)
Event: 3.144 Thread 0x00000000561fb000 nmethod 1651 0x0000000002ac1a50 code [0x0000000002ac1ba0, 0x0000000002ac1ed8]
Event: 3.144 Thread 0x00000000561fb000 1652       4       com.android.dx.dex.code.RopTranslator$LocalVariableAwareTranslationVisitor::visitThrowingCstInsn (11 bytes)
Event: 3.161 Thread 0x0000000056213000 nmethod 1655 0x0000000002ace850 code [0x0000000002aceaa0, 0x0000000002ad0458]
Event: 3.161 Thread 0x0000000056213000 1658       4       com.android.dx.ssa.back.FirstFitLocalCombiningAllocator::addMapping (76 bytes)

GC Heap History (8 events):
Event: 1.455 GC heap before
{Heap before GC invocations=1 (full 0):
 PSYoungGen      total 57344K, used 49152K [0x00000000eab00000, 0x00000000eeb00000, 0x0000000100000000)
  eden space 49152K, 100% used [0x00000000eab00000,0x00000000edb00000,0x00000000edb00000)
  from space 8192K, 0% used [0x00000000ee300000,0x00000000ee300000,0x00000000eeb00000)
  to   space 8192K, 0% used [0x00000000edb00000,0x00000000edb00000,0x00000000ee300000)
 ParOldGen       total 131072K, used 0K [0x00000000c0000000, 0x00000000c8000000, 0x00000000eab00000)
  object space 131072K, 0% used [0x00000000c0000000,0x00000000c0000000,0x00000000c8000000)
 Metaspace       used 5849K, capacity 6840K, committed 7040K, reserved 1056768K
  class space    used 604K, capacity 624K, committed 640K, reserved 1048576K
Event: 1.502 GC heap after
Heap after GC invocations=1 (full 0):
 PSYoungGen      total 57344K, used 8177K [0x00000000eab00000, 0x00000000eeb00000, 0x0000000100000000)
  eden space 49152K, 0% used [0x00000000eab00000,0x00000000eab00000,0x00000000edb00000)
  from space 8192K, 99% used [0x00000000edb00000,0x00000000ee2fc4b0,0x00000000ee300000)
  to   space 8192K, 0% used [0x00000000ee300000,0x00000000ee300000,0x00000000eeb00000)
 ParOldGen       total 131072K, used 7415K [0x00000000c0000000, 0x00000000c8000000, 0x00000000eab00000)
  object space 131072K, 5% used [0x00000000c0000000,0x00000000c073dda0,0x00000000c8000000)
 Metaspace       used 5849K, capacity 6840K, committed 7040K, reserved 1056768K
  class space    used 604K, capacity 624K, committed 640K, reserved 1048576K
}
Event: 1.834 GC heap before
{Heap before GC invocations=2 (full 0):
 PSYoungGen      total 57344K, used 57329K [0x00000000eab00000, 0x00000000eeb00000, 0x0000000100000000)
  eden space 49152K, 100% used [0x00000000eab00000,0x00000000edb00000,0x00000000edb00000)
  from space 8192K, 99% used [0x00000000edb00000,0x00000000ee2fc4b0,0x00000000ee300000)
  to   space 8192K, 0% used [0x00000000ee300000,0x00000000ee300000,0x00000000eeb00000)
 ParOldGen       total 131072K, used 7415K [0x00000000c0000000, 0x00000000c8000000, 0x00000000eab00000)
  object space 131072K, 5% used [0x00000000c0000000,0x00000000c073dda0,0x00000000c8000000)
 Metaspace       used 5915K, capacity 6936K, committed 7168K, reserved 1056768K
  class space    used 606K, capacity 656K, committed 768K, reserved 1048576K
Event: 2.031 GC heap after
Heap after GC invocations=2 (full 0):
 PSYoungGen      total 57344K, used 8186K [0x00000000eab00000, 0x00000000eeb00000, 0x0000000100000000)
  eden space 49152K, 0% used [0x00000000eab00000,0x00000000eab00000,0x00000000edb00000)
  from space 8192K, 99% used [0x00000000ee300000,0x00000000eeafe8c8,0x00000000eeb00000)
  to   space 8192K, 0% used [0x00000000edb00000,0x00000000edb00000,0x00000000ee300000)
 ParOldGen       total 131072K, used 18704K [0x00000000c0000000, 0x00000000c8000000, 0x00000000eab00000)
  object space 131072K, 14% used [0x00000000c0000000,0x00000000c1244318,0x00000000c8000000)
 Metaspace       used 5915K, capacity 6936K, committed 7168K, reserved 1056768K
  class space    used 606K, capacity 656K, committed 768K, reserved 1048576K
}
Event: 2.437 GC heap before
{Heap before GC invocations=3 (full 0):
 PSYoungGen      total 57344K, used 57338K [0x00000000eab00000, 0x00000000eeb00000, 0x0000000100000000)
  eden space 49152K, 100% used [0x00000000eab00000,0x00000000edb00000,0x00000000edb00000)
  from space 8192K, 99% used [0x00000000ee300000,0x00000000eeafe8c8,0x00000000eeb00000)
  to   space 8192K, 0% used [0x00000000edb00000,0x00000000edb00000,0x00000000ee300000)
 ParOldGen       total 131072K, used 18704K [0x00000000c0000000, 0x00000000c8000000, 0x00000000eab00000)
  object space 131072K, 14% used [0x00000000c0000000,0x00000000c1244318,0x00000000c8000000)
 Metaspace       used 5973K, capacity 7000K, committed 7168K, reserved 1056768K
  class space    used 607K, capacity 656K, committed 768K, reserved 1048576K
Event: 2.511 GC heap after
Heap after GC invocations=3 (full 0):
 PSYoungGen      total 57344K, used 8169K [0x00000000eab00000, 0x00000000f1b00000, 0x0000000100000000)
  eden space 49152K, 0% used [0x00000000eab00000,0x00000000eab00000,0x00000000edb00000)
  from space 8192K, 99% used [0x00000000edb00000,0x00000000ee2fa568,0x00000000ee300000)
  to   space 8192K, 0% used [0x00000000f1300000,0x00000000f1300000,0x00000000f1b00000)
 ParOldGen       total 131072K, used 29772K [0x00000000c0000000, 0x00000000c8000000, 0x00000000eab00000)
  object space 131072K, 22% used [0x00000000c0000000,0x00000000c1d13398,0x00000000c8000000)
 Metaspace       used 5973K, capacity 7000K, committed 7168K, reserved 1056768K
  class space    used 607K, capacity 656K, committed 768K, reserved 1048576K
}
Event: 3.002 GC heap before
{Heap before GC invocations=4 (full 0):
 PSYoungGen      total 57344K, used 57321K [0x00000000eab00000, 0x00000000f1b00000, 0x0000000100000000)
  eden space 49152K, 100% used [0x00000000eab00000,0x00000000edb00000,0x00000000edb00000)
  from space 8192K, 99% used [0x00000000edb00000,0x00000000ee2fa568,0x00000000ee300000)
  to   space 8192K, 0% used [0x00000000f1300000,0x00000000f1300000,0x00000000f1b00000)
 ParOldGen       total 131072K, used 29772K [0x00000000c0000000, 0x00000000c8000000, 0x00000000eab00000)
  object space 131072K, 22% used [0x00000000c0000000,0x00000000c1d13398,0x00000000c8000000)
 Metaspace       used 6029K, capacity 7000K, committed 7168K, reserved 1056768K
  class space    used 607K, capacity 656K, committed 768K, reserved 1048576K
Event: 3.019 GC heap after
Heap after GC invocations=4 (full 0):
 PSYoungGen      total 106496K, used 8161K [0x00000000eab00000, 0x00000000f1b00000, 0x0000000100000000)
  eden space 98304K, 0% used [0x00000000eab00000,0x00000000eab00000,0x00000000f0b00000)
  from space 8192K, 99% used [0x00000000f1300000,0x00000000f1af8440,0x00000000f1b00000)
  to   space 8192K, 0% used [0x00000000f0b00000,0x00000000f0b00000,0x00000000f1300000)
 ParOldGen       total 131072K, used 38256K [0x00000000c0000000, 0x00000000c8000000, 0x00000000eab00000)
  object space 131072K, 29% used [0x00000000c0000000,0x00000000c255c390,0x00000000c8000000)
 Metaspace       used 6029K, capacity 7000K, committed 7168K, reserved 1056768K
  class space    used 607K, capacity 656K, committed 768K, reserved 1048576K
}

Deoptimization events (10 events):
Event: 1.548 Thread 0x000000005655f800 Uncommon trap: reason=class_check action=maybe_recompile pc=0x000000000284206c method=com.android.dx.ssa.NormalSsaInsn.accept(Lcom/android/dx/ssa/SsaInsn$Visitor;)V @ 9
Event: 1.548 Thread 0x000000005655f800 Uncommon trap: reason=class_check action=maybe_recompile pc=0x000000000284206c method=com.android.dx.ssa.NormalSsaInsn.accept(Lcom/android/dx/ssa/SsaInsn$Visitor;)V @ 9
Event: 1.741 Thread 0x00000000565a5800 Uncommon trap: reason=unstable_if action=reinterpret pc=0x00000000028c8bf0 method=com.android.dx.rop.code.Insn.contentEquals(Lcom/android/dx/rop/code/Insn;)Z @ 61
Event: 1.764 Thread 0x00000000565a5800 Uncommon trap: reason=class_check action=maybe_recompile pc=0x000000000280ca28 method=com.android.dx.ssa.SCCP.simulatePhi(Lcom/android/dx/ssa/PhiInsn;)V @ 124
Event: 1.764 Thread 0x00000000565a5800 Uncommon trap: reason=class_check action=maybe_recompile pc=0x000000000280ca28 method=com.android.dx.ssa.SCCP.simulatePhi(Lcom/android/dx/ssa/PhiInsn;)V @ 124
Event: 1.764 Thread 0x00000000565a5800 Uncommon trap: reason=class_check action=maybe_recompile pc=0x000000000280ca28 method=com.android.dx.ssa.SCCP.simulatePhi(Lcom/android/dx/ssa/PhiInsn;)V @ 124
Event: 2.092 Thread 0x0000000056580000 Uncommon trap: reason=unstable_if action=reinterpret pc=0x00000000027ca720 method=com.android.dx.rop.code.RegisterSpecSet.put(Lcom/android/dx/rop/code/RegisterSpec;)V @ 77
Event: 2.092 Thread 0x0000000056580000 Uncommon trap: reason=unstable_if action=reinterpret pc=0x0000000002696ea8 method=com.android.dx.rop.code.RegisterSpecSet.put(Lcom/android/dx/rop/code/RegisterSpec;)V @ 77
Event: 2.407 Thread 0x000000005655f800 Uncommon trap: reason=unstable_if action=reinterpret pc=0x0000000002919774 method=com.android.dx.rop.code.InsnList.contentEquals(Lcom/android/dx/rop/code/InsnList;)Z @ 25
Event: 2.407 Thread 0x000000005655f800 Uncommon trap: reason=unstable_if action=reinterpret pc=0x0000000002978f18 method=com.android.dx.ssa.back.IdenticalBlockCombiner.process()Lcom/android/dx/rop/code/RopMethod; @ 207

Internal exceptions (3 events):
Event: 0.038 Thread 0x00000000021ce800 Exception <a 'java/lang/NoSuchMethodError': Method sun.misc.Unsafe.defineClass(Ljava/lang/String;[BII)Ljava/lang/Class; name or signature does not match> (0x00000000eab07ca8) thrown at [C:\re\workspace\8-2-build-windows-amd64-cygwin\jdk8u131\8869\hotspot\
Event: 0.038 Thread 0x00000000021ce800 Exception <a 'java/lang/NoSuchMethodError': Method sun.misc.Unsafe.prefetchRead(Ljava/lang/Object;J)V name or signature does not match> (0x00000000eab07f90) thrown at [C:\re\workspace\8-2-build-windows-amd64-cygwin\jdk8u131\8869\hotspot\src\share\vm\prims
Event: 1.429 Thread 0x00000000565a5800 Implicit null exception at 0x00000000025c9e3c to 0x00000000025cb859

Events (10 events):
Event: 2.826 Thread 0x00000000565a5800 DEOPT PACKING pc=0x000000000287b469 sp=0x00000000574ae780
Event: 2.826 Thread 0x00000000565a5800 DEOPT UNPACKING pc=0x000000000241787f sp=0x00000000574ae518 mode 0
Event: 2.853 Thread 0x00000000565a5800 DEOPT PACKING pc=0x00000000029e4b9a sp=0x00000000574ae950
Event: 2.853 Thread 0x00000000565a5800 DEOPT UNPACKING pc=0x000000000241787f sp=0x00000000574ae6b8 mode 0
Event: 2.998 Executing VM operation: ParallelGCFailedAllocation
Event: 3.019 Executing VM operation: ParallelGCFailedAllocation done
Event: 3.165 loading class java/util/HashMap$KeySet
Event: 3.166 loading class java/util/HashMap$KeySet done
Event: 3.166 loading class java/util/HashMap$KeyIterator
Event: 3.166 loading class java/util/HashMap$KeyIterator done


Dynamic libraries:
0x000000013f360000 - 0x000000013f397000 	C:\Program Files\Java\jdk1.8.0_131\bin\java.exe
0x0000000077200000 - 0x000000007739f000 	C:\Windows\SYSTEM32\ntdll.dll
0x00000000770e0000 - 0x00000000771ff000 	C:\Windows\system32\kernel32.dll
0x000007fefd1e0000 - 0x000007fefd24a000 	C:\Windows\system32\KERNELBASE.dll
0x000007fefd4c0000 - 0x000007fefd59b000 	C:\Windows\system32\ADVAPI32.dll
0x000007fefeaa0000 - 0x000007fefeb3f000 	C:\Windows\system32\msvcrt.dll
0x000007feff350000 - 0x000007feff36f000 	C:\Windows\SYSTEM32\sechost.dll
0x000007fefed50000 - 0x000007fefee7d000 	C:\Windows\system32\RPCRT4.dll
0x0000000076fe0000 - 0x00000000770da000 	C:\Windows\system32\USER32.dll
0x000007fefea30000 - 0x000007fefea97000 	C:\Windows\system32\GDI32.dll
0x000007feff440000 - 0x000007feff44e000 	C:\Windows\system32\LPK.dll
0x000007feff370000 - 0x000007feff43b000 	C:\Windows\system32\USP10.dll
0x000007fefb790000 - 0x000007fefb984000 	C:\Windows\WinSxS\amd64_microsoft.windows.common-controls_6595b64144ccf1df_6.0.7601.18837_none_fa3b1e3d17594757\COMCTL32.dll
0x000007fefeb40000 - 0x000007fefebb1000 	C:\Windows\system32\SHLWAPI.dll
0x000007fefd290000 - 0x000007fefd2be000 	C:\Windows\system32\IMM32.DLL
0x000007fefef20000 - 0x000007feff029000 	C:\Windows\system32\MSCTF.dll
0x000000006a8f0000 - 0x000000006a9c2000 	C:\Program Files\Java\jdk1.8.0_131\jre\bin\msvcr100.dll
0x0000000057800000 - 0x000000005809c000 	C:\Program Files\Java\jdk1.8.0_131\jre\bin\server\jvm.dll
0x000007fef8470000 - 0x000007fef8479000 	C:\Windows\system32\WSOCK32.dll
0x000007feff300000 - 0x000007feff34d000 	C:\Windows\system32\WS2_32.dll
0x000007fefd5a0000 - 0x000007fefd5a8000 	C:\Windows\system32\NSI.dll
0x000007fef9650000 - 0x000007fef968b000 	C:\Windows\system32\WINMM.dll
0x000007fefc060000 - 0x000007fefc06c000 	C:\Windows\system32\VERSION.dll
0x00000000773a0000 - 0x00000000773a7000 	C:\Windows\system32\PSAPI.DLL
0x00000000735a0000 - 0x00000000735af000 	C:\Program Files\Java\jdk1.8.0_131\jre\bin\verify.dll
0x0000000073570000 - 0x0000000073599000 	C:\Program Files\Java\jdk1.8.0_131\jre\bin\java.dll
0x0000000070eb0000 - 0x0000000070ec6000 	C:\Program Files\Java\jdk1.8.0_131\jre\bin\zip.dll
0x000007fefdca0000 - 0x000007fefea2b000 	C:\Windows\system32\SHELL32.dll
0x000007fefd2c0000 - 0x000007fefd4bd000 	C:\Windows\system32\ole32.dll
0x000007fefcee0000 - 0x000007fefceef000 	C:\Windows\system32\profapi.dll

VM Arguments:
jvm_args: -Djava.awt.headless=true -Xmx1024M -Dfile.encoding=windows-31j -Duser.country=JP -Duser.language=ja -Duser.variant 
java_command: com.android.dx.command.Main --dex --force-jumbo --num-threads=4 --multi-dex --output D:\Project\shouhin_irekae\Android\ProductChange\app\build\intermediates\transforms\dex\debug\folders\1000\5\slice_6 D:\Project\shouhin_irekae\Android\ProductChange\app\build\intermediates\transforms\instantRunSlicer\debug\folders\1\5\slice_6
java_class_path (initial): C:\Users\cong-pv\AppData\Local\Android\Sdk\build-tools\25.0.0\lib\dx.jar
Launcher Type: SUN_STANDARD

Environment Variables:
JAVA_HOME=C:\Program Files\Java\jdk1.8.0_131
PATH=C:\Program Files (x86)\Common Files\Oracle\Java\javapath;C:\ProgramData\Oracle\Java\javapath;C:\Program Files (x86)\Intel\iCLS Client\;C:\Program Files\Intel\iCLS Client\;C:\Windows\system32;C:\Windows;C:\Windows\System32\Wbem;C:\Windows\System32\WindowsPowerShell\v1.0\;C:\Program Files (x86)\Intel\UCRT\;C:\Program Files\TortoiseSVN\bin;C:\Users\User\.dnx\bin;C:\Program Files\Microsoft DNX\Dnvm\;C:\Program Files (x86)\Windows Kits\8.1\Windows Performance Toolkit\;C:\Program Files\Microsoft SQL Server\130\Tools\Binn\;C:\Program Files\Git\cmd;C:\Program Files\Microsoft SQL Server\120\Tools\Binn\;C:\Program Files\Microsoft SQLServer\Client SDK\ODBC\110\Tools\Binn\;C:\Program Files (x86)\Microsoft SQL Server\120\Tools\Binn\;C:\Program Files\Microsoft SQL Server\120\DTS\Binn\;C:\Program Files (x86)\Microsoft SQL Server\120\Tools\Binn\ManagementStudio\;C:\ProgramFiles (x86)\Microsoft SQL Server\120\DTS\Binn\;C:\Program Files\Intel\UCRT\;C:\Program Files (x86)\Intel\Intel(R) Management Engine Components\DAL;C:\Program Files\Intel\Intel(R) Management Engine Components\DAL;C:\Program Files (x86)\Intel\Intel(R) Management Engine Components\IPT;C:\Program Files\Intel\Intel(R) Management Engine Components\IPT;c:\Program Files\Microsoft SQL Server\Client SDK\ODBC\110\Tools\Binn\;c:\Program Files (x86)\Microsoft SQL Server\120\DTS\Binn\;C:\Go\bin;C:\Program Files\Java\jdk1.8.0_131\bin;C:\Program Files\TortoiseGit\bin;C:\Users\cong-pv\go\bin
USERNAME=cong-pv
OS=Windows_NT
PROCESSOR_IDENTIFIER=Intel64 Family 6 Model 94 Stepping 3, GenuineIntel



---------------  S Y S T E M  ---------------

OS: Windows 7 , 64 bit Build 7601 (6.1.7601.24150)

CPU:total 4 (initial active 4) (4 cores per cpu, 1 threads per core) family 6 model 94 stepping 3, cmov, cx8, fxsr, mmx, sse, sse2, sse3, ssse3, sse4.1, sse4.2, popcnt, avx, avx2, aes, clmul, erms, rtm, 3dnowpref, lzcnt, tsc, tscinvbit, bmi1, bmi2, adx

Memory: 4k page, physical 12451892k(1703788k free), swap 12450016k(5356k free)

vm_info: Java HotSpot(TM) 64-Bit Server VM (25.131-b11) for windows-amd64 JRE (1.8.0_131-b11), built on Mar 15 2017 01:23:53 by "java_re" with MS VC++ 10.0 (VS2010)

time: Tue Jul 03 11:43:41 2018
elapsed time: 3 seconds (0d 0h 0m 3s)

