#
# There is insufficient memory for the Java Runtime Environment to continue.
# Native memory allocation (malloc) failed to allocate 55968 bytes for Chunk::new
# Possible reasons:
#   The system is out of physical RAM or swap space
#   In 32 bit mode, the process size limit was hit
# Possible solutions:
#   Reduce memory load on the system
#   Increase physical memory or swap space
#   Check if swap backing store is full
#   Use 64 bit Java on a 64 bit OS
#   Decrease Java heap size (-Xmx/-Xms)
#   Decrease number of Java threads
#   Decrease Java thread stack sizes (-Xss)
#   Set larger code cache with -XX:ReservedCodeCacheSize=
# This output file may be truncated or incomplete.
#
#  Out of Memory Error (allocation.cpp:390), pid=10904, tid=0x0000000000001124
#
# JRE version: Java(TM) SE Runtime Environment (8.0_131-b11) (build 1.8.0_131-b11)
# Java VM: Java HotSpot(TM) 64-Bit Server VM (25.131-b11 mixed mode windows-amd64 compressed oops)
# Failed to write core dump. Minidumps are not enabled by default on client versions of Windows
#

---------------  T H R E A D  ---------------

Current thread (0x000000005627e800):  JavaThread "C2 CompilerThread1" daemon [_thread_in_native, id=4388, stack(0x0000000056b70000,0x0000000056c70000)]

Stack: [0x0000000056b70000,0x0000000056c70000]
[error occurred during error reporting (printing stack bounds), id 0xc0000005]

Native frames: (J=compiled Java code, j=interpreted, Vv=VM code, C=native code)


Current CompileTask:
C2:   1386 1201   !   4       com.android.dx.cf.code.BytecodeArray::parseInstruction (2764 bytes)


---------------  P R O C E S S  ---------------

Java Threads: ( => current thread )
  0x00000000563f5000 JavaThread "pool-1-thread-1" [_thread_new, id=7444, stack(0x0000000000000000,0x0000000000000000)]
  0x00000000562d1800 JavaThread "Service Thread" daemon [_thread_blocked, id=11120, stack(0x0000000056df0000,0x0000000056ef0000)]
  0x0000000054d0e800 JavaThread "C1 CompilerThread2" daemon [_thread_blocked, id=12112, stack(0x0000000056910000,0x0000000056a10000)]
=>0x000000005627e800 JavaThread "C2 CompilerThread1" daemon [_thread_in_native, id=4388, stack(0x0000000056b70000,0x0000000056c70000)]
  0x0000000056261000 JavaThread "C2 CompilerThread0" daemon [_thread_in_native, id=8284, stack(0x0000000056690000,0x0000000056790000)]
  0x000000005625d800 JavaThread "Attach Listener" daemon [_thread_blocked, id=3060, stack(0x0000000056a30000,0x0000000056b30000)]
  0x000000005625c800 JavaThread "Signal Dispatcher" daemon [_thread_blocked, id=11308, stack(0x00000000567b0000,0x00000000568b0000)]
  0x0000000054ce4000 JavaThread "Finalizer" daemon [_thread_blocked, id=10468, stack(0x0000000055f50000,0x0000000056050000)]
  0x0000000054ca2800 JavaThread "Reference Handler" daemon [_thread_blocked, id=2836, stack(0x0000000055de0000,0x0000000055ee0000)]
  0x000000000223e800 JavaThread "main" [_thread_blocked, id=11756, stack(0x0000000002250000,0x0000000002350000)]

Other Threads:
  0x0000000054c9b000 VMThread [stack: 0x0000000055bf0000,0x0000000055cf0000] [id=5976]
  0x0000000056321000 WatcherThread [stack: 0x0000000057030000,0x0000000057130000] [id=11604]

VM state:not at safepoint (normal execution)

VM Mutex/Monitor currently owned by a thread: None

Heap:
 PSYoungGen      total 57344K, used 12907K [0x00000000eab00000, 0x00000000eeb00000, 0x0000000100000000)
  eden space 49152K, 9% used [0x00000000eab00000,0x00000000eaf9bb28,0x00000000edb00000)
  from space 8192K, 99% used [0x00000000edb00000,0x00000000ee2ff440,0x00000000ee300000)
  to   space 8192K, 0% used [0x00000000ee300000,0x00000000ee300000,0x00000000eeb00000)
 ParOldGen       total 131072K, used 226K [0x00000000c0000000, 0x00000000c8000000, 0x00000000eab00000)
  object space 131072K, 0% used [0x00000000c0000000,0x00000000c0038b88,0x00000000c8000000)
 Metaspace       used 5967K, capacity 6936K, committed 7168K, reserved 1056768K
  class space    used 605K, capacity 656K, committed 768K, reserved 1048576K

Card table byte_map: [0x0000000011710000,0x0000000011920000] byte_map_base: 0x0000000011110000

Marking Bits: (ParMarkBitMap*) 0x000000005c8bc720
 Begin Bits: [0x0000000012110000, 0x0000000013110000)
 End Bits:   [0x0000000013110000, 0x0000000014110000)

Polling page: 0x0000000000140000

CodeCache: size=245760Kb used=4555Kb max_used=4555Kb free=241204Kb
 bounds [0x0000000002350000, 0x00000000027d0000, 0x0000000011350000]
 total_blobs=1491 nmethods=1227 adapters=177
 compilation: enabled

Compilation events (10 events):
Event: 1.339 Thread 0x0000000054d0e800 1240       2       java.util.zip.ZipFile$ZipFileInflaterInputStream::finalize (5 bytes)
Event: 1.339 Thread 0x0000000054d0e800 nmethod 1240 0x00000000027c5390 code [0x00000000027c5500, 0x00000000027c5668]
Event: 1.339 Thread 0x0000000054d0e800 1241       2       java.util.zip.ZipFile$ZipFileInputStream::finalize (5 bytes)
Event: 1.339 Thread 0x0000000054d0e800 nmethod 1241 0x00000000027c5710 code [0x00000000027c5880, 0x00000000027c59e8]
Event: 1.342 Thread 0x0000000054d0e800 1242       1       com.android.dx.rop.code.Insn$BaseVisitor::visitThrowingCstInsn (1 bytes)
Event: 1.342 Thread 0x0000000054d0e800 nmethod 1242 0x00000000027c5a90 code [0x00000000027c5be0, 0x00000000027c5cf0]
Event: 1.343 Thread 0x0000000054d0e800 1243       2       java.util.concurrent.locks.AbstractOwnableSynchronizer::setExclusiveOwnerThread (6 bytes)
Event: 1.343 Thread 0x0000000054d0e800 nmethod 1243 0x00000000027c5d50 code [0x00000000027c5ea0, 0x00000000027c6010]
Event: 1.343 Thread 0x0000000054d0e800 1245       2       java.lang.Thread::interrupted (8 bytes)
Event: 1.344 Thread 0x0000000054d0e800 nmethod 1245 0x00000000027c6410 code [0x00000000027c6580, 0x00000000027c66e8]

GC Heap History (2 events):
Event: 1.108 GC heap before
{Heap before GC invocations=1 (full 0):
 PSYoungGen      total 57344K, used 49152K [0x00000000eab00000, 0x00000000eeb00000, 0x0000000100000000)
  eden space 49152K, 100% used [0x00000000eab00000,0x00000000edb00000,0x00000000edb00000)
  from space 8192K, 0% used [0x00000000ee300000,0x00000000ee300000,0x00000000eeb00000)
  to   space 8192K, 0% used [0x00000000edb00000,0x00000000edb00000,0x00000000ee300000)
 ParOldGen       total 131072K, used 0K [0x00000000c0000000, 0x00000000c8000000, 0x00000000eab00000)
  object space 131072K, 0% used [0x00000000c0000000,0x00000000c0000000,0x00000000c8000000)
 Metaspace       used 5943K, capacity 6904K, committed 7040K, reserved 1056768K
  class space    used 602K, capacity 624K, committed 640K, reserved 1048576K
Event: 1.308 GC heap after
Heap after GC invocations=1 (full 0):
 PSYoungGen      total 57344K, used 8189K [0x00000000eab00000, 0x00000000eeb00000, 0x0000000100000000)
  eden space 49152K, 0% used [0x00000000eab00000,0x00000000eab00000,0x00000000edb00000)
  from space 8192K, 99% used [0x00000000edb00000,0x00000000ee2ff440,0x00000000ee300000)
  to   space 8192K, 0% used [0x00000000ee300000,0x00000000ee300000,0x00000000eeb00000)
 ParOldGen       total 131072K, used 226K [0x00000000c0000000, 0x00000000c8000000, 0x00000000eab00000)
  object space 131072K, 0% used [0x00000000c0000000,0x00000000c0038b88,0x00000000c8000000)
 Metaspace       used 5943K, capacity 6904K, committed 7040K, reserved 1056768K
  class space    used 602K, capacity 624K, committed 640K, reserved 1048576K
}

Deoptimization events (10 events):
Event: 0.588 Thread 0x000000005640d800 Uncommon trap: reason=speculate_class_check action=maybe_recompile pc=0x00000000025c0728 method=com.android.dx.rop.cst.Constant.compareTo(Lcom/android/dx/rop/cst/Constant;)I @ 29
Event: 0.588 Thread 0x000000005640d800 Uncommon trap: reason=speculate_class_check action=maybe_recompile pc=0x00000000025c0728 method=com.android.dx.rop.cst.Constant.compareTo(Lcom/android/dx/rop/cst/Constant;)I @ 29
Event: 0.588 Thread 0x000000005640d800 Uncommon trap: reason=speculate_class_check action=maybe_recompile pc=0x00000000025c0728 method=com.android.dx.rop.cst.Constant.compareTo(Lcom/android/dx/rop/cst/Constant;)I @ 29
Event: 0.588 Thread 0x000000005640d800 Uncommon trap: reason=speculate_class_check action=maybe_recompile pc=0x00000000025c0728 method=com.android.dx.rop.cst.Constant.compareTo(Lcom/android/dx/rop/cst/Constant;)I @ 29
Event: 0.740 Thread 0x00000000563f2800 Uncommon trap: reason=unstable_if action=reinterpret pc=0x00000000025670e0 method=java.util.BitSet.nextSetBit(I)I @ 87
Event: 0.794 Thread 0x00000000563f2800 Uncommon trap: reason=unstable_if action=reinterpret pc=0x00000000026126b8 method=com.android.dx.rop.code.RegisterSpec.equals(ILcom/android/dx/rop/type/TypeBearer;Lcom/android/dx/rop/code/LocalItem;)Z @ 24
Event: 0.795 Thread 0x00000000563f2800 Uncommon trap: reason=unstable_if action=reinterpret pc=0x000000000258d57c method=com.android.dx.rop.code.RegisterSpec.equals(ILcom/android/dx/rop/type/TypeBearer;Lcom/android/dx/rop/code/LocalItem;)Z @ 24
Event: 0.797 Thread 0x000000005656c800 Uncommon trap: reason=unstable_if action=reinterpret pc=0x00000000025cfb3c method=com.android.dx.rop.code.RegisterSpec.equals(ILcom/android/dx/rop/type/TypeBearer;Lcom/android/dx/rop/code/LocalItem;)Z @ 24
Event: 0.797 Thread 0x00000000563f2800 Uncommon trap: reason=unstable_if action=reinterpret pc=0x00000000025be4fc method=com.android.dx.rop.code.RegisterSpec.equals(ILcom/android/dx/rop/type/TypeBearer;Lcom/android/dx/rop/code/LocalItem;)Z @ 24
Event: 1.342 Thread 0x00000000563f2800 Uncommon trap: reason=class_check action=maybe_recompile pc=0x000000000258f4e8 method=com.android.dx.ssa.NormalSsaInsn.accept(Lcom/android/dx/ssa/SsaInsn$Visitor;)V @ 9

Internal exceptions (2 events):
Event: 0.053 Thread 0x000000000223e800 Exception <a 'java/lang/NoSuchMethodError': Method sun.misc.Unsafe.defineClass(Ljava/lang/String;[BII)Ljava/lang/Class; name or signature does not match> (0x00000000eab07ca8) thrown at [C:\re\workspace\8-2-build-windows-amd64-cygwin\jdk8u131\8869\hotspot\
Event: 0.053 Thread 0x000000000223e800 Exception <a 'java/lang/NoSuchMethodError': Method sun.misc.Unsafe.prefetchRead(Ljava/lang/Object;J)V name or signature does not match> (0x00000000eab07f90) thrown at [C:\re\workspace\8-2-build-windows-amd64-cygwin\jdk8u131\8869\hotspot\src\share\vm\prims

Events (10 events):
Event: 1.340 Executing VM operation: Deoptimize
Event: 1.340 Executing VM operation: Deoptimize done
Event: 1.342 Thread 0x00000000563f2800 Uncommon trap: trap_request=0xffffffde fr.pc=0x000000000258f4e8
Event: 1.342 Thread 0x00000000563f2800 DEOPT PACKING pc=0x000000000258f4e8 sp=0x0000000056dbe710
Event: 1.342 Thread 0x00000000563f2800 DEOPT UNPACKING pc=0x000000000239582a sp=0x0000000056dbe730 mode 2
Event: 1.343 Thread 0x00000000563f2800 Thread exited: 0x00000000563f2800
Event: 1.344 Thread 0x00000000563f5000 Thread exited: 0x00000000563f5000
Event: 1.344 loading class com/android/dx/command/dexer/Main$DexWriter
Event: 1.344 loading class com/android/dx/command/dexer/Main$DexWriter done
Event: 1.345 Thread 0x00000000563f5000 Thread added: 0x00000000563f5000


Dynamic libraries:
0x000000013f3b0000 - 0x000000013f3e7000 	C:\Program Files\Java\jdk1.8.0_131\bin\java.exe
0x00000000771c0000 - 0x000000007735f000 	C:\Windows\SYSTEM32\ntdll.dll
0x00000000770a0000 - 0x00000000771bf000 	C:\Windows\system32\kernel32.dll
0x000007fefcd80000 - 0x000007fefcdea000 	C:\Windows\system32\KERNELBASE.dll
0x000007fefd170000 - 0x000007fefd24b000 	C:\Windows\system32\ADVAPI32.dll
0x000007fefe7e0000 - 0x000007fefe87f000 	C:\Windows\system32\msvcrt.dll
0x000007fefe700000 - 0x000007fefe71f000 	C:\Windows\SYSTEM32\sechost.dll
0x000007fefe300000 - 0x000007fefe42d000 	C:\Windows\system32\RPCRT4.dll
0x0000000076fa0000 - 0x000000007709a000 	C:\Windows\system32\USER32.dll
0x000007feff150000 - 0x000007feff1b7000 	C:\Windows\system32\GDI32.dll
0x000007feff260000 - 0x000007feff26e000 	C:\Windows\system32\LPK.dll
0x000007fefeef0000 - 0x000007fefefbb000 	C:\Windows\system32\USP10.dll
0x000007fefb620000 - 0x000007fefb814000 	C:\Windows\WinSxS\amd64_microsoft.windows.common-controls_6595b64144ccf1df_6.0.7601.18837_none_fa3b1e3d17594757\COMCTL32.dll
0x000007fefee70000 - 0x000007fefeee1000 	C:\Windows\system32\SHLWAPI.dll
0x000007fefe2d0000 - 0x000007fefe2fe000 	C:\Windows\system32\IMM32.DLL
0x000007fefefc0000 - 0x000007feff0c9000 	C:\Windows\system32\MSCTF.dll
0x000000005c940000 - 0x000000005ca12000 	C:\Program Files\Java\jdk1.8.0_131\jre\bin\msvcr100.dll
0x000000005c0a0000 - 0x000000005c93c000 	C:\Program Files\Java\jdk1.8.0_131\jre\bin\server\jvm.dll
0x000007fef7ff0000 - 0x000007fef7ff9000 	C:\Windows\system32\WSOCK32.dll
0x000007fefd120000 - 0x000007fefd16d000 	C:\Windows\system32\WS2_32.dll
0x000007fefd530000 - 0x000007fefd538000 	C:\Windows\system32\NSI.dll
0x000007fef9510000 - 0x000007fef954b000 	C:\Windows\system32\WINMM.dll
0x000007fefbe30000 - 0x000007fefbe3c000 	C:\Windows\system32\VERSION.dll
0x0000000077370000 - 0x0000000077377000 	C:\Windows\system32\PSAPI.DLL
0x000000006aaa0000 - 0x000000006aaaf000 	C:\Program Files\Java\jdk1.8.0_131\jre\bin\verify.dll
0x000000006aa70000 - 0x000000006aa99000 	C:\Program Files\Java\jdk1.8.0_131\jre\bin\java.dll
0x00000000620d0000 - 0x00000000620e6000 	C:\Program Files\Java\jdk1.8.0_131\jre\bin\zip.dll
0x000007fefd540000 - 0x000007fefe2cb000 	C:\Windows\system32\SHELL32.dll
0x0000000056050000 - 0x000000005624d000 	C:\Windows\system32\ole32.dll
0x000007fefcd60000 - 0x000007fefcd6f000 	C:\Windows\system32\profapi.dll

VM Arguments:
jvm_args: -Djava.awt.headless=true -Xmx1024M -Dfile.encoding=windows-31j -Duser.country=JP -Duser.language=ja -Duser.variant 
java_command: com.android.dx.command.Main --dex --force-jumbo --num-threads=4 --multi-dex --output D:\Project\shouhin_irekae\Android\ProductChange\app\build\intermediates\transforms\dex\debug\folders\1000\5\slice_0 D:\Project\shouhin_irekae\Android\ProductChange\app\build\intermediates\transforms\instantRunSlicer\debug\folders\1\5\slice_0
java_class_path (initial): C:\Users\cong-pv\AppData\Local\Android\Sdk\build-tools\25.0.0\lib\dx.jar
Launcher Type: SUN_STANDARD

Environment Variables:
JAVA_HOME=C:\Program Files\Java\jdk1.8.0_131
PATH=C:\Program Files (x86)\Common Files\Oracle\Java\javapath;C:\ProgramData\Oracle\Java\javapath;C:\Program Files (x86)\Intel\iCLS Client\;C:\Program Files\Intel\iCLS Client\;C:\Windows\system32;C:\Windows;C:\Windows\System32\Wbem;C:\Windows\System32\WindowsPowerShell\v1.0\;C:\Program Files (x86)\Intel\UCRT\;C:\Program Files\TortoiseSVN\bin;C:\Users\User\.dnx\bin;C:\Program Files\Microsoft DNX\Dnvm\;C:\Program Files (x86)\Windows Kits\8.1\Windows Performance Toolkit\;C:\Program Files\Microsoft SQL Server\130\Tools\Binn\;C:\Program Files\Git\cmd;C:\Program Files\Microsoft SQL Server\120\Tools\Binn\;C:\Program Files\Microsoft SQLServer\Client SDK\ODBC\110\Tools\Binn\;C:\Program Files (x86)\Microsoft SQL Server\120\Tools\Binn\;C:\Program Files\Microsoft SQL Server\120\DTS\Binn\;C:\Program Files (x86)\Microsoft SQL Server\120\Tools\Binn\ManagementStudio\;C:\ProgramFiles (x86)\Microsoft SQL Server\120\DTS\Binn\;C:\Program Files\Intel\UCRT\;C:\Program Files (x86)\Intel\Intel(R) Management Engine Components\DAL;C:\Program Files\Intel\Intel(R) Management Engine Components\DAL;C:\Program Files (x86)\Intel\Intel(R) Management Engine Components\IPT;C:\Program Files\Intel\Intel(R) Management Engine Components\IPT;c:\Program Files\Microsoft SQL Server\Client SDK\ODBC\110\Tools\Binn\;c:\Program Files (x86)\Microsoft SQL Server\120\DTS\Binn\;C:\Program Files\Java\jdk1.8.0_131\bin;C:\Program Files\TortoiseGit\bin;C:\Go\bin;C:\Users\cong-pv\go\bin
USERNAME=cong-pv
OS=Windows_NT
PROCESSOR_IDENTIFIER=Intel64 Family 6 Model 94 Stepping 3, GenuineIntel



---------------  S Y S T E M  ---------------

OS: Windows 7 , 64 bit Build 7601 (6.1.7601.24214)

CPU:total 4 (initial active 4) (4 cores per cpu, 1 threads per core) family 6 model 94 stepping 3, cmov, cx8, fxsr, mmx, sse, sse2, sse3, ssse3, sse4.1, sse4.2, popcnt, avx, avx2, aes, clmul, erms, rtm, 3dnowpref, lzcnt, tsc, tscinvbit, bmi1, bmi2, adx

Memory: 4k page, physical 12451892k(1970280k free), swap 12449992k(8916k free)

vm_info: Java HotSpot(TM) 64-Bit Server VM (25.131-b11) for windows-amd64 JRE (1.8.0_131-b11), built on Mar 15 2017 01:23:53 by "java_re" with MS VC++ 10.0 (VS2010)

time: Thu Sep 06 17:56:09 2018
elapsed time: 1 seconds (0d 0h 0m 1s)

