#
# A fatal error has been detected by the Java Runtime Environment:
#
#  Internal Error (0xc06d007e), pid=6260, tid=0x000000000000147c
#
# JRE version:  (8.0_131-b11) (build )
# Java VM: Java HotSpot(TM) 64-Bit Server VM (25.131-b11 mixed mode windows-amd64 compressed oops)
# Problematic frame:
# C  [KERNELBASE.dll+0x1a06d]
#
# Failed to write core dump. Minidumps are not enabled by default on client versions of Windows
#
# If you would like to submit a bug report, please visit:
#   http://bugreport.java.com/bugreport/crash.jsp
# The crash happened outside the Java Virtual Machine in native code.
# See problematic frame for where to report the bug.
#

---------------  T H R E A D  ---------------

Current thread (0x0000000001c5e800):  JavaThread "main" [_thread_in_native, id=5244, stack(0x00000000021a0000,0x00000000022a0000)]

siginfo: ExceptionCode=0xc06d007e, ExceptionInformation=0x000000000229ea60 

Registers:
RAX=0x000000007429dba7, RBX=0x0000000000000000, RCX=0x000000000229e360, RDX=0x0000000000000160
RSP=0x000000000229e970, RBP=0x000000000229eab8, RSI=0x0000000066d8d8dc, RDI=0x0000000000000000
R8 =0x0000000000000000, R9 =0x0000000000000000, R10=0x0000000000000002, R11=0x000000000229e9b0
R12=0x0000000000000001, R13=0x0000000066d95780, R14=0x0000000066d95510, R15=0x0000000066d8d968
RIP=0x000007fefcf0a06d, EFLAGS=0x0000000000000202

Top of Stack: (sp=0x000000000229e970)
0x000000000229e970:   0000000000000000 0000000066d8d8dc
0x000000000229e980:   0000000000000000 0000000077311858
0x000000000229e990:   00000000c06d007e 0000000000000000
0x000000000229e9a0:   000007fefcf0a06d 0000000000000001
0x000000000229e9b0:   000000000229ea60 000007fefcefc7af
0x000000000229e9c0:   0000000000000000 0000000000000000
0x000000000229e9d0:   0000000000000000 0000000000000001
0x000000000229e9e0:   0000000000000000 0000000000000000
0x000000000229e9f0:   00000000000c000b 0000000066d8cb80
0x000000000229ea00:   0000000000000000 00000000771d6544
0x000000000229ea10:   0000000066d8cb80 000000005d424e7e
0x000000000229ea20:   0000000066d8b6cc 000000005d3f5695
0x000000000229ea30:   0000000000000000 0000000066d88a17
0x000000000229ea40:   0000000000000040 0000000000000000
0x000000000229ea50:   0000000000000001 000000005d4238a8
0x000000000229ea60:   0000000000000048 0000000066d8d8dc 

Instructions: (pc=0x000007fefcf0a06d)
0x000007fefcf0a04d:   54 24 24 48 89 4c 24 28 4d 85 c9 0f 85 6a 03 00
0x000007fefcf0a05d:   00 89 4c 24 38 48 8d 4c 24 20 ff 15 33 02 03 00
0x000007fefcf0a06d:   48 81 c4 c8 00 00 00 c3 90 90 90 90 90 90 90 90
0x000007fefcf0a07d:   90 90 90 48 83 ec 28 65 48 8b 04 25 30 00 00 00 


Register to memory mapping:

RAX=0x000000007429dba7 is an unknown value
RBX=0x0000000000000000 is an unknown value
RCX=0x000000000229e360 is pointing into the stack for thread: 0x0000000001c5e800
RDX=0x0000000000000160 is an unknown value
RSP=0x000000000229e970 is pointing into the stack for thread: 0x0000000001c5e800
RBP=0x000000000229eab8 is pointing into the stack for thread: 0x0000000001c5e800
RSI=0x0000000066d8d8dc is an unknown value
RDI=0x0000000000000000 is an unknown value
R8 =0x0000000000000000 is an unknown value
R9 =0x0000000000000000 is an unknown value
R10=0x0000000000000002 is an unknown value
R11=0x000000000229e9b0 is pointing into the stack for thread: 0x0000000001c5e800
R12=0x0000000000000001 is an unknown value
R13=0x0000000066d95780 is an unknown value
R14=0x0000000066d95510 is an unknown value
R15=0x0000000066d8d968 is an unknown value


Stack: [0x00000000021a0000,0x00000000022a0000],  sp=0x000000000229e970,  free space=1018k
Native frames: (J=compiled Java code, j=interpreted, Vv=VM code, C=native code)
C  [KERNELBASE.dll+0x1a06d]

Java frames: (J=compiled Java code, j=interpreted, Vv=VM code)
j  java.lang.System.initProperties(Ljava/util/Properties;)Ljava/util/Properties;+0
j  java.lang.System.initializeSystemClass()V+13
v  ~StubRoutines::call_stub

---------------  P R O C E S S  ---------------

Java Threads: ( => current thread )
  0x0000000054eda000 JavaThread "Finalizer" daemon [_thread_blocked, id=9156, stack(0x0000000055d00000,0x0000000055e00000)]
  0x0000000054e92800 JavaThread "Reference Handler" daemon [_thread_blocked, id=6184, stack(0x0000000055eb0000,0x0000000055fb0000)]
=>0x0000000001c5e800 JavaThread "main" [_thread_in_native, id=5244, stack(0x00000000021a0000,0x00000000022a0000)]

Other Threads:
  0x0000000054e8b000 VMThread [stack: 0x0000000055bc0000,0x0000000055cc0000] [id=11560]

VM state:not at safepoint (normal execution)

VM Mutex/Monitor currently owned by a thread: None

Heap:
 PSYoungGen      total 57344K, used 983K [0x00000000eab00000, 0x00000000eeb00000, 0x0000000100000000)
  eden space 49152K, 2% used [0x00000000eab00000,0x00000000eabf5c38,0x00000000edb00000)
  from space 8192K, 0% used [0x00000000ee300000,0x00000000ee300000,0x00000000eeb00000)
  to   space 8192K, 0% used [0x00000000edb00000,0x00000000edb00000,0x00000000ee300000)
 ParOldGen       total 131072K, used 0K [0x00000000c0000000, 0x00000000c8000000, 0x00000000eab00000)
  object space 131072K, 0% used [0x00000000c0000000,0x00000000c0000000,0x00000000c8000000)
 Metaspace       used 1103K, capacity 4480K, committed 4480K, reserved 1056768K
  class space    used 116K, capacity 384K, committed 384K, reserved 1048576K

Card table byte_map: [0x0000000011710000,0x0000000011920000] byte_map_base: 0x0000000011110000

Marking Bits: (ParMarkBitMap*) 0x000000005d34c720
 Begin Bits: [0x0000000012300000, 0x0000000013300000)
 End Bits:   [0x0000000013300000, 0x0000000014300000)

Polling page: 0x0000000000450000

CodeCache: size=245760Kb used=404Kb max_used=404Kb free=245355Kb
 bounds [0x0000000002350000, 0x00000000025c0000, 0x0000000011350000]
 total_blobs=103 nmethods=0 adapters=77
 compilation: enabled

Compilation events (0 events):
No events

GC Heap History (0 events):
No events

Deoptimization events (0 events):
No events

Internal exceptions (2 events):
Event: 0.131 Thread 0x0000000001c5e800 Exception <a 'java/lang/NoSuchMethodError': Method sun.misc.Unsafe.defineClass(Ljava/lang/String;[BII)Ljava/lang/Class; name or signature does not match> (0x00000000eab07ca8) thrown at [C:\re\workspace\8-2-build-windows-amd64-cygwin\jdk8u131\8869\hotspot\
Event: 0.131 Thread 0x0000000001c5e800 Exception <a 'java/lang/NoSuchMethodError': Method sun.misc.Unsafe.prefetchRead(Ljava/lang/Object;J)V name or signature does not match> (0x00000000eab07f90) thrown at [C:\re\workspace\8-2-build-windows-amd64-cygwin\jdk8u131\8869\hotspot\src\share\vm\prims

Events (10 events):
Event: 0.132 loading class java/util/HashMap$Node done
Event: 0.132 loading class sun/misc/VM
Event: 0.132 loading class sun/misc/VM done
Event: 0.132 loading class java/util/Hashtable$Entry
Event: 0.132 loading class java/util/Hashtable$Entry done
Event: 0.132 loading class java/lang/Math
Event: 0.132 loading class java/lang/Math done
Event: 0.132 loading class java/lang/ref/Finalizer$FinalizerThread
Event: 0.133 loading class java/lang/ref/Finalizer$FinalizerThread done
Event: 0.133 Thread 0x0000000054eda000 Thread added: 0x0000000054eda000


Dynamic libraries:
0x000000013fde0000 - 0x000000013fe17000 	C:\Program Files\Java\jdk1.8.0_131\bin\java.exe
0x00000000772e0000 - 0x000000007747f000 	C:\Windows\SYSTEM32\ntdll.dll
0x00000000771c0000 - 0x00000000772df000 	C:\Windows\system32\kernel32.dll
0x000007fefcef0000 - 0x000007fefcf5a000 	C:\Windows\system32\KERNELBASE.dll
0x000007fefd340000 - 0x000007fefd41b000 	C:\Windows\system32\ADVAPI32.dll
0x000007feff350000 - 0x000007feff3ef000 	C:\Windows\system32\msvcrt.dll
0x000007fefd840000 - 0x000007fefd85f000 	C:\Windows\SYSTEM32\sechost.dll
0x000007fefd500000 - 0x000007fefd62d000 	C:\Windows\system32\RPCRT4.dll
0x00000000770c0000 - 0x00000000771ba000 	C:\Windows\system32\USER32.dll
0x000007feff200000 - 0x000007feff267000 	C:\Windows\system32\GDI32.dll
0x000007fefd330000 - 0x000007fefd33e000 	C:\Windows\system32\LPK.dll
0x000007feff280000 - 0x000007feff34b000 	C:\Windows\system32\USP10.dll
0x000007fefb740000 - 0x000007fefb934000 	C:\Windows\WinSxS\amd64_microsoft.windows.common-controls_6595b64144ccf1df_6.0.7601.18837_none_fa3b1e3d17594757\COMCTL32.dll
0x000007fefd860000 - 0x000007fefd8d1000 	C:\Windows\system32\SHLWAPI.dll
0x000007fefece0000 - 0x000007fefed0e000 	C:\Windows\system32\IMM32.DLL
0x000007fefd730000 - 0x000007fefd839000 	C:\Windows\system32\MSCTF.dll
0x000000005d3d0000 - 0x000000005d4a2000 	C:\Program Files\Java\jdk1.8.0_131\jre\bin\msvcr100.dll
0x000000005cb30000 - 0x000000005d3cc000 	C:\Program Files\Java\jdk1.8.0_131\jre\bin\server\jvm.dll
0x000007fef8570000 - 0x000007fef8579000 	C:\Windows\system32\WSOCK32.dll
0x000007fefd240000 - 0x000007fefd28d000 	C:\Windows\system32\WS2_32.dll
0x0000000000240000 - 0x0000000000248000 	C:\Windows\system32\NSI.dll
0x000007fefa3b0000 - 0x000007fefa3eb000 	C:\Windows\system32\WINMM.dll
0x000007fefbf50000 - 0x000007fefbf5c000 	C:\Windows\system32\VERSION.dll
0x0000000077480000 - 0x0000000077487000 	C:\Windows\system32\PSAPI.DLL
0x00000000673e0000 - 0x00000000673ef000 	C:\Program Files\Java\jdk1.8.0_131\jre\bin\verify.dll
0x0000000066d70000 - 0x0000000066d99000 	C:\Program Files\Java\jdk1.8.0_131\jre\bin\java.dll
0x0000000066db0000 - 0x0000000066dc6000 	C:\Program Files\Java\jdk1.8.0_131\jre\bin\zip.dll

VM Arguments:
jvm_args: -Djava.awt.headless=true -Xmx1024M -Dfile.encoding=windows-31j -Duser.country=JP -Duser.language=ja -Duser.variant 
java_command: com.android.dx.command.Main --dex --force-jumbo --num-threads=4 --multi-dex --output D:\Project\shouhin_irekae\Android\ProductChange\app\build\intermediates\transforms\dex\debug\folders\1000\5\slice_5 D:\Project\shouhin_irekae\Android\ProductChange\app\build\intermediates\transforms\instantRunSlicer\debug\folders\1\5\slice_5
java_class_path (initial): C:\Users\cong-pv\AppData\Local\Android\Sdk\build-tools\25.0.0\lib\dx.jar
Launcher Type: SUN_STANDARD

Environment Variables:
JAVA_HOME=C:\Program Files\Java\jdk1.8.0_131
PATH=C:\Program Files (x86)\Common Files\Oracle\Java\javapath;C:\ProgramData\Oracle\Java\javapath;C:\Program Files (x86)\Intel\iCLS Client\;C:\Program Files\Intel\iCLS Client\;C:\Windows\system32;C:\Windows;C:\Windows\System32\Wbem;C:\Windows\System32\WindowsPowerShell\v1.0\;C:\Program Files (x86)\Intel\UCRT\;C:\Program Files\TortoiseSVN\bin;C:\Users\User\.dnx\bin;C:\Program Files\Microsoft DNX\Dnvm\;C:\Program Files (x86)\Windows Kits\8.1\Windows Performance Toolkit\;C:\Program Files\Microsoft SQL Server\130\Tools\Binn\;C:\Program Files\Git\cmd;C:\Program Files\Microsoft SQL Server\120\Tools\Binn\;C:\Program Files\Microsoft SQLServer\Client SDK\ODBC\110\Tools\Binn\;C:\Program Files (x86)\Microsoft SQL Server\120\Tools\Binn\;C:\Program Files\Microsoft SQL Server\120\DTS\Binn\;C:\Program Files (x86)\Microsoft SQL Server\120\Tools\Binn\ManagementStudio\;C:\ProgramFiles (x86)\Microsoft SQL Server\120\DTS\Binn\;C:\Program Files\Intel\UCRT\;C:\Program Files (x86)\Intel\Intel(R) Management Engine Components\DAL;C:\Program Files\Intel\Intel(R) Management Engine Components\DAL;C:\Program Files (x86)\Intel\Intel(R) Management Engine Components\IPT;C:\Program Files\Intel\Intel(R) Management Engine Components\IPT;c:\Program Files\Microsoft SQL Server\Client SDK\ODBC\110\Tools\Binn\;c:\Program Files (x86)\Microsoft SQL Server\120\DTS\Binn\;C:\Program Files\Java\jdk1.8.0_131\bin;C:\Program Files\TortoiseGit\bin;C:\Go\bin;C:\Users\cong-pv\go\bin
USERNAME=cong-pv
OS=Windows_NT
PROCESSOR_IDENTIFIER=Intel64 Family 6 Model 94 Stepping 3, GenuineIntel



---------------  S Y S T E M  ---------------

OS: Windows 7 , 64 bit Build 7601 (6.1.7601.24214)

CPU:total 4 (initial active 4) (4 cores per cpu, 1 threads per core) family 6 model 94 stepping 3, cmov, cx8, fxsr, mmx, sse, sse2, sse3, ssse3, sse4.1, sse4.2, popcnt, avx, avx2, aes, clmul, erms, rtm, 3dnowpref, lzcnt, tsc, tscinvbit, bmi1, bmi2, adx

Memory: 4k page, physical 12451892k(1997212k free), swap 12449992k(6252k free)

vm_info: Java HotSpot(TM) 64-Bit Server VM (25.131-b11) for windows-amd64 JRE (1.8.0_131-b11), built on Mar 15 2017 01:23:53 by "java_re" with MS VC++ 10.0 (VS2010)

time: Wed Sep 05 15:08:21 2018
elapsed time: 0 seconds (0d 0h 0m 0s)

