#
# There is insufficient memory for the Java Runtime Environment to continue.
# Native memory allocation (malloc) failed to allocate 377936 bytes for Chunk::new
# Possible reasons:
#   The system is out of physical RAM or swap space
#   In 32 bit mode, the process size limit was hit
# Possible solutions:
#   Reduce memory load on the system
#   Increase physical memory or swap space
#   Check if swap backing store is full
#   Use 64 bit Java on a 64 bit OS
#   Decrease Java heap size (-Xmx/-Xms)
#   Decrease number of Java threads
#   Decrease Java thread stack sizes (-Xss)
#   Set larger code cache with -XX:ReservedCodeCacheSize=
# This output file may be truncated or incomplete.
#
#  Out of Memory Error (allocation.cpp:390), pid=9584, tid=0x000000000000332c
#
# JRE version: Java(TM) SE Runtime Environment (8.0_131-b11) (build 1.8.0_131-b11)
# Java VM: Java HotSpot(TM) 64-Bit Server VM (25.131-b11 mixed mode windows-amd64 compressed oops)
# Failed to write core dump. Minidumps are not enabled by default on client versions of Windows
#

---------------  T H R E A D  ---------------

Current thread (0x00000000560a1000):  JavaThread "C2 CompilerThread0" daemon [_thread_in_native, id=13100, stack(0x0000000055c40000,0x0000000055d40000)]

Stack: [0x0000000055c40000,0x0000000055d40000]
[error occurred during error reporting (printing stack bounds), id 0xc0000005]

Native frames: (J=compiled Java code, j=interpreted, Vv=VM code, C=native code)


Current CompileTask:
C2:   2139 1840       4       com.android.dx.rop.cst.CstBaseMethodRef::getPrototype (41 bytes)


---------------  P R O C E S S  ---------------

Java Threads: ( => current thread )
  0x000000005611d000 JavaThread "Service Thread" daemon [_thread_blocked, id=12880, stack(0x0000000056b40000,0x0000000056c40000)]
  0x00000000560b4000 JavaThread "C1 CompilerThread2" daemon [_thread_blocked, id=4720, stack(0x00000000569e0000,0x0000000056ae0000)]
  0x00000000560ab000 JavaThread "C2 CompilerThread1" daemon [_thread_in_native, id=7792, stack(0x0000000056810000,0x0000000056910000)]
=>0x00000000560a1000 JavaThread "C2 CompilerThread0" daemon [_thread_in_native, id=13100, stack(0x0000000055c40000,0x0000000055d40000)]
  0x000000005609d800 JavaThread "Attach Listener" daemon [_thread_blocked, id=10836, stack(0x00000000566f0000,0x00000000567f0000)]
  0x000000005609c800 JavaThread "Signal Dispatcher" daemon [_thread_blocked, id=12872, stack(0x00000000565f0000,0x00000000566f0000)]
  0x0000000054e2a000 JavaThread "Finalizer" daemon [_thread_blocked, id=11900, stack(0x0000000055f90000,0x0000000056090000)]
  0x0000000054de2800 JavaThread "Reference Handler" daemon [_thread_blocked, id=5792, stack(0x0000000055e70000,0x0000000055f70000)]
  0x00000000021fe800 JavaThread "main" [_thread_in_native, id=13640, stack(0x00000000024b0000,0x00000000025b0000)]

Other Threads:
  0x0000000054ddb000 VMThread [stack: 0x0000000055d70000,0x0000000055e70000] [id=13892]
  0x0000000056164800 WatcherThread [stack: 0x0000000056c70000,0x0000000056d70000] [id=2636]

VM state:not at safepoint (normal execution)

VM Mutex/Monitor currently owned by a thread: None

Heap:
 PSYoungGen      total 106496K, used 12881K [0x00000000eab00000, 0x00000000f7b00000, 0x0000000100000000)
  eden space 98304K, 4% used [0x00000000eab00000,0x00000000eaf994b8,0x00000000f0b00000)
  from space 8192K, 99% used [0x00000000f0b00000,0x00000000f12fb340,0x00000000f1300000)
  to   space 8192K, 0% used [0x00000000f7300000,0x00000000f7300000,0x00000000f7b00000)
 ParOldGen       total 131072K, used 34767K [0x00000000c0000000, 0x00000000c8000000, 0x00000000eab00000)
  object space 131072K, 26% used [0x00000000c0000000,0x00000000c21f3d80,0x00000000c8000000)
 Metaspace       used 6595K, capacity 7352K, committed 7680K, reserved 1056768K
  class space    used 657K, capacity 688K, committed 768K, reserved 1048576K

Card table byte_map: [0x0000000011970000,0x0000000011b80000] byte_map_base: 0x0000000011370000

Marking Bits: (ParMarkBitMap*) 0x00000000575ec720
 Begin Bits: [0x0000000012250000, 0x0000000013250000)
 End Bits:   [0x0000000013250000, 0x0000000014250000)

Polling page: 0x0000000000200000

CodeCache: size=245760Kb used=7347Kb max_used=7347Kb free=238413Kb
 bounds [0x00000000025b0000, 0x0000000002cf0000, 0x00000000115b0000]
 total_blobs=2090 nmethods=1816 adapters=186
 compilation: enabled

Compilation events (10 events):
Event: 2.130 Thread 0x00000000560b4000 1878       3       java.lang.CharacterDataLatin1::toUpperCaseEx (71 bytes)
Event: 2.130 Thread 0x00000000560b4000 nmethod 1878 0x0000000002cdd090 code [0x0000000002cdd200, 0x0000000002cdd4b0]
Event: 2.130 Thread 0x00000000560b4000 1879       1       java.util.LinkedHashMap::removeEldestEntry (2 bytes)
Event: 2.130 Thread 0x00000000560b4000 nmethod 1879 0x0000000002cdd610 code [0x0000000002cdd760, 0x0000000002cdd870]
Event: 2.131 Thread 0x00000000560b4000 1882       3       java.lang.Integer::reverseBytes (26 bytes)
Event: 2.131 Thread 0x00000000560b4000 nmethod 1882 0x0000000002cddc90 code [0x0000000002cddde0, 0x0000000002cddf30]
Event: 2.132 Thread 0x00000000560b4000 1884       3       sun.security.provider.SHA::implCompress (491 bytes)
Event: 2.132 Thread 0x00000000560b4000 nmethod 1884 0x0000000002cddf90 code [0x0000000002cde180, 0x0000000002cdea68]
Event: 2.132 Thread 0x00000000560b4000 1885       3       sun.security.provider.ByteArrayAccess::b2iBig64 (614 bytes)
Event: 2.133 Thread 0x00000000560b4000 nmethod 1885 0x0000000002cdf2d0 code [0x0000000002cdf4e0, 0x0000000002ce02a8]

GC Heap History (6 events):
Event: 0.824 GC heap before
{Heap before GC invocations=1 (full 0):
 PSYoungGen      total 57344K, used 49152K [0x00000000eab00000, 0x00000000eeb00000, 0x0000000100000000)
  eden space 49152K, 100% used [0x00000000eab00000,0x00000000edb00000,0x00000000edb00000)
  from space 8192K, 0% used [0x00000000ee300000,0x00000000ee300000,0x00000000eeb00000)
  to   space 8192K, 0% used [0x00000000edb00000,0x00000000edb00000,0x00000000ee300000)
 ParOldGen       total 131072K, used 0K [0x00000000c0000000, 0x00000000c8000000, 0x00000000eab00000)
  object space 131072K, 0% used [0x00000000c0000000,0x00000000c0000000,0x00000000c8000000)
 Metaspace       used 5874K, capacity 6872K, committed 7168K, reserved 1056768K
  class space    used 606K, capacity 656K, committed 768K, reserved 1048576K
Event: 0.837 GC heap after
Heap after GC invocations=1 (full 0):
 PSYoungGen      total 57344K, used 8189K [0x00000000eab00000, 0x00000000f1b00000, 0x0000000100000000)
  eden space 49152K, 0% used [0x00000000eab00000,0x00000000eab00000,0x00000000edb00000)
  from space 8192K, 99% used [0x00000000edb00000,0x00000000ee2ff748,0x00000000ee300000)
  to   space 8192K, 0% used [0x00000000f1300000,0x00000000f1300000,0x00000000f1b00000)
 ParOldGen       total 131072K, used 2685K [0x00000000c0000000, 0x00000000c8000000, 0x00000000eab00000)
  object space 131072K, 2% used [0x00000000c0000000,0x00000000c029f4e8,0x00000000c8000000)
 Metaspace       used 5874K, capacity 6872K, committed 7168K, reserved 1056768K
  class space    used 606K, capacity 656K, committed 768K, reserved 1048576K
}
Event: 1.408 GC heap before
{Heap before GC invocations=2 (full 0):
 PSYoungGen      total 57344K, used 57341K [0x00000000eab00000, 0x00000000f1b00000, 0x0000000100000000)
  eden space 49152K, 100% used [0x00000000eab00000,0x00000000edb00000,0x00000000edb00000)
  from space 8192K, 99% used [0x00000000edb00000,0x00000000ee2ff748,0x00000000ee300000)
  to   space 8192K, 0% used [0x00000000f1300000,0x00000000f1300000,0x00000000f1b00000)
 ParOldGen       total 131072K, used 2685K [0x00000000c0000000, 0x00000000c8000000, 0x00000000eab00000)
  object space 131072K, 2% used [0x00000000c0000000,0x00000000c029f4e8,0x00000000c8000000)
 Metaspace       used 5977K, capacity 6936K, committed 7168K, reserved 1056768K
  class space    used 607K, capacity 656K, committed 768K, reserved 1048576K
Event: 1.445 GC heap after
Heap after GC invocations=2 (full 0):
 PSYoungGen      total 106496K, used 8182K [0x00000000eab00000, 0x00000000f1b00000, 0x0000000100000000)
  eden space 98304K, 0% used [0x00000000eab00000,0x00000000eab00000,0x00000000f0b00000)
  from space 8192K, 99% used [0x00000000f1300000,0x00000000f1afd880,0x00000000f1b00000)
  to   space 8192K, 0% used [0x00000000f0b00000,0x00000000f0b00000,0x00000000f1300000)
 ParOldGen       total 131072K, used 20949K [0x00000000c0000000, 0x00000000c8000000, 0x00000000eab00000)
  object space 131072K, 15% used [0x00000000c0000000,0x00000000c14754e0,0x00000000c8000000)
 Metaspace       used 5977K, capacity 6936K, committed 7168K, reserved 1056768K
  class space    used 607K, capacity 656K, committed 768K, reserved 1048576K
}
Event: 1.883 GC heap before
{Heap before GC invocations=3 (full 0):
 PSYoungGen      total 106496K, used 106466K [0x00000000eab00000, 0x00000000f1b00000, 0x0000000100000000)
  eden space 98304K, 99% used [0x00000000eab00000,0x00000000f0afb350,0x00000000f0b00000)
  from space 8192K, 99% used [0x00000000f1300000,0x00000000f1afd880,0x00000000f1b00000)
  to   space 8192K, 0% used [0x00000000f0b00000,0x00000000f0b00000,0x00000000f1300000)
 ParOldGen       total 131072K, used 20949K [0x00000000c0000000, 0x00000000c8000000, 0x00000000eab00000)
  object space 131072K, 15% used [0x00000000c0000000,0x00000000c14754e0,0x00000000c8000000)
 Metaspace       used 6146K, capacity 7064K, committed 7424K, reserved 1056768K
  class space    used 621K, capacity 656K, committed 768K, reserved 1048576K
Event: 1.914 GC heap after
Heap after GC invocations=3 (full 0):
 PSYoungGen      total 106496K, used 8172K [0x00000000eab00000, 0x00000000f7b00000, 0x0000000100000000)
  eden space 98304K, 0% used [0x00000000eab00000,0x00000000eab00000,0x00000000f0b00000)
  from space 8192K, 99% used [0x00000000f0b00000,0x00000000f12fb340,0x00000000f1300000)
  to   space 8192K, 0% used [0x00000000f7300000,0x00000000f7300000,0x00000000f7b00000)
 ParOldGen       total 131072K, used 34767K [0x00000000c0000000, 0x00000000c8000000, 0x00000000eab00000)
  object space 131072K, 26% used [0x00000000c0000000,0x00000000c21f3d80,0x00000000c8000000)
 Metaspace       used 6146K, capacity 7064K, committed 7424K, reserved 1056768K
  class space    used 621K, capacity 656K, committed 768K, reserved 1048576K
}

Deoptimization events (10 events):
Event: 1.869 Thread 0x000000005632d800 Uncommon trap: reason=bimorphic action=maybe_recompile pc=0x0000000002816c90 method=java.util.HashMap.getNode(ILjava/lang/Object;)Ljava/util/HashMap$Node; @ 126
Event: 1.869 Thread 0x000000005632d800 Uncommon trap: reason=bimorphic action=maybe_recompile pc=0x0000000002816c90 method=java.util.HashMap.getNode(ILjava/lang/Object;)Ljava/util/HashMap$Node; @ 126
Event: 1.870 Thread 0x000000005632d800 Uncommon trap: reason=bimorphic action=maybe_recompile pc=0x00000000028829c8 method=java.util.HashMap.getNode(ILjava/lang/Object;)Ljava/util/HashMap$Node; @ 126
Event: 1.966 Thread 0x000000005632d800 Uncommon trap: reason=unstable_if action=reinterpret pc=0x0000000002c131a0 method=com.android.dx.dex.code.LocalList$MakeState.aboutToProcess(II)V @ 4
Event: 1.975 Thread 0x000000005632d800 Uncommon trap: reason=speculate_class_check action=maybe_recompile pc=0x00000000028d0e24 method=com.android.dx.util.FixedSizeList.equals(Ljava/lang/Object;)Z @ 25
Event: 1.975 Thread 0x000000005632d800 Uncommon trap: reason=speculate_class_check action=maybe_recompile pc=0x00000000028d0e24 method=com.android.dx.util.FixedSizeList.equals(Ljava/lang/Object;)Z @ 25
Event: 1.975 Thread 0x000000005632d800 Uncommon trap: reason=speculate_class_check action=maybe_recompile pc=0x00000000028d0e24 method=com.android.dx.util.FixedSizeList.equals(Ljava/lang/Object;)Z @ 25
Event: 1.975 Thread 0x000000005632d800 Uncommon trap: reason=speculate_class_check action=maybe_recompile pc=0x00000000028d0e24 method=com.android.dx.util.FixedSizeList.equals(Ljava/lang/Object;)Z @ 25
Event: 1.981 Thread 0x000000005632d800 Uncommon trap: reason=unstable_if action=reinterpret pc=0x0000000002c1f190 method=java.util.Arrays.equals([Ljava/lang/Object;[Ljava/lang/Object;)Z @ 23
Event: 2.126 Thread 0x000000005632d800 Uncommon trap: reason=unstable_if action=reinterpret pc=0x0000000002894cf8 method=java.util.Arrays.copyOf([Ljava/lang/Object;ILjava/lang/Class;)[Ljava/lang/Object; @ 3

Internal exceptions (4 events):
Event: 0.041 Thread 0x00000000021fe800 Exception <a 'java/lang/NoSuchMethodError': Method sun.misc.Unsafe.defineClass(Ljava/lang/String;[BII)Ljava/lang/Class; name or signature does not match> (0x00000000eab07ca8) thrown at [C:\re\workspace\8-2-build-windows-amd64-cygwin\jdk8u131\8869\hotspot\
Event: 0.041 Thread 0x00000000021fe800 Exception <a 'java/lang/NoSuchMethodError': Method sun.misc.Unsafe.prefetchRead(Ljava/lang/Object;J)V name or signature does not match> (0x00000000eab07f90) thrown at [C:\re\workspace\8-2-build-windows-amd64-cygwin\jdk8u131\8869\hotspot\src\share\vm\prims
Event: 0.650 Thread 0x0000000056367000 Implicit null exception at 0x000000000288699a to 0x0000000002888511
Event: 1.966 Thread 0x000000005632d800 Implicit null exception at 0x0000000002c12f50 to 0x0000000002c13179

Events (10 events):
Event: 2.130 loading class sun/security/jca/GetInstance$Instance done
Event: 2.130 loading class java/security/MessageDigest$Delegate
Event: 2.130 loading class java/security/MessageDigest$Delegate done
Event: 2.130 loading class sun/security/provider/ByteArrayAccess
Event: 2.130 loading class sun/security/provider/ByteArrayAccess done
Event: 2.135 loading class java/util/zip/Adler32
Event: 2.135 loading class java/util/zip/Checksum
Event: 2.135 loading class java/util/zip/Checksum done
Event: 2.135 loading class java/util/zip/Adler32 done
Event: 2.135 Thread 0x000000005632d800 Thread exited: 0x000000005632d800


Dynamic libraries:
0x000000013fc30000 - 0x000000013fc67000 	C:\Program Files\Java\jdk1.8.0_131\bin\java.exe
0x0000000076d50000 - 0x0000000076eef000 	C:\Windows\SYSTEM32\ntdll.dll
0x0000000076b30000 - 0x0000000076c4f000 	C:\Windows\system32\kernel32.dll
0x000007fefccf0000 - 0x000007fefcd5a000 	C:\Windows\system32\KERNELBASE.dll
0x000007fefd4b0000 - 0x000007fefd58b000 	C:\Windows\system32\ADVAPI32.dll
0x000007fefea00000 - 0x000007fefea9f000 	C:\Windows\system32\msvcrt.dll
0x000007fefd360000 - 0x000007fefd37f000 	C:\Windows\SYSTEM32\sechost.dll
0x000007fefd910000 - 0x000007fefda3d000 	C:\Windows\system32\RPCRT4.dll
0x0000000076c50000 - 0x0000000076d4a000 	C:\Windows\system32\USER32.dll
0x000007fefd440000 - 0x000007fefd4a7000 	C:\Windows\system32\GDI32.dll
0x000007fefd050000 - 0x000007fefd05e000 	C:\Windows\system32\LPK.dll
0x000007fefeaa0000 - 0x000007fefeb6b000 	C:\Windows\system32\USP10.dll
0x000007fefb2e0000 - 0x000007fefb4d4000 	C:\Windows\WinSxS\amd64_microsoft.windows.common-controls_6595b64144ccf1df_6.0.7601.18837_none_fa3b1e3d17594757\COMCTL32.dll
0x000007fefd2e0000 - 0x000007fefd351000 	C:\Windows\system32\SHLWAPI.dll
0x00000000001b0000 - 0x00000000001de000 	C:\Windows\system32\IMM32.DLL
0x000007fefcf40000 - 0x000007fefd049000 	C:\Windows\system32\MSCTF.dll
0x0000000072470000 - 0x0000000072542000 	C:\Program Files\Java\jdk1.8.0_131\jre\bin\msvcr100.dll
0x0000000056dd0000 - 0x000000005766c000 	C:\Program Files\Java\jdk1.8.0_131\jre\bin\server\jvm.dll
0x000007fef7c50000 - 0x000007fef7c59000 	C:\Windows\system32\WSOCK32.dll
0x0000000001bd0000 - 0x0000000001c1d000 	C:\Windows\system32\WS2_32.dll
0x000007fefdc60000 - 0x000007fefdc68000 	C:\Windows\system32\NSI.dll
0x000007fefa2f0000 - 0x000007fefa32b000 	C:\Windows\system32\WINMM.dll
0x000007fefbaf0000 - 0x000007fefbafc000 	C:\Windows\system32\VERSION.dll
0x0000000076f00000 - 0x0000000076f07000 	C:\Windows\system32\PSAPI.DLL
0x0000000072460000 - 0x000000007246f000 	C:\Program Files\Java\jdk1.8.0_131\jre\bin\verify.dll
0x0000000072430000 - 0x0000000072459000 	C:\Program Files\Java\jdk1.8.0_131\jre\bin\java.dll
0x0000000072410000 - 0x0000000072426000 	C:\Program Files\Java\jdk1.8.0_131\jre\bin\zip.dll
0x000007fefdc70000 - 0x000007fefe9fb000 	C:\Windows\system32\SHELL32.dll
0x000007fefee40000 - 0x000007feff03d000 	C:\Windows\system32\ole32.dll
0x000007fefca30000 - 0x000007fefca3f000 	C:\Windows\system32\profapi.dll

VM Arguments:
jvm_args: -Djava.awt.headless=true -Xmx1024M -Dfile.encoding=windows-31j -Duser.country=JP -Duser.language=ja -Duser.variant 
java_command: com.android.dx.command.Main --dex --force-jumbo --num-threads=4 --multi-dex --output D:\Project\shouhin_irekae\Android\ProductChange\app\build\intermediates\transforms\dex\debug\folders\1000\5\slice_6 D:\Project\shouhin_irekae\Android\ProductChange\app\build\intermediates\transforms\instantRunSlicer\debug\folders\1\5\slice_6
java_class_path (initial): C:\Users\cong-pv\AppData\Local\Android\Sdk\build-tools\25.0.0\lib\dx.jar
Launcher Type: SUN_STANDARD

Environment Variables:
JAVA_HOME=C:\Program Files\Java\jdk1.8.0_131
PATH=C:\Program Files (x86)\Common Files\Oracle\Java\javapath;C:\ProgramData\Oracle\Java\javapath;C:\Program Files (x86)\Intel\iCLS Client\;C:\Program Files\Intel\iCLS Client\;C:\Windows\system32;C:\Windows;C:\Windows\System32\Wbem;C:\Windows\System32\WindowsPowerShell\v1.0\;C:\Program Files (x86)\Intel\UCRT\;C:\Program Files\TortoiseSVN\bin;C:\Users\User\.dnx\bin;C:\Program Files\Microsoft DNX\Dnvm\;C:\Program Files (x86)\Windows Kits\8.1\Windows Performance Toolkit\;C:\Program Files\Microsoft SQL Server\130\Tools\Binn\;C:\Program Files\Git\cmd;C:\Program Files\Microsoft SQL Server\120\Tools\Binn\;C:\Program Files\Microsoft SQLServer\Client SDK\ODBC\110\Tools\Binn\;C:\Program Files (x86)\Microsoft SQL Server\120\Tools\Binn\;C:\Program Files\Microsoft SQL Server\120\DTS\Binn\;C:\Program Files (x86)\Microsoft SQL Server\120\Tools\Binn\ManagementStudio\;C:\ProgramFiles (x86)\Microsoft SQL Server\120\DTS\Binn\;C:\Program Files\Intel\UCRT\;C:\Program Files (x86)\Intel\Intel(R) Management Engine Components\DAL;C:\Program Files\Intel\Intel(R) Management Engine Components\DAL;C:\Program Files (x86)\Intel\Intel(R) Management Engine Components\IPT;C:\Program Files\Intel\Intel(R) Management Engine Components\IPT;c:\Program Files\Microsoft SQL Server\Client SDK\ODBC\110\Tools\Binn\;c:\Program Files (x86)\Microsoft SQL Server\120\DTS\Binn\;C:\Go\bin;C:\Program Files\Java\jdk1.8.0_131\bin;C:\Program Files\TortoiseGit\bin;C:\Users\cong-pv\go\bin
USERNAME=cong-pv
OS=Windows_NT
PROCESSOR_IDENTIFIER=Intel64 Family 6 Model 94 Stepping 3, GenuineIntel



---------------  S Y S T E M  ---------------

OS: Windows 7 , 64 bit Build 7601 (6.1.7601.24150)

CPU:total 4 (initial active 4) (4 cores per cpu, 1 threads per core) family 6 model 94 stepping 3, cmov, cx8, fxsr, mmx, sse, sse2, sse3, ssse3, sse4.1, sse4.2, popcnt, avx, avx2, aes, clmul, erms, rtm, 3dnowpref, lzcnt, tsc, tscinvbit, bmi1, bmi2, adx

Memory: 4k page, physical 12451892k(1289388k free), swap 12450016k(5704k free)

vm_info: Java HotSpot(TM) 64-Bit Server VM (25.131-b11) for windows-amd64 JRE (1.8.0_131-b11), built on Mar 15 2017 01:23:53 by "java_re" with MS VC++ 10.0 (VS2010)

time: Tue Jun 26 11:15:23 2018
elapsed time: 2 seconds (0d 0h 0m 2s)

