#
# There is insufficient memory for the Java Runtime Environment to continue.
# Native memory allocation (malloc) failed to allocate 1180336 bytes for Chunk::new
# Possible reasons:
#   The system is out of physical RAM or swap space
#   In 32 bit mode, the process size limit was hit
# Possible solutions:
#   Reduce memory load on the system
#   Increase physical memory or swap space
#   Check if swap backing store is full
#   Use 64 bit Java on a 64 bit OS
#   Decrease Java heap size (-Xmx/-Xms)
#   Decrease number of Java threads
#   Decrease Java thread stack sizes (-Xss)
#   Set larger code cache with -XX:ReservedCodeCacheSize=
# This output file may be truncated or incomplete.
#
#  Out of Memory Error (allocation.cpp:390), pid=13108, tid=0x0000000000000e70
#
# JRE version: Java(TM) SE Runtime Environment (8.0_131-b11) (build 1.8.0_131-b11)
# Java VM: Java HotSpot(TM) 64-Bit Server VM (25.131-b11 mixed mode windows-amd64 compressed oops)
# Failed to write core dump. Minidumps are not enabled by default on client versions of Windows
#

---------------  T H R E A D  ---------------

Current thread (0x00000000562a1000):  JavaThread "C2 CompilerThread0" daemon [_thread_in_native, id=3696, stack(0x0000000056a70000,0x0000000056b70000)]

Stack: [0x0000000056a70000,0x0000000056b70000]
[error occurred during error reporting (printing stack bounds), id 0xc0000005]

Native frames: (J=compiled Java code, j=interpreted, Vv=VM code, C=native code)


Current CompileTask:
C2:   3304 1320   !   4       com.android.dx.cf.code.Ropper::processBlock (1101 bytes)


---------------  P R O C E S S  ---------------

Java Threads: ( => current thread )
  0x000000005656d800 JavaThread "pool-2-thread-4" [_thread_blocked, id=7584, stack(0x0000000057770000,0x0000000057870000)]
  0x0000000056562000 JavaThread "pool-2-thread-3" [_thread_blocked, id=11520, stack(0x0000000057650000,0x0000000057750000)]
  0x0000000056454000 JavaThread "pool-2-thread-2" [_thread_blocked, id=12660, stack(0x00000000574e0000,0x00000000575e0000)]
  0x0000000056452800 JavaThread "pool-3-thread-1" [_thread_blocked, id=12948, stack(0x0000000057250000,0x0000000057350000)]
  0x0000000056452000 JavaThread "pool-2-thread-1" [_thread_blocked, id=10416, stack(0x00000000570e0000,0x00000000571e0000)]
  0x000000005630d000 JavaThread "Service Thread" daemon [_thread_blocked, id=12400, stack(0x0000000056f60000,0x0000000057060000)]
  0x00000000562f7000 JavaThread "C1 CompilerThread2" daemon [_thread_blocked, id=2744, stack(0x0000000056e30000,0x0000000056f30000)]
  0x00000000562e0000 JavaThread "C2 CompilerThread1" daemon [_thread_in_vm, id=12108, stack(0x0000000056bb0000,0x0000000056cb0000)]
=>0x00000000562a1000 JavaThread "C2 CompilerThread0" daemon [_thread_in_native, id=3696, stack(0x0000000056a70000,0x0000000056b70000)]
  0x000000005629d800 JavaThread "Attach Listener" daemon [_thread_blocked, id=7796, stack(0x0000000056860000,0x0000000056960000)]
  0x000000005629c800 JavaThread "Signal Dispatcher" daemon [_thread_blocked, id=4060, stack(0x0000000056690000,0x0000000056790000)]
  0x0000000054cda000 JavaThread "Finalizer" daemon [_thread_blocked, id=9080, stack(0x0000000055f90000,0x0000000056090000)]
  0x0000000054c92800 JavaThread "Reference Handler" daemon [_thread_blocked, id=9376, stack(0x0000000055df0000,0x0000000055ef0000)]
  0x00000000020ce800 JavaThread "main" [_thread_in_native, id=7116, stack(0x0000000002200000,0x0000000002300000)]

Other Threads:
  0x0000000054c8b000 VMThread [stack: 0x0000000055c70000,0x0000000055d70000] [id=4124]
  0x0000000056310000 WatcherThread [stack: 0x0000000056ce0000,0x0000000056de0000] [id=5864]

VM state:not at safepoint (normal execution)

VM Mutex/Monitor currently owned by a thread:  ([mutex/lock_event])
[0x00000000020cd2b0] CompiledIC_lock - owner thread: 0x00000000562e0000

Heap:
 PSYoungGen      total 57344K, used 17068K [0x00000000eab00000, 0x00000000eeb00000, 0x0000000100000000)
  eden space 49152K, 18% used [0x00000000eab00000,0x00000000eb3b0a70,0x00000000edb00000)
  from space 8192K, 99% used [0x00000000edb00000,0x00000000ee2fa648,0x00000000ee300000)
  to   space 8192K, 0% used [0x00000000ee300000,0x00000000ee300000,0x00000000eeb00000)
 ParOldGen       total 131072K, used 1115K [0x00000000c0000000, 0x00000000c8000000, 0x00000000eab00000)
  object space 131072K, 0% used [0x00000000c0000000,0x00000000c0116e28,0x00000000c8000000)
 Metaspace       used 5961K, capacity 6904K, committed 7040K, reserved 1056768K
  class space    used 602K, capacity 624K, committed 640K, reserved 1048576K

Card table byte_map: [0x00000000117d0000,0x00000000119e0000] byte_map_base: 0x00000000111d0000

Marking Bits: (ParMarkBitMap*) 0x000000005c8bc720
 Begin Bits: [0x0000000012100000, 0x0000000013100000)
 End Bits:   [0x0000000013100000, 0x0000000014100000)

Polling page: 0x0000000000440000

CodeCache: size=245760Kb used=5545Kb max_used=5579Kb free=240214Kb
 bounds [0x0000000002410000, 0x0000000002990000, 0x0000000011410000]
 total_blobs=1612 nmethods=1347 adapters=177
 compilation: disabled (not enough contiguous free space left)

Compilation events (10 events):
Event: 3.200 Thread 0x00000000562f7000 1351       3       com.android.dx.ssa.Dominators::run (506 bytes)
Event: 3.203 Thread 0x00000000562f7000 nmethod 1351 0x000000000296f2d0 code [0x000000000296f8c0, 0x00000000029739f8]
Event: 3.203 Thread 0x00000000562f7000 1352       3       com.android.dx.ssa.SsaMethod::forEachBlockDepthFirstDom (128 bytes)
Event: 3.204 Thread 0x00000000562f7000 nmethod 1352 0x0000000002977390 code [0x00000000029776e0, 0x0000000002979798]
Event: 3.205 Thread 0x00000000562f7000 1353       3       com.android.dx.cf.code.Ropper::getRopMethod (64 bytes)
Event: 3.205 Thread 0x00000000562f7000 nmethod 1353 0x000000000297aa90 code [0x000000000297ace0, 0x000000000297ba58]
Event: 3.207 Thread 0x00000000562f7000 1355       3       com.android.dx.ssa.back.FirstFitLocalCombiningAllocator::handleNormalUnassociated (99 bytes)
Event: 3.208 Thread 0x00000000562f7000 nmethod 1355 0x000000000297c350 code [0x000000000297c600, 0x000000000297d978]
Event: 3.208 Thread 0x00000000562f7000 1356       3       java.lang.Thread::interrupted (8 bytes)
Event: 3.208 Thread 0x00000000562f7000 nmethod 1356 0x000000000297e410 code [0x000000000297e580, 0x000000000297e708]

GC Heap History (2 events):
Event: 2.904 GC heap before
{Heap before GC invocations=1 (full 0):
 PSYoungGen      total 57344K, used 49152K [0x00000000eab00000, 0x00000000eeb00000, 0x0000000100000000)
  eden space 49152K, 100% used [0x00000000eab00000,0x00000000edb00000,0x00000000edb00000)
  from space 8192K, 0% used [0x00000000ee300000,0x00000000ee300000,0x00000000eeb00000)
  to   space 8192K, 0% used [0x00000000edb00000,0x00000000edb00000,0x00000000ee300000)
 ParOldGen       total 131072K, used 0K [0x00000000c0000000, 0x00000000c8000000, 0x00000000eab00000)
  object space 131072K, 0% used [0x00000000c0000000,0x00000000c0000000,0x00000000c8000000)
 Metaspace       used 5898K, capacity 6840K, committed 7040K, reserved 1056768K
  class space    used 602K, capacity 624K, committed 640K, reserved 1048576K
Event: 2.933 GC heap after
Heap after GC invocations=1 (full 0):
 PSYoungGen      total 57344K, used 8169K [0x00000000eab00000, 0x00000000eeb00000, 0x0000000100000000)
  eden space 49152K, 0% used [0x00000000eab00000,0x00000000eab00000,0x00000000edb00000)
  from space 8192K, 99% used [0x00000000edb00000,0x00000000ee2fa648,0x00000000ee300000)
  to   space 8192K, 0% used [0x00000000ee300000,0x00000000ee300000,0x00000000eeb00000)
 ParOldGen       total 131072K, used 1115K [0x00000000c0000000, 0x00000000c8000000, 0x00000000eab00000)
  object space 131072K, 0% used [0x00000000c0000000,0x00000000c0116e28,0x00000000c8000000)
 Metaspace       used 5898K, capacity 6840K, committed 7040K, reserved 1056768K
  class space    used 602K, capacity 624K, committed 640K, reserved 1048576K
}

Deoptimization events (10 events):
Event: 1.059 Thread 0x0000000056452000 Uncommon trap: reason=unstable_if action=reinterpret pc=0x00000000027248d8 method=com.android.dx.ssa.NormalSsaInsn.getLocalAssignment()Lcom/android/dx/rop/code/RegisterSpec; @ 12
Event: 1.059 Thread 0x0000000056452000 Uncommon trap: reason=unstable_if action=reinterpret pc=0x00000000026c2ee0 method=com.android.dx.ssa.NormalSsaInsn.getLocalAssignment()Lcom/android/dx/rop/code/RegisterSpec; @ 12
Event: 1.061 Thread 0x0000000056452000 Uncommon trap: reason=unstable_if action=reinterpret pc=0x00000000026b6abc method=com.android.dx.rop.code.RegisterSpec.equals(ILcom/android/dx/rop/type/TypeBearer;Lcom/android/dx/rop/code/LocalItem;)Z @ 24
Event: 1.074 Thread 0x0000000056452000 Uncommon trap: reason=unstable_if action=reinterpret pc=0x0000000002632da4 method=java.util.BitSet.ensureCapacity(I)V @ 6
Event: 1.404 Thread 0x0000000056452000 Uncommon trap: reason=class_check action=maybe_recompile pc=0x0000000002840620 method=com.android.dx.ssa.NormalSsaInsn.accept(Lcom/android/dx/ssa/SsaInsn$Visitor;)V @ 9
Event: 2.199 Thread 0x000000005656d800 Uncommon trap: reason=unstable_if action=reinterpret pc=0x00000000027cdb20 method=com.android.dx.ssa.SsaRenamer$BlockRenamer.addMapping(ILcom/android/dx/rop/code/RegisterSpec;)V @ 120
Event: 2.217 Thread 0x000000005656d800 Uncommon trap: reason=unstable_if action=reinterpret pc=0x000000000289c8f8 method=com.android.dx.ssa.SCCP.simulateStmt(Lcom/android/dx/ssa/SsaInsn;)V @ 469
Event: 2.230 Thread 0x000000005656d800 Uncommon trap: reason=unstable_if action=reinterpret pc=0x000000000284073c method=com.android.dx.ssa.SsaRenamer$BlockRenamer.visitMoveInsn(Lcom/android/dx/ssa/NormalSsaInsn;)V @ 104
Event: 2.772 Thread 0x0000000056452000 Uncommon trap: reason=unstable_if action=reinterpret pc=0x000000000276e090 method=com.android.dx.util.IntList.binarysearch(I)I @ 26
Event: 3.017 Thread 0x0000000056454000 Uncommon trap: reason=unstable_if action=reinterpret pc=0x00000000028d6d08 method=com.android.dx.rop.code.Insn.equalsHandleNulls(Ljava/lang/Object;Ljava/lang/Object;)Z @ 14

Internal exceptions (2 events):
Event: 0.040 Thread 0x00000000020ce800 Exception <a 'java/lang/NoSuchMethodError': Method sun.misc.Unsafe.defineClass(Ljava/lang/String;[BII)Ljava/lang/Class; name or signature does not match> (0x00000000eab07ca8) thrown at [C:\re\workspace\8-2-build-windows-amd64-cygwin\jdk8u131\8869\hotspot\
Event: 0.040 Thread 0x00000000020ce800 Exception <a 'java/lang/NoSuchMethodError': Method sun.misc.Unsafe.prefetchRead(Ljava/lang/Object;J)V name or signature does not match> (0x00000000eab07f90) thrown at [C:\re\workspace\8-2-build-windows-amd64-cygwin\jdk8u131\8869\hotspot\src\share\vm\prims

Events (10 events):
Event: 2.804 loading class com/android/dx/dex/file/MethodAnnotationStruct done
Event: 2.889 Thread 0x0000000056452000 DEOPT PACKING pc=0x0000000002678f7d sp=0x00000000571de7e0
Event: 2.890 Thread 0x0000000056452000 DEOPT UNPACKING pc=0x000000000245787f sp=0x00000000571de4d8 mode 0
Event: 2.900 Executing VM operation: ParallelGCFailedAllocation
Event: 2.933 Executing VM operation: ParallelGCFailedAllocation done
Event: 2.972 Thread 0x0000000056452000 DEOPT PACKING pc=0x0000000002746ad1 sp=0x00000000571de790
Event: 2.972 Thread 0x0000000056452000 DEOPT UNPACKING pc=0x000000000245787f sp=0x00000000571de500 mode 0
Event: 3.017 Thread 0x0000000056454000 Uncommon trap: trap_request=0xffffff65 fr.pc=0x00000000028d6d08
Event: 3.017 Thread 0x0000000056454000 DEOPT PACKING pc=0x00000000028d6d08 sp=0x00000000575dea60
Event: 3.017 Thread 0x0000000056454000 DEOPT UNPACKING pc=0x000000000245582a sp=0x00000000575de978 mode 2


Dynamic libraries:
0x000000013f3b0000 - 0x000000013f3e7000 	C:\Program Files\Java\jdk1.8.0_131\bin\java.exe
0x00000000771c0000 - 0x000000007735f000 	C:\Windows\SYSTEM32\ntdll.dll
0x00000000770a0000 - 0x00000000771bf000 	C:\Windows\system32\kernel32.dll
0x000007fefcd80000 - 0x000007fefcdea000 	C:\Windows\system32\KERNELBASE.dll
0x000007fefd170000 - 0x000007fefd24b000 	C:\Windows\system32\ADVAPI32.dll
0x000007fefe7e0000 - 0x000007fefe87f000 	C:\Windows\system32\msvcrt.dll
0x000007fefe700000 - 0x000007fefe71f000 	C:\Windows\SYSTEM32\sechost.dll
0x000007fefe300000 - 0x000007fefe42d000 	C:\Windows\system32\RPCRT4.dll
0x0000000076fa0000 - 0x000000007709a000 	C:\Windows\system32\USER32.dll
0x000007feff150000 - 0x000007feff1b7000 	C:\Windows\system32\GDI32.dll
0x000007feff260000 - 0x000007feff26e000 	C:\Windows\system32\LPK.dll
0x000007fefeef0000 - 0x000007fefefbb000 	C:\Windows\system32\USP10.dll
0x000007fefb620000 - 0x000007fefb814000 	C:\Windows\WinSxS\amd64_microsoft.windows.common-controls_6595b64144ccf1df_6.0.7601.18837_none_fa3b1e3d17594757\COMCTL32.dll
0x000007fefee70000 - 0x000007fefeee1000 	C:\Windows\system32\SHLWAPI.dll
0x000007fefe2d0000 - 0x000007fefe2fe000 	C:\Windows\system32\IMM32.DLL
0x000007fefefc0000 - 0x000007feff0c9000 	C:\Windows\system32\MSCTF.dll
0x000000005c940000 - 0x000000005ca12000 	C:\Program Files\Java\jdk1.8.0_131\jre\bin\msvcr100.dll
0x000000005c0a0000 - 0x000000005c93c000 	C:\Program Files\Java\jdk1.8.0_131\jre\bin\server\jvm.dll
0x000007fef7ff0000 - 0x000007fef7ff9000 	C:\Windows\system32\WSOCK32.dll
0x000007fefd120000 - 0x000007fefd16d000 	C:\Windows\system32\WS2_32.dll
0x000007fefd530000 - 0x000007fefd538000 	C:\Windows\system32\NSI.dll
0x000007fef9510000 - 0x000007fef954b000 	C:\Windows\system32\WINMM.dll
0x000007fefbe30000 - 0x000007fefbe3c000 	C:\Windows\system32\VERSION.dll
0x0000000077370000 - 0x0000000077377000 	C:\Windows\system32\PSAPI.DLL
0x000000006aaa0000 - 0x000000006aaaf000 	C:\Program Files\Java\jdk1.8.0_131\jre\bin\verify.dll
0x000000006aa70000 - 0x000000006aa99000 	C:\Program Files\Java\jdk1.8.0_131\jre\bin\java.dll
0x00000000620d0000 - 0x00000000620e6000 	C:\Program Files\Java\jdk1.8.0_131\jre\bin\zip.dll
0x000007fefd540000 - 0x000007fefe2cb000 	C:\Windows\system32\SHELL32.dll
0x0000000056090000 - 0x000000005628d000 	C:\Windows\system32\ole32.dll
0x000007fefcd60000 - 0x000007fefcd6f000 	C:\Windows\system32\profapi.dll

VM Arguments:
jvm_args: -Djava.awt.headless=true -Xmx1024M -Dfile.encoding=windows-31j -Duser.country=JP -Duser.language=ja -Duser.variant 
java_command: com.android.dx.command.Main --dex --force-jumbo --num-threads=4 --multi-dex --output D:\Project\shouhin_irekae\Android\ProductChange\app\build\intermediates\transforms\dex\debug\folders\1000\5\slice_2 D:\Project\shouhin_irekae\Android\ProductChange\app\build\intermediates\transforms\instantRunSlicer\debug\folders\1\5\slice_2
java_class_path (initial): C:\Users\cong-pv\AppData\Local\Android\Sdk\build-tools\25.0.0\lib\dx.jar
Launcher Type: SUN_STANDARD

Environment Variables:
JAVA_HOME=C:\Program Files\Java\jdk1.8.0_131
PATH=C:\Program Files (x86)\Common Files\Oracle\Java\javapath;C:\ProgramData\Oracle\Java\javapath;C:\Program Files (x86)\Intel\iCLS Client\;C:\Program Files\Intel\iCLS Client\;C:\Windows\system32;C:\Windows;C:\Windows\System32\Wbem;C:\Windows\System32\WindowsPowerShell\v1.0\;C:\Program Files (x86)\Intel\UCRT\;C:\Program Files\TortoiseSVN\bin;C:\Users\User\.dnx\bin;C:\Program Files\Microsoft DNX\Dnvm\;C:\Program Files (x86)\Windows Kits\8.1\Windows Performance Toolkit\;C:\Program Files\Microsoft SQL Server\130\Tools\Binn\;C:\Program Files\Git\cmd;C:\Program Files\Microsoft SQL Server\120\Tools\Binn\;C:\Program Files\Microsoft SQLServer\Client SDK\ODBC\110\Tools\Binn\;C:\Program Files (x86)\Microsoft SQL Server\120\Tools\Binn\;C:\Program Files\Microsoft SQL Server\120\DTS\Binn\;C:\Program Files (x86)\Microsoft SQL Server\120\Tools\Binn\ManagementStudio\;C:\ProgramFiles (x86)\Microsoft SQL Server\120\DTS\Binn\;C:\Program Files\Intel\UCRT\;C:\Program Files (x86)\Intel\Intel(R) Management Engine Components\DAL;C:\Program Files\Intel\Intel(R) Management Engine Components\DAL;C:\Program Files (x86)\Intel\Intel(R) Management Engine Components\IPT;C:\Program Files\Intel\Intel(R) Management Engine Components\IPT;c:\Program Files\Microsoft SQL Server\Client SDK\ODBC\110\Tools\Binn\;c:\Program Files (x86)\Microsoft SQL Server\120\DTS\Binn\;C:\Program Files\Java\jdk1.8.0_131\bin;C:\Program Files\TortoiseGit\bin;C:\Go\bin;C:\Users\cong-pv\go\bin
USERNAME=cong-pv
OS=Windows_NT
PROCESSOR_IDENTIFIER=Intel64 Family 6 Model 94 Stepping 3, GenuineIntel



---------------  S Y S T E M  ---------------

OS: Windows 7 , 64 bit Build 7601 (6.1.7601.24214)

CPU:total 4 (initial active 4) (4 cores per cpu, 1 threads per core) family 6 model 94 stepping 3, cmov, cx8, fxsr, mmx, sse, sse2, sse3, ssse3, sse4.1, sse4.2, popcnt, avx, avx2, aes, clmul, erms, rtm, 3dnowpref, lzcnt, tsc, tscinvbit, bmi1, bmi2, adx

Memory: 4k page, physical 12451892k(1970784k free), swap 12449992k(7712k free)

vm_info: Java HotSpot(TM) 64-Bit Server VM (25.131-b11) for windows-amd64 JRE (1.8.0_131-b11), built on Mar 15 2017 01:23:53 by "java_re" with MS VC++ 10.0 (VS2010)

time: Thu Sep 06 17:56:09 2018
elapsed time: 3 seconds (0d 0h 0m 3s)

