#
# There is insufficient memory for the Java Runtime Environment to continue.
# Native memory allocation (malloc) failed to allocate 539776 bytes for Chunk::new
# Possible reasons:
#   The system is out of physical RAM or swap space
#   In 32 bit mode, the process size limit was hit
# Possible solutions:
#   Reduce memory load on the system
#   Increase physical memory or swap space
#   Check if swap backing store is full
#   Use 64 bit Java on a 64 bit OS
#   Decrease Java heap size (-Xmx/-Xms)
#   Decrease number of Java threads
#   Decrease Java thread stack sizes (-Xss)
#   Set larger code cache with -XX:ReservedCodeCacheSize=
# This output file may be truncated or incomplete.
#
#  Out of Memory Error (allocation.cpp:390), pid=11076, tid=0x0000000000002700
#
# JRE version: Java(TM) SE Runtime Environment (8.0_131-b11) (build 1.8.0_131-b11)
# Java VM: Java HotSpot(TM) 64-Bit Server VM (25.131-b11 mixed mode windows-amd64 compressed oops)
# Failed to write core dump. Minidumps are not enabled by default on client versions of Windows
#

---------------  T H R E A D  ---------------

Current thread (0x000000005623f000):  JavaThread "C2 CompilerThread0" daemon [_thread_in_native, id=9984, stack(0x00000000569a0000,0x0000000056aa0000)]

Stack: [0x00000000569a0000,0x0000000056aa0000]
[error occurred during error reporting (printing stack bounds), id 0xc0000005]

Native frames: (J=compiled Java code, j=interpreted, Vv=VM code, C=native code)


Current CompileTask:
C2:   1601 1395   !   4       com.android.dx.cf.code.Ropper::processBlock (1101 bytes)


---------------  P R O C E S S  ---------------

Java Threads: ( => current thread )
  0x0000000056540000 JavaThread "pool-2-thread-4" [_thread_blocked, id=9372, stack(0x00000000576f0000,0x00000000577f0000)]
  0x00000000563f4800 JavaThread "pool-2-thread-3" [_thread_in_Java, id=4828, stack(0x0000000057210000,0x0000000057310000)]
  0x00000000563f3800 JavaThread "pool-2-thread-2" [_thread_blocked, id=10644, stack(0x00000000574b0000,0x00000000575b0000)]
  0x00000000563e3000 JavaThread "pool-3-thread-1" [_thread_blocked, id=11080, stack(0x0000000057330000,0x0000000057430000)]
  0x00000000563e2800 JavaThread "pool-2-thread-1" [_thread_in_Java, id=3108, stack(0x0000000056ac0000,0x0000000056bc0000)]
  0x00000000562ba800 JavaThread "Service Thread" daemon [_thread_blocked, id=5424, stack(0x0000000056eb0000,0x0000000056fb0000)]
  0x0000000054e2b000 JavaThread "C1 CompilerThread2" daemon [_thread_blocked, id=9608, stack(0x0000000056d10000,0x0000000056e10000)]
  0x0000000054e2a000 JavaThread "C2 CompilerThread1" daemon [_thread_in_native, id=11096, stack(0x0000000056c00000,0x0000000056d00000)]
=>0x000000005623f000 JavaThread "C2 CompilerThread0" daemon [_thread_in_native, id=9984, stack(0x00000000569a0000,0x0000000056aa0000)]
  0x000000005623b800 JavaThread "Attach Listener" daemon [_thread_blocked, id=9600, stack(0x0000000056820000,0x0000000056920000)]
  0x000000005623a800 JavaThread "Signal Dispatcher" daemon [_thread_blocked, id=4864, stack(0x0000000056700000,0x0000000056800000)]
  0x0000000054e0a000 JavaThread "Finalizer" daemon [_thread_blocked, id=10936, stack(0x0000000055e40000,0x0000000055f40000)]
  0x0000000054dc2800 JavaThread "Reference Handler" daemon [_thread_blocked, id=9668, stack(0x0000000056130000,0x0000000056230000)]
  0x000000000229e800 JavaThread "main" [_thread_blocked, id=4904, stack(0x00000000023e0000,0x00000000024e0000)]

Other Threads:
  0x0000000054dbb000 VMThread [stack: 0x0000000056010000,0x0000000056110000] [id=3908]
  0x0000000056270000 WatcherThread [stack: 0x00000000570b0000,0x00000000571b0000] [id=9648]

VM state:not at safepoint (normal execution)

VM Mutex/Monitor currently owned by a thread: None

Heap:
 PSYoungGen      total 106496K, used 97825K [0x00000000eab00000, 0x00000000f1b00000, 0x0000000100000000)
  eden space 98304K, 91% used [0x00000000eab00000,0x00000000f028a3c8,0x00000000f0b00000)
  from space 8192K, 99% used [0x00000000f1300000,0x00000000f1afe290,0x00000000f1b00000)
  to   space 8192K, 0% used [0x00000000f0b00000,0x00000000f0b00000,0x00000000f1300000)
 ParOldGen       total 131072K, used 28679K [0x00000000c0000000, 0x00000000c8000000, 0x00000000eab00000)
  object space 131072K, 21% used [0x00000000c0000000,0x00000000c1c01de0,0x00000000c8000000)
 Metaspace       used 6043K, capacity 7000K, committed 7168K, reserved 1056768K
  class space    used 611K, capacity 656K, committed 768K, reserved 1048576K

Card table byte_map: [0x00000000118a0000,0x0000000011ab0000] byte_map_base: 0x00000000112a0000

Marking Bits: (ParMarkBitMap*) 0x000000005c12c720
 Begin Bits: [0x0000000012230000, 0x0000000013230000)
 End Bits:   [0x0000000013230000, 0x0000000014230000)

Polling page: 0x0000000000140000

CodeCache: size=245760Kb used=5848Kb max_used=5848Kb free=239911Kb
 bounds [0x00000000024e0000, 0x0000000002ab0000, 0x00000000114e0000]
 total_blobs=1573 nmethods=1309 adapters=177
 compilation: enabled

Compilation events (10 events):
Event: 1.570 Thread 0x0000000054e2b000 1388 %     3       com.android.dx.cf.code.BasicBlocker::getBlockList @ 21 (208 bytes)
Event: 1.570 Thread 0x0000000054e2b000 nmethod 1388% 0x0000000002a6eb90 code [0x0000000002a6ee20, 0x0000000002a700e8]
Event: 1.570 Thread 0x0000000054e2b000 1377       3       java.util.TreeMap::successor (66 bytes)
Event: 1.571 Thread 0x0000000054e2b000 nmethod 1377 0x0000000002a6e510 code [0x0000000002a6e6a0, 0x0000000002a6ea10]
Event: 1.571 Thread 0x0000000054e2b000 1383       3       com.android.dx.rop.code.LocalItem::compareTo (9 bytes)
Event: 1.571 Thread 0x0000000054e2b000 nmethod 1383 0x0000000002a87e10 code [0x0000000002a87fc0, 0x0000000002a88698]
Event: 1.571 Thread 0x0000000054e2b000 1375       3       java.util.TreeMap$ValueIterator::next (8 bytes)
Event: 1.571 Thread 0x0000000054e2b000 nmethod 1375 0x0000000002a879d0 code [0x0000000002a87b40, 0x0000000002a87d48]
Event: 1.571 Thread 0x0000000054e2b000 1376       3       java.util.TreeMap$PrivateEntryIterator::nextEntry (54 bytes)
Event: 1.571 Thread 0x0000000054e2b000 nmethod 1376 0x0000000002a80990 code [0x0000000002a80b20, 0x0000000002a80ea8]

GC Heap History (4 events):
Event: 0.774 GC heap before
{Heap before GC invocations=1 (full 0):
 PSYoungGen      total 57344K, used 49152K [0x00000000eab00000, 0x00000000eeb00000, 0x0000000100000000)
  eden space 49152K, 100% used [0x00000000eab00000,0x00000000edb00000,0x00000000edb00000)
  from space 8192K, 0% used [0x00000000ee300000,0x00000000ee300000,0x00000000eeb00000)
  to   space 8192K, 0% used [0x00000000edb00000,0x00000000edb00000,0x00000000ee300000)
 ParOldGen       total 131072K, used 0K [0x00000000c0000000, 0x00000000c8000000, 0x00000000eab00000)
  object space 131072K, 0% used [0x00000000c0000000,0x00000000c0000000,0x00000000c8000000)
 Metaspace       used 5854K, capacity 6872K, committed 7168K, reserved 1056768K
  class space    used 604K, capacity 656K, committed 768K, reserved 1048576K
Event: 0.809 GC heap after
Heap after GC invocations=1 (full 0):
 PSYoungGen      total 57344K, used 8174K [0x00000000eab00000, 0x00000000f1b00000, 0x0000000100000000)
  eden space 49152K, 0% used [0x00000000eab00000,0x00000000eab00000,0x00000000edb00000)
  from space 8192K, 99% used [0x00000000edb00000,0x00000000ee2fb820,0x00000000ee300000)
  to   space 8192K, 0% used [0x00000000f1300000,0x00000000f1300000,0x00000000f1b00000)
 ParOldGen       total 131072K, used 9475K [0x00000000c0000000, 0x00000000c8000000, 0x00000000eab00000)
  object space 131072K, 7% used [0x00000000c0000000,0x00000000c0940f90,0x00000000c8000000)
 Metaspace       used 5854K, capacity 6872K, committed 7168K, reserved 1056768K
  class space    used 604K, capacity 656K, committed 768K, reserved 1048576K
}
Event: 0.918 GC heap before
{Heap before GC invocations=2 (full 0):
 PSYoungGen      total 57344K, used 57326K [0x00000000eab00000, 0x00000000f1b00000, 0x0000000100000000)
  eden space 49152K, 100% used [0x00000000eab00000,0x00000000edb00000,0x00000000edb00000)
  from space 8192K, 99% used [0x00000000edb00000,0x00000000ee2fb820,0x00000000ee300000)
  to   space 8192K, 0% used [0x00000000f1300000,0x00000000f1300000,0x00000000f1b00000)
 ParOldGen       total 131072K, used 9475K [0x00000000c0000000, 0x00000000c8000000, 0x00000000eab00000)
  object space 131072K, 7% used [0x00000000c0000000,0x00000000c0940f90,0x00000000c8000000)
 Metaspace       used 5955K, capacity 6936K, committed 7168K, reserved 1056768K
  class space    used 605K, capacity 656K, committed 768K, reserved 1048576K
Event: 0.979 GC heap after
Heap after GC invocations=2 (full 0):
 PSYoungGen      total 106496K, used 8184K [0x00000000eab00000, 0x00000000f1b00000, 0x0000000100000000)
  eden space 98304K, 0% used [0x00000000eab00000,0x00000000eab00000,0x00000000f0b00000)
  from space 8192K, 99% used [0x00000000f1300000,0x00000000f1afe290,0x00000000f1b00000)
  to   space 8192K, 0% used [0x00000000f0b00000,0x00000000f0b00000,0x00000000f1300000)
 ParOldGen       total 131072K, used 28679K [0x00000000c0000000, 0x00000000c8000000, 0x00000000eab00000)
  object space 131072K, 21% used [0x00000000c0000000,0x00000000c1c01de0,0x00000000c8000000)
 Metaspace       used 5955K, capacity 6936K, committed 7168K, reserved 1056768K
  class space    used 605K, capacity 656K, committed 768K, reserved 1048576K
}

Deoptimization events (10 events):
Event: 0.651 Thread 0x00000000563e2800 Uncommon trap: reason=class_check action=maybe_recompile pc=0x00000000027a5544 method=java.util.Collections$UnmodifiableCollection$1.hasNext()Z @ 4
Event: 0.652 Thread 0x00000000563e2800 Uncommon trap: reason=class_check action=maybe_recompile pc=0x00000000027a5544 method=java.util.Collections$UnmodifiableCollection$1.hasNext()Z @ 4
Event: 0.652 Thread 0x00000000563e2800 Uncommon trap: reason=class_check action=maybe_recompile pc=0x00000000027a5544 method=java.util.Collections$UnmodifiableCollection$1.hasNext()Z @ 4
Event: 0.664 Thread 0x00000000563e2800 Uncommon trap: reason=class_check action=maybe_recompile pc=0x00000000027e7880 method=java.util.Collections$UnmodifiableCollection$1.<init>(Ljava/util/Collections$UnmodifiableCollection;)V @ 17
Event: 0.664 Thread 0x00000000563e2800 Uncommon trap: reason=class_check action=maybe_recompile pc=0x00000000027e7880 method=java.util.Collections$UnmodifiableCollection$1.<init>(Ljava/util/Collections$UnmodifiableCollection;)V @ 17
Event: 0.829 Thread 0x0000000056540000 Uncommon trap: reason=unstable_if action=reinterpret pc=0x00000000027b2178 method=com.android.dx.ssa.SsaRenamer$BlockRenamer.addMapping(ILcom/android/dx/rop/code/RegisterSpec;)V @ 120
Event: 0.989 Thread 0x00000000563f4800 Uncommon trap: reason=class_check action=maybe_recompile pc=0x0000000002779288 method=com.android.dx.ssa.NormalSsaInsn.accept(Lcom/android/dx/ssa/SsaInsn$Visitor;)V @ 9
Event: 0.990 Thread 0x00000000563f4800 Uncommon trap: reason=class_check action=maybe_recompile pc=0x0000000002779288 method=com.android.dx.ssa.NormalSsaInsn.accept(Lcom/android/dx/ssa/SsaInsn$Visitor;)V @ 9
Event: 0.990 Thread 0x00000000563f4800 Uncommon trap: reason=class_check action=maybe_recompile pc=0x0000000002779288 method=com.android.dx.ssa.NormalSsaInsn.accept(Lcom/android/dx/ssa/SsaInsn$Visitor;)V @ 9
Event: 1.075 Thread 0x00000000563f3800 Uncommon trap: reason=unstable_if action=reinterpret pc=0x000000000295c5b8 method=com.android.dx.cf.code.BytecodeArray.parseInstruction(ILcom/android/dx/cf/code/BytecodeArray$Visitor;)I @ 1198

Internal exceptions (2 events):
Event: 0.047 Thread 0x000000000229e800 Exception <a 'java/lang/NoSuchMethodError': Method sun.misc.Unsafe.defineClass(Ljava/lang/String;[BII)Ljava/lang/Class; name or signature does not match> (0x00000000eab07ca8) thrown at [C:\re\workspace\8-2-build-windows-amd64-cygwin\jdk8u131\8869\hotspot\
Event: 0.047 Thread 0x000000000229e800 Exception <a 'java/lang/NoSuchMethodError': Method sun.misc.Unsafe.prefetchRead(Ljava/lang/Object;J)V name or signature does not match> (0x00000000eab07f90) thrown at [C:\re\workspace\8-2-build-windows-amd64-cygwin\jdk8u131\8869\hotspot\src\share\vm\prims

Events (10 events):
Event: 1.335 Thread 0x00000000563f3800 DEOPT PACKING pc=0x000000000281aaaf sp=0x00000000575aed70
Event: 1.335 Thread 0x00000000563f3800 DEOPT UNPACKING pc=0x000000000252787f sp=0x00000000575aeb08 mode 0
Event: 1.340 Thread 0x00000000563f3800 DEOPT PACKING pc=0x000000000282676f sp=0x00000000575aec30
Event: 1.340 Thread 0x00000000563f3800 DEOPT UNPACKING pc=0x000000000252787f sp=0x00000000575aea10 mode 0
Event: 1.484 loading class com/android/dx/cf/attrib/AttEnclosingMethod
Event: 1.484 loading class com/android/dx/cf/attrib/AttEnclosingMethod done
Event: 1.584 loading class java/util/HashMap$KeySet
Event: 1.584 loading class java/util/HashMap$KeySet done
Event: 1.584 loading class java/util/HashMap$KeyIterator
Event: 1.584 loading class java/util/HashMap$KeyIterator done


Dynamic libraries:
0x000000013fd40000 - 0x000000013fd77000 	C:\Program Files\Java\jdk1.8.0_131\bin\java.exe
0x0000000076d80000 - 0x0000000076f1f000 	C:\Windows\SYSTEM32\ntdll.dll
0x0000000076b60000 - 0x0000000076c7f000 	C:\Windows\system32\kernel32.dll
0x000007fefca90000 - 0x000007fefcafa000 	C:\Windows\system32\KERNELBASE.dll
0x000007fefd3e0000 - 0x000007fefd4bb000 	C:\Windows\system32\ADVAPI32.dll
0x000007fefcf80000 - 0x000007fefd01f000 	C:\Windows\system32\msvcrt.dll
0x000007fefd810000 - 0x000007fefd82f000 	C:\Windows\SYSTEM32\sechost.dll
0x000007fefe6e0000 - 0x000007fefe80d000 	C:\Windows\system32\RPCRT4.dll
0x0000000076c80000 - 0x0000000076d7a000 	C:\Windows\system32\USER32.dll
0x000007feff000000 - 0x000007feff067000 	C:\Windows\system32\GDI32.dll
0x000007fefe9f0000 - 0x000007fefe9fe000 	C:\Windows\system32\LPK.dll
0x000007fefe5c0000 - 0x000007fefe68b000 	C:\Windows\system32\USP10.dll
0x000007fefb310000 - 0x000007fefb504000 	C:\Windows\WinSxS\amd64_microsoft.windows.common-controls_6595b64144ccf1df_6.0.7601.18837_none_fa3b1e3d17594757\COMCTL32.dll
0x000007fefd350000 - 0x000007fefd3c1000 	C:\Windows\system32\SHLWAPI.dll
0x000007fefcf50000 - 0x000007fefcf7e000 	C:\Windows\system32\IMM32.DLL
0x000007fefeb90000 - 0x000007fefec99000 	C:\Windows\system32\MSCTF.dll
0x000000005c1b0000 - 0x000000005c282000 	C:\Program Files\Java\jdk1.8.0_131\jre\bin\msvcr100.dll
0x000000005b910000 - 0x000000005c1ac000 	C:\Program Files\Java\jdk1.8.0_131\jre\bin\server\jvm.dll
0x000007fef7940000 - 0x000007fef7949000 	C:\Windows\system32\WSOCK32.dll
0x000007fefe690000 - 0x000007fefe6dd000 	C:\Windows\system32\WS2_32.dll
0x000007fefd3d0000 - 0x000007fefd3d8000 	C:\Windows\system32\NSI.dll
0x000007fef91a0000 - 0x000007fef91db000 	C:\Windows\system32\WINMM.dll
0x000007fefbb20000 - 0x000007fefbb2c000 	C:\Windows\system32\VERSION.dll
0x0000000076f20000 - 0x0000000076f27000 	C:\Windows\system32\PSAPI.DLL
0x00000000710f0000 - 0x00000000710ff000 	C:\Program Files\Java\jdk1.8.0_131\jre\bin\verify.dll
0x000000005c340000 - 0x000000005c369000 	C:\Program Files\Java\jdk1.8.0_131\jre\bin\java.dll
0x000000005c320000 - 0x000000005c336000 	C:\Program Files\Java\jdk1.8.0_131\jre\bin\zip.dll
0x000007fefd830000 - 0x000007fefe5bb000 	C:\Windows\system32\SHELL32.dll
0x000007fefeca0000 - 0x000007fefee9d000 	C:\Windows\system32\ole32.dll
0x000007fefca50000 - 0x000007fefca5f000 	C:\Windows\system32\profapi.dll

VM Arguments:
jvm_args: -Djava.awt.headless=true -Xmx1024M -Dfile.encoding=windows-31j -Duser.country=JP -Duser.language=ja -Duser.variant 
java_command: com.android.dx.command.Main --dex --force-jumbo --num-threads=4 --multi-dex --output D:\Project\shouhin_irekae\Android\ProductChange\app\build\intermediates\transforms\dex\debug\folders\1000\5\slice_3 D:\Project\shouhin_irekae\Android\ProductChange\app\build\intermediates\transforms\instantRunSlicer\debug\folders\1\5\slice_3
java_class_path (initial): C:\Users\cong-pv\AppData\Local\Android\Sdk\build-tools\25.0.0\lib\dx.jar
Launcher Type: SUN_STANDARD

Environment Variables:
JAVA_HOME=C:\Program Files\Java\jdk1.8.0_131
PATH=C:\Program Files (x86)\Common Files\Oracle\Java\javapath;C:\ProgramData\Oracle\Java\javapath;C:\Program Files (x86)\Intel\iCLS Client\;C:\Program Files\Intel\iCLS Client\;C:\Windows\system32;C:\Windows;C:\Windows\System32\Wbem;C:\Windows\System32\WindowsPowerShell\v1.0\;C:\Program Files (x86)\Intel\UCRT\;C:\Program Files\TortoiseSVN\bin;C:\Users\User\.dnx\bin;C:\Program Files\Microsoft DNX\Dnvm\;C:\Program Files (x86)\Windows Kits\8.1\Windows Performance Toolkit\;C:\Program Files\Microsoft SQL Server\130\Tools\Binn\;C:\Program Files\Git\cmd;C:\Program Files\Microsoft SQL Server\120\Tools\Binn\;C:\Program Files\Microsoft SQLServer\Client SDK\ODBC\110\Tools\Binn\;C:\Program Files (x86)\Microsoft SQL Server\120\Tools\Binn\;C:\Program Files\Microsoft SQL Server\120\DTS\Binn\;C:\Program Files (x86)\Microsoft SQL Server\120\Tools\Binn\ManagementStudio\;C:\ProgramFiles (x86)\Microsoft SQL Server\120\DTS\Binn\;C:\Program Files\Intel\UCRT\;C:\Program Files (x86)\Intel\Intel(R) Management Engine Components\DAL;C:\Program Files\Intel\Intel(R) Management Engine Components\DAL;C:\Program Files (x86)\Intel\Intel(R) Management Engine Components\IPT;C:\Program Files\Intel\Intel(R) Management Engine Components\IPT;c:\Program Files\Microsoft SQL Server\Client SDK\ODBC\110\Tools\Binn\;c:\Program Files (x86)\Microsoft SQL Server\120\DTS\Binn\;C:\Go\bin;C:\Program Files\Java\jdk1.8.0_131\bin;C:\Program Files\TortoiseGit\bin;C:\Users\cong-pv\go\bin
USERNAME=cong-pv
OS=Windows_NT
PROCESSOR_IDENTIFIER=Intel64 Family 6 Model 94 Stepping 3, GenuineIntel



---------------  S Y S T E M  ---------------

OS: Windows 7 , 64 bit Build 7601 (6.1.7601.24150)

CPU:total 4 (initial active 4) (4 cores per cpu, 1 threads per core) family 6 model 94 stepping 3, cmov, cx8, fxsr, mmx, sse, sse2, sse3, ssse3, sse4.1, sse4.2, popcnt, avx, avx2, aes, clmul, erms, rtm, 3dnowpref, lzcnt, tsc, tscinvbit, bmi1, bmi2, adx

Memory: 4k page, physical 12451892k(1917756k free), swap 12450016k(3896k free)

vm_info: Java HotSpot(TM) 64-Bit Server VM (25.131-b11) for windows-amd64 JRE (1.8.0_131-b11), built on Mar 15 2017 01:23:53 by "java_re" with MS VC++ 10.0 (VS2010)

time: Fri Jun 22 19:00:09 2018
elapsed time: 1 seconds (0d 0h 0m 1s)

