#
# There is insufficient memory for the Java Runtime Environment to continue.
# Native memory allocation (malloc) failed to allocate 794016 bytes for Chunk::new
# Possible reasons:
#   The system is out of physical RAM or swap space
#   In 32 bit mode, the process size limit was hit
# Possible solutions:
#   Reduce memory load on the system
#   Increase physical memory or swap space
#   Check if swap backing store is full
#   Use 64 bit Java on a 64 bit OS
#   Decrease Java heap size (-Xmx/-Xms)
#   Decrease number of Java threads
#   Decrease Java thread stack sizes (-Xss)
#   Set larger code cache with -XX:ReservedCodeCacheSize=
# This output file may be truncated or incomplete.
#
#  Out of Memory Error (allocation.cpp:390), pid=12528, tid=0x0000000000002a50
#
# JRE version: Java(TM) SE Runtime Environment (8.0_131-b11) (build 1.8.0_131-b11)
# Java VM: Java HotSpot(TM) 64-Bit Server VM (25.131-b11 mixed mode windows-amd64 compressed oops)
# Failed to write core dump. Minidumps are not enabled by default on client versions of Windows
#

---------------  T H R E A D  ---------------

Current thread (0x000000005625c800):  JavaThread "C2 CompilerThread1" daemon [_thread_in_native, id=10832, stack(0x0000000056720000,0x0000000056820000)]

Stack: [0x0000000056720000,0x0000000056820000]
[error occurred during error reporting (printing stack bounds), id 0xc0000005]

Native frames: (J=compiled Java code, j=interpreted, Vv=VM code, C=native code)


Current CompileTask:
C2:   2957 1719       4       com.android.dx.ssa.SCCP::simulatePhi (169 bytes)


---------------  P R O C E S S  ---------------

Java Threads: ( => current thread )
  0x0000000056437800 JavaThread "pool-2-thread-4" [_thread_blocked, id=11592, stack(0x00000000580a0000,0x00000000581a0000)]
  0x0000000056432800 JavaThread "pool-2-thread-3" [_thread_blocked, id=5900, stack(0x0000000057e40000,0x0000000057f40000)]
  0x0000000056410000 JavaThread "pool-2-thread-2" [_thread_blocked, id=11924, stack(0x00000000578b0000,0x00000000579b0000)]
  0x000000005640e800 JavaThread "pool-3-thread-1" [_thread_blocked, id=7364, stack(0x0000000057bd0000,0x0000000057cd0000)]
  0x000000005640d800 JavaThread "pool-2-thread-1" [_thread_in_Java, id=9720, stack(0x0000000057a70000,0x0000000057b70000)]
  0x0000000056266000 JavaThread "Service Thread" daemon [_thread_blocked, id=7912, stack(0x0000000056c40000,0x0000000056d40000)]
  0x000000005625d800 JavaThread "C1 CompilerThread2" daemon [_thread_blocked, id=4588, stack(0x0000000056dc0000,0x0000000056ec0000)]
=>0x000000005625c800 JavaThread "C2 CompilerThread1" daemon [_thread_in_native, id=10832, stack(0x0000000056720000,0x0000000056820000)]
  0x0000000056258800 JavaThread "C2 CompilerThread0" daemon [_thread_in_native, id=11552, stack(0x0000000056b10000,0x0000000056c10000)]
  0x0000000054e5d000 JavaThread "Attach Listener" daemon [_thread_blocked, id=11988, stack(0x00000000569d0000,0x0000000056ad0000)]
  0x0000000054e4f000 JavaThread "Signal Dispatcher" daemon [_thread_blocked, id=10712, stack(0x0000000056820000,0x0000000056920000)]
  0x0000000054e3b800 JavaThread "Finalizer" daemon [_thread_blocked, id=12856, stack(0x0000000055f50000,0x0000000056050000)]
  0x0000000054df2800 JavaThread "Reference Handler" daemon [_thread_blocked, id=1592, stack(0x0000000055df0000,0x0000000055ef0000)]
  0x00000000021fe800 JavaThread "main" [_thread_in_native, id=5332, stack(0x00000000024f0000,0x00000000025f0000)]

Other Threads:
  0x0000000054deb000 VMThread [stack: 0x0000000055cb0000,0x0000000055db0000] [id=6364]
  0x00000000562f5800 WatcherThread [stack: 0x00000000577a0000,0x00000000578a0000] [id=11384]

VM state:not at safepoint (normal execution)

VM Mutex/Monitor currently owned by a thread: None

Heap:
 PSYoungGen      total 57344K, used 51163K [0x00000000eab00000, 0x00000000f1b00000, 0x0000000100000000)
  eden space 49152K, 87% used [0x00000000eab00000,0x00000000ed4fea90,0x00000000edb00000)
  from space 8192K, 99% used [0x00000000ee300000,0x00000000eeaf8228,0x00000000eeb00000)
  to   space 8192K, 0% used [0x00000000edb00000,0x00000000edb00000,0x00000000ee300000)
 ParOldGen       total 131072K, used 7057K [0x00000000c0000000, 0x00000000c8000000, 0x00000000eab00000)
  object space 131072K, 5% used [0x00000000c0000000,0x00000000c06e4510,0x00000000c8000000)
 Metaspace       used 6072K, capacity 7032K, committed 7296K, reserved 1056768K
  class space    used 605K, capacity 624K, committed 640K, reserved 1048576K

Card table byte_map: [0x00000000119b0000,0x0000000011bc0000] byte_map_base: 0x00000000113b0000

Marking Bits: (ParMarkBitMap*) 0x000000005771c720
 Begin Bits: [0x0000000012260000, 0x0000000013260000)
 End Bits:   [0x0000000013260000, 0x0000000014260000)

Polling page: 0x0000000000140000

CodeCache: size=245760Kb used=7289Kb max_used=7289Kb free=238470Kb
 bounds [0x00000000025f0000, 0x0000000002d20000, 0x00000000115f0000]
 total_blobs=1894 nmethods=1630 adapters=177
 compilation: enabled

Compilation events (10 events):
Event: 2.833 Thread 0x000000005625d800 1722       2       com.android.dx.cf.direct.DirectClassFile::getAccessFlags (9 bytes)
Event: 2.833 Thread 0x000000005625d800 nmethod 1722 0x0000000002cca490 code [0x0000000002cca600, 0x0000000002cca788]
Event: 2.835 Thread 0x000000005625d800 1725       3       com.android.dx.rop.code.SwitchInsn::withNewRegisters (22 bytes)
Event: 2.835 Thread 0x000000005625d800 nmethod 1725 0x0000000002d02cd0 code [0x0000000002d02e40, 0x0000000002d03168]
Event: 2.835 Thread 0x000000005625d800 1726       3       com.android.dx.rop.code.SwitchInsn::accept (8 bytes)
Event: 2.835 Thread 0x000000005625d800 nmethod 1726 0x0000000002cdb850 code [0x0000000002cdb9c0, 0x0000000002cdbbe8]
Event: 2.835 Thread 0x000000005625d800 1727       3       com.android.dx.dex.code.RopToDop::dopFor (792 bytes)
Event: 2.837 Thread 0x000000005625d800 nmethod 1727 0x0000000002d13650 code [0x0000000002d13ac0, 0x0000000002d16f28]
Event: 2.837 Thread 0x000000005625d800 1728       3       com.android.dx.dex.code.TargetInsn::<init> (29 bytes)
Event: 2.837 Thread 0x000000005625d800 nmethod 1728 0x0000000002cdb250 code [0x0000000002cdb3e0, 0x0000000002cdb6f8]

GC Heap History (4 events):
Event: 0.909 GC heap before
{Heap before GC invocations=1 (full 0):
 PSYoungGen      total 57344K, used 49152K [0x00000000eab00000, 0x00000000eeb00000, 0x0000000100000000)
  eden space 49152K, 100% used [0x00000000eab00000,0x00000000edb00000,0x00000000edb00000)
  from space 8192K, 0% used [0x00000000ee300000,0x00000000ee300000,0x00000000eeb00000)
  to   space 8192K, 0% used [0x00000000edb00000,0x00000000edb00000,0x00000000ee300000)
 ParOldGen       total 131072K, used 0K [0x00000000c0000000, 0x00000000c8000000, 0x00000000eab00000)
  object space 131072K, 0% used [0x00000000c0000000,0x00000000c0000000,0x00000000c8000000)
 Metaspace       used 5933K, capacity 6904K, committed 7040K, reserved 1056768K
  class space    used 603K, capacity 624K, committed 640K, reserved 1048576K
Event: 0.918 GC heap after
Heap after GC invocations=1 (full 0):
 PSYoungGen      total 57344K, used 8190K [0x00000000eab00000, 0x00000000eeb00000, 0x0000000100000000)
  eden space 49152K, 0% used [0x00000000eab00000,0x00000000eab00000,0x00000000edb00000)
  from space 8192K, 99% used [0x00000000edb00000,0x00000000ee2ffb70,0x00000000ee300000)
  to   space 8192K, 0% used [0x00000000ee300000,0x00000000ee300000,0x00000000eeb00000)
 ParOldGen       total 131072K, used 1575K [0x00000000c0000000, 0x00000000c8000000, 0x00000000eab00000)
  object space 131072K, 1% used [0x00000000c0000000,0x00000000c0189e40,0x00000000c8000000)
 Metaspace       used 5933K, capacity 6904K, committed 7040K, reserved 1056768K
  class space    used 603K, capacity 624K, committed 640K, reserved 1048576K
}
Event: 1.311 GC heap before
{Heap before GC invocations=2 (full 0):
 PSYoungGen      total 57344K, used 57342K [0x00000000eab00000, 0x00000000eeb00000, 0x0000000100000000)
  eden space 49152K, 100% used [0x00000000eab00000,0x00000000edb00000,0x00000000edb00000)
  from space 8192K, 99% used [0x00000000edb00000,0x00000000ee2ffb70,0x00000000ee300000)
  to   space 8192K, 0% used [0x00000000ee300000,0x00000000ee300000,0x00000000eeb00000)
 ParOldGen       total 131072K, used 1575K [0x00000000c0000000, 0x00000000c8000000, 0x00000000eab00000)
  object space 131072K, 1% used [0x00000000c0000000,0x00000000c0189e40,0x00000000c8000000)
 Metaspace       used 5997K, capacity 6968K, committed 7040K, reserved 1056768K
  class space    used 603K, capacity 624K, committed 640K, reserved 1048576K
Event: 1.330 GC heap after
Heap after GC invocations=2 (full 0):
 PSYoungGen      total 57344K, used 8160K [0x00000000eab00000, 0x00000000f1b00000, 0x0000000100000000)
  eden space 49152K, 0% used [0x00000000eab00000,0x00000000eab00000,0x00000000edb00000)
  from space 8192K, 99% used [0x00000000ee300000,0x00000000eeaf8228,0x00000000eeb00000)
  to   space 8192K, 0% used [0x00000000edb00000,0x00000000edb00000,0x00000000ee300000)
 ParOldGen       total 131072K, used 7057K [0x00000000c0000000, 0x00000000c8000000, 0x00000000eab00000)
  object space 131072K, 5% used [0x00000000c0000000,0x00000000c06e4510,0x00000000c8000000)
 Metaspace       used 5997K, capacity 6968K, committed 7040K, reserved 1056768K
  class space    used 603K, capacity 624K, committed 640K, reserved 1048576K
}

Deoptimization events (10 events):
Event: 2.757 Thread 0x000000005640d800 Uncommon trap: reason=class_check action=maybe_recompile pc=0x0000000002bd43ac method=com.android.dx.ssa.SCCP.simulatePhi(Lcom/android/dx/ssa/PhiInsn;)V @ 124
Event: 2.757 Thread 0x000000005640d800 Uncommon trap: reason=class_check action=maybe_recompile pc=0x0000000002bd43ac method=com.android.dx.ssa.SCCP.simulatePhi(Lcom/android/dx/ssa/PhiInsn;)V @ 124
Event: 2.757 Thread 0x000000005640d800 Uncommon trap: reason=class_check action=maybe_recompile pc=0x0000000002bd43ac method=com.android.dx.ssa.SCCP.simulatePhi(Lcom/android/dx/ssa/PhiInsn;)V @ 124
Event: 2.757 Thread 0x000000005640d800 Uncommon trap: reason=bimorphic action=maybe_recompile pc=0x00000000029f59a0 method=java.util.HashMap.putVal(ILjava/lang/Object;Ljava/lang/Object;ZZ)Ljava/lang/Object; @ 91
Event: 2.757 Thread 0x000000005640d800 Uncommon trap: reason=bimorphic action=maybe_recompile pc=0x00000000029f59a0 method=java.util.HashMap.putVal(ILjava/lang/Object;Ljava/lang/Object;ZZ)Ljava/lang/Object; @ 91
Event: 2.757 Thread 0x000000005640d800 Uncommon trap: reason=bimorphic action=maybe_recompile pc=0x0000000002a47a98 method=java.util.HashMap.putVal(ILjava/lang/Object;Ljava/lang/Object;ZZ)Ljava/lang/Object; @ 91
Event: 2.757 Thread 0x000000005640d800 Uncommon trap: reason=unstable_if action=reinterpret pc=0x0000000002c74bf4 method=com.android.dx.ssa.InterferenceRegisterMapper.interferes(III)Z @ 55
Event: 2.827 Thread 0x000000005640d800 Uncommon trap: reason=bimorphic action=maybe_recompile pc=0x0000000002cf6278 method=com.android.dx.rop.code.Rops.opMoveResultPseudo(Lcom/android/dx/rop/type/TypeBearer;)Lcom/android/dx/rop/code/Rop; @ 7
Event: 2.827 Thread 0x000000005640d800 Uncommon trap: reason=bimorphic action=maybe_recompile pc=0x0000000002c243e0 method=com.android.dx.ssa.LiteralOpUpgrader.tryReplacingWithConstant(Lcom/android/dx/ssa/NormalSsaInsn;)Z @ 52
Event: 2.827 Thread 0x000000005640d800 Uncommon trap: reason=unstable_if action=reinterpret pc=0x0000000002cdcf40 method=com.android.dx.dex.code.RopToDop.dopFor(Lcom/android/dx/rop/code/Insn;)Lcom/android/dx/dex/code/Dop; @ 747

Internal exceptions (3 events):
Event: 0.063 Thread 0x00000000021fe800 Exception <a 'java/lang/NoSuchMethodError': Method sun.misc.Unsafe.defineClass(Ljava/lang/String;[BII)Ljava/lang/Class; name or signature does not match> (0x00000000eab07ca8) thrown at [C:\re\workspace\8-2-build-windows-amd64-cygwin\jdk8u131\8869\hotspot\
Event: 0.063 Thread 0x00000000021fe800 Exception <a 'java/lang/NoSuchMethodError': Method sun.misc.Unsafe.prefetchRead(Ljava/lang/Object;J)V name or signature does not match> (0x00000000eab07f90) thrown at [C:\re\workspace\8-2-build-windows-amd64-cygwin\jdk8u131\8869\hotspot\src\share\vm\prims
Event: 2.747 Thread 0x000000005640d800 Implicit null exception at 0x0000000002abf682 to 0x0000000002ac0a65

Events (10 events):
Event: 2.827 Thread 0x000000005640d800 DEOPT PACKING pc=0x0000000002cf6278 sp=0x0000000057b6e6b0
Event: 2.827 Thread 0x000000005640d800 DEOPT UNPACKING pc=0x000000000263582a sp=0x0000000057b6e5d8 mode 2
Event: 2.827 Thread 0x000000005640d800 Uncommon trap: trap_request=0xffffffc6 fr.pc=0x0000000002c243e0
Event: 2.827 Thread 0x000000005640d800 DEOPT PACKING pc=0x0000000002c243e0 sp=0x0000000057b6eca0
Event: 2.827 Thread 0x000000005640d800 DEOPT UNPACKING pc=0x000000000263582a sp=0x0000000057b6ebd8 mode 2
Event: 2.827 Thread 0x000000005640d800 Uncommon trap: trap_request=0xffffff65 fr.pc=0x0000000002cdcf40
Event: 2.827 Thread 0x000000005640d800 DEOPT PACKING pc=0x0000000002cdcf40 sp=0x0000000057b6ebc0
Event: 2.827 Thread 0x000000005640d800 DEOPT UNPACKING pc=0x000000000263582a sp=0x0000000057b6eb80 mode 2
Event: 2.827 Thread 0x000000005640d800 DEOPT PACKING pc=0x0000000002ab67fd sp=0x0000000057b6ee30
Event: 2.827 Thread 0x000000005640d800 DEOPT UNPACKING pc=0x000000000263787f sp=0x0000000057b6ebc8 mode 0


Dynamic libraries:
0x000000013f290000 - 0x000000013f2c7000 	C:\Program Files\Java\jdk1.8.0_131\bin\java.exe
0x0000000077120000 - 0x00000000772bf000 	C:\Windows\SYSTEM32\ntdll.dll
0x0000000076f00000 - 0x000000007701f000 	C:\Windows\system32\kernel32.dll
0x000007fefcce0000 - 0x000007fefcd4a000 	C:\Windows\system32\KERNELBASE.dll
0x000007fefe6e0000 - 0x000007fefe7bb000 	C:\Windows\system32\ADVAPI32.dll
0x000007fefd080000 - 0x000007fefd11f000 	C:\Windows\system32\msvcrt.dll
0x000007fefd1a0000 - 0x000007fefd1bf000 	C:\Windows\SYSTEM32\sechost.dll
0x000007fefd230000 - 0x000007fefd35d000 	C:\Windows\system32\RPCRT4.dll
0x0000000077020000 - 0x000000007711a000 	C:\Windows\system32\USER32.dll
0x000007fefd1c0000 - 0x000007fefd227000 	C:\Windows\system32\GDI32.dll
0x000007feff2f0000 - 0x000007feff2fe000 	C:\Windows\system32\LPK.dll
0x000007fefeb90000 - 0x000007fefec5b000 	C:\Windows\system32\USP10.dll
0x000007fefb580000 - 0x000007fefb774000 	C:\Windows\WinSxS\amd64_microsoft.windows.common-controls_6595b64144ccf1df_6.0.7601.18837_none_fa3b1e3d17594757\COMCTL32.dll
0x000007fefd120000 - 0x000007fefd191000 	C:\Windows\system32\SHLWAPI.dll
0x000007fefeb30000 - 0x000007fefeb5e000 	C:\Windows\system32\IMM32.DLL
0x000007feff300000 - 0x000007feff409000 	C:\Windows\system32\MSCTF.dll
0x000000006cf20000 - 0x000000006cff2000 	C:\Program Files\Java\jdk1.8.0_131\jre\bin\msvcr100.dll
0x0000000056f00000 - 0x000000005779c000 	C:\Program Files\Java\jdk1.8.0_131\jre\bin\server\jvm.dll
0x000007fef8310000 - 0x000007fef8319000 	C:\Windows\system32\WSOCK32.dll
0x000007feff0c0000 - 0x000007feff10d000 	C:\Windows\system32\WS2_32.dll
0x000007fefeb80000 - 0x000007fefeb88000 	C:\Windows\system32\NSI.dll
0x000007fef94c0000 - 0x000007fef94fb000 	C:\Windows\system32\WINMM.dll
0x000007fefbd90000 - 0x000007fefbd9c000 	C:\Windows\system32\VERSION.dll
0x00000000772d0000 - 0x00000000772d7000 	C:\Windows\system32\PSAPI.DLL
0x0000000074980000 - 0x000000007498f000 	C:\Program Files\Java\jdk1.8.0_131\jre\bin\verify.dll
0x0000000071310000 - 0x0000000071339000 	C:\Program Files\Java\jdk1.8.0_131\jre\bin\java.dll
0x0000000071840000 - 0x0000000071856000 	C:\Program Files\Java\jdk1.8.0_131\jre\bin\zip.dll
0x000007fefd6e0000 - 0x000007fefe46b000 	C:\Windows\system32\SHELL32.dll
0x0000000056050000 - 0x000000005624d000 	C:\Windows\system32\ole32.dll
0x000007fefccc0000 - 0x000007fefcccf000 	C:\Windows\system32\profapi.dll

VM Arguments:
jvm_args: -Djava.awt.headless=true -Xmx1024M -Dfile.encoding=windows-31j -Duser.country=JP -Duser.language=ja -Duser.variant 
java_command: com.android.dx.command.Main --dex --force-jumbo --num-threads=4 --multi-dex --output D:\Project\shouhin_irekae\Android\ProductChange\app\build\intermediates\transforms\dex\debug\folders\1000\5\slice_2 D:\Project\shouhin_irekae\Android\ProductChange\app\build\intermediates\transforms\instantRunSlicer\debug\folders\1\5\slice_2
java_class_path (initial): C:\Users\cong-pv\AppData\Local\Android\Sdk\build-tools\25.0.0\lib\dx.jar
Launcher Type: SUN_STANDARD

Environment Variables:
JAVA_HOME=C:\Program Files\Java\jdk1.8.0_131
PATH=C:\Program Files (x86)\Common Files\Oracle\Java\javapath;C:\ProgramData\Oracle\Java\javapath;C:\Program Files (x86)\Intel\iCLS Client\;C:\Program Files\Intel\iCLS Client\;C:\Windows\system32;C:\Windows;C:\Windows\System32\Wbem;C:\Windows\System32\WindowsPowerShell\v1.0\;C:\Program Files (x86)\Intel\UCRT\;C:\Program Files\TortoiseSVN\bin;C:\Users\User\.dnx\bin;C:\Program Files\Microsoft DNX\Dnvm\;C:\Program Files (x86)\Windows Kits\8.1\Windows Performance Toolkit\;C:\Program Files\Microsoft SQL Server\130\Tools\Binn\;C:\Program Files\Git\cmd;C:\Program Files\Microsoft SQL Server\120\Tools\Binn\;C:\Program Files\Microsoft SQLServer\Client SDK\ODBC\110\Tools\Binn\;C:\Program Files (x86)\Microsoft SQL Server\120\Tools\Binn\;C:\Program Files\Microsoft SQL Server\120\DTS\Binn\;C:\Program Files (x86)\Microsoft SQL Server\120\Tools\Binn\ManagementStudio\;C:\ProgramFiles (x86)\Microsoft SQL Server\120\DTS\Binn\;C:\Program Files\Intel\UCRT\;C:\Program Files (x86)\Intel\Intel(R) Management Engine Components\DAL;C:\Program Files\Intel\Intel(R) Management Engine Components\DAL;C:\Program Files (x86)\Intel\Intel(R) Management Engine Components\IPT;C:\Program Files\Intel\Intel(R) Management Engine Components\IPT;c:\Program Files\Microsoft SQL Server\Client SDK\ODBC\110\Tools\Binn\;c:\Program Files (x86)\Microsoft SQL Server\120\DTS\Binn\;C:\Program Files\Java\jdk1.8.0_131\bin;C:\Program Files\TortoiseGit\bin;C:\Go\bin;C:\Users\cong-pv\go\bin
USERNAME=cong-pv
OS=Windows_NT
PROCESSOR_IDENTIFIER=Intel64 Family 6 Model 94 Stepping 3, GenuineIntel



---------------  S Y S T E M  ---------------

OS: Windows 7 , 64 bit Build 7601 (6.1.7601.24214)

CPU:total 4 (initial active 4) (4 cores per cpu, 1 threads per core) family 6 model 94 stepping 3, cmov, cx8, fxsr, mmx, sse, sse2, sse3, ssse3, sse4.1, sse4.2, popcnt, avx, avx2, aes, clmul, erms, rtm, 3dnowpref, lzcnt, tsc, tscinvbit, bmi1, bmi2, adx

Memory: 4k page, physical 12451892k(1797624k free), swap 12449992k(3540k free)

vm_info: Java HotSpot(TM) 64-Bit Server VM (25.131-b11) for windows-amd64 JRE (1.8.0_131-b11), built on Mar 15 2017 01:23:53 by "java_re" with MS VC++ 10.0 (VS2010)

time: Tue Sep 04 16:22:24 2018
elapsed time: 2 seconds (0d 0h 0m 2s)

