#
# There is insufficient memory for the Java Runtime Environment to continue.
# Native memory allocation (malloc) failed to allocate 32744 bytes for ChunkPool::allocate
# Possible reasons:
#   The system is out of physical RAM or swap space
#   In 32 bit mode, the process size limit was hit
# Possible solutions:
#   Reduce memory load on the system
#   Increase physical memory or swap space
#   Check if swap backing store is full
#   Use 64 bit Java on a 64 bit OS
#   Decrease Java heap size (-Xmx/-Xms)
#   Decrease number of Java threads
#   Decrease Java thread stack sizes (-Xss)
#   Set larger code cache with -XX:ReservedCodeCacheSize=
# This output file may be truncated or incomplete.
#
#  Out of Memory Error (allocation.cpp:273), pid=12096, tid=0x00000000000023ec
#
# JRE version: Java(TM) SE Runtime Environment (8.0_131-b11) (build 1.8.0_131-b11)
# Java VM: Java HotSpot(TM) 64-Bit Server VM (25.131-b11 mixed mode windows-amd64 compressed oops)
# Failed to write core dump. Minidumps are not enabled by default on client versions of Windows
#

---------------  T H R E A D  ---------------

Current thread (0x0000000054bde800):  JavaThread "C1 CompilerThread2" daemon [_thread_in_native, id=9196, stack(0x0000000056cd0000,0x0000000056dd0000)]

Stack: [0x0000000056cd0000,0x0000000056dd0000]
[error occurred during error reporting (printing stack bounds), id 0xc0000005]

Native frames: (J=compiled Java code, j=interpreted, Vv=VM code, C=native code)


Current CompileTask:
C1:    228   49  s!   3       sun.misc.URLClassPath::getLoader (243 bytes)


---------------  P R O C E S S  ---------------

Java Threads: ( => current thread )
  0x0000000056266800 JavaThread "Service Thread" daemon [_thread_new, id=6528, stack(0x0000000000000000,0x0000000000000000)]
=>0x0000000054bde800 JavaThread "C1 CompilerThread2" daemon [_thread_in_native, id=9196, stack(0x0000000056cd0000,0x0000000056dd0000)]
  0x0000000056203000 JavaThread "C2 CompilerThread1" daemon [_thread_blocked, id=7088, stack(0x0000000056b50000,0x0000000056c50000)]
  0x00000000561ff000 JavaThread "C2 CompilerThread0" daemon [_thread_blocked, id=9252, stack(0x0000000056a20000,0x0000000056b20000)]
  0x00000000561fb800 JavaThread "Attach Listener" daemon [_thread_new, id=8636, stack(0x00000000568c0000,0x00000000569c0000)]
  0x00000000561fa800 JavaThread "Signal Dispatcher" daemon [_thread_blocked, id=12128, stack(0x0000000056700000,0x0000000056800000)]
  0x0000000054bba000 JavaThread "Finalizer" daemon [_thread_blocked, id=4124, stack(0x00000000560f0000,0x00000000561f0000)]
  0x0000000054b72800 JavaThread "Reference Handler" daemon [_thread_blocked, id=10996, stack(0x0000000055e20000,0x0000000055f20000)]
  0x00000000020ce800 JavaThread "main" [_thread_in_Java, id=5592, stack(0x00000000023a0000,0x00000000024a0000)]

Other Threads:
  0x0000000054b6b000 VMThread [stack: 0x0000000055c70000,0x0000000055d70000] [id=10428]
  0x00000000562c0000 WatcherThread [stack: 0x0000000056f60000,0x0000000057060000] [id=360]

VM state:not at safepoint (normal execution)

VM Mutex/Monitor currently owned by a thread: None

Heap:
 PSYoungGen      total 57344K, used 2956K [0x00000000eab00000, 0x00000000eeb00000, 0x0000000100000000)
  eden space 49152K, 6% used [0x00000000eab00000,0x00000000eade30b0,0x00000000edb00000)
  from space 8192K, 0% used [0x00000000ee300000,0x00000000ee300000,0x00000000eeb00000)
  to   space 8192K, 0% used [0x00000000edb00000,0x00000000edb00000,0x00000000ee300000)
 ParOldGen       total 131072K, used 0K [0x00000000c0000000, 0x00000000c8000000, 0x00000000eab00000)
  object space 131072K, 0% used [0x00000000c0000000,0x00000000c0000000,0x00000000c8000000)
 Metaspace       used 3362K, capacity 4656K, committed 4864K, reserved 1056768K
  class space    used 370K, capacity 424K, committed 512K, reserved 1048576K

Card table byte_map: [0x0000000011860000,0x0000000011a70000] byte_map_base: 0x0000000011260000

Marking Bits: (ParMarkBitMap*) 0x000000005d34c720
 Begin Bits: [0x0000000011fe0000, 0x0000000012fe0000)
 End Bits:   [0x0000000012fe0000, 0x0000000013fe0000)

Polling page: 0x0000000000360000

CodeCache: size=245760Kb used=1141Kb max_used=1141Kb free=244619Kb
 bounds [0x00000000024a0000, 0x0000000002710000, 0x00000000114a0000]
 total_blobs=290 nmethods=47 adapters=156
 compilation: enabled

Compilation events (10 events):
Event: 0.216 Thread 0x0000000054bde800 nmethod 42 0x00000000025babd0 code [0x00000000025bad80, 0x00000000025bb218]
Event: 0.216 Thread 0x0000000054bde800   44       1       java.net.URL::getHost (5 bytes)
Event: 0.216 Thread 0x0000000054bde800 nmethod 44 0x00000000025bb450 code [0x00000000025bb5a0, 0x00000000025bb6b0]
Event: 0.216 Thread 0x0000000054bde800   45       1       java.net.URL::getProtocol (5 bytes)
Event: 0.216 Thread 0x0000000054bde800 nmethod 45 0x00000000025bb710 code [0x00000000025bb860, 0x00000000025bb970]
Event: 0.224 Thread 0x0000000054bde800   46       3       java.lang.AbstractStringBuilder::newCapacity (39 bytes)
Event: 0.225 Thread 0x0000000054bde800 nmethod 46 0x00000000025bc210 code [0x00000000025bc3a0, 0x00000000025bc788]
Event: 0.225 Thread 0x0000000054bde800   47       3       java.util.HashMap::getNode (148 bytes)
Event: 0.225 Thread 0x0000000054bde800 nmethod 47 0x00000000025bc8d0 code [0x00000000025bcaa0, 0x00000000025bd428]
Event: 0.226 Thread 0x0000000054bde800   49  s!   3       sun.misc.URLClassPath::getLoader (243 bytes)

GC Heap History (0 events):
No events

Deoptimization events (0 events):
No events

Internal exceptions (2 events):
Event: 0.090 Thread 0x00000000020ce800 Exception <a 'java/lang/NoSuchMethodError': Method sun.misc.Unsafe.defineClass(Ljava/lang/String;[BII)Ljava/lang/Class; name or signature does not match> (0x00000000eab07ca8) thrown at [C:\re\workspace\8-2-build-windows-amd64-cygwin\jdk8u131\8869\hotspot\
Event: 0.090 Thread 0x00000000020ce800 Exception <a 'java/lang/NoSuchMethodError': Method sun.misc.Unsafe.prefetchRead(Ljava/lang/Object;J)V name or signature does not match> (0x00000000eab07f90) thrown at [C:\re\workspace\8-2-build-windows-amd64-cygwin\jdk8u131\8869\hotspot\src\share\vm\prims

Events (10 events):
Event: 0.224 loading class java/util/concurrent/Executors$DefaultThreadFactory
Event: 0.224 loading class java/util/concurrent/ThreadFactory
Event: 0.224 loading class java/util/concurrent/ThreadFactory done
Event: 0.224 loading class java/util/concurrent/Executors$DefaultThreadFactory done
Event: 0.224 loading class com/android/dx/dex/file/DexFile
Event: 0.224 loading class com/android/dx/dex/file/DexFile done
Event: 0.226 loading class com/android/dx/dex/file/Section
Event: 0.226 loading class com/android/dx/dex/file/Section done
Event: 0.226 loading class com/android/dx/dex/file/MixedItemSection
Event: 0.226 loading class com/android/dx/dex/file/MixedItemSection done


Dynamic libraries:
0x000000013fde0000 - 0x000000013fe17000 	C:\Program Files\Java\jdk1.8.0_131\bin\java.exe
0x00000000772e0000 - 0x000000007747f000 	C:\Windows\SYSTEM32\ntdll.dll
0x00000000771c0000 - 0x00000000772df000 	C:\Windows\system32\kernel32.dll
0x000007fefcef0000 - 0x000007fefcf5a000 	C:\Windows\system32\KERNELBASE.dll
0x000007fefd340000 - 0x000007fefd41b000 	C:\Windows\system32\ADVAPI32.dll
0x000007feff350000 - 0x000007feff3ef000 	C:\Windows\system32\msvcrt.dll
0x000007fefd840000 - 0x000007fefd85f000 	C:\Windows\SYSTEM32\sechost.dll
0x000007fefd500000 - 0x000007fefd62d000 	C:\Windows\system32\RPCRT4.dll
0x00000000770c0000 - 0x00000000771ba000 	C:\Windows\system32\USER32.dll
0x000007feff200000 - 0x000007feff267000 	C:\Windows\system32\GDI32.dll
0x000007fefd330000 - 0x000007fefd33e000 	C:\Windows\system32\LPK.dll
0x000007feff280000 - 0x000007feff34b000 	C:\Windows\system32\USP10.dll
0x000007fefb740000 - 0x000007fefb934000 	C:\Windows\WinSxS\amd64_microsoft.windows.common-controls_6595b64144ccf1df_6.0.7601.18837_none_fa3b1e3d17594757\COMCTL32.dll
0x000007fefd860000 - 0x000007fefd8d1000 	C:\Windows\system32\SHLWAPI.dll
0x000007fefece0000 - 0x000007fefed0e000 	C:\Windows\system32\IMM32.DLL
0x000007fefd730000 - 0x000007fefd839000 	C:\Windows\system32\MSCTF.dll
0x000000005d3d0000 - 0x000000005d4a2000 	C:\Program Files\Java\jdk1.8.0_131\jre\bin\msvcr100.dll
0x000000005cb30000 - 0x000000005d3cc000 	C:\Program Files\Java\jdk1.8.0_131\jre\bin\server\jvm.dll
0x000007fef8570000 - 0x000007fef8579000 	C:\Windows\system32\WSOCK32.dll
0x000007fefd240000 - 0x000007fefd28d000 	C:\Windows\system32\WS2_32.dll
0x0000000000350000 - 0x0000000000358000 	C:\Windows\system32\NSI.dll
0x000007fefa3b0000 - 0x000007fefa3eb000 	C:\Windows\system32\WINMM.dll
0x000007fefbf50000 - 0x000007fefbf5c000 	C:\Windows\system32\VERSION.dll
0x0000000077480000 - 0x0000000077487000 	C:\Windows\system32\PSAPI.DLL
0x00000000673e0000 - 0x00000000673ef000 	C:\Program Files\Java\jdk1.8.0_131\jre\bin\verify.dll
0x0000000066d70000 - 0x0000000066d99000 	C:\Program Files\Java\jdk1.8.0_131\jre\bin\java.dll
0x0000000066db0000 - 0x0000000066dc6000 	C:\Program Files\Java\jdk1.8.0_131\jre\bin\zip.dll
0x000007fefdf50000 - 0x000007fefecdb000 	C:\Windows\system32\SHELL32.dll
0x000007fefed30000 - 0x000007fefef2d000 	C:\Windows\system32\ole32.dll
0x000007fefce90000 - 0x000007fefce9f000 	C:\Windows\system32\profapi.dll

VM Arguments:
jvm_args: -Djava.awt.headless=true -Xmx1024M -Dfile.encoding=windows-31j -Duser.country=JP -Duser.language=ja -Duser.variant 
java_command: com.android.dx.command.Main --dex --force-jumbo --num-threads=4 --multi-dex --output D:\Project\shouhin_irekae\Android\ProductChange\app\build\intermediates\transforms\dex\debug\folders\1000\5\slice_0 D:\Project\shouhin_irekae\Android\ProductChange\app\build\intermediates\transforms\instantRunSlicer\debug\folders\1\5\slice_0
java_class_path (initial): C:\Users\cong-pv\AppData\Local\Android\Sdk\build-tools\25.0.0\lib\dx.jar
Launcher Type: SUN_STANDARD

Environment Variables:



---------------  S Y S T E M  ---------------

OS: Windows 7 , 64 bit Build 7601 (6.1.7601.24214)

CPU:total 4 (initial active 4) (4 cores per cpu, 1 threads per core) family 6 model 94 stepping 3, cmov, cx8, fxsr, mmx, sse, sse2, sse3, ssse3, sse4.1, sse4.2, popcnt, avx, avx2, aes, clmul, erms, rtm, 3dnowpref, lzcnt, tsc, tscinvbit, bmi1, bmi2, adx

Memory: 4k page, physical 12451892k(1724348k free), swap 12449992k(3020k free)

vm_info: Java HotSpot(TM) 64-Bit Server VM (25.131-b11) for windows-amd64 JRE (1.8.0_131-b11), built on Mar 15 2017 01:23:53 by "java_re" with MS VC++ 10.0 (VS2010)

time: Wed Sep 05 13:27:27 2018
elapsed time: 0 seconds (0d 0h 0m 0s)

