#
# There is insufficient memory for the Java Runtime Environment to continue.
# Native memory allocation (malloc) failed to allocate 32744 bytes for ChunkPool::allocate
# Possible reasons:
#   The system is out of physical RAM or swap space
#   In 32 bit mode, the process size limit was hit
# Possible solutions:
#   Reduce memory load on the system
#   Increase physical memory or swap space
#   Check if swap backing store is full
#   Use 64 bit Java on a 64 bit OS
#   Decrease Java heap size (-Xmx/-Xms)
#   Decrease number of Java threads
#   Decrease Java thread stack sizes (-Xss)
#   Set larger code cache with -XX:ReservedCodeCacheSize=
# This output file may be truncated or incomplete.
#
#  Out of Memory Error (allocation.cpp:273), pid=1404, tid=0x000000000000155c
#
# JRE version: Java(TM) SE Runtime Environment (8.0_131-b11) (build 1.8.0_131-b11)
# Java VM: Java HotSpot(TM) 64-Bit Server VM (25.131-b11 mixed mode windows-amd64 compressed oops)
# Failed to write core dump. Minidumps are not enabled by default on client versions of Windows
#

---------------  T H R E A D  ---------------

Current thread (0x0000000056193000):  JavaThread "C1 CompilerThread2" daemon [_thread_in_native, id=5468, stack(0x0000000057770000,0x0000000057870000)]

Stack: [0x0000000057770000,0x0000000057870000]
[error occurred during error reporting (printing stack bounds), id 0xc0000005]

Native frames: (J=compiled Java code, j=interpreted, Vv=VM code, C=native code)


Current CompileTask:
C1:    520  521   !   3       com.android.dx.cf.code.BytecodeArray::parseInstruction (2764 bytes)


---------------  P R O C E S S  ---------------

Java Threads: ( => current thread )
  0x0000000056341800 JavaThread "pool-2-thread-4" [_thread_in_Java, id=4816, stack(0x00000000582a0000,0x00000000583a0000)]
  0x000000005633c000 JavaThread "pool-2-thread-3" [_thread_blocked, id=1260, stack(0x0000000058080000,0x0000000058180000)]
  0x000000005633b000 JavaThread "pool-2-thread-2" [_thread_blocked, id=10848, stack(0x0000000057e80000,0x0000000057f80000)]
  0x000000005633a800 JavaThread "pool-3-thread-1" [_thread_blocked, id=7920, stack(0x0000000057cf0000,0x0000000057df0000)]
  0x0000000056339800 JavaThread "pool-2-thread-1" [_thread_in_Java, id=6120, stack(0x0000000057ab0000,0x0000000057bb0000)]
  0x0000000056209800 JavaThread "Service Thread" daemon [_thread_blocked, id=2252, stack(0x0000000056830000,0x0000000056930000)]
=>0x0000000056193000 JavaThread "C1 CompilerThread2" daemon [_thread_in_native, id=5468, stack(0x0000000057770000,0x0000000057870000)]
  0x0000000056192000 JavaThread "C2 CompilerThread1" daemon [_thread_in_native, id=12276, stack(0x00000000575e0000,0x00000000576e0000)]
  0x000000005618e000 JavaThread "C2 CompilerThread0" daemon [_thread_in_native, id=11252, stack(0x0000000057480000,0x0000000057580000)]
  0x000000005618a800 JavaThread "Attach Listener" daemon [_thread_blocked, id=9720, stack(0x00000000565b0000,0x00000000566b0000)]
  0x0000000056189800 JavaThread "Signal Dispatcher" daemon [_thread_blocked, id=9364, stack(0x00000000566b0000,0x00000000567b0000)]
  0x0000000054e1a000 JavaThread "Finalizer" daemon [_thread_blocked, id=10612, stack(0x0000000056080000,0x0000000056180000)]
  0x0000000054dd2800 JavaThread "Reference Handler" daemon [_thread_blocked, id=4364, stack(0x0000000055f30000,0x0000000056030000)]
  0x000000000029e800 JavaThread "main" [_thread_blocked, id=7092, stack(0x0000000002260000,0x0000000002360000)]

Other Threads:
  0x0000000054dcb000 VMThread [stack: 0x0000000055dd0000,0x0000000055ed0000] [id=1548]
  0x000000005625f000 WatcherThread [stack: 0x0000000057980000,0x0000000057a80000] [id=9344]

VM state:not at safepoint (normal execution)

VM Mutex/Monitor currently owned by a thread: None

Heap:
 PSYoungGen      total 57344K, used 14805K [0x00000000eab00000, 0x00000000eeb00000, 0x0000000100000000)
  eden space 49152K, 30% used [0x00000000eab00000,0x00000000eb975738,0x00000000edb00000)
  from space 8192K, 0% used [0x00000000ee300000,0x00000000ee300000,0x00000000eeb00000)
  to   space 8192K, 0% used [0x00000000edb00000,0x00000000edb00000,0x00000000ee300000)
 ParOldGen       total 131072K, used 0K [0x00000000c0000000, 0x00000000c8000000, 0x00000000eab00000)
  object space 131072K, 0% used [0x00000000c0000000,0x00000000c0000000,0x00000000c8000000)
 Metaspace       used 5722K, capacity 6552K, committed 6912K, reserved 1056768K
  class space    used 617K, capacity 656K, committed 768K, reserved 1048576K

Card table byte_map: [0x0000000011850000,0x0000000011a60000] byte_map_base: 0x0000000011250000

Marking Bits: (ParMarkBitMap*) 0x00000000571dc720
 Begin Bits: [0x0000000012240000, 0x0000000013240000)
 End Bits:   [0x0000000013240000, 0x0000000014240000)

Polling page: 0x0000000000270000

CodeCache: size=245760Kb used=2128Kb max_used=2143Kb free=243631Kb
 bounds [0x0000000002490000, 0x0000000002700000, 0x0000000011490000]
 total_blobs=826 nmethods=555 adapters=184
 compilation: enabled

Compilation events (10 events):
Event: 0.517 Thread 0x000000005618e000 nmethod 551 0x00000000026a5ad0 code [0x00000000026a5c20, 0x00000000026a5e58]
Event: 0.517 Thread 0x000000005618e000  442       4       java.util.ArrayList$Itr::next (66 bytes)
Event: 0.518 Thread 0x000000005618e000 nmethod 442 0x00000000026a0990 code [0x00000000026a0ae0, 0x00000000026a0bf8]
Event: 0.518 Thread 0x000000005618e000  539       4       java.util.ArrayList::add (29 bytes)
Event: 0.518 Thread 0x0000000056192000 nmethod 467 0x00000000026a8710 code [0x00000000026a8880, 0x00000000026a8fb8]
Event: 0.518 Thread 0x0000000056192000  563   !   4       com.android.dx.util.IntList::get (36 bytes)
Event: 0.518 Thread 0x0000000056192000 nmethod 563 0x00000000026a25d0 code [0x00000000026a2700, 0x00000000026a2798]
Event: 0.518 Thread 0x0000000056192000  576       4       java.util.BitSet::get (69 bytes)
Event: 0.519 Thread 0x0000000056192000 nmethod 576 0x00000000026a8450 code [0x00000000026a8580, 0x00000000026a8638]
Event: 0.519 Thread 0x0000000056192000  581       4       com.android.dx.ssa.NormalSsaInsn::accept (25 bytes)

GC Heap History (0 events):
No events

Deoptimization events (0 events):
No events

Internal exceptions (2 events):
Event: 0.076 Thread 0x000000000029e800 Exception <a 'java/lang/NoSuchMethodError': Method sun.misc.Unsafe.defineClass(Ljava/lang/String;[BII)Ljava/lang/Class; name or signature does not match> (0x00000000eab07ca8) thrown at [C:\re\workspace\8-2-build-windows-amd64-cygwin\jdk8u131\8869\hotspot\
Event: 0.076 Thread 0x000000000029e800 Exception <a 'java/lang/NoSuchMethodError': Method sun.misc.Unsafe.prefetchRead(Ljava/lang/Object;J)V name or signature does not match> (0x00000000eab07f90) thrown at [C:\re\workspace\8-2-build-windows-amd64-cygwin\jdk8u131\8869\hotspot\src\share\vm\prims

Events (10 events):
Event: 0.487 loading class com/android/dx/ssa/PhiInsn$Operand
Event: 0.487 loading class com/android/dx/ssa/PhiInsn$Operand done
Event: 0.489 loading class com/android/dx/ssa/back/FirstFitLocalCombiningAllocator$Multiset
Event: 0.489 loading class com/android/dx/ssa/back/FirstFitLocalCombiningAllocator$Multiset done
Event: 0.490 loading class com/android/dx/dex/file/MethodAnnotationStruct
Event: 0.490 loading class com/android/dx/dex/file/MethodAnnotationStruct done
Event: 0.512 loading class com/android/dx/cf/code/BytecodeArray$ConstantParserVisitor
Event: 0.512 loading class com/android/dx/cf/code/BytecodeArray$ConstantParserVisitor done
Event: 0.514 loading class java/util/DualPivotQuicksort
Event: 0.515 loading class java/util/DualPivotQuicksort done


Dynamic libraries:
0x000000013f140000 - 0x000000013f177000 	C:\Program Files\Java\jdk1.8.0_131\bin\java.exe
0x0000000076f60000 - 0x00000000770ff000 	C:\Windows\SYSTEM32\ntdll.dll
0x0000000076d40000 - 0x0000000076e5f000 	C:\Windows\system32\kernel32.dll
0x000007fefcbb0000 - 0x000007fefcc1a000 	C:\Windows\system32\KERNELBASE.dll
0x000007fefcec0000 - 0x000007fefcf9b000 	C:\Windows\system32\ADVAPI32.dll
0x000007fefeaf0000 - 0x000007fefeb8f000 	C:\Windows\system32\msvcrt.dll
0x000007fefead0000 - 0x000007fefeaef000 	C:\Windows\SYSTEM32\sechost.dll
0x000007fefeb90000 - 0x000007fefecbd000 	C:\Windows\system32\RPCRT4.dll
0x0000000076e60000 - 0x0000000076f5a000 	C:\Windows\system32\USER32.dll
0x000007fefe9b0000 - 0x000007fefea17000 	C:\Windows\system32\GDI32.dll
0x000007fefe5d0000 - 0x000007fefe5de000 	C:\Windows\system32\LPK.dll
0x000007fefe8e0000 - 0x000007fefe9ab000 	C:\Windows\system32\USP10.dll
0x000007fefb3c0000 - 0x000007fefb5b4000 	C:\Windows\WinSxS\amd64_microsoft.windows.common-controls_6595b64144ccf1df_6.0.7601.18837_none_fa3b1e3d17594757\COMCTL32.dll
0x000007fefea50000 - 0x000007fefeac1000 	C:\Windows\system32\SHLWAPI.dll
0x0000000000090000 - 0x00000000000be000 	C:\Windows\system32\IMM32.DLL
0x00000000006b0000 - 0x00000000007b9000 	C:\Windows\system32\MSCTF.dll
0x0000000057260000 - 0x0000000057332000 	C:\Program Files\Java\jdk1.8.0_131\jre\bin\msvcr100.dll
0x00000000569c0000 - 0x000000005725c000 	C:\Program Files\Java\jdk1.8.0_131\jre\bin\server\jvm.dll
0x000007feef270000 - 0x000007feef279000 	C:\Windows\system32\WSOCK32.dll
0x000007feff200000 - 0x000007feff24d000 	C:\Windows\system32\WS2_32.dll
0x000007fefe5e0000 - 0x000007fefe5e8000 	C:\Windows\system32\NSI.dll
0x000007fef92a0000 - 0x000007fef92db000 	C:\Windows\system32\WINMM.dll
0x000007fefbbd0000 - 0x000007fefbbdc000 	C:\Windows\system32\VERSION.dll
0x0000000077100000 - 0x0000000077107000 	C:\Windows\system32\PSAPI.DLL
0x0000000072190000 - 0x000000007219f000 	C:\Program Files\Java\jdk1.8.0_131\jre\bin\verify.dll
0x00000000573f0000 - 0x0000000057419000 	C:\Program Files\Java\jdk1.8.0_131\jre\bin\java.dll
0x00000000573d0000 - 0x00000000573e6000 	C:\Program Files\Java\jdk1.8.0_131\jre\bin\zip.dll
0x000007fefd460000 - 0x000007fefe1eb000 	C:\Windows\system32\SHELL32.dll
0x000007fefe3d0000 - 0x000007fefe5cd000 	C:\Windows\system32\ole32.dll
0x000007fefcb10000 - 0x000007fefcb1f000 	C:\Windows\system32\profapi.dll

VM Arguments:
jvm_args: -Djava.awt.headless=true -Xmx1024M -Dfile.encoding=windows-31j -Duser.country=JP -Duser.language=ja -Duser.variant 
java_command: com.android.dx.command.Main --dex --force-jumbo --num-threads=4 --multi-dex --output D:\Project\shouhin_irekae\Android\ProductChange\app\build\intermediates\transforms\dex\debug\folders\1000\10000\instant-run_b4932cfabe8f24bd66ac9b18f30c9cea2786418d D:\Project\shouhin_irekae\Android\ProductChange\app\build\intermediates\incremental-runtime-classes\debug\instant-run.jar
java_class_path (initial): C:\Users\cong-pv\AppData\Local\Android\Sdk\build-tools\25.0.0\lib\dx.jar
Launcher Type: SUN_STANDARD

Environment Variables:
JAVA_HOME=C:\Program Files\Java\jdk1.8.0_131
PATH=C:\Program Files (x86)\Common Files\Oracle\Java\javapath;C:\ProgramData\Oracle\Java\javapath;C:\Program Files (x86)\Intel\iCLS Client\;C:\Program Files\Intel\iCLS Client\;C:\Windows\system32;C:\Windows;C:\Windows\System32\Wbem;C:\Windows\System32\WindowsPowerShell\v1.0\;C:\Program Files (x86)\Intel\UCRT\;C:\Program Files\TortoiseSVN\bin;C:\Users\User\.dnx\bin;C:\Program Files\Microsoft DNX\Dnvm\;C:\Program Files (x86)\Windows Kits\8.1\Windows Performance Toolkit\;C:\Program Files\Microsoft SQL Server\130\Tools\Binn\;C:\Program Files\Git\cmd;C:\Program Files\Microsoft SQL Server\120\Tools\Binn\;C:\Program Files\Microsoft SQLServer\Client SDK\ODBC\110\Tools\Binn\;C:\Program Files (x86)\Microsoft SQL Server\120\Tools\Binn\;C:\Program Files\Microsoft SQL Server\120\DTS\Binn\;C:\Program Files (x86)\Microsoft SQL Server\120\Tools\Binn\ManagementStudio\;C:\ProgramFiles (x86)\Microsoft SQL Server\120\DTS\Binn\;C:\Program Files\Intel\UCRT\;C:\Program Files (x86)\Intel\Intel(R) Management Engine Components\DAL;C:\Program Files\Intel\Intel(R) Management Engine Components\DAL;C:\Program Files (x86)\Intel\Intel(R) Management Engine Components\IPT;C:\Program Files\Intel\Intel(R) Management Engine Components\IPT;c:\Program Files\Microsoft SQL Server\Client SDK\ODBC\110\Tools\Binn\;c:\Program Files (x86)\Microsoft SQL Server\120\DTS\Binn\;C:\Program Files\Java\jdk1.8.0_131\bin;C:\Program Files\TortoiseGit\bin;C:\Go\bin;C:\Users\cong-pv\go\bin
USERNAME=cong-pv
OS=Windows_NT
PROCESSOR_IDENTIFIER=Intel64 Family 6 Model 94 Stepping 3, GenuineIntel



---------------  S Y S T E M  ---------------

OS: Windows 7 , 64 bit Build 7601 (6.1.7601.24214)

CPU:total 4 (initial active 4) (4 cores per cpu, 1 threads per core) family 6 model 94 stepping 3, cmov, cx8, fxsr, mmx, sse, sse2, sse3, ssse3, sse4.1, sse4.2, popcnt, avx, avx2, aes, clmul, erms, rtm, 3dnowpref, lzcnt, tsc, tscinvbit, bmi1, bmi2, adx

Memory: 4k page, physical 12451892k(1892300k free), swap 12449992k(4100k free)

vm_info: Java HotSpot(TM) 64-Bit Server VM (25.131-b11) for windows-amd64 JRE (1.8.0_131-b11), built on Mar 15 2017 01:23:53 by "java_re" with MS VC++ 10.0 (VS2010)

time: Fri Sep 07 16:40:50 2018
elapsed time: 0 seconds (0d 0h 0m 0s)

