#
# There is insufficient memory for the Java Runtime Environment to continue.
# Native memory allocation (malloc) failed to allocate 344976 bytes for Chunk::new
# Possible reasons:
#   The system is out of physical RAM or swap space
#   In 32 bit mode, the process size limit was hit
# Possible solutions:
#   Reduce memory load on the system
#   Increase physical memory or swap space
#   Check if swap backing store is full
#   Use 64 bit Java on a 64 bit OS
#   Decrease Java heap size (-Xmx/-Xms)
#   Decrease number of Java threads
#   Decrease Java thread stack sizes (-Xss)
#   Set larger code cache with -XX:ReservedCodeCacheSize=
# This output file may be truncated or incomplete.
#
#  Out of Memory Error (allocation.cpp:390), pid=10712, tid=0x0000000000001fa0
#
# JRE version: Java(TM) SE Runtime Environment (8.0_131-b11) (build 1.8.0_131-b11)
# Java VM: Java HotSpot(TM) 64-Bit Server VM (25.131-b11 mixed mode windows-amd64 compressed oops)
# Failed to write core dump. Minidumps are not enabled by default on client versions of Windows
#

---------------  T H R E A D  ---------------

Current thread (0x00000000563ff000):  JavaThread "C2 CompilerThread0" daemon [_thread_in_native, id=8096, stack(0x0000000056cd0000,0x0000000056dd0000)]

Stack: [0x0000000056cd0000,0x0000000056dd0000]
[error occurred during error reporting (printing stack bounds), id 0xc0000005]

Native frames: (J=compiled Java code, j=interpreted, Vv=VM code, C=native code)


Current CompileTask:
C2:   1867  858   !   4       com.android.dx.cf.code.BytecodeArray::parseInstruction (2764 bytes)


---------------  P R O C E S S  ---------------

Java Threads: ( => current thread )
  0x0000000056729800 JavaThread "pool-2-thread-4" [_thread_blocked, id=2300, stack(0x0000000057780000,0x0000000057880000)]
  0x0000000056724800 JavaThread "pool-2-thread-3" [_thread_blocked, id=10604, stack(0x0000000056f80000,0x0000000057080000)]
  0x00000000566fc000 JavaThread "pool-2-thread-2" [_thread_blocked, id=10268, stack(0x0000000057610000,0x0000000057710000)]
  0x0000000056749800 JavaThread "pool-3-thread-1" [_thread_blocked, id=5752, stack(0x0000000057460000,0x0000000057560000)]
  0x0000000056747800 JavaThread "pool-2-thread-1" [_thread_in_Java, id=6268, stack(0x0000000057220000,0x0000000057320000)]
  0x0000000056466800 JavaThread "Service Thread" daemon [_thread_blocked, id=9756, stack(0x0000000057080000,0x0000000057180000)]
  0x0000000054c5b000 JavaThread "C1 CompilerThread2" daemon [_thread_blocked, id=4492, stack(0x0000000056e60000,0x0000000056f60000)]
  0x0000000056403000 JavaThread "C2 CompilerThread1" daemon [_thread_in_native, id=11992, stack(0x0000000055bc0000,0x0000000055cc0000)]
=>0x00000000563ff000 JavaThread "C2 CompilerThread0" daemon [_thread_in_native, id=8096, stack(0x0000000056cd0000,0x0000000056dd0000)]
  0x00000000563fb800 JavaThread "Attach Listener" daemon [_thread_blocked, id=3836, stack(0x0000000056ad0000,0x0000000056bd0000)]
  0x00000000563fa800 JavaThread "Signal Dispatcher" daemon [_thread_blocked, id=9456, stack(0x00000000568d0000,0x00000000569d0000)]
  0x0000000054c3a000 JavaThread "Finalizer" daemon [_thread_blocked, id=12032, stack(0x00000000560f0000,0x00000000561f0000)]
  0x0000000054bf2800 JavaThread "Reference Handler" daemon [_thread_blocked, id=6140, stack(0x0000000055f00000,0x0000000056000000)]
  0x000000000036e800 JavaThread "main" [_thread_in_native, id=10576, stack(0x0000000002240000,0x0000000002340000)]

Other Threads:
  0x0000000054beb000 VMThread [stack: 0x0000000055cd0000,0x0000000055dd0000] [id=11260]
  0x00000000564ab000 WatcherThread [stack: 0x0000000055df0000,0x0000000055ef0000] [id=8024]

VM state:not at safepoint (normal execution)

VM Mutex/Monitor currently owned by a thread: None

Heap:
 PSYoungGen      total 106496K, used 15405K [0x00000000eab00000, 0x00000000f1b00000, 0x0000000100000000)
  eden space 98304K, 7% used [0x00000000eab00000,0x00000000eb20f018,0x00000000f0b00000)
  from space 8192K, 99% used [0x00000000f1300000,0x00000000f1afc420,0x00000000f1b00000)
  to   space 8192K, 0% used [0x00000000f0b00000,0x00000000f0b00000,0x00000000f1300000)
 ParOldGen       total 131072K, used 20573K [0x00000000c0000000, 0x00000000c8000000, 0x00000000eab00000)
  object space 131072K, 15% used [0x00000000c0000000,0x00000000c1417788,0x00000000c8000000)
 Metaspace       used 5883K, capacity 6872K, committed 7168K, reserved 1056768K
  class space    used 606K, capacity 656K, committed 768K, reserved 1048576K

Card table byte_map: [0x0000000011700000,0x0000000011910000] byte_map_base: 0x0000000011100000

Marking Bits: (ParMarkBitMap*) 0x000000005c8bc720
 Begin Bits: [0x0000000012060000, 0x0000000013060000)
 End Bits:   [0x0000000013060000, 0x0000000014060000)

Polling page: 0x0000000000340000

CodeCache: size=245760Kb used=4199Kb max_used=4199Kb free=241560Kb
 bounds [0x0000000002340000, 0x0000000002760000, 0x0000000011340000]
 total_blobs=1405 nmethods=1141 adapters=177
 compilation: enabled

Compilation events (10 events):
Event: 1.855 Thread 0x0000000054c5b000 nmethod 1156 0x0000000002758ed0 code [0x0000000002759060, 0x00000000027593f8]
Event: 1.855 Thread 0x0000000054c5b000 1162       2       com.android.dx.dex.code.BlockAddresses::getStart (7 bytes)
Event: 1.855 Thread 0x0000000054c5b000 nmethod 1162 0x000000000271ba90 code [0x000000000271bbe0, 0x000000000271bd50]
Event: 1.855 Thread 0x0000000054c5b000 1175       1       com.android.dx.dex.file.DexFile::getMethodIds (5 bytes)
Event: 1.855 Thread 0x0000000054c5b000 nmethod 1175 0x00000000027597d0 code [0x0000000002759920, 0x0000000002759a30]
Event: 1.855 Thread 0x0000000054c5b000 1169       1       java.util.HashMap::size (5 bytes)
Event: 1.855 Thread 0x0000000054c5b000 nmethod 1169 0x0000000002759a90 code [0x0000000002759be0, 0x0000000002759cf0]
Event: 1.862 Thread 0x0000000056403000 1177       4       com.android.dx.ssa.SsaRenamer$BlockRenamer::visitNonMoveInsn (14 bytes)
Event: 1.862 Thread 0x0000000054c5b000 1178       1       java.util.concurrent.atomic.AtomicInteger::get (5 bytes)
Event: 1.863 Thread 0x0000000054c5b000 nmethod 1178 0x0000000002759d50 code [0x0000000002759ea0, 0x0000000002759fb0]

GC Heap History (4 events):
Event: 0.835 GC heap before
{Heap before GC invocations=1 (full 0):
 PSYoungGen      total 57344K, used 49152K [0x00000000eab00000, 0x00000000eeb00000, 0x0000000100000000)
  eden space 49152K, 100% used [0x00000000eab00000,0x00000000edb00000,0x00000000edb00000)
  from space 8192K, 0% used [0x00000000ee300000,0x00000000ee300000,0x00000000eeb00000)
  to   space 8192K, 0% used [0x00000000edb00000,0x00000000edb00000,0x00000000ee300000)
 ParOldGen       total 131072K, used 0K [0x00000000c0000000, 0x00000000c8000000, 0x00000000eab00000)
  object space 131072K, 0% used [0x00000000c0000000,0x00000000c0000000,0x00000000c8000000)
 Metaspace       used 5807K, capacity 6808K, committed 7168K, reserved 1056768K
  class space    used 604K, capacity 656K, committed 768K, reserved 1048576K
Event: 0.973 GC heap after
Heap after GC invocations=1 (full 0):
 PSYoungGen      total 57344K, used 8170K [0x00000000eab00000, 0x00000000f1b00000, 0x0000000100000000)
  eden space 49152K, 0% used [0x00000000eab00000,0x00000000eab00000,0x00000000edb00000)
  from space 8192K, 99% used [0x00000000edb00000,0x00000000ee2fa8b0,0x00000000ee300000)
  to   space 8192K, 0% used [0x00000000f1300000,0x00000000f1300000,0x00000000f1b00000)
 ParOldGen       total 131072K, used 6947K [0x00000000c0000000, 0x00000000c8000000, 0x00000000eab00000)
  object space 131072K, 5% used [0x00000000c0000000,0x00000000c06c8c60,0x00000000c8000000)
 Metaspace       used 5807K, capacity 6808K, committed 7168K, reserved 1056768K
  class space    used 604K, capacity 656K, committed 768K, reserved 1048576K
}
Event: 1.265 GC heap before
{Heap before GC invocations=2 (full 0):
 PSYoungGen      total 57344K, used 57322K [0x00000000eab00000, 0x00000000f1b00000, 0x0000000100000000)
  eden space 49152K, 100% used [0x00000000eab00000,0x00000000edb00000,0x00000000edb00000)
  from space 8192K, 99% used [0x00000000edb00000,0x00000000ee2fa8b0,0x00000000ee300000)
  to   space 8192K, 0% used [0x00000000f1300000,0x00000000f1300000,0x00000000f1b00000)
 ParOldGen       total 131072K, used 6947K [0x00000000c0000000, 0x00000000c8000000, 0x00000000eab00000)
  object space 131072K, 5% used [0x00000000c0000000,0x00000000c06c8c60,0x00000000c8000000)
 Metaspace       used 5873K, capacity 6872K, committed 7168K, reserved 1056768K
  class space    used 606K, capacity 656K, committed 768K, reserved 1048576K
Event: 1.608 GC heap after
Heap after GC invocations=2 (full 0):
 PSYoungGen      total 106496K, used 8177K [0x00000000eab00000, 0x00000000f1b00000, 0x0000000100000000)
  eden space 98304K, 0% used [0x00000000eab00000,0x00000000eab00000,0x00000000f0b00000)
  from space 8192K, 99% used [0x00000000f1300000,0x00000000f1afc420,0x00000000f1b00000)
  to   space 8192K, 0% used [0x00000000f0b00000,0x00000000f0b00000,0x00000000f1300000)
 ParOldGen       total 131072K, used 20573K [0x00000000c0000000, 0x00000000c8000000, 0x00000000eab00000)
  object space 131072K, 15% used [0x00000000c0000000,0x00000000c1417788,0x00000000c8000000)
 Metaspace       used 5873K, capacity 6872K, committed 7168K, reserved 1056768K
  class space    used 606K, capacity 656K, committed 768K, reserved 1048576K
}

Deoptimization events (10 events):
Event: 0.531 Thread 0x0000000056724800 Uncommon trap: reason=unstable_if action=reinterpret pc=0x000000000255e034 method=com.android.dx.cf.code.Ropper.labelToResultIndex(I)I @ 34
Event: 0.552 Thread 0x0000000056724800 Uncommon trap: reason=null_check action=make_not_entrant pc=0x00000000025634bc method=com.android.dx.ssa.SsaRenamer.getLocalForNewReg(I)Lcom/android/dx/rop/code/LocalItem; @ 19
Event: 0.592 Thread 0x0000000056747800 Uncommon trap: reason=null_check action=make_not_entrant pc=0x000000000255d998 method=com.android.dx.rop.type.Type.equals(Ljava/lang/Object;)Z @ 8
Event: 0.607 Thread 0x0000000056724800 Uncommon trap: reason=unstable_if action=reinterpret pc=0x000000000257242c method=com.android.dx.util.IntList.binarysearch(I)I @ 16
Event: 0.778 Thread 0x0000000056747800 Uncommon trap: reason=unstable_if action=reinterpret pc=0x000000000256b2a0 method=com.android.dx.ssa.SsaRenamer$BlockRenamer.addMapping(ILcom/android/dx/rop/code/RegisterSpec;)V @ 120
Event: 0.787 Thread 0x0000000056729800 Uncommon trap: reason=unstable_if action=reinterpret pc=0x0000000002567ce8 method=com.android.dx.rop.code.RegisterSpecSet.put(Lcom/android/dx/rop/code/RegisterSpec;)V @ 77
Event: 1.059 Thread 0x00000000566fc000 Uncommon trap: reason=class_check action=maybe_recompile pc=0x0000000002574810 method=com.android.dx.ssa.NormalSsaInsn.accept(Lcom/android/dx/ssa/SsaInsn$Visitor;)V @ 9
Event: 1.059 Thread 0x00000000566fc000 Uncommon trap: reason=class_check action=maybe_recompile pc=0x0000000002574810 method=com.android.dx.ssa.NormalSsaInsn.accept(Lcom/android/dx/ssa/SsaInsn$Visitor;)V @ 9
Event: 1.059 Thread 0x00000000566fc000 Uncommon trap: reason=class_check action=maybe_recompile pc=0x0000000002574810 method=com.android.dx.ssa.NormalSsaInsn.accept(Lcom/android/dx/ssa/SsaInsn$Visitor;)V @ 9
Event: 1.060 Thread 0x00000000566fc000 Uncommon trap: reason=class_check action=maybe_recompile pc=0x0000000002574810 method=com.android.dx.ssa.NormalSsaInsn.accept(Lcom/android/dx/ssa/SsaInsn$Visitor;)V @ 9

Internal exceptions (4 events):
Event: 0.039 Thread 0x000000000036e800 Exception <a 'java/lang/NoSuchMethodError': Method sun.misc.Unsafe.defineClass(Ljava/lang/String;[BII)Ljava/lang/Class; name or signature does not match> (0x00000000eab07ca8) thrown at [C:\re\workspace\8-2-build-windows-amd64-cygwin\jdk8u131\8869\hotspot\
Event: 0.039 Thread 0x000000000036e800 Exception <a 'java/lang/NoSuchMethodError': Method sun.misc.Unsafe.prefetchRead(Ljava/lang/Object;J)V name or signature does not match> (0x00000000eab07f90) thrown at [C:\re\workspace\8-2-build-windows-amd64-cygwin\jdk8u131\8869\hotspot\src\share\vm\prims
Event: 0.552 Thread 0x0000000056724800 Implicit null exception at 0x0000000002561a7c to 0x000000000256349d
Event: 0.592 Thread 0x0000000056747800 Implicit null exception at 0x000000000255d892 to 0x000000000255d98a

Events (10 events):
Event: 1.164 Thread 0x0000000056724800 DEOPT PACKING pc=0x00000000026966ba sp=0x000000005707e910
Event: 1.164 Thread 0x0000000056724800 DEOPT UNPACKING pc=0x000000000238787f sp=0x000000005707e670 mode 0
Event: 1.181 Thread 0x0000000056724800 DEOPT PACKING pc=0x00000000026966ba sp=0x000000005707e910
Event: 1.181 Thread 0x0000000056724800 DEOPT UNPACKING pc=0x000000000238787f sp=0x000000005707e670 mode 0
Event: 1.259 Thread 0x00000000566fc000 DEOPT PACKING pc=0x0000000002611857 sp=0x000000005770eac0
Event: 1.259 Thread 0x00000000566fc000 DEOPT UNPACKING pc=0x000000000238787f sp=0x000000005770e7b8 mode 0
Event: 1.259 Executing VM operation: ParallelGCFailedAllocation
Event: 1.608 Executing VM operation: ParallelGCFailedAllocation done
Event: 1.616 Thread 0x0000000056724800 DEOPT PACKING pc=0x00000000026966ba sp=0x000000005707e8f0
Event: 1.616 Thread 0x0000000056724800 DEOPT UNPACKING pc=0x000000000238787f sp=0x000000005707e638 mode 0


Dynamic libraries:
0x000000013f3b0000 - 0x000000013f3e7000 	C:\Program Files\Java\jdk1.8.0_131\bin\java.exe
0x00000000771c0000 - 0x000000007735f000 	C:\Windows\SYSTEM32\ntdll.dll
0x00000000770a0000 - 0x00000000771bf000 	C:\Windows\system32\kernel32.dll
0x000007fefcd80000 - 0x000007fefcdea000 	C:\Windows\system32\KERNELBASE.dll
0x000007fefd170000 - 0x000007fefd24b000 	C:\Windows\system32\ADVAPI32.dll
0x000007fefe7e0000 - 0x000007fefe87f000 	C:\Windows\system32\msvcrt.dll
0x000007fefe700000 - 0x000007fefe71f000 	C:\Windows\SYSTEM32\sechost.dll
0x000007fefe300000 - 0x000007fefe42d000 	C:\Windows\system32\RPCRT4.dll
0x0000000076fa0000 - 0x000000007709a000 	C:\Windows\system32\USER32.dll
0x000007feff150000 - 0x000007feff1b7000 	C:\Windows\system32\GDI32.dll
0x000007feff260000 - 0x000007feff26e000 	C:\Windows\system32\LPK.dll
0x000007fefeef0000 - 0x000007fefefbb000 	C:\Windows\system32\USP10.dll
0x000007fefb620000 - 0x000007fefb814000 	C:\Windows\WinSxS\amd64_microsoft.windows.common-controls_6595b64144ccf1df_6.0.7601.18837_none_fa3b1e3d17594757\COMCTL32.dll
0x000007fefee70000 - 0x000007fefeee1000 	C:\Windows\system32\SHLWAPI.dll
0x000007fefe2d0000 - 0x000007fefe2fe000 	C:\Windows\system32\IMM32.DLL
0x000007fefefc0000 - 0x000007feff0c9000 	C:\Windows\system32\MSCTF.dll
0x000000005c940000 - 0x000000005ca12000 	C:\Program Files\Java\jdk1.8.0_131\jre\bin\msvcr100.dll
0x000000005c0a0000 - 0x000000005c93c000 	C:\Program Files\Java\jdk1.8.0_131\jre\bin\server\jvm.dll
0x000007fef7ff0000 - 0x000007fef7ff9000 	C:\Windows\system32\WSOCK32.dll
0x000007fefd120000 - 0x000007fefd16d000 	C:\Windows\system32\WS2_32.dll
0x000007fefd530000 - 0x000007fefd538000 	C:\Windows\system32\NSI.dll
0x000007fef9510000 - 0x000007fef954b000 	C:\Windows\system32\WINMM.dll
0x000007fefbe30000 - 0x000007fefbe3c000 	C:\Windows\system32\VERSION.dll
0x0000000077370000 - 0x0000000077377000 	C:\Windows\system32\PSAPI.DLL
0x000000006aaa0000 - 0x000000006aaaf000 	C:\Program Files\Java\jdk1.8.0_131\jre\bin\verify.dll
0x000000006aa70000 - 0x000000006aa99000 	C:\Program Files\Java\jdk1.8.0_131\jre\bin\java.dll
0x00000000620d0000 - 0x00000000620e6000 	C:\Program Files\Java\jdk1.8.0_131\jre\bin\zip.dll
0x000007fefd540000 - 0x000007fefe2cb000 	C:\Windows\system32\SHELL32.dll
0x00000000561f0000 - 0x00000000563ed000 	C:\Windows\system32\ole32.dll
0x000007fefcd60000 - 0x000007fefcd6f000 	C:\Windows\system32\profapi.dll

VM Arguments:
jvm_args: -Djava.awt.headless=true -Xmx1024M -Dfile.encoding=windows-31j -Duser.country=JP -Duser.language=ja -Duser.variant 
java_command: com.android.dx.command.Main --dex --force-jumbo --num-threads=4 --multi-dex --output D:\Project\shouhin_irekae\Android\ProductChange\app\build\intermediates\transforms\dex\debug\folders\1000\5\slice_6 D:\Project\shouhin_irekae\Android\ProductChange\app\build\intermediates\transforms\instantRunSlicer\debug\folders\1\5\slice_6
java_class_path (initial): C:\Users\cong-pv\AppData\Local\Android\Sdk\build-tools\25.0.0\lib\dx.jar
Launcher Type: SUN_STANDARD

Environment Variables:
JAVA_HOME=C:\Program Files\Java\jdk1.8.0_131
PATH=C:\Program Files (x86)\Common Files\Oracle\Java\javapath;C:\ProgramData\Oracle\Java\javapath;C:\Program Files (x86)\Intel\iCLS Client\;C:\Program Files\Intel\iCLS Client\;C:\Windows\system32;C:\Windows;C:\Windows\System32\Wbem;C:\Windows\System32\WindowsPowerShell\v1.0\;C:\Program Files (x86)\Intel\UCRT\;C:\Program Files\TortoiseSVN\bin;C:\Users\User\.dnx\bin;C:\Program Files\Microsoft DNX\Dnvm\;C:\Program Files (x86)\Windows Kits\8.1\Windows Performance Toolkit\;C:\Program Files\Microsoft SQL Server\130\Tools\Binn\;C:\Program Files\Git\cmd;C:\Program Files\Microsoft SQL Server\120\Tools\Binn\;C:\Program Files\Microsoft SQLServer\Client SDK\ODBC\110\Tools\Binn\;C:\Program Files (x86)\Microsoft SQL Server\120\Tools\Binn\;C:\Program Files\Microsoft SQL Server\120\DTS\Binn\;C:\Program Files (x86)\Microsoft SQL Server\120\Tools\Binn\ManagementStudio\;C:\ProgramFiles (x86)\Microsoft SQL Server\120\DTS\Binn\;C:\Program Files\Intel\UCRT\;C:\Program Files (x86)\Intel\Intel(R) Management Engine Components\DAL;C:\Program Files\Intel\Intel(R) Management Engine Components\DAL;C:\Program Files (x86)\Intel\Intel(R) Management Engine Components\IPT;C:\Program Files\Intel\Intel(R) Management Engine Components\IPT;c:\Program Files\Microsoft SQL Server\Client SDK\ODBC\110\Tools\Binn\;c:\Program Files (x86)\Microsoft SQL Server\120\DTS\Binn\;C:\Program Files\Java\jdk1.8.0_131\bin;C:\Program Files\TortoiseGit\bin;C:\Go\bin;C:\Users\cong-pv\go\bin
USERNAME=cong-pv
OS=Windows_NT
PROCESSOR_IDENTIFIER=Intel64 Family 6 Model 94 Stepping 3, GenuineIntel



---------------  S Y S T E M  ---------------

OS: Windows 7 , 64 bit Build 7601 (6.1.7601.24214)

CPU:total 4 (initial active 4) (4 cores per cpu, 1 threads per core) family 6 model 94 stepping 3, cmov, cx8, fxsr, mmx, sse, sse2, sse3, ssse3, sse4.1, sse4.2, popcnt, avx, avx2, aes, clmul, erms, rtm, 3dnowpref, lzcnt, tsc, tscinvbit, bmi1, bmi2, adx

Memory: 4k page, physical 12451892k(1263476k free), swap 12449992k(5064k free)

vm_info: Java HotSpot(TM) 64-Bit Server VM (25.131-b11) for windows-amd64 JRE (1.8.0_131-b11), built on Mar 15 2017 01:23:53 by "java_re" with MS VC++ 10.0 (VS2010)

time: Thu Sep 06 16:13:33 2018
elapsed time: 1 seconds (0d 0h 0m 1s)

