#
# There is insufficient memory for the Java Runtime Environment to continue.
# Native memory allocation (malloc) failed to allocate 312336 bytes for Chunk::new
# Possible reasons:
#   The system is out of physical RAM or swap space
#   In 32 bit mode, the process size limit was hit
# Possible solutions:
#   Reduce memory load on the system
#   Increase physical memory or swap space
#   Check if swap backing store is full
#   Use 64 bit Java on a 64 bit OS
#   Decrease Java heap size (-Xmx/-Xms)
#   Decrease number of Java threads
#   Decrease Java thread stack sizes (-Xss)
#   Set larger code cache with -XX:ReservedCodeCacheSize=
# This output file may be truncated or incomplete.
#
#  Out of Memory Error (allocation.cpp:390), pid=10784, tid=0x0000000000002324
#
# JRE version: Java(TM) SE Runtime Environment (8.0_131-b11) (build 1.8.0_131-b11)
# Java VM: Java HotSpot(TM) 64-Bit Server VM (25.131-b11 mixed mode windows-amd64 compressed oops)
# Failed to write core dump. Minidumps are not enabled by default on client versions of Windows
#

---------------  T H R E A D  ---------------

Current thread (0x00000000563ef000):  JavaThread "C2 CompilerThread0" daemon [_thread_in_native, id=8996, stack(0x0000000055c20000,0x0000000055d20000)]

Stack: [0x0000000055c20000,0x0000000055d20000]
[error occurred during error reporting (printing stack bounds), id 0xc0000005]

Native frames: (J=compiled Java code, j=interpreted, Vv=VM code, C=native code)


Current CompileTask:
C2:   1451 1303       4       com.android.dx.ssa.SCCP::simulateBranch (666 bytes)


---------------  P R O C E S S  ---------------

Java Threads: ( => current thread )
  0x00000000566da000 JavaThread "pool-2-thread-4" [_thread_blocked, id=1528, stack(0x0000000057f70000,0x0000000058070000)]
  0x00000000566d0000 JavaThread "pool-2-thread-3" [_thread_blocked, id=9824, stack(0x0000000057c50000,0x0000000057d50000)]
  0x00000000565a7800 JavaThread "pool-2-thread-2" [_thread_blocked, id=10616, stack(0x0000000057d90000,0x0000000057e90000)]
  0x00000000565a6800 JavaThread "pool-3-thread-1" [_thread_blocked, id=6328, stack(0x0000000057b00000,0x0000000057c00000)]
  0x00000000565a5800 JavaThread "pool-2-thread-1" [_thread_blocked, id=3400, stack(0x00000000577c0000,0x00000000578c0000)]
  0x0000000056475800 JavaThread "Service Thread" daemon [_thread_blocked, id=11960, stack(0x0000000056de0000,0x0000000056ee0000)]
  0x00000000563f4000 JavaThread "C1 CompilerThread2" daemon [_thread_blocked, id=12648, stack(0x0000000056c20000,0x0000000056d20000)]
  0x00000000563f3000 JavaThread "C2 CompilerThread1" daemon [_thread_in_native, id=11712, stack(0x0000000056a00000,0x0000000056b00000)]
=>0x00000000563ef000 JavaThread "C2 CompilerThread0" daemon [_thread_in_native, id=8996, stack(0x0000000055c20000,0x0000000055d20000)]
  0x00000000563eb800 JavaThread "Attach Listener" daemon [_thread_blocked, id=6160, stack(0x0000000056800000,0x0000000056900000)]
  0x00000000563ea800 JavaThread "Signal Dispatcher" daemon [_thread_blocked, id=10764, stack(0x0000000056900000,0x0000000056a00000)]
  0x0000000054cda000 JavaThread "Finalizer" daemon [_thread_blocked, id=972, stack(0x00000000560e0000,0x00000000561e0000)]
  0x0000000054c92800 JavaThread "Reference Handler" daemon [_thread_blocked, id=9800, stack(0x0000000055f30000,0x0000000056030000)]
  0x00000000021fe800 JavaThread "main" [_thread_blocked, id=12832, stack(0x0000000002520000,0x0000000002620000)]

Other Threads:
  0x0000000054c8b000 VMThread [stack: 0x0000000055da0000,0x0000000055ea0000] [id=8136]
  0x00000000564c4000 WatcherThread [stack: 0x0000000057950000,0x0000000057a50000] [id=11608]

VM state:not at safepoint (normal execution)

VM Mutex/Monitor currently owned by a thread: None

Heap:
 PSYoungGen      total 57344K, used 17688K [0x00000000eab00000, 0x00000000eeb00000, 0x0000000100000000)
  eden space 49152K, 19% used [0x00000000eab00000,0x00000000eb44a6f8,0x00000000edb00000)
  from space 8192K, 99% used [0x00000000edb00000,0x00000000ee2fbb88,0x00000000ee300000)
  to   space 8192K, 0% used [0x00000000ee300000,0x00000000ee300000,0x00000000eeb00000)
 ParOldGen       total 131072K, used 854K [0x00000000c0000000, 0x00000000c8000000, 0x00000000eab00000)
  object space 131072K, 0% used [0x00000000c0000000,0x00000000c00d5af0,0x00000000c8000000)
 Metaspace       used 5973K, capacity 6904K, committed 7040K, reserved 1056768K
  class space    used 602K, capacity 624K, committed 640K, reserved 1048576K

Card table byte_map: [0x00000000119e0000,0x0000000011bf0000] byte_map_base: 0x00000000113e0000

Marking Bits: (ParMarkBitMap*) 0x000000005771c720
 Begin Bits: [0x0000000012100000, 0x0000000013100000)
 End Bits:   [0x0000000013100000, 0x0000000014100000)

Polling page: 0x0000000000140000

CodeCache: size=245760Kb used=4839Kb max_used=4853Kb free=240920Kb
 bounds [0x0000000002620000, 0x0000000002af0000, 0x0000000011620000]
 total_blobs=1556 nmethods=1292 adapters=177
 compilation: enabled

Compilation events (10 events):
Event: 1.421 Thread 0x00000000563f4000 1304   !   2       com.android.dx.rop.cst.CstType::intern (48 bytes)
Event: 1.421 Thread 0x00000000563f4000 nmethod 1304 0x0000000002ada890 code [0x0000000002adaa40, 0x0000000002adaf28]
Event: 1.421 Thread 0x00000000563f4000 1305       2       com.android.dx.cf.code.Ropper::getRopMethod (64 bytes)
Event: 1.422 Thread 0x00000000563f4000 nmethod 1305 0x0000000002adb450 code [0x0000000002adb620, 0x0000000002adbb58]
Event: 1.422 Thread 0x00000000563f4000 1306       2       com.android.dx.ssa.Optimizer::getAdvice (4 bytes)
Event: 1.422 Thread 0x00000000563f4000 nmethod 1306 0x0000000002adc1d0 code [0x0000000002adc320, 0x0000000002adc450]
Event: 1.422 Thread 0x00000000563f4000 1307       2       com.android.dx.ssa.back.FirstFitLocalCombiningAllocator::handleNormalUnassociated (99 bytes)
Event: 1.422 Thread 0x00000000563f4000 nmethod 1307 0x0000000002adc4d0 code [0x0000000002adc700, 0x0000000002adccb8]
Event: 1.431 Thread 0x00000000563ef000 nmethod 1273 0x0000000002ae0850 code [0x0000000002ae09e0, 0x0000000002ae1228]
Event: 1.431 Thread 0x00000000563ef000 1303       4       com.android.dx.ssa.SCCP::simulateBranch (666 bytes)

GC Heap History (2 events):
Event: 0.964 GC heap before
{Heap before GC invocations=1 (full 0):
 PSYoungGen      total 57344K, used 49152K [0x00000000eab00000, 0x00000000eeb00000, 0x0000000100000000)
  eden space 49152K, 100% used [0x00000000eab00000,0x00000000edb00000,0x00000000edb00000)
  from space 8192K, 0% used [0x00000000ee300000,0x00000000ee300000,0x00000000eeb00000)
  to   space 8192K, 0% used [0x00000000edb00000,0x00000000edb00000,0x00000000ee300000)
 ParOldGen       total 131072K, used 0K [0x00000000c0000000, 0x00000000c8000000, 0x00000000eab00000)
  object space 131072K, 0% used [0x00000000c0000000,0x00000000c0000000,0x00000000c8000000)
 Metaspace       used 5918K, capacity 6904K, committed 7040K, reserved 1056768K
  class space    used 602K, capacity 624K, committed 640K, reserved 1048576K
Event: 1.281 GC heap after
Heap after GC invocations=1 (full 0):
 PSYoungGen      total 57344K, used 8174K [0x00000000eab00000, 0x00000000eeb00000, 0x0000000100000000)
  eden space 49152K, 0% used [0x00000000eab00000,0x00000000eab00000,0x00000000edb00000)
  from space 8192K, 99% used [0x00000000edb00000,0x00000000ee2fbb88,0x00000000ee300000)
  to   space 8192K, 0% used [0x00000000ee300000,0x00000000ee300000,0x00000000eeb00000)
 ParOldGen       total 131072K, used 854K [0x00000000c0000000, 0x00000000c8000000, 0x00000000eab00000)
  object space 131072K, 0% used [0x00000000c0000000,0x00000000c00d5af0,0x00000000c8000000)
 Metaspace       used 5918K, capacity 6904K, committed 7040K, reserved 1056768K
  class space    used 602K, capacity 624K, committed 640K, reserved 1048576K
}

Deoptimization events (10 events):
Event: 0.569 Thread 0x00000000021fe800 Uncommon trap: reason=unloaded action=reinterpret pc=0x00000000028aeacc method=com.android.dx.ssa.SsaRenamer$BlockRenamer.visitMoveInsn(Lcom/android/dx/ssa/NormalSsaInsn;)V @ 208
Event: 0.592 Thread 0x00000000021fe800 Uncommon trap: reason=unstable_if action=reinterpret pc=0x000000000288bc58 method=com.android.dx.rop.code.RegisterSpec.equals(ILcom/android/dx/rop/type/TypeBearer;Lcom/android/dx/rop/code/LocalItem;)Z @ 24
Event: 0.646 Thread 0x00000000021fe800 Uncommon trap: reason=unstable_if action=reinterpret pc=0x00000000028aca14 method=com.android.dx.rop.code.RegisterSpec.equals(ILcom/android/dx/rop/type/TypeBearer;Lcom/android/dx/rop/code/LocalItem;)Z @ 16
Event: 0.766 Thread 0x00000000021fe800 Uncommon trap: reason=class_check action=maybe_recompile pc=0x00000000028c1c60 method=com.android.dx.ssa.NormalSsaInsn.accept(Lcom/android/dx/ssa/SsaInsn$Visitor;)V @ 9
Event: 0.766 Thread 0x00000000021fe800 Uncommon trap: reason=class_check action=maybe_recompile pc=0x00000000028c1c60 method=com.android.dx.ssa.NormalSsaInsn.accept(Lcom/android/dx/ssa/SsaInsn$Visitor;)V @ 9
Event: 0.766 Thread 0x00000000021fe800 Uncommon trap: reason=class_check action=maybe_recompile pc=0x00000000028c1c60 method=com.android.dx.ssa.NormalSsaInsn.accept(Lcom/android/dx/ssa/SsaInsn$Visitor;)V @ 9
Event: 0.766 Thread 0x00000000021fe800 Uncommon trap: reason=class_check action=maybe_recompile pc=0x00000000028c1c60 method=com.android.dx.ssa.NormalSsaInsn.accept(Lcom/android/dx/ssa/SsaInsn$Visitor;)V @ 9
Event: 0.781 Thread 0x00000000565a5800 Uncommon trap: reason=unstable_if action=reinterpret pc=0x000000000286e1a8 method=java.util.BitSet.ensureCapacity(I)V @ 6
Event: 0.936 Thread 0x00000000565a5800 Uncommon trap: reason=unstable_if action=reinterpret pc=0x0000000002962e1c method=com.android.dx.rop.code.RegisterSpecSet.put(Lcom/android/dx/rop/code/RegisterSpec;)V @ 77
Event: 0.936 Thread 0x00000000566da000 Uncommon trap: reason=unstable_if action=reinterpret pc=0x00000000029fd450 method=com.android.dx.util.IntList.binarysearch(I)I @ 26

Internal exceptions (2 events):
Event: 0.078 Thread 0x00000000021fe800 Exception <a 'java/lang/NoSuchMethodError': Method sun.misc.Unsafe.defineClass(Ljava/lang/String;[BII)Ljava/lang/Class; name or signature does not match> (0x00000000eab07ca8) thrown at [C:\re\workspace\8-2-build-windows-amd64-cygwin\jdk8u131\8869\hotspot\
Event: 0.078 Thread 0x00000000021fe800 Exception <a 'java/lang/NoSuchMethodError': Method sun.misc.Unsafe.prefetchRead(Ljava/lang/Object;J)V name or signature does not match> (0x00000000eab07f90) thrown at [C:\re\workspace\8-2-build-windows-amd64-cygwin\jdk8u131\8869\hotspot\src\share\vm\prims

Events (10 events):
Event: 0.955 Thread 0x00000000566da000 DEOPT PACKING pc=0x0000000002a542fd sp=0x000000005806eac0
Event: 0.955 Thread 0x00000000566da000 DEOPT UNPACKING pc=0x000000000266787f sp=0x000000005806e7b0 mode 0
Event: 0.958 Thread 0x00000000565a7800 DEOPT PACKING pc=0x00000000029f78dc sp=0x0000000057e8ec90
Event: 0.958 Thread 0x00000000565a7800 DEOPT UNPACKING pc=0x000000000266787f sp=0x0000000057e8ea20 mode 0
Event: 0.964 Executing VM operation: ParallelGCFailedAllocation
Event: 1.281 Executing VM operation: ParallelGCFailedAllocation done
Event: 1.319 Thread 0x00000000566da000 DEOPT PACKING pc=0x00000000029d5f00 sp=0x000000005806e870
Event: 1.319 Thread 0x00000000566da000 DEOPT UNPACKING pc=0x000000000266787f sp=0x000000005806e638 mode 0
Event: 1.418 Thread 0x00000000565a7800 DEOPT PACKING pc=0x000000000295e9d4 sp=0x0000000057e8ed20
Event: 1.418 Thread 0x00000000565a7800 DEOPT UNPACKING pc=0x000000000266787f sp=0x0000000057e8eae8 mode 0


Dynamic libraries:
0x000000013f290000 - 0x000000013f2c7000 	C:\Program Files\Java\jdk1.8.0_131\bin\java.exe
0x0000000077120000 - 0x00000000772bf000 	C:\Windows\SYSTEM32\ntdll.dll
0x0000000076f00000 - 0x000000007701f000 	C:\Windows\system32\kernel32.dll
0x000007fefcce0000 - 0x000007fefcd4a000 	C:\Windows\system32\KERNELBASE.dll
0x000007fefe6e0000 - 0x000007fefe7bb000 	C:\Windows\system32\ADVAPI32.dll
0x000007fefd080000 - 0x000007fefd11f000 	C:\Windows\system32\msvcrt.dll
0x000007fefd1a0000 - 0x000007fefd1bf000 	C:\Windows\SYSTEM32\sechost.dll
0x000007fefd230000 - 0x000007fefd35d000 	C:\Windows\system32\RPCRT4.dll
0x0000000077020000 - 0x000000007711a000 	C:\Windows\system32\USER32.dll
0x000007fefd1c0000 - 0x000007fefd227000 	C:\Windows\system32\GDI32.dll
0x000007feff2f0000 - 0x000007feff2fe000 	C:\Windows\system32\LPK.dll
0x000007fefeb90000 - 0x000007fefec5b000 	C:\Windows\system32\USP10.dll
0x000007fefb580000 - 0x000007fefb774000 	C:\Windows\WinSxS\amd64_microsoft.windows.common-controls_6595b64144ccf1df_6.0.7601.18837_none_fa3b1e3d17594757\COMCTL32.dll
0x000007fefd120000 - 0x000007fefd191000 	C:\Windows\system32\SHLWAPI.dll
0x000007fefeb30000 - 0x000007fefeb5e000 	C:\Windows\system32\IMM32.DLL
0x000007feff300000 - 0x000007feff409000 	C:\Windows\system32\MSCTF.dll
0x000000006cf20000 - 0x000000006cff2000 	C:\Program Files\Java\jdk1.8.0_131\jre\bin\msvcr100.dll
0x0000000056f00000 - 0x000000005779c000 	C:\Program Files\Java\jdk1.8.0_131\jre\bin\server\jvm.dll
0x000007fef8310000 - 0x000007fef8319000 	C:\Windows\system32\WSOCK32.dll
0x000007feff0c0000 - 0x000007feff10d000 	C:\Windows\system32\WS2_32.dll
0x000007fefeb80000 - 0x000007fefeb88000 	C:\Windows\system32\NSI.dll
0x000007fef94c0000 - 0x000007fef94fb000 	C:\Windows\system32\WINMM.dll
0x000007fefbd90000 - 0x000007fefbd9c000 	C:\Windows\system32\VERSION.dll
0x00000000772d0000 - 0x00000000772d7000 	C:\Windows\system32\PSAPI.DLL
0x0000000074980000 - 0x000000007498f000 	C:\Program Files\Java\jdk1.8.0_131\jre\bin\verify.dll
0x0000000071310000 - 0x0000000071339000 	C:\Program Files\Java\jdk1.8.0_131\jre\bin\java.dll
0x0000000071840000 - 0x0000000071856000 	C:\Program Files\Java\jdk1.8.0_131\jre\bin\zip.dll
0x000007fefd6e0000 - 0x000007fefe46b000 	C:\Windows\system32\SHELL32.dll
0x00000000561e0000 - 0x00000000563dd000 	C:\Windows\system32\ole32.dll
0x000007fefccc0000 - 0x000007fefcccf000 	C:\Windows\system32\profapi.dll

VM Arguments:
jvm_args: -Djava.awt.headless=true -Xmx1024M -Dfile.encoding=windows-31j -Duser.country=JP -Duser.language=ja -Duser.variant 
java_command: com.android.dx.command.Main --dex --force-jumbo --num-threads=4 --multi-dex --output D:\Project\shouhin_irekae\Android\ProductChange\app\build\intermediates\transforms\dex\debug\folders\1000\5\slice_2 D:\Project\shouhin_irekae\Android\ProductChange\app\build\intermediates\transforms\instantRunSlicer\debug\folders\1\5\slice_2
java_class_path (initial): C:\Users\cong-pv\AppData\Local\Android\Sdk\build-tools\25.0.0\lib\dx.jar
Launcher Type: SUN_STANDARD

Environment Variables:
JAVA_HOME=C:\Program Files\Java\jdk1.8.0_131
PATH=C:\Program Files (x86)\Common Files\Oracle\Java\javapath;C:\ProgramData\Oracle\Java\javapath;C:\Program Files (x86)\Intel\iCLS Client\;C:\Program Files\Intel\iCLS Client\;C:\Windows\system32;C:\Windows;C:\Windows\System32\Wbem;C:\Windows\System32\WindowsPowerShell\v1.0\;C:\Program Files (x86)\Intel\UCRT\;C:\Program Files\TortoiseSVN\bin;C:\Users\User\.dnx\bin;C:\Program Files\Microsoft DNX\Dnvm\;C:\Program Files (x86)\Windows Kits\8.1\Windows Performance Toolkit\;C:\Program Files\Microsoft SQL Server\130\Tools\Binn\;C:\Program Files\Git\cmd;C:\Program Files\Microsoft SQL Server\120\Tools\Binn\;C:\Program Files\Microsoft SQLServer\Client SDK\ODBC\110\Tools\Binn\;C:\Program Files (x86)\Microsoft SQL Server\120\Tools\Binn\;C:\Program Files\Microsoft SQL Server\120\DTS\Binn\;C:\Program Files (x86)\Microsoft SQL Server\120\Tools\Binn\ManagementStudio\;C:\ProgramFiles (x86)\Microsoft SQL Server\120\DTS\Binn\;C:\Program Files\Intel\UCRT\;C:\Program Files (x86)\Intel\Intel(R) Management Engine Components\DAL;C:\Program Files\Intel\Intel(R) Management Engine Components\DAL;C:\Program Files (x86)\Intel\Intel(R) Management Engine Components\IPT;C:\Program Files\Intel\Intel(R) Management Engine Components\IPT;c:\Program Files\Microsoft SQL Server\Client SDK\ODBC\110\Tools\Binn\;c:\Program Files (x86)\Microsoft SQL Server\120\DTS\Binn\;C:\Program Files\Java\jdk1.8.0_131\bin;C:\Program Files\TortoiseGit\bin;C:\Go\bin;C:\Users\cong-pv\go\bin
USERNAME=cong-pv
OS=Windows_NT
PROCESSOR_IDENTIFIER=Intel64 Family 6 Model 94 Stepping 3, GenuineIntel



---------------  S Y S T E M  ---------------

OS: Windows 7 , 64 bit Build 7601 (6.1.7601.24214)

CPU:total 4 (initial active 4) (4 cores per cpu, 1 threads per core) family 6 model 94 stepping 3, cmov, cx8, fxsr, mmx, sse, sse2, sse3, ssse3, sse4.1, sse4.2, popcnt, avx, avx2, aes, clmul, erms, rtm, 3dnowpref, lzcnt, tsc, tscinvbit, bmi1, bmi2, adx

Memory: 4k page, physical 12451892k(1701504k free), swap 12449992k(5012k free)

vm_info: Java HotSpot(TM) 64-Bit Server VM (25.131-b11) for windows-amd64 JRE (1.8.0_131-b11), built on Mar 15 2017 01:23:53 by "java_re" with MS VC++ 10.0 (VS2010)

time: Tue Sep 04 16:23:52 2018
elapsed time: 1 seconds (0d 0h 0m 1s)

