#
# There is insufficient memory for the Java Runtime Environment to continue.
# Native memory allocation (malloc) failed to allocate 725536 bytes for Chunk::new
# Possible reasons:
#   The system is out of physical RAM or swap space
#   In 32 bit mode, the process size limit was hit
# Possible solutions:
#   Reduce memory load on the system
#   Increase physical memory or swap space
#   Check if swap backing store is full
#   Use 64 bit Java on a 64 bit OS
#   Decrease Java heap size (-Xmx/-Xms)
#   Decrease number of Java threads
#   Decrease Java thread stack sizes (-Xss)
#   Set larger code cache with -XX:ReservedCodeCacheSize=
# This output file may be truncated or incomplete.
#
#  Out of Memory Error (allocation.cpp:390), pid=11776, tid=0x0000000000002ef4
#
# JRE version: Java(TM) SE Runtime Environment (8.0_131-b11) (build 1.8.0_131-b11)
# Java VM: Java HotSpot(TM) 64-Bit Server VM (25.131-b11 mixed mode windows-amd64 compressed oops)
# Failed to write core dump. Minidumps are not enabled by default on client versions of Windows
#

---------------  T H R E A D  ---------------

Current thread (0x00000000163df000):  JavaThread "C2 CompilerThread0" daemon [_thread_in_native, id=12020, stack(0x0000000016980000,0x0000000016a80000)]

Stack: [0x0000000016980000,0x0000000016a80000]
[error occurred during error reporting (printing stack bounds), id 0xc0000005]

Native frames: (J=compiled Java code, j=interpreted, Vv=VM code, C=native code)


Current CompileTask:
C2:   3105 1544   !   4       com.android.dx.cf.code.Ropper::processBlock (1101 bytes)


---------------  P R O C E S S  ---------------

Java Threads: ( => current thread )
  0x00000000166a5800 JavaThread "pool-2-thread-4" [_thread_blocked, id=12228, stack(0x00000000178a0000,0x00000000179a0000)]
  0x000000001669d000 JavaThread "pool-2-thread-3" [_thread_blocked, id=12660, stack(0x0000000017660000,0x0000000017760000)]
  0x000000001668c800 JavaThread "pool-2-thread-2" [_thread_blocked, id=11036, stack(0x0000000017070000,0x0000000017170000)]
  0x0000000016675800 JavaThread "pool-3-thread-1" [_thread_blocked, id=6816, stack(0x00000000174d0000,0x00000000175d0000)]
  0x0000000016675000 JavaThread "pool-2-thread-1" [_thread_blocked, id=13284, stack(0x0000000017310000,0x0000000017410000)]
  0x000000001643d000 JavaThread "Service Thread" daemon [_thread_blocked, id=9152, stack(0x0000000016d80000,0x0000000016e80000)]
  0x0000000016437800 JavaThread "C1 CompilerThread2" daemon [_thread_blocked, id=996, stack(0x0000000016f50000,0x0000000017050000)]
  0x00000000163e3800 JavaThread "C2 CompilerThread1" daemon [_thread_in_native, id=12360, stack(0x0000000016c80000,0x0000000016d80000)]
=>0x00000000163df000 JavaThread "C2 CompilerThread0" daemon [_thread_in_native, id=12020, stack(0x0000000016980000,0x0000000016a80000)]
  0x00000000163db800 JavaThread "Attach Listener" daemon [_thread_blocked, id=6956, stack(0x0000000016af0000,0x0000000016bf0000)]
  0x00000000163da800 JavaThread "Signal Dispatcher" daemon [_thread_blocked, id=8664, stack(0x0000000016810000,0x0000000016910000)]
  0x0000000014e8a000 JavaThread "Finalizer" daemon [_thread_blocked, id=13212, stack(0x0000000015fd0000,0x00000000160d0000)]
  0x0000000014e42800 JavaThread "Reference Handler" daemon [_thread_blocked, id=7896, stack(0x00000000160d0000,0x00000000161d0000)]
  0x00000000022fe800 JavaThread "main" [_thread_in_native, id=10328, stack(0x0000000002350000,0x0000000002450000)]

Other Threads:
  0x0000000014e3b000 VMThread [stack: 0x0000000015e50000,0x0000000015f50000] [id=11992]
  0x00000000164ab800 WatcherThread [stack: 0x00000000171b0000,0x00000000172b0000] [id=10420]

VM state:not at safepoint (normal execution)

VM Mutex/Monitor currently owned by a thread: None

Heap:
 PSYoungGen      total 106496K, used 105673K [0x00000000eab00000, 0x00000000f1b00000, 0x0000000100000000)
  eden space 98304K, 99% used [0x00000000eab00000,0x00000000f0a33ec0,0x00000000f0b00000)
  from space 8192K, 99% used [0x00000000f1300000,0x00000000f1afe6c8,0x00000000f1b00000)
  to   space 8192K, 0% used [0x00000000f0b00000,0x00000000f0b00000,0x00000000f1300000)
 ParOldGen       total 131072K, used 21217K [0x00000000c0000000, 0x00000000c8000000, 0x00000000eab00000)
  object space 131072K, 16% used [0x00000000c0000000,0x00000000c14b8510,0x00000000c8000000)
 Metaspace       used 6015K, capacity 7000K, committed 7168K, reserved 1056768K
  class space    used 607K, capacity 656K, committed 768K, reserved 1048576K

Card table byte_map: [0x00000000118a0000,0x0000000011ab0000] byte_map_base: 0x00000000112a0000

Marking Bits: (ParMarkBitMap*) 0x000000005436c720
 Begin Bits: [0x00000000122b0000, 0x00000000132b0000)
 End Bits:   [0x00000000132b0000, 0x00000000142b0000)

Polling page: 0x0000000000540000

CodeCache: size=245760Kb used=6615Kb max_used=6628Kb free=239144Kb
 bounds [0x00000000024e0000, 0x0000000002b60000, 0x00000000114e0000]
 total_blobs=1756 nmethods=1492 adapters=177
 compilation: enabled

Compilation events (10 events):
Event: 3.065 Thread 0x00000000163e3800 1578       4       com.android.dx.ssa.back.SsaToRop::convertInsns (53 bytes)
Event: 3.066 Thread 0x0000000016437800 nmethod 1585% 0x0000000002b56fd0 code [0x0000000002b57320, 0x0000000002b59638]
Event: 3.066 Thread 0x0000000016437800 1586       3       com.android.dx.dex.code.RopTranslator::pickOrder (400 bytes)
Event: 3.067 Thread 0x0000000016437800 nmethod 1586 0x0000000002b51bd0 code [0x0000000002b51f00, 0x0000000002b53ff8]
Event: 3.068 Thread 0x00000000163e3800 nmethod 1578 0x0000000002b5cb10 code [0x0000000002b5cc80, 0x0000000002b5d0b8]
Event: 3.068 Thread 0x00000000163e3800 1576       4       com.android.dx.ssa.SsaBasicBlock::getRopLabelSuccessorList (57 bytes)
Event: 3.070 Thread 0x0000000016437800 1587       1       java.util.concurrent.locks.AbstractOwnableSynchronizer::getExclusiveOwnerThread (5 bytes)
Event: 3.070 Thread 0x0000000016437800 nmethod 1587 0x0000000002b0f590 code [0x0000000002b0f6e0, 0x0000000002b0f7f0]
Event: 3.075 Thread 0x00000000163e3800 nmethod 1576 0x0000000002b5bb50 code [0x0000000002b5bce0, 0x0000000002b5c418]
Event: 3.075 Thread 0x00000000163e3800 1583       4       com.android.dx.rop.code.LocalVariableExtractor::processBlock (327 bytes)

GC Heap History (4 events):
Event: 1.089 GC heap before
{Heap before GC invocations=1 (full 0):
 PSYoungGen      total 57344K, used 49152K [0x00000000eab00000, 0x00000000eeb00000, 0x0000000100000000)
  eden space 49152K, 100% used [0x00000000eab00000,0x00000000edb00000,0x00000000edb00000)
  from space 8192K, 0% used [0x00000000ee300000,0x00000000ee300000,0x00000000eeb00000)
  to   space 8192K, 0% used [0x00000000edb00000,0x00000000edb00000,0x00000000ee300000)
 ParOldGen       total 131072K, used 0K [0x00000000c0000000, 0x00000000c8000000, 0x00000000eab00000)
  object space 131072K, 0% used [0x00000000c0000000,0x00000000c0000000,0x00000000c8000000)
 Metaspace       used 5832K, capacity 6840K, committed 7040K, reserved 1056768K
  class space    used 604K, capacity 624K, committed 640K, reserved 1048576K
Event: 1.144 GC heap after
Heap after GC invocations=1 (full 0):
 PSYoungGen      total 57344K, used 8166K [0x00000000eab00000, 0x00000000f1b00000, 0x0000000100000000)
  eden space 49152K, 0% used [0x00000000eab00000,0x00000000eab00000,0x00000000edb00000)
  from space 8192K, 99% used [0x00000000edb00000,0x00000000ee2f9b18,0x00000000ee300000)
  to   space 8192K, 0% used [0x00000000f1300000,0x00000000f1300000,0x00000000f1b00000)
 ParOldGen       total 131072K, used 9794K [0x00000000c0000000, 0x00000000c8000000, 0x00000000eab00000)
  object space 131072K, 7% used [0x00000000c0000000,0x00000000c0990aa0,0x00000000c8000000)
 Metaspace       used 5832K, capacity 6840K, committed 7040K, reserved 1056768K
  class space    used 604K, capacity 624K, committed 640K, reserved 1048576K
}
Event: 1.356 GC heap before
{Heap before GC invocations=2 (full 0):
 PSYoungGen      total 57344K, used 57318K [0x00000000eab00000, 0x00000000f1b00000, 0x0000000100000000)
  eden space 49152K, 100% used [0x00000000eab00000,0x00000000edb00000,0x00000000edb00000)
  from space 8192K, 99% used [0x00000000edb00000,0x00000000ee2f9b18,0x00000000ee300000)
  to   space 8192K, 0% used [0x00000000f1300000,0x00000000f1300000,0x00000000f1b00000)
 ParOldGen       total 131072K, used 9794K [0x00000000c0000000, 0x00000000c8000000, 0x00000000eab00000)
  object space 131072K, 7% used [0x00000000c0000000,0x00000000c0990aa0,0x00000000c8000000)
 Metaspace       used 5903K, capacity 6936K, committed 7168K, reserved 1056768K
  class space    used 606K, capacity 656K, committed 768K, reserved 1048576K
Event: 1.595 GC heap after
Heap after GC invocations=2 (full 0):
 PSYoungGen      total 106496K, used 8185K [0x00000000eab00000, 0x00000000f1b00000, 0x0000000100000000)
  eden space 98304K, 0% used [0x00000000eab00000,0x00000000eab00000,0x00000000f0b00000)
  from space 8192K, 99% used [0x00000000f1300000,0x00000000f1afe6c8,0x00000000f1b00000)
  to   space 8192K, 0% used [0x00000000f0b00000,0x00000000f0b00000,0x00000000f1300000)
 ParOldGen       total 131072K, used 21217K [0x00000000c0000000, 0x00000000c8000000, 0x00000000eab00000)
  object space 131072K, 16% used [0x00000000c0000000,0x00000000c14b8510,0x00000000c8000000)
 Metaspace       used 5903K, capacity 6936K, committed 7168K, reserved 1056768K
  class space    used 606K, capacity 656K, committed 768K, reserved 1048576K
}

Deoptimization events (10 events):
Event: 1.222 Thread 0x000000001668c800 Uncommon trap: reason=null_check action=make_not_entrant pc=0x00000000027347b8 method=com.android.dx.ssa.SsaRenamer.getLocalForNewReg(I)Lcom/android/dx/rop/code/LocalItem; @ 19
Event: 1.324 Thread 0x000000001669d000 Uncommon trap: reason=class_check action=maybe_recompile pc=0x0000000002977b94 method=com.android.dx.ssa.NormalSsaInsn.accept(Lcom/android/dx/ssa/SsaInsn$Visitor;)V @ 9
Event: 1.324 Thread 0x000000001669d000 Uncommon trap: reason=class_check action=maybe_recompile pc=0x0000000002977b94 method=com.android.dx.ssa.NormalSsaInsn.accept(Lcom/android/dx/ssa/SsaInsn$Visitor;)V @ 9
Event: 1.325 Thread 0x000000001669d000 Uncommon trap: reason=class_check action=maybe_recompile pc=0x0000000002977b94 method=com.android.dx.ssa.NormalSsaInsn.accept(Lcom/android/dx/ssa/SsaInsn$Visitor;)V @ 9
Event: 1.325 Thread 0x000000001669d000 Uncommon trap: reason=class_check action=maybe_recompile pc=0x0000000002977b94 method=com.android.dx.ssa.NormalSsaInsn.accept(Lcom/android/dx/ssa/SsaInsn$Visitor;)V @ 9
Event: 1.325 Thread 0x000000001669d000 Uncommon trap: reason=class_check action=maybe_recompile pc=0x000000000299f5dc method=com.android.dx.ssa.NormalSsaInsn.accept(Lcom/android/dx/ssa/SsaInsn$Visitor;)V @ 9
Event: 1.893 Thread 0x00000000166a5800 Uncommon trap: reason=unstable_if action=reinterpret pc=0x000000000282a21c method=com.android.dx.rop.code.RegisterSpecSet.put(Lcom/android/dx/rop/code/RegisterSpec;)V @ 77
Event: 1.893 Thread 0x00000000166a5800 Uncommon trap: reason=unstable_if action=reinterpret pc=0x000000000293c0f8 method=com.android.dx.rop.code.RegisterSpecSet.put(Lcom/android/dx/rop/code/RegisterSpec;)V @ 77
Event: 1.893 Thread 0x00000000166a5800 Uncommon trap: reason=unstable_if action=reinterpret pc=0x000000000286e45c method=com.android.dx.rop.code.RegisterSpecSet.put(Lcom/android/dx/rop/code/RegisterSpec;)V @ 77
Event: 2.337 Thread 0x000000001669d000 Uncommon trap: reason=unstable_if action=reinterpret pc=0x00000000029f4390 method=com.android.dx.rop.code.InsnList.contentEquals(Lcom/android/dx/rop/code/InsnList;)Z @ 25

Internal exceptions (4 events):
Event: 0.039 Thread 0x00000000022fe800 Exception <a 'java/lang/NoSuchMethodError': Method sun.misc.Unsafe.defineClass(Ljava/lang/String;[BII)Ljava/lang/Class; name or signature does not match> (0x00000000eab07ca8) thrown at [C:\re\workspace\8-2-build-windows-amd64-cygwin\jdk8u131\8869\hotspot\
Event: 0.039 Thread 0x00000000022fe800 Exception <a 'java/lang/NoSuchMethodError': Method sun.misc.Unsafe.prefetchRead(Ljava/lang/Object;J)V name or signature does not match> (0x00000000eab07f90) thrown at [C:\re\workspace\8-2-build-windows-amd64-cygwin\jdk8u131\8869\hotspot\src\share\vm\prims
Event: 1.213 Thread 0x000000001668c800 Implicit null exception at 0x000000000273dd5b to 0x000000000273fa55
Event: 1.222 Thread 0x000000001668c800 Implicit null exception at 0x0000000002732cf0 to 0x0000000002734799

Events (10 events):
Event: 2.442 Thread 0x000000001669d000 DEOPT PACKING pc=0x000000000298d24a sp=0x000000001775ef10
Event: 2.442 Thread 0x000000001669d000 DEOPT UNPACKING pc=0x000000000252787f sp=0x000000001775ec78 mode 0
Event: 2.945 Thread 0x00000000166a5800 DEOPT PACKING pc=0x0000000002aac4f4 sp=0x000000001799ec80
Event: 2.945 Thread 0x00000000166a5800 DEOPT UNPACKING pc=0x000000000252787f sp=0x000000001799e9c8 mode 0
Event: 3.047 Thread 0x00000000166a5800 DEOPT PACKING pc=0x0000000002a89413 sp=0x000000001799ed00
Event: 3.047 Thread 0x00000000166a5800 DEOPT UNPACKING pc=0x000000000252787f sp=0x000000001799eac8 mode 0
Event: 3.061 Thread 0x00000000166a5800 DEOPT PACKING pc=0x000000000298d24a sp=0x000000001799ed10
Event: 3.061 Thread 0x00000000166a5800 DEOPT UNPACKING pc=0x000000000252787f sp=0x000000001799ea78 mode 0
Event: 3.067 Thread 0x00000000166a5800 DEOPT PACKING pc=0x0000000002aa2904 sp=0x000000001799ee00
Event: 3.067 Thread 0x00000000166a5800 DEOPT UNPACKING pc=0x000000000252787f sp=0x000000001799eb60 mode 0


Dynamic libraries:
0x000000013f730000 - 0x000000013f767000 	C:\Program Files\Java\jdk1.8.0_131\bin\java.exe
0x0000000077120000 - 0x00000000772bf000 	C:\Windows\SYSTEM32\ntdll.dll
0x0000000076f00000 - 0x000000007701f000 	C:\Windows\system32\kernel32.dll
0x000007fefcce0000 - 0x000007fefcd4a000 	C:\Windows\system32\KERNELBASE.dll
0x000007fefe6e0000 - 0x000007fefe7bb000 	C:\Windows\system32\ADVAPI32.dll
0x000007fefd080000 - 0x000007fefd11f000 	C:\Windows\system32\msvcrt.dll
0x000007fefd1a0000 - 0x000007fefd1bf000 	C:\Windows\SYSTEM32\sechost.dll
0x000007fefd230000 - 0x000007fefd35d000 	C:\Windows\system32\RPCRT4.dll
0x0000000077020000 - 0x000000007711a000 	C:\Windows\system32\USER32.dll
0x000007fefd1c0000 - 0x000007fefd227000 	C:\Windows\system32\GDI32.dll
0x000007feff2f0000 - 0x000007feff2fe000 	C:\Windows\system32\LPK.dll
0x000007fefeb90000 - 0x000007fefec5b000 	C:\Windows\system32\USP10.dll
0x000007fefb580000 - 0x000007fefb774000 	C:\Windows\WinSxS\amd64_microsoft.windows.common-controls_6595b64144ccf1df_6.0.7601.18837_none_fa3b1e3d17594757\COMCTL32.dll
0x000007fefd120000 - 0x000007fefd191000 	C:\Windows\system32\SHLWAPI.dll
0x000007fefeb30000 - 0x000007fefeb5e000 	C:\Windows\system32\IMM32.DLL
0x000007feff300000 - 0x000007feff409000 	C:\Windows\system32\MSCTF.dll
0x0000000058990000 - 0x0000000058a62000 	C:\Program Files\Java\jdk1.8.0_131\jre\bin\msvcr100.dll
0x0000000053b50000 - 0x00000000543ec000 	C:\Program Files\Java\jdk1.8.0_131\jre\bin\server\jvm.dll
0x000007fef8310000 - 0x000007fef8319000 	C:\Windows\system32\WSOCK32.dll
0x000007feff0c0000 - 0x000007feff10d000 	C:\Windows\system32\WS2_32.dll
0x000007fefeb80000 - 0x000007fefeb88000 	C:\Windows\system32\NSI.dll
0x000007fef94c0000 - 0x000007fef94fb000 	C:\Windows\system32\WINMM.dll
0x000007fefbd90000 - 0x000007fefbd9c000 	C:\Windows\system32\VERSION.dll
0x00000000772d0000 - 0x00000000772d7000 	C:\Windows\system32\PSAPI.DLL
0x0000000074990000 - 0x000000007499f000 	C:\Program Files\Java\jdk1.8.0_131\jre\bin\verify.dll
0x0000000071310000 - 0x0000000071339000 	C:\Program Files\Java\jdk1.8.0_131\jre\bin\java.dll
0x0000000074720000 - 0x0000000074736000 	C:\Program Files\Java\jdk1.8.0_131\jre\bin\zip.dll
0x000007fefd6e0000 - 0x000007fefe46b000 	C:\Windows\system32\SHELL32.dll
0x00000000161d0000 - 0x00000000163cd000 	C:\Windows\system32\ole32.dll
0x000007fefccc0000 - 0x000007fefcccf000 	C:\Windows\system32\profapi.dll

VM Arguments:
jvm_args: -Djava.awt.headless=true -Xmx1024M -Dfile.encoding=windows-31j -Duser.country=JP -Duser.language=ja -Duser.variant 
java_command: com.android.dx.command.Main --dex --force-jumbo --num-threads=4 --multi-dex --output D:\Project\shouhin_irekae\Android\ProductChange\app\build\intermediates\transforms\dex\debug\folders\1000\5\slice_6 D:\Project\shouhin_irekae\Android\ProductChange\app\build\intermediates\transforms\instantRunSlicer\debug\folders\1\5\slice_6
java_class_path (initial): C:\Users\cong-pv\AppData\Local\Android\Sdk\build-tools\25.0.0\lib\dx.jar
Launcher Type: SUN_STANDARD

Environment Variables:
JAVA_HOME=C:\Program Files\Java\jdk1.8.0_131
PATH=C:\Program Files (x86)\Common Files\Oracle\Java\javapath;C:\ProgramData\Oracle\Java\javapath;C:\Program Files (x86)\Intel\iCLS Client\;C:\Program Files\Intel\iCLS Client\;C:\Windows\system32;C:\Windows;C:\Windows\System32\Wbem;C:\Windows\System32\WindowsPowerShell\v1.0\;C:\Program Files (x86)\Intel\UCRT\;C:\Program Files\TortoiseSVN\bin;C:\Users\User\.dnx\bin;C:\Program Files\Microsoft DNX\Dnvm\;C:\Program Files (x86)\Windows Kits\8.1\Windows Performance Toolkit\;C:\Program Files\Microsoft SQL Server\130\Tools\Binn\;C:\Program Files\Git\cmd;C:\Program Files\Microsoft SQL Server\120\Tools\Binn\;C:\Program Files\Microsoft SQLServer\Client SDK\ODBC\110\Tools\Binn\;C:\Program Files (x86)\Microsoft SQL Server\120\Tools\Binn\;C:\Program Files\Microsoft SQL Server\120\DTS\Binn\;C:\Program Files (x86)\Microsoft SQL Server\120\Tools\Binn\ManagementStudio\;C:\ProgramFiles (x86)\Microsoft SQL Server\120\DTS\Binn\;C:\Program Files\Intel\UCRT\;C:\Program Files (x86)\Intel\Intel(R) Management Engine Components\DAL;C:\Program Files\Intel\Intel(R) Management Engine Components\DAL;C:\Program Files (x86)\Intel\Intel(R) Management Engine Components\IPT;C:\Program Files\Intel\Intel(R) Management Engine Components\IPT;c:\Program Files\Microsoft SQL Server\Client SDK\ODBC\110\Tools\Binn\;c:\Program Files (x86)\Microsoft SQL Server\120\DTS\Binn\;C:\Program Files\Java\jdk1.8.0_131\bin;C:\Program Files\TortoiseGit\bin;C:\Go\bin;C:\Users\cong-pv\go\bin
USERNAME=cong-pv
OS=Windows_NT
PROCESSOR_IDENTIFIER=Intel64 Family 6 Model 94 Stepping 3, GenuineIntel



---------------  S Y S T E M  ---------------

OS: Windows 7 , 64 bit Build 7601 (6.1.7601.24214)

CPU:total 4 (initial active 4) (4 cores per cpu, 1 threads per core) family 6 model 94 stepping 3, cmov, cx8, fxsr, mmx, sse, sse2, sse3, ssse3, sse4.1, sse4.2, popcnt, avx, avx2, aes, clmul, erms, rtm, 3dnowpref, lzcnt, tsc, tscinvbit, bmi1, bmi2, adx

Memory: 4k page, physical 12451892k(1952996k free), swap 12449992k(5916k free)

vm_info: Java HotSpot(TM) 64-Bit Server VM (25.131-b11) for windows-amd64 JRE (1.8.0_131-b11), built on Mar 15 2017 01:23:53 by "java_re" with MS VC++ 10.0 (VS2010)

time: Tue Sep 04 17:53:04 2018
elapsed time: 3 seconds (0d 0h 0m 3s)

