#
# There is insufficient memory for the Java Runtime Environment to continue.
# Native memory allocation (malloc) failed to allocate 1487216 bytes for Chunk::new
# Possible reasons:
#   The system is out of physical RAM or swap space
#   In 32 bit mode, the process size limit was hit
# Possible solutions:
#   Reduce memory load on the system
#   Increase physical memory or swap space
#   Check if swap backing store is full
#   Use 64 bit Java on a 64 bit OS
#   Decrease Java heap size (-Xmx/-Xms)
#   Decrease number of Java threads
#   Decrease Java thread stack sizes (-Xss)
#   Set larger code cache with -XX:ReservedCodeCacheSize=
# This output file may be truncated or incomplete.
#
#  Out of Memory Error (allocation.cpp:390), pid=6516, tid=0x0000000000000a88
#
# JRE version: Java(TM) SE Runtime Environment (8.0_131-b11) (build 1.8.0_131-b11)
# Java VM: Java HotSpot(TM) 64-Bit Server VM (25.131-b11 mixed mode windows-amd64 compressed oops)
# Failed to write core dump. Minidumps are not enabled by default on client versions of Windows
#

---------------  T H R E A D  ---------------

Current thread (0x000000005647b000):  JavaThread "C2 CompilerThread0" daemon [_thread_in_native, id=2696, stack(0x0000000055f20000,0x0000000056020000)]

Stack: [0x0000000055f20000,0x0000000056020000]
[error occurred during error reporting (printing stack bounds), id 0xc0000005]

Native frames: (J=compiled Java code, j=interpreted, Vv=VM code, C=native code)


Current CompileTask:
C2:   1885 1390   !   4       com.android.dx.cf.code.Ropper::processBlock (1101 bytes)


---------------  P R O C E S S  ---------------

Java Threads: ( => current thread )
  0x000000005677f800 JavaThread "pool-2-thread-4" [_thread_blocked, id=4892, stack(0x00000000577b0000,0x00000000578b0000)]
  0x000000005668a000 JavaThread "pool-2-thread-3" [_thread_blocked, id=10156, stack(0x00000000571c0000,0x00000000572c0000)]
  0x000000005662b800 JavaThread "pool-2-thread-2" [_thread_blocked, id=11896, stack(0x00000000575f0000,0x00000000576f0000)]
  0x0000000056623000 JavaThread "pool-3-thread-1" [_thread_blocked, id=6108, stack(0x0000000057430000,0x0000000057530000)]
  0x0000000056622800 JavaThread "pool-2-thread-1" [_thread_blocked, id=10540, stack(0x0000000057310000,0x0000000057410000)]
  0x00000000564e2000 JavaThread "Service Thread" daemon [_thread_blocked, id=3196, stack(0x00000000570b0000,0x00000000571b0000)]
  0x00000000564dc000 JavaThread "C1 CompilerThread2" daemon [_thread_blocked, id=10012, stack(0x0000000056e50000,0x0000000056f50000)]
  0x000000005647f000 JavaThread "C2 CompilerThread1" daemon [_thread_blocked, id=10696, stack(0x0000000056c40000,0x0000000056d40000)]
=>0x000000005647b000 JavaThread "C2 CompilerThread0" daemon [_thread_in_native, id=2696, stack(0x0000000055f20000,0x0000000056020000)]
  0x0000000054e8f000 JavaThread "Attach Listener" daemon [_thread_blocked, id=10788, stack(0x0000000056a70000,0x0000000056b70000)]
  0x0000000054e9f000 JavaThread "Signal Dispatcher" daemon [_thread_blocked, id=3696, stack(0x0000000056930000,0x0000000056a30000)]
  0x0000000054e7a000 JavaThread "Finalizer" daemon [_thread_blocked, id=8596, stack(0x0000000056170000,0x0000000056270000)]
  0x0000000054e32800 JavaThread "Reference Handler" daemon [_thread_blocked, id=9772, stack(0x0000000056040000,0x0000000056140000)]
  0x000000000214e800 JavaThread "main" [_thread_blocked, id=8108, stack(0x00000000022c0000,0x00000000023c0000)]

Other Threads:
  0x0000000054e2b000 VMThread [stack: 0x0000000055d80000,0x0000000055e80000] [id=7400]
  0x0000000056528800 WatcherThread [stack: 0x0000000056d40000,0x0000000056e40000] [id=11724]

VM state:at safepoint (normal execution)

VM Mutex/Monitor currently owned by a thread:  ([mutex/lock_event])
[0x000000000214cc30] Threads_lock - owner thread: 0x0000000054e2b000
[0x000000000214d130] Heap_lock - owner thread: 0x000000005662b800

Heap:
 PSYoungGen      total 57344K, used 57318K [0x00000000eab00000, 0x00000000eeb00000, 0x0000000100000000)
  eden space 49152K, 100% used [0x00000000eab00000,0x00000000edb00000,0x00000000edb00000)
  from space 8192K, 99% used [0x00000000ee300000,0x00000000eeaf9ae0,0x00000000eeb00000)
  to   space 8192K, 0% used [0x00000000edb00000,0x00000000edb00000,0x00000000ee300000)
 ParOldGen       total 131072K, used 19619K [0x00000000c0000000, 0x00000000c8000000, 0x00000000eab00000)
  object space 131072K, 14% used [0x00000000c0000000,0x00000000c1328c20,0x00000000c8000000)
 Metaspace       used 6058K, capacity 7032K, committed 7296K, reserved 1056768K
  class space    used 609K, capacity 624K, committed 640K, reserved 1048576K

Card table byte_map: [0x0000000011780000,0x0000000011990000] byte_map_base: 0x0000000011180000

Marking Bits: (ParMarkBitMap*) 0x000000005c8bc720
 Begin Bits: [0x00000000122a0000, 0x00000000132a0000)
 End Bits:   [0x00000000132a0000, 0x00000000142a0000)

Polling page: 0x0000000000440000

CodeCache: size=245760Kb used=5886Kb max_used=5904Kb free=239873Kb
 bounds [0x00000000023c0000, 0x0000000002990000, 0x00000000113c0000]
 total_blobs=1656 nmethods=1392 adapters=177
 compilation: enabled

Compilation events (10 events):
Event: 1.766 Thread 0x00000000564dc000 1411 %     3       com.android.dx.util.Bits::or @ 2 (24 bytes)
Event: 1.766 Thread 0x00000000564dc000 nmethod 1411% 0x0000000002966990 code [0x0000000002966b00, 0x0000000002966d90]
Event: 1.766 Thread 0x00000000564dc000 1412       2       com.android.dx.ssa.back.FirstFitLocalCombiningAllocator::handleCheckCastResults (413 bytes)
Event: 1.768 Thread 0x00000000564dc000 nmethod 1412 0x0000000002975710 code [0x0000000002975ae0, 0x0000000002976bf8]
Event: 1.768 Thread 0x00000000564dc000 1413       3       com.android.dx.util.BitIntSet::merge (148 bytes)
Event: 1.769 Thread 0x00000000564dc000 nmethod 1413 0x0000000002978b50 code [0x0000000002978dc0, 0x0000000002979d38]
Event: 1.788 Thread 0x000000005647f000 nmethod 1356 0x000000000297f510 code [0x000000000297f820, 0x0000000002981cd0]
Event: 1.788 Thread 0x000000005647f000 1408       4       com.android.dx.ssa.SsaBasicBlock::forEachInsn (37 bytes)
Event: 1.811 Thread 0x000000005647f000 nmethod 1408 0x00000000029852d0 code [0x00000000029855a0, 0x0000000002986e70]
Event: 1.811 Thread 0x000000005647f000 1409       4       com.android.dx.ssa.NormalSsaInsn::accept (25 bytes)

GC Heap History (5 events):
Event: 1.252 GC heap before
{Heap before GC invocations=1 (full 0):
 PSYoungGen      total 57344K, used 49152K [0x00000000eab00000, 0x00000000eeb00000, 0x0000000100000000)
  eden space 49152K, 100% used [0x00000000eab00000,0x00000000edb00000,0x00000000edb00000)
  from space 8192K, 0% used [0x00000000ee300000,0x00000000ee300000,0x00000000eeb00000)
  to   space 8192K, 0% used [0x00000000edb00000,0x00000000edb00000,0x00000000ee300000)
 ParOldGen       total 131072K, used 0K [0x00000000c0000000, 0x00000000c8000000, 0x00000000eab00000)
  object space 131072K, 0% used [0x00000000c0000000,0x00000000c0000000,0x00000000c8000000)
 Metaspace       used 5987K, capacity 6968K, committed 7040K, reserved 1056768K
  class space    used 604K, capacity 624K, committed 640K, reserved 1048576K
Event: 1.267 GC heap after
Heap after GC invocations=1 (full 0):
 PSYoungGen      total 57344K, used 8160K [0x00000000eab00000, 0x00000000eeb00000, 0x0000000100000000)
  eden space 49152K, 0% used [0x00000000eab00000,0x00000000eab00000,0x00000000edb00000)
  from space 8192K, 99% used [0x00000000edb00000,0x00000000ee2f80e8,0x00000000ee300000)
  to   space 8192K, 0% used [0x00000000ee300000,0x00000000ee300000,0x00000000eeb00000)
 ParOldGen       total 131072K, used 514K [0x00000000c0000000, 0x00000000c8000000, 0x00000000eab00000)
  object space 131072K, 0% used [0x00000000c0000000,0x00000000c0080ac8,0x00000000c8000000)
 Metaspace       used 5987K, capacity 6968K, committed 7040K, reserved 1056768K
  class space    used 604K, capacity 624K, committed 640K, reserved 1048576K
}
Event: 1.527 GC heap before
{Heap before GC invocations=2 (full 0):
 PSYoungGen      total 57344K, used 57312K [0x00000000eab00000, 0x00000000eeb00000, 0x0000000100000000)
  eden space 49152K, 100% used [0x00000000eab00000,0x00000000edb00000,0x00000000edb00000)
  from space 8192K, 99% used [0x00000000edb00000,0x00000000ee2f80e8,0x00000000ee300000)
  to   space 8192K, 0% used [0x00000000ee300000,0x00000000ee300000,0x00000000eeb00000)
 ParOldGen       total 131072K, used 514K [0x00000000c0000000, 0x00000000c8000000, 0x00000000eab00000)
  object space 131072K, 0% used [0x00000000c0000000,0x00000000c0080ac8,0x00000000c8000000)
 Metaspace       used 6011K, capacity 6968K, committed 7040K, reserved 1056768K
  class space    used 605K, capacity 624K, committed 640K, reserved 1048576K
Event: 1.608 GC heap after
Heap after GC invocations=2 (full 0):
 PSYoungGen      total 57344K, used 8166K [0x00000000eab00000, 0x00000000eeb00000, 0x0000000100000000)
  eden space 49152K, 0% used [0x00000000eab00000,0x00000000eab00000,0x00000000edb00000)
  from space 8192K, 99% used [0x00000000ee300000,0x00000000eeaf9ae0,0x00000000eeb00000)
  to   space 8192K, 0% used [0x00000000edb00000,0x00000000edb00000,0x00000000ee300000)
 ParOldGen       total 131072K, used 19619K [0x00000000c0000000, 0x00000000c8000000, 0x00000000eab00000)
  object space 131072K, 14% used [0x00000000c0000000,0x00000000c1328c20,0x00000000c8000000)
 Metaspace       used 6011K, capacity 6968K, committed 7040K, reserved 1056768K
  class space    used 605K, capacity 624K, committed 640K, reserved 1048576K
}
Event: 1.846 GC heap before
{Heap before GC invocations=3 (full 0):
 PSYoungGen      total 57344K, used 57318K [0x00000000eab00000, 0x00000000eeb00000, 0x0000000100000000)
  eden space 49152K, 100% used [0x00000000eab00000,0x00000000edb00000,0x00000000edb00000)
  from space 8192K, 99% used [0x00000000ee300000,0x00000000eeaf9ae0,0x00000000eeb00000)
  to   space 8192K, 0% used [0x00000000edb00000,0x00000000edb00000,0x00000000ee300000)
 ParOldGen       total 131072K, used 19619K [0x00000000c0000000, 0x00000000c8000000, 0x00000000eab00000)
  object space 131072K, 14% used [0x00000000c0000000,0x00000000c1328c20,0x00000000c8000000)
 Metaspace       used 6058K, capacity 7032K, committed 7296K, reserved 1056768K
  class space    used 609K, capacity 624K, committed 640K, reserved 1048576K

Deoptimization events (10 events):
Event: 0.475 Thread 0x000000005662b800 Uncommon trap: reason=unstable_if action=reinterpret pc=0x0000000002576d54 method=java.util.HashMap.getNode(ILjava/lang/Object;)Ljava/util/HashMap$Node; @ 129
Event: 0.646 Thread 0x000000005662b800 Uncommon trap: reason=unstable_if action=reinterpret pc=0x00000000025bd3e0 method=java.util.BitSet.nextSetBit(I)I @ 87
Event: 0.703 Thread 0x000000005677f800 Uncommon trap: reason=class_check action=maybe_recompile pc=0x000000000260b5b4 method=com.android.dx.ssa.NormalSsaInsn.accept(Lcom/android/dx/ssa/SsaInsn$Visitor;)V @ 9
Event: 0.955 Thread 0x000000005668a000 Uncommon trap: reason=null_check action=make_not_entrant pc=0x00000000026de5d8 method=com.android.dx.rop.type.Type.equals(Ljava/lang/Object;)Z @ 8
Event: 0.955 Thread 0x000000005668a000 Uncommon trap: reason=unstable_if action=reinterpret pc=0x00000000027480f4 method=com.android.dx.cf.code.Ropper.labelToResultIndex(I)I @ 34
Event: 1.761 Thread 0x000000005662b800 Uncommon trap: reason=class_check action=maybe_recompile pc=0x000000000260b5b4 method=com.android.dx.ssa.NormalSsaInsn.accept(Lcom/android/dx/ssa/SsaInsn$Visitor;)V @ 9
Event: 1.763 Thread 0x000000005662b800 Uncommon trap: reason=unstable_if action=reinterpret pc=0x00000000027d0fc8 method=com.android.dx.util.BitIntSet.has(I)Z @ 8
Event: 1.763 Thread 0x000000005662b800 Uncommon trap: reason=class_check action=maybe_recompile pc=0x000000000260b5b4 method=com.android.dx.ssa.NormalSsaInsn.accept(Lcom/android/dx/ssa/SsaInsn$Visitor;)V @ 9
Event: 1.763 Thread 0x000000005662b800 Uncommon trap: reason=class_check action=maybe_recompile pc=0x000000000260b5b4 method=com.android.dx.ssa.NormalSsaInsn.accept(Lcom/android/dx/ssa/SsaInsn$Visitor;)V @ 9
Event: 1.764 Thread 0x000000005662b800 Uncommon trap: reason=class_check action=maybe_recompile pc=0x0000000002606578 method=com.android.dx.ssa.NormalSsaInsn.accept(Lcom/android/dx/ssa/SsaInsn$Visitor;)V @ 9

Internal exceptions (3 events):
Event: 0.039 Thread 0x000000000214e800 Exception <a 'java/lang/NoSuchMethodError': Method sun.misc.Unsafe.defineClass(Ljava/lang/String;[BII)Ljava/lang/Class; name or signature does not match> (0x00000000eab07ca8) thrown at [C:\re\workspace\8-2-build-windows-amd64-cygwin\jdk8u131\8869\hotspot\
Event: 0.039 Thread 0x000000000214e800 Exception <a 'java/lang/NoSuchMethodError': Method sun.misc.Unsafe.prefetchRead(Ljava/lang/Object;J)V name or signature does not match> (0x00000000eab07f90) thrown at [C:\re\workspace\8-2-build-windows-amd64-cygwin\jdk8u131\8869\hotspot\src\share\vm\prims
Event: 0.955 Thread 0x000000005668a000 Implicit null exception at 0x00000000026de4d2 to 0x00000000026de5ca

Events (10 events):
Event: 1.764 Thread 0x000000005662b800 Uncommon trap: trap_request=0xffffffde fr.pc=0x0000000002606578
Event: 1.764 Thread 0x000000005662b800 DEOPT PACKING pc=0x0000000002606578 sp=0x00000000576ee640
Event: 1.764 Thread 0x000000005662b800 DEOPT UNPACKING pc=0x000000000240582a sp=0x00000000576ee660 mode 2
Event: 1.766 Thread 0x000000005662b800 DEOPT PACKING pc=0x000000000290dd7b sp=0x00000000576ee730
Event: 1.766 Thread 0x000000005662b800 DEOPT UNPACKING pc=0x000000000240787f sp=0x00000000576ee430 mode 0
Event: 1.769 Thread 0x000000005662b800 DEOPT PACKING pc=0x000000000290dd7b sp=0x00000000576ee730
Event: 1.769 Thread 0x000000005662b800 DEOPT UNPACKING pc=0x000000000240787f sp=0x00000000576ee430 mode 0
Event: 1.788 Thread 0x000000005662b800 DEOPT PACKING pc=0x00000000027368d3 sp=0x00000000576eea80
Event: 1.788 Thread 0x000000005662b800 DEOPT UNPACKING pc=0x000000000240787f sp=0x00000000576ee848 mode 0
Event: 1.828 Executing VM operation: ParallelGCFailedAllocation


Dynamic libraries:
0x000000013f3b0000 - 0x000000013f3e7000 	C:\Program Files\Java\jdk1.8.0_131\bin\java.exe
0x00000000771c0000 - 0x000000007735f000 	C:\Windows\SYSTEM32\ntdll.dll
0x00000000770a0000 - 0x00000000771bf000 	C:\Windows\system32\kernel32.dll
0x000007fefcd80000 - 0x000007fefcdea000 	C:\Windows\system32\KERNELBASE.dll
0x000007fefd170000 - 0x000007fefd24b000 	C:\Windows\system32\ADVAPI32.dll
0x000007fefe7e0000 - 0x000007fefe87f000 	C:\Windows\system32\msvcrt.dll
0x000007fefe700000 - 0x000007fefe71f000 	C:\Windows\SYSTEM32\sechost.dll
0x000007fefe300000 - 0x000007fefe42d000 	C:\Windows\system32\RPCRT4.dll
0x0000000076fa0000 - 0x000000007709a000 	C:\Windows\system32\USER32.dll
0x000007feff150000 - 0x000007feff1b7000 	C:\Windows\system32\GDI32.dll
0x000007feff260000 - 0x000007feff26e000 	C:\Windows\system32\LPK.dll
0x000007fefeef0000 - 0x000007fefefbb000 	C:\Windows\system32\USP10.dll
0x000007fefb620000 - 0x000007fefb814000 	C:\Windows\WinSxS\amd64_microsoft.windows.common-controls_6595b64144ccf1df_6.0.7601.18837_none_fa3b1e3d17594757\COMCTL32.dll
0x000007fefee70000 - 0x000007fefeee1000 	C:\Windows\system32\SHLWAPI.dll
0x000007fefe2d0000 - 0x000007fefe2fe000 	C:\Windows\system32\IMM32.DLL
0x000007fefefc0000 - 0x000007feff0c9000 	C:\Windows\system32\MSCTF.dll
0x000000005c940000 - 0x000000005ca12000 	C:\Program Files\Java\jdk1.8.0_131\jre\bin\msvcr100.dll
0x000000005c0a0000 - 0x000000005c93c000 	C:\Program Files\Java\jdk1.8.0_131\jre\bin\server\jvm.dll
0x000007fef7ff0000 - 0x000007fef7ff9000 	C:\Windows\system32\WSOCK32.dll
0x000007fefd120000 - 0x000007fefd16d000 	C:\Windows\system32\WS2_32.dll
0x000007fefd530000 - 0x000007fefd538000 	C:\Windows\system32\NSI.dll
0x000007fef9510000 - 0x000007fef954b000 	C:\Windows\system32\WINMM.dll
0x000007fefbe30000 - 0x000007fefbe3c000 	C:\Windows\system32\VERSION.dll
0x0000000077370000 - 0x0000000077377000 	C:\Windows\system32\PSAPI.DLL
0x000000006aaa0000 - 0x000000006aaaf000 	C:\Program Files\Java\jdk1.8.0_131\jre\bin\verify.dll
0x000000006aa70000 - 0x000000006aa99000 	C:\Program Files\Java\jdk1.8.0_131\jre\bin\java.dll
0x00000000620d0000 - 0x00000000620e6000 	C:\Program Files\Java\jdk1.8.0_131\jre\bin\zip.dll
0x000007fefd540000 - 0x000007fefe2cb000 	C:\Windows\system32\SHELL32.dll
0x0000000056270000 - 0x000000005646d000 	C:\Windows\system32\ole32.dll
0x000007fefcd60000 - 0x000007fefcd6f000 	C:\Windows\system32\profapi.dll

VM Arguments:
jvm_args: -Djava.awt.headless=true -Xmx1024M -Dfile.encoding=windows-31j -Duser.country=JP -Duser.language=ja -Duser.variant 
java_command: com.android.dx.command.Main --dex --force-jumbo --num-threads=4 --multi-dex --output D:\Project\shouhin_irekae\Android\ProductChange\app\build\intermediates\transforms\dex\debug\folders\1000\5\slice_3 D:\Project\shouhin_irekae\Android\ProductChange\app\build\intermediates\transforms\instantRunSlicer\debug\folders\1\5\slice_3
java_class_path (initial): C:\Users\cong-pv\AppData\Local\Android\Sdk\build-tools\25.0.0\lib\dx.jar
Launcher Type: SUN_STANDARD

Environment Variables:
JAVA_HOME=C:\Program Files\Java\jdk1.8.0_131
PATH=C:\Program Files (x86)\Common Files\Oracle\Java\javapath;C:\ProgramData\Oracle\Java\javapath;C:\Program Files (x86)\Intel\iCLS Client\;C:\Program Files\Intel\iCLS Client\;C:\Windows\system32;C:\Windows;C:\Windows\System32\Wbem;C:\Windows\System32\WindowsPowerShell\v1.0\;C:\Program Files (x86)\Intel\UCRT\;C:\Program Files\TortoiseSVN\bin;C:\Users\User\.dnx\bin;C:\Program Files\Microsoft DNX\Dnvm\;C:\Program Files (x86)\Windows Kits\8.1\Windows Performance Toolkit\;C:\Program Files\Microsoft SQL Server\130\Tools\Binn\;C:\Program Files\Git\cmd;C:\Program Files\Microsoft SQL Server\120\Tools\Binn\;C:\Program Files\Microsoft SQLServer\Client SDK\ODBC\110\Tools\Binn\;C:\Program Files (x86)\Microsoft SQL Server\120\Tools\Binn\;C:\Program Files\Microsoft SQL Server\120\DTS\Binn\;C:\Program Files (x86)\Microsoft SQL Server\120\Tools\Binn\ManagementStudio\;C:\ProgramFiles (x86)\Microsoft SQL Server\120\DTS\Binn\;C:\Program Files\Intel\UCRT\;C:\Program Files (x86)\Intel\Intel(R) Management Engine Components\DAL;C:\Program Files\Intel\Intel(R) Management Engine Components\DAL;C:\Program Files (x86)\Intel\Intel(R) Management Engine Components\IPT;C:\Program Files\Intel\Intel(R) Management Engine Components\IPT;c:\Program Files\Microsoft SQL Server\Client SDK\ODBC\110\Tools\Binn\;c:\Program Files (x86)\Microsoft SQL Server\120\DTS\Binn\;C:\Program Files\Java\jdk1.8.0_131\bin;C:\Program Files\TortoiseGit\bin;C:\Go\bin;C:\Users\cong-pv\go\bin
USERNAME=cong-pv
OS=Windows_NT
PROCESSOR_IDENTIFIER=Intel64 Family 6 Model 94 Stepping 3, GenuineIntel



---------------  S Y S T E M  ---------------

OS: Windows 7 , 64 bit Build 7601 (6.1.7601.24214)

CPU:total 4 (initial active 4) (4 cores per cpu, 1 threads per core) family 6 model 94 stepping 3, cmov, cx8, fxsr, mmx, sse, sse2, sse3, ssse3, sse4.1, sse4.2, popcnt, avx, avx2, aes, clmul, erms, rtm, 3dnowpref, lzcnt, tsc, tscinvbit, bmi1, bmi2, adx

Memory: 4k page, physical 12451892k(1263624k free), swap 12449992k(6396k free)

vm_info: Java HotSpot(TM) 64-Bit Server VM (25.131-b11) for windows-amd64 JRE (1.8.0_131-b11), built on Mar 15 2017 01:23:53 by "java_re" with MS VC++ 10.0 (VS2010)

time: Thu Sep 06 16:13:33 2018
elapsed time: 1 seconds (0d 0h 0m 1s)

