#
# There is insufficient memory for the Java Runtime Environment to continue.
# Native memory allocation (malloc) failed to allocate 901504 bytes for Chunk::new
# Possible reasons:
#   The system is out of physical RAM or swap space
#   In 32 bit mode, the process size limit was hit
# Possible solutions:
#   Reduce memory load on the system
#   Increase physical memory or swap space
#   Check if swap backing store is full
#   Use 64 bit Java on a 64 bit OS
#   Decrease Java heap size (-Xmx/-Xms)
#   Decrease number of Java threads
#   Decrease Java thread stack sizes (-Xss)
#   Set larger code cache with -XX:ReservedCodeCacheSize=
# This output file may be truncated or incomplete.
#
#  Out of Memory Error (allocation.cpp:390), pid=24640, tid=0x0000000000006100
#
# JRE version: Java(TM) SE Runtime Environment (8.0_131-b11) (build 1.8.0_131-b11)
# Java VM: Java HotSpot(TM) 64-Bit Server VM (25.131-b11 mixed mode windows-amd64 compressed oops)
# Failed to write core dump. Minidumps are not enabled by default on client versions of Windows
#

---------------  T H R E A D  ---------------

Current thread (0x0000000056b53800):  JavaThread "C2 CompilerThread1" daemon [_thread_in_native, id=24832, stack(0x0000000057250000,0x0000000057350000)]

Stack: [0x0000000057250000,0x0000000057350000]
[error occurred during error reporting (printing stack bounds), id 0xc0000005]

Native frames: (J=compiled Java code, j=interpreted, Vv=VM code, C=native code)


Current CompileTask:
C2:   1887 1343   !   4       com.android.dx.cf.code.RopperMachine::run (1550 bytes)


---------------  P R O C E S S  ---------------

Java Threads: ( => current thread )
  0x0000000056e27000 JavaThread "pool-2-thread-4" [_thread_in_Java, id=24900, stack(0x0000000057e10000,0x0000000057f10000)]
  0x0000000056d05800 JavaThread "pool-3-thread-1" [_thread_blocked, id=24868, stack(0x0000000057880000,0x0000000057980000)]
  0x0000000056bba000 JavaThread "Service Thread" daemon [_thread_blocked, id=24852, stack(0x0000000056fa0000,0x00000000570a0000)]
  0x0000000056b6e800 JavaThread "C1 CompilerThread2" daemon [_thread_in_native, id=24840, stack(0x0000000057430000,0x0000000057530000)]
=>0x0000000056b53800 JavaThread "C2 CompilerThread1" daemon [_thread_in_native, id=24832, stack(0x0000000057250000,0x0000000057350000)]
  0x0000000056b4f000 JavaThread "C2 CompilerThread0" daemon [_thread_in_native, id=24824, stack(0x0000000057120000,0x0000000057220000)]
  0x0000000056b4b800 JavaThread "Attach Listener" daemon [_thread_blocked, id=24816, stack(0x0000000056910000,0x0000000056a10000)]
  0x0000000056b4a800 JavaThread "Signal Dispatcher" daemon [_thread_blocked, id=24808, stack(0x00000000566b0000,0x00000000567b0000)]
  0x0000000054d4a000 JavaThread "Finalizer" daemon [_thread_blocked, id=24804, stack(0x0000000056a40000,0x0000000056b40000)]
  0x0000000054d02800 JavaThread "Reference Handler" daemon [_thread_blocked, id=24796, stack(0x00000000567d0000,0x00000000568d0000)]
  0x000000000213e800 JavaThread "main" [_thread_blocked, id=24748, stack(0x00000000023c0000,0x00000000024c0000)]

Other Threads:
  0x0000000054cfb000 VMThread [stack: 0x00000000565b0000,0x00000000566b0000] [id=24784]
  0x0000000056c13800 WatcherThread [stack: 0x0000000057560000,0x0000000057660000] [id=24860]

VM state:not at safepoint (normal execution)

VM Mutex/Monitor currently owned by a thread: None

Heap:
 PSYoungGen      total 57344K, used 21293K [0x00000000eab00000, 0x00000000eeb00000, 0x0000000100000000)
  eden space 49152K, 26% used [0x00000000eab00000,0x00000000eb7ccce0,0x00000000edb00000)
  from space 8192K, 99% used [0x00000000ee300000,0x00000000eeafe7d8,0x00000000eeb00000)
  to   space 8192K, 0% used [0x00000000edb00000,0x00000000edb00000,0x00000000ee300000)
 ParOldGen       total 131072K, used 3989K [0x00000000c0000000, 0x00000000c8000000, 0x00000000eab00000)
  object space 131072K, 3% used [0x00000000c0000000,0x00000000c03e5748,0x00000000c8000000)
 Metaspace       used 5942K, capacity 6936K, committed 7168K, reserved 1056768K
  class space    used 605K, capacity 656K, committed 768K, reserved 1048576K

Card table byte_map: [0x0000000011880000,0x0000000011a90000] byte_map_base: 0x0000000011280000

Marking Bits: (ParMarkBitMap*) 0x00000000562ac720
 Begin Bits: [0x0000000012170000, 0x0000000013170000)
 End Bits:   [0x0000000013170000, 0x0000000014170000)

Polling page: 0x0000000000150000

CodeCache: size=245760Kb used=5361Kb max_used=5361Kb free=240398Kb
 bounds [0x00000000024c0000, 0x0000000002a10000, 0x00000000114c0000]
 total_blobs=1581 nmethods=1318 adapters=176
 compilation: enabled

Compilation events (10 events):
Event: 1.706 Thread 0x0000000056b6e800 nmethod 1382 0x00000000029eb450 code [0x00000000029eb660, 0x00000000029ebc08]
Event: 1.739 Thread 0x0000000056b4f000 nmethod 1347 0x00000000029f2f10 code [0x00000000029f3260, 0x00000000029f7040]
Event: 1.739 Thread 0x0000000056b4f000 1352       4       com.android.dx.ssa.LiteralOpUpgrader$1::visitNonMoveInsn (203 bytes)
Event: 1.775 Thread 0x0000000056b4f000 nmethod 1352 0x00000000029ecd10 code [0x00000000029ed080, 0x00000000029ee708]
Event: 1.776 Thread 0x0000000056b4f000 1356       4       java.util.AbstractCollection::<init> (5 bytes)
Event: 1.776 Thread 0x0000000056b4f000 nmethod 1356 0x000000000292f4d0 code [0x000000000292f600, 0x000000000292f658]
Event: 1.776 Thread 0x0000000056b4f000 1353       4       com.android.dx.ssa.LiteralOpUpgrader::tryReplacingWithConstant (161 bytes)
Event: 1.794 Thread 0x0000000056b4f000 nmethod 1353 0x00000000029fff90 code [0x0000000002a001c0, 0x0000000002a00fe8]
Event: 1.794 Thread 0x0000000056b4f000 1332       4       com.android.dx.rop.code.SourcePosition::<init> (50 bytes)
Event: 1.795 Thread 0x0000000056b4f000 nmethod 1332 0x00000000028f8850 code [0x00000000028f8980, 0x00000000028f8a38]

GC Heap History (4 events):
Event: 0.643 GC heap before
{Heap before GC invocations=1 (full 0):
 PSYoungGen      total 57344K, used 49152K [0x00000000eab00000, 0x00000000eeb00000, 0x0000000100000000)
  eden space 49152K, 100% used [0x00000000eab00000,0x00000000edb00000,0x00000000edb00000)
  from space 8192K, 0% used [0x00000000ee300000,0x00000000ee300000,0x00000000eeb00000)
  to   space 8192K, 0% used [0x00000000edb00000,0x00000000edb00000,0x00000000ee300000)
 ParOldGen       total 131072K, used 0K [0x00000000c0000000, 0x00000000c8000000, 0x00000000eab00000)
  object space 131072K, 0% used [0x00000000c0000000,0x00000000c0000000,0x00000000c8000000)
 Metaspace       used 5818K, capacity 6840K, committed 7040K, reserved 1056768K
  class space    used 600K, capacity 624K, committed 640K, reserved 1048576K
Event: 0.819 GC heap after
Heap after GC invocations=1 (full 0):
 PSYoungGen      total 57344K, used 8113K [0x00000000eab00000, 0x00000000eeb00000, 0x0000000100000000)
  eden space 49152K, 0% used [0x00000000eab00000,0x00000000eab00000,0x00000000edb00000)
  from space 8192K, 99% used [0x00000000edb00000,0x00000000ee2ec638,0x00000000ee300000)
  to   space 8192K, 0% used [0x00000000ee300000,0x00000000ee300000,0x00000000eeb00000)
 ParOldGen       total 131072K, used 8K [0x00000000c0000000, 0x00000000c8000000, 0x00000000eab00000)
  object space 131072K, 0% used [0x00000000c0000000,0x00000000c0002000,0x00000000c8000000)
 Metaspace       used 5818K, capacity 6840K, committed 7040K, reserved 1056768K
  class space    used 600K, capacity 624K, committed 640K, reserved 1048576K
}
Event: 1.499 GC heap before
{Heap before GC invocations=2 (full 0):
 PSYoungGen      total 57344K, used 57265K [0x00000000eab00000, 0x00000000eeb00000, 0x0000000100000000)
  eden space 49152K, 100% used [0x00000000eab00000,0x00000000edb00000,0x00000000edb00000)
  from space 8192K, 99% used [0x00000000edb00000,0x00000000ee2ec638,0x00000000ee300000)
  to   space 8192K, 0% used [0x00000000ee300000,0x00000000ee300000,0x00000000eeb00000)
 ParOldGen       total 131072K, used 8K [0x00000000c0000000, 0x00000000c8000000, 0x00000000eab00000)
  object space 131072K, 0% used [0x00000000c0000000,0x00000000c0002000,0x00000000c8000000)
 Metaspace       used 5896K, capacity 6872K, committed 7168K, reserved 1056768K
  class space    used 605K, capacity 656K, committed 768K, reserved 1048576K
Event: 1.521 GC heap after
Heap after GC invocations=2 (full 0):
 PSYoungGen      total 57344K, used 8185K [0x00000000eab00000, 0x00000000eeb00000, 0x0000000100000000)
  eden space 49152K, 0% used [0x00000000eab00000,0x00000000eab00000,0x00000000edb00000)
  from space 8192K, 99% used [0x00000000ee300000,0x00000000eeafe7d8,0x00000000eeb00000)
  to   space 8192K, 0% used [0x00000000edb00000,0x00000000edb00000,0x00000000ee300000)
 ParOldGen       total 131072K, used 3989K [0x00000000c0000000, 0x00000000c8000000, 0x00000000eab00000)
  object space 131072K, 3% used [0x00000000c0000000,0x00000000c03e5748,0x00000000c8000000)
 Metaspace       used 5896K, capacity 6872K, committed 7168K, reserved 1056768K
  class space    used 605K, capacity 656K, committed 768K, reserved 1048576K
}

Deoptimization events (10 events):
Event: 0.342 Thread 0x0000000056d04800 Uncommon trap: reason=unstable_if action=reinterpret pc=0x000000000269d8e8 method=java.util.HashMap.getNode(ILjava/lang/Object;)Ljava/util/HashMap$Node; @ 62
Event: 0.427 Thread 0x0000000056e1e000 Uncommon trap: reason=unstable_if action=reinterpret pc=0x00000000026d3a20 method=java.util.BitSet.nextSetBit(I)I @ 87
Event: 0.452 Thread 0x0000000056e1e000 Uncommon trap: reason=unstable_if action=reinterpret pc=0x0000000002722d50 method=com.android.dx.rop.code.RegisterSpec.equals(ILcom/android/dx/rop/type/TypeBearer;Lcom/android/dx/rop/code/LocalItem;)Z @ 16
Event: 0.464 Thread 0x0000000056d15000 Uncommon trap: reason=class_check action=maybe_recompile pc=0x0000000002733408 method=com.android.dx.ssa.NormalSsaInsn.accept(Lcom/android/dx/ssa/SsaInsn$Visitor;)V @ 9
Event: 0.481 Thread 0x0000000056e1e000 Uncommon trap: reason=unloaded action=reinterpret pc=0x00000000027330d8 method=com.android.dx.ssa.SsaRenamer$BlockRenamer.visitMoveInsn(Lcom/android/dx/ssa/NormalSsaInsn;)V @ 208
Event: 0.510 Thread 0x0000000056e27000 Uncommon trap: reason=unstable_if action=reinterpret pc=0x000000000277c0e8 method=com.android.dx.ssa.SsaRenamer$BlockRenamer.addMapping(ILcom/android/dx/rop/code/RegisterSpec;)V @ 120
Event: 0.868 Thread 0x0000000056e1e000 Uncommon trap: reason=null_check action=make_not_entrant pc=0x00000000027d8b44 method=com.android.dx.ssa.SsaRenamer.getLocalForNewReg(I)Lcom/android/dx/rop/code/LocalItem; @ 19
Event: 1.201 Thread 0x0000000056e1e000 Uncommon trap: reason=unstable_if action=reinterpret pc=0x000000000277adc4 method=com.android.dx.rop.cst.Constant.compareTo(Lcom/android/dx/rop/cst/Constant;)I @ 12
Event: 1.201 Thread 0x0000000056e1e000 Uncommon trap: reason=unstable_if action=reinterpret pc=0x00000000028d0a98 method=com.android.dx.cf.code.Merger.mergeType(Lcom/android/dx/rop/type/TypeBearer;Lcom/android/dx/rop/type/TypeBearer;)Lcom/android/dx/rop/type/TypeBearer; @ 59
Event: 1.249 Thread 0x0000000056e1e000 Uncommon trap: reason=class_check action=maybe_recompile pc=0x0000000002856414 method=com.android.dx.ssa.SCCP.setLatticeValueTo(IILcom/android/dx/rop/cst/Constant;)Z @ 43

Internal exceptions (3 events):
Event: 0.038 Thread 0x000000000213e800 Exception <a 'java/lang/NoSuchMethodError': Method sun.misc.Unsafe.defineClass(Ljava/lang/String;[BII)Ljava/lang/Class; name or signature does not match> (0x00000000eab07ca8) thrown at [C:\re\workspace\8-2-build-windows-amd64-cygwin\jdk8u131\8869\hotspot\
Event: 0.038 Thread 0x000000000213e800 Exception <a 'java/lang/NoSuchMethodError': Method sun.misc.Unsafe.prefetchRead(Ljava/lang/Object;J)V name or signature does not match> (0x00000000eab07f90) thrown at [C:\re\workspace\8-2-build-windows-amd64-cygwin\jdk8u131\8869\hotspot\src\share\vm\prims
Event: 0.868 Thread 0x0000000056e1e000 Implicit null exception at 0x00000000027d7bcd to 0x00000000027d8b11

Events (10 events):
Event: 1.486 Thread 0x0000000056e27000 DEOPT UNPACKING pc=0x000000000250787f sp=0x0000000057f0ed10 mode 0
Event: 1.499 Thread 0x0000000056e27000 DEOPT PACKING pc=0x00000000026c4fa1 sp=0x0000000057f0ee60
Event: 1.499 Thread 0x0000000056e27000 DEOPT UNPACKING pc=0x000000000250787f sp=0x0000000057f0eba0 mode 0
Event: 1.499 Executing VM operation: ParallelGCFailedAllocation
Event: 1.524 Executing VM operation: ParallelGCFailedAllocation done
Event: 1.637 Thread 0x0000000056d04800 DEOPT PACKING pc=0x00000000026c4fa1 sp=0x000000005776e740
Event: 1.637 Thread 0x0000000056d04800 DEOPT UNPACKING pc=0x000000000250787f sp=0x000000005776e480 mode 0
Event: 1.641 Thread 0x0000000056d04800 DEOPT PACKING pc=0x000000000284f0ba sp=0x000000005776e5b0
Event: 1.641 Thread 0x0000000056d04800 DEOPT UNPACKING pc=0x000000000250787f sp=0x000000005776e380 mode 0
Event: 1.649 Thread 0x0000000056d04800 Thread exited: 0x0000000056d04800


Dynamic libraries:
0x000000013f4b0000 - 0x000000013f4e7000 	C:\Program Files\Java\jdk1.8.0_131\bin\java.exe
0x0000000077310000 - 0x00000000774af000 	C:\Windows\SYSTEM32\ntdll.dll
0x00000000771f0000 - 0x000000007730f000 	C:\Windows\system32\kernel32.dll
0x000007fefd2d0000 - 0x000007fefd33a000 	C:\Windows\system32\KERNELBASE.dll
0x000007fefee20000 - 0x000007fefeefb000 	C:\Windows\system32\ADVAPI32.dll
0x000007feff480000 - 0x000007feff51f000 	C:\Windows\system32\msvcrt.dll
0x000007feff460000 - 0x000007feff47f000 	C:\Windows\SYSTEM32\sechost.dll
0x000007feff330000 - 0x000007feff45d000 	C:\Windows\system32\RPCRT4.dll
0x00000000770f0000 - 0x00000000771ea000 	C:\Windows\system32\USER32.dll
0x000007feff2a0000 - 0x000007feff307000 	C:\Windows\system32\GDI32.dll
0x000007fefead0000 - 0x000007fefeade000 	C:\Windows\system32\LPK.dll
0x000007feff1d0000 - 0x000007feff29b000 	C:\Windows\system32\USP10.dll
0x000007fefb8a0000 - 0x000007fefba94000 	C:\Windows\WinSxS\amd64_microsoft.windows.common-controls_6595b64144ccf1df_6.0.7601.18837_none_fa3b1e3d17594757\COMCTL32.dll
0x000007fefd4b0000 - 0x000007fefd521000 	C:\Windows\system32\SHLWAPI.dll
0x000007fefea20000 - 0x000007fefea4e000 	C:\Windows\system32\IMM32.DLL
0x000007fefd3a0000 - 0x000007fefd4a9000 	C:\Windows\system32\MSCTF.dll
0x0000000074b50000 - 0x0000000074c22000 	C:\Program Files\Java\jdk1.8.0_131\jre\bin\msvcr100.dll
0x0000000055a90000 - 0x000000005632c000 	C:\Program Files\Java\jdk1.8.0_131\jre\bin\server\jvm.dll
0x000007fef82b0000 - 0x000007fef82b9000 	C:\Windows\system32\WSOCK32.dll
0x000007fefe9d0000 - 0x000007fefea1d000 	C:\Windows\system32\WS2_32.dll
0x000007fefeae0000 - 0x000007fefeae8000 	C:\Windows\system32\NSI.dll
0x000007fefa510000 - 0x000007fefa54b000 	C:\Windows\system32\WINMM.dll
0x000007fefc0b0000 - 0x000007fefc0bc000 	C:\Windows\system32\VERSION.dll
0x00000000774b0000 - 0x00000000774b7000 	C:\Windows\system32\PSAPI.DLL
0x0000000074b40000 - 0x0000000074b4f000 	C:\Program Files\Java\jdk1.8.0_131\jre\bin\verify.dll
0x0000000074b10000 - 0x0000000074b39000 	C:\Program Files\Java\jdk1.8.0_131\jre\bin\java.dll
0x0000000074af0000 - 0x0000000074b06000 	C:\Program Files\Java\jdk1.8.0_131\jre\bin\zip.dll
0x000007fefdc40000 - 0x000007fefe9cb000 	C:\Windows\system32\SHELL32.dll
0x000007fefd710000 - 0x000007fefd90d000 	C:\Windows\system32\ole32.dll
0x000007fefcff0000 - 0x000007fefcfff000 	C:\Windows\system32\profapi.dll

VM Arguments:
jvm_args: -Djava.awt.headless=true -Xmx1024M -Dfile.encoding=windows-31j -Duser.country=JP -Duser.language=ja -Duser.variant 
java_command: com.android.dx.command.Main --dex --force-jumbo --num-threads=4 --multi-dex --output D:\Project\shouhin_irekae\Android\ProductChange\app\build\intermediates\transforms\dex\debug\folders\1000\5\slice_9 D:\Project\shouhin_irekae\Android\ProductChange\app\build\intermediates\transforms\instantRunSlicer\debug\folders\1\5\slice_9
java_class_path (initial): C:\Users\cong-pv\AppData\Local\Android\Sdk\build-tools\25.0.0\lib\dx.jar
Launcher Type: SUN_STANDARD

Environment Variables:
JAVA_HOME=C:\Program Files\Java\jdk1.8.0_131
PATH=C:\Program Files (x86)\Common Files\Oracle\Java\javapath;C:\ProgramData\Oracle\Java\javapath;C:\Program Files (x86)\Intel\iCLS Client\;C:\Program Files\Intel\iCLS Client\;C:\Windows\system32;C:\Windows;C:\Windows\System32\Wbem;C:\Windows\System32\WindowsPowerShell\v1.0\;C:\Program Files (x86)\Intel\UCRT\;C:\Program Files\TortoiseSVN\bin;C:\Users\User\.dnx\bin;C:\Program Files\Microsoft DNX\Dnvm\;C:\Program Files (x86)\Windows Kits\8.1\Windows Performance Toolkit\;C:\Program Files\Microsoft SQL Server\130\Tools\Binn\;C:\Program Files\Git\cmd;C:\Program Files\Microsoft SQL Server\120\Tools\Binn\;C:\Program Files\Microsoft SQLServer\Client SDK\ODBC\110\Tools\Binn\;C:\Program Files (x86)\Microsoft SQL Server\120\Tools\Binn\;C:\Program Files\Microsoft SQL Server\120\DTS\Binn\;C:\Program Files (x86)\Microsoft SQL Server\120\Tools\Binn\ManagementStudio\;C:\ProgramFiles (x86)\Microsoft SQL Server\120\DTS\Binn\;C:\Program Files\Intel\UCRT\;C:\Program Files (x86)\Intel\Intel(R) Management Engine Components\DAL;C:\Program Files\Intel\Intel(R) Management Engine Components\DAL;C:\Program Files (x86)\Intel\Intel(R) Management Engine Components\IPT;C:\Program Files\Intel\Intel(R) Management Engine Components\IPT;c:\Program Files\Microsoft SQL Server\Client SDK\ODBC\110\Tools\Binn\;c:\Program Files (x86)\Microsoft SQL Server\120\DTS\Binn\;C:\Go\bin;C:\Program Files\Java\jdk1.8.0_131\bin;C:\Program Files\TortoiseGit\bin;C:\Users\cong-pv\go\bin
USERNAME=cong-pv
OS=Windows_NT
PROCESSOR_IDENTIFIER=Intel64 Family 6 Model 94 Stepping 3, GenuineIntel



---------------  S Y S T E M  ---------------

OS: Windows 7 , 64 bit Build 7601 (6.1.7601.24150)

CPU:total 4 (initial active 4) (4 cores per cpu, 1 threads per core) family 6 model 94 stepping 3, cmov, cx8, fxsr, mmx, sse, sse2, sse3, ssse3, sse4.1, sse4.2, popcnt, avx, avx2, aes, clmul, erms, rtm, 3dnowpref, lzcnt, tsc, tscinvbit, bmi1, bmi2, adx

Memory: 4k page, physical 12451892k(1556868k free), swap 12450016k(5888k free)

vm_info: Java HotSpot(TM) 64-Bit Server VM (25.131-b11) for windows-amd64 JRE (1.8.0_131-b11), built on Mar 15 2017 01:23:53 by "java_re" with MS VC++ 10.0 (VS2010)

time: Fri Jun 29 11:31:14 2018
elapsed time: 1 seconds (0d 0h 0m 1s)

