#
# There is insufficient memory for the Java Runtime Environment to continue.
# Native memory allocation (malloc) failed to allocate 32744 bytes for ChunkPool::allocate
# Possible reasons:
#   The system is out of physical RAM or swap space
#   In 32 bit mode, the process size limit was hit
# Possible solutions:
#   Reduce memory load on the system
#   Increase physical memory or swap space
#   Check if swap backing store is full
#   Use 64 bit Java on a 64 bit OS
#   Decrease Java heap size (-Xmx/-Xms)
#   Decrease number of Java threads
#   Decrease Java thread stack sizes (-Xss)
#   Set larger code cache with -XX:ReservedCodeCacheSize=
# This output file may be truncated or incomplete.
#
#  Out of Memory Error (allocation.cpp:273), pid=12020, tid=0x0000000000000a58
#
# JRE version: Java(TM) SE Runtime Environment (8.0_131-b11) (build 1.8.0_131-b11)
# Java VM: Java HotSpot(TM) 64-Bit Server VM (25.131-b11 mixed mode windows-amd64 compressed oops)
# Failed to write core dump. Minidumps are not enabled by default on client versions of Windows
#

---------------  T H R E A D  ---------------

Current thread (0x0000000056373000):  JavaThread "C2 CompilerThread1" daemon [_thread_in_native, id=2648, stack(0x0000000056a40000,0x0000000056b40000)]

Stack: [0x0000000056a40000,0x0000000056b40000]
[error occurred during error reporting (printing stack bounds), id 0xc0000005]

Native frames: (J=compiled Java code, j=interpreted, Vv=VM code, C=native code)


Current CompileTask:
C2:   1885 1055   !   4       com.android.dx.cf.code.BytecodeArray::parseInstruction (2764 bytes)


---------------  P R O C E S S  ---------------

Java Threads: ( => current thread )
  0x0000000056523000 JavaThread "pool-2-thread-4" [_thread_blocked, id=10340, stack(0x0000000056c90000,0x0000000056d90000)]
  0x0000000056521800 JavaThread "pool-2-thread-3" [_thread_blocked, id=7220, stack(0x0000000057bd0000,0x0000000057cd0000)]
  0x0000000056520800 JavaThread "pool-2-thread-2" [_thread_blocked, id=10652, stack(0x0000000057ad0000,0x0000000057bd0000)]
  0x000000005651f000 JavaThread "pool-3-thread-1" [_thread_blocked, id=6380, stack(0x0000000057940000,0x0000000057a40000)]
  0x000000005651b800 JavaThread "pool-2-thread-1" [_thread_blocked, id=5884, stack(0x00000000577e0000,0x00000000578e0000)]
  0x0000000056379000 JavaThread "Service Thread" daemon [_thread_blocked, id=11984, stack(0x0000000056b70000,0x0000000056c70000)]
  0x0000000056374000 JavaThread "C1 CompilerThread2" daemon [_thread_blocked, id=9952, stack(0x0000000055e00000,0x0000000055f00000)]
=>0x0000000056373000 JavaThread "C2 CompilerThread1" daemon [_thread_in_native, id=2648, stack(0x0000000056a40000,0x0000000056b40000)]
  0x000000005636f000 JavaThread "C2 CompilerThread0" daemon [_thread_blocked, id=7900, stack(0x0000000055bb0000,0x0000000055cb0000)]
  0x000000005636b800 JavaThread "Attach Listener" daemon [_thread_blocked, id=12852, stack(0x0000000056940000,0x0000000056a40000)]
  0x000000005636a800 JavaThread "Signal Dispatcher" daemon [_thread_blocked, id=12128, stack(0x00000000567a0000,0x00000000568a0000)]
  0x0000000054daa000 JavaThread "Finalizer" daemon [_thread_blocked, id=11216, stack(0x0000000056060000,0x0000000056160000)]
  0x0000000054d62800 JavaThread "Reference Handler" daemon [_thread_blocked, id=5692, stack(0x0000000055f00000,0x0000000056000000)]
  0x000000000212e800 JavaThread "main" [_thread_blocked, id=6460, stack(0x0000000002490000,0x0000000002590000)]

Other Threads:
  0x0000000054d5b000 VMThread [stack: 0x0000000055cd0000,0x0000000055dd0000] [id=6704]
  0x0000000054dce800 WatcherThread [stack: 0x0000000056e00000,0x0000000056f00000] [id=13260]

VM state:not at safepoint (normal execution)

VM Mutex/Monitor currently owned by a thread: None

Heap:
 PSYoungGen      total 57344K, used 25607K [0x00000000eab00000, 0x00000000eeb00000, 0x0000000100000000)
  eden space 49152K, 52% used [0x00000000eab00000,0x00000000ec401e00,0x00000000edb00000)
  from space 8192K, 0% used [0x00000000ee300000,0x00000000ee300000,0x00000000eeb00000)
  to   space 8192K, 0% used [0x00000000edb00000,0x00000000edb00000,0x00000000ee300000)
 ParOldGen       total 131072K, used 0K [0x00000000c0000000, 0x00000000c8000000, 0x00000000eab00000)
  object space 131072K, 0% used [0x00000000c0000000,0x00000000c0000000,0x00000000c8000000)
 Metaspace       used 5822K, capacity 6838K, committed 7040K, reserved 1056768K
  class space    used 598K, capacity 622K, committed 640K, reserved 1048576K

Card table byte_map: [0x0000000011950000,0x0000000011b60000] byte_map_base: 0x0000000011350000

Marking Bits: (ParMarkBitMap*) 0x000000005771c720
 Begin Bits: [0x00000000121d0000, 0x00000000131d0000)
 End Bits:   [0x00000000131d0000, 0x00000000141d0000)

Polling page: 0x0000000000440000

CodeCache: size=245760Kb used=4217Kb max_used=4221Kb free=241542Kb
 bounds [0x0000000002590000, 0x00000000029c0000, 0x0000000011590000]
 total_blobs=1323 nmethods=1060 adapters=176
 compilation: enabled

Compilation events (10 events):
Event: 1.815 Thread 0x0000000056374000 nmethod 1059 0x00000000029ae1d0 code [0x00000000029ae360, 0x00000000029ae7d8]
Event: 1.815 Thread 0x0000000056374000 1050       3       com.android.dx.rop.cst.CstBaseMethodRef::getPrototype (41 bytes)
Event: 1.815 Thread 0x0000000056374000 nmethod 1050 0x00000000029adb90 code [0x00000000029add00, 0x00000000029ae0e8]
Event: 1.815 Thread 0x0000000056374000 1048       3       com.android.dx.rop.cst.CstKnownNull::equals (5 bytes)
Event: 1.815 Thread 0x0000000056374000 nmethod 1048 0x00000000029a8190 code [0x00000000029a82e0, 0x00000000029a8530]
Event: 1.815 Thread 0x0000000056374000 1052   !   3       com.android.dx.rop.code.RegisterSpecSet::put (104 bytes)
Event: 1.815 Thread 0x000000005636f000 nmethod 1051 0x00000000029ad710 code [0x00000000029ad860, 0x00000000029ada18]
Event: 1.815 Thread 0x0000000056374000 nmethod 1052 0x00000000029b1f90 code [0x00000000029b21e0, 0x00000000029b3148]
Event: 1.815 Thread 0x0000000056374000 1061       1       com.android.dx.dex.code.RopTranslator::access$200 (5 bytes)
Event: 1.815 Thread 0x0000000056374000 nmethod 1061 0x00000000029b1cd0 code [0x00000000029b1e20, 0x00000000029b1f10]

GC Heap History (0 events):
No events

Deoptimization events (3 events):
Event: 1.090 Thread 0x0000000056521800 Uncommon trap: reason=unstable_if action=reinterpret pc=0x0000000002786a54 method=java.util.HashMap.getNode(ILjava/lang/Object;)Ljava/util/HashMap$Node; @ 129
Event: 1.147 Thread 0x000000005651b800 Uncommon trap: reason=unstable_if action=reinterpret pc=0x00000000027ef860 method=java.util.BitSet.ensureCapacity(I)V @ 6
Event: 1.805 Thread 0x000000005651b800 Uncommon trap: reason=unstable_if action=reinterpret pc=0x0000000002790660 method=java.util.BitSet.nextSetBit(I)I @ 87

Internal exceptions (2 events):
Event: 0.109 Thread 0x000000000212e800 Exception <a 'java/lang/NoSuchMethodError': Method sun.misc.Unsafe.defineClass(Ljava/lang/String;[BII)Ljava/lang/Class; name or signature does not match> (0x00000000eab07ca8) thrown at [C:\re\workspace\8-2-build-windows-amd64-cygwin\jdk8u131\8869\hotspot\
Event: 0.109 Thread 0x000000000212e800 Exception <a 'java/lang/NoSuchMethodError': Method sun.misc.Unsafe.prefetchRead(Ljava/lang/Object;J)V name or signature does not match> (0x00000000eab07f90) thrown at [C:\re\workspace\8-2-build-windows-amd64-cygwin\jdk8u131\8869\hotspot\src\share\vm\prims

Events (10 events):
Event: 1.147 Thread 0x000000005651b800 Uncommon trap: trap_request=0xffffff65 fr.pc=0x00000000027ef860
Event: 1.147 Thread 0x000000005651b800 DEOPT PACKING pc=0x00000000027ef860 sp=0x00000000578debc0
Event: 1.147 Thread 0x000000005651b800 DEOPT UNPACKING pc=0x00000000025d582a sp=0x00000000578deb00 mode 2
Event: 1.619 Executing VM operation: ForceSafepoint
Event: 1.619 Executing VM operation: ForceSafepoint done
Event: 1.803 loading class com/android/dx/cf/code/BytecodeArray$ConstantParserVisitor
Event: 1.803 loading class com/android/dx/cf/code/BytecodeArray$ConstantParserVisitor done
Event: 1.805 Thread 0x000000005651b800 Uncommon trap: trap_request=0xffffff65 fr.pc=0x0000000002790660
Event: 1.805 Thread 0x000000005651b800 DEOPT PACKING pc=0x0000000002790660 sp=0x00000000578ded20
Event: 1.805 Thread 0x000000005651b800 DEOPT UNPACKING pc=0x00000000025d582a sp=0x00000000578decb8 mode 2


Dynamic libraries:
0x000000013f290000 - 0x000000013f2c7000 	C:\Program Files\Java\jdk1.8.0_131\bin\java.exe
0x0000000077120000 - 0x00000000772bf000 	C:\Windows\SYSTEM32\ntdll.dll
0x0000000076f00000 - 0x000000007701f000 	C:\Windows\system32\kernel32.dll
0x000007fefcce0000 - 0x000007fefcd4a000 	C:\Windows\system32\KERNELBASE.dll
0x000007fefe6e0000 - 0x000007fefe7bb000 	C:\Windows\system32\ADVAPI32.dll
0x000007fefd080000 - 0x000007fefd11f000 	C:\Windows\system32\msvcrt.dll
0x000007fefd1a0000 - 0x000007fefd1bf000 	C:\Windows\SYSTEM32\sechost.dll
0x000007fefd230000 - 0x000007fefd35d000 	C:\Windows\system32\RPCRT4.dll
0x0000000077020000 - 0x000000007711a000 	C:\Windows\system32\USER32.dll
0x000007fefd1c0000 - 0x000007fefd227000 	C:\Windows\system32\GDI32.dll
0x000007feff2f0000 - 0x000007feff2fe000 	C:\Windows\system32\LPK.dll
0x000007fefeb90000 - 0x000007fefec5b000 	C:\Windows\system32\USP10.dll
0x000007fefb580000 - 0x000007fefb774000 	C:\Windows\WinSxS\amd64_microsoft.windows.common-controls_6595b64144ccf1df_6.0.7601.18837_none_fa3b1e3d17594757\COMCTL32.dll
0x000007fefd120000 - 0x000007fefd191000 	C:\Windows\system32\SHLWAPI.dll
0x000007fefeb30000 - 0x000007fefeb5e000 	C:\Windows\system32\IMM32.DLL
0x000007feff300000 - 0x000007feff409000 	C:\Windows\system32\MSCTF.dll
0x000000006cf20000 - 0x000000006cff2000 	C:\Program Files\Java\jdk1.8.0_131\jre\bin\msvcr100.dll
0x0000000056f00000 - 0x000000005779c000 	C:\Program Files\Java\jdk1.8.0_131\jre\bin\server\jvm.dll
0x000007fef8310000 - 0x000007fef8319000 	C:\Windows\system32\WSOCK32.dll
0x000007feff0c0000 - 0x000007feff10d000 	C:\Windows\system32\WS2_32.dll
0x000007fefeb80000 - 0x000007fefeb88000 	C:\Windows\system32\NSI.dll
0x000007fef94c0000 - 0x000007fef94fb000 	C:\Windows\system32\WINMM.dll
0x000007fefbd90000 - 0x000007fefbd9c000 	C:\Windows\system32\VERSION.dll
0x00000000772d0000 - 0x00000000772d7000 	C:\Windows\system32\PSAPI.DLL
0x0000000074980000 - 0x000000007498f000 	C:\Program Files\Java\jdk1.8.0_131\jre\bin\verify.dll
0x0000000071310000 - 0x0000000071339000 	C:\Program Files\Java\jdk1.8.0_131\jre\bin\java.dll
0x0000000071840000 - 0x0000000071856000 	C:\Program Files\Java\jdk1.8.0_131\jre\bin\zip.dll
0x000007fefd6e0000 - 0x000007fefe46b000 	C:\Windows\system32\SHELL32.dll
0x0000000056160000 - 0x000000005635d000 	C:\Windows\system32\ole32.dll
0x000007fefccc0000 - 0x000007fefcccf000 	C:\Windows\system32\profapi.dll

VM Arguments:
jvm_args: -Djava.awt.headless=true -Xmx1024M -Dfile.encoding=windows-31j -Duser.country=JP -Duser.language=ja -Duser.variant 
java_command: com.android.dx.command.Main --dex --force-jumbo --num-threads=4 --multi-dex --output D:\Project\shouhin_irekae\Android\ProductChange\app\build\intermediates\transforms\dex\debug\folders\1000\5\slice_1 D:\Project\shouhin_irekae\Android\ProductChange\app\build\intermediates\transforms\instantRunSlicer\debug\folders\1\5\slice_1
java_class_path (initial): C:\Users\cong-pv\AppData\Local\Android\Sdk\build-tools\25.0.0\lib\dx.jar
Launcher Type: SUN_STANDARD

Environment Variables:
JAVA_HOME=C:\Program Files\Java\jdk1.8.0_131
PATH=C:\Program Files (x86)\Common Files\Oracle\Java\javapath;C:\ProgramData\Oracle\Java\javapath;C:\Program Files (x86)\Intel\iCLS Client\;C:\Program Files\Intel\iCLS Client\;C:\Windows\system32;C:\Windows;C:\Windows\System32\Wbem;C:\Windows\System32\WindowsPowerShell\v1.0\;C:\Program Files (x86)\Intel\UCRT\;C:\Program Files\TortoiseSVN\bin;C:\Users\User\.dnx\bin;C:\Program Files\Microsoft DNX\Dnvm\;C:\Program Files (x86)\Windows Kits\8.1\Windows Performance Toolkit\;C:\Program Files\Microsoft SQL Server\130\Tools\Binn\;C:\Program Files\Git\cmd;C:\Program Files\Microsoft SQL Server\120\Tools\Binn\;C:\Program Files\Microsoft SQLServer\Client SDK\ODBC\110\Tools\Binn\;C:\Program Files (x86)\Microsoft SQL Server\120\Tools\Binn\;C:\Program Files\Microsoft SQL Server\120\DTS\Binn\;C:\Program Files (x86)\Microsoft SQL Server\120\Tools\Binn\ManagementStudio\;C:\ProgramFiles (x86)\Microsoft SQL Server\120\DTS\Binn\;C:\Program Files\Intel\UCRT\;C:\Program Files (x86)\Intel\Intel(R) Management Engine Components\DAL;C:\Program Files\Intel\Intel(R) Management Engine Components\DAL;C:\Program Files (x86)\Intel\Intel(R) Management Engine Components\IPT;C:\Program Files\Intel\Intel(R) Management Engine Components\IPT;c:\Program Files\Microsoft SQL Server\Client SDK\ODBC\110\Tools\Binn\;c:\Program Files (x86)\Microsoft SQL Server\120\DTS\Binn\;C:\Program Files\Java\jdk1.8.0_131\bin;C:\Program Files\TortoiseGit\bin;C:\Go\bin;C:\Users\cong-pv\go\bin
USERNAME=cong-pv
OS=Windows_NT
PROCESSOR_IDENTIFIER=Intel64 Family 6 Model 94 Stepping 3, GenuineIntel



---------------  S Y S T E M  ---------------

OS: Windows 7 , 64 bit Build 7601 (6.1.7601.24214)

CPU:total 4 (initial active 4) (4 cores per cpu, 1 threads per core) family 6 model 94 stepping 3, cmov, cx8, fxsr, mmx, sse, sse2, sse3, ssse3, sse4.1, sse4.2, popcnt, avx, avx2, aes, clmul, erms, rtm, 3dnowpref, lzcnt, tsc, tscinvbit, bmi1, bmi2, adx

Memory: 4k page, physical 12451892k(1798756k free), swap 12449992k(6772k free)

vm_info: Java HotSpot(TM) 64-Bit Server VM (25.131-b11) for windows-amd64 JRE (1.8.0_131-b11), built on Mar 15 2017 01:23:53 by "java_re" with MS VC++ 10.0 (VS2010)

time: Tue Sep 04 16:22:24 2018
elapsed time: 1 seconds (0d 0h 0m 1s)

