#
# There is insufficient memory for the Java Runtime Environment to continue.
# Native memory allocation (malloc) failed to allocate 1048576 bytes for AllocateHeap
# Possible reasons:
#   The system is out of physical RAM or swap space
#   In 32 bit mode, the process size limit was hit
# Possible solutions:
#   Reduce memory load on the system
#   Increase physical memory or swap space
#   Check if swap backing store is full
#   Use 64 bit Java on a 64 bit OS
#   Decrease Java heap size (-Xmx/-Xms)
#   Decrease number of Java threads
#   Decrease Java thread stack sizes (-Xss)
#   Set larger code cache with -XX:ReservedCodeCacheSize=
# This output file may be truncated or incomplete.
#
#  Out of Memory Error (memory/allocation.inline.hpp:61), pid=10928, tid=0x00000000000027dc
#
# JRE version:  (8.0_131-b11) (build )
# Java VM: Java HotSpot(TM) 64-Bit Server VM (25.131-b11 mixed mode windows-amd64 compressed oops)
# Failed to write core dump. Minidumps are not enabled by default on client versions of Windows
#

---------------  T H R E A D  ---------------

Current thread (0x000000000216e800):  JavaThread "Unknown thread" [_thread_in_vm, id=10204, stack(0x0000000002400000,0x0000000002500000)]

Stack: [0x0000000002400000,0x0000000002500000]
[error occurred during error reporting (printing stack bounds), id 0xc0000005]

Native frames: (J=compiled Java code, j=interpreted, Vv=VM code, C=native code)


---------------  P R O C E S S  ---------------

Java Threads: ( => current thread )

Other Threads:

=>0x000000000216e800 (exited) JavaThread "Unknown thread" [_thread_in_vm, id=10204, stack(0x0000000002400000,0x0000000002500000)]

VM state:not at safepoint (normal execution)

VM Mutex/Monitor currently owned by a thread: None

Heap:
 PSYoungGen      total 57344K, used 983K [0x00000000eab00000, 0x00000000eeb00000, 0x0000000100000000)
  eden space 49152K, 2% used [0x00000000eab00000,0x00000000eabf5c38,0x00000000edb00000)
  from space 8192K, 0% used [0x00000000ee300000,0x00000000ee300000,0x00000000eeb00000)
  to   space 8192K, 0% used [0x00000000edb00000,0x00000000edb00000,0x00000000ee300000)
 ParOldGen       total 131072K, used 0K [0x00000000c0000000, 0x00000000c8000000, 0x00000000eab00000)
  object space 131072K, 0% used [0x00000000c0000000,0x00000000c0000000,0x00000000c8000000)
 Metaspace       used 770K, capacity 4480K, committed 4480K, reserved 1056768K
  class space    used 75K, capacity 384K, committed 384K, reserved 1048576K

Card table byte_map: [0x00000000118c0000,0x0000000011ad0000] byte_map_base: 0x00000000112c0000

Marking Bits: (ParMarkBitMap*) 0x000000005d34c720
 Begin Bits: [0x00000000123c0000, 0x00000000133c0000)
 End Bits:   [0x00000000133c0000, 0x00000000143c0000)

Polling page: 0x0000000000350000

CodeCache: size=245760Kb used=328Kb max_used=328Kb free=245431Kb
 bounds [0x0000000002500000, 0x0000000002770000, 0x0000000011500000]
 total_blobs=58 nmethods=0 adapters=38
 compilation: enabled

Compilation events (0 events):
No events

GC Heap History (0 events):
No events

Deoptimization events (0 events):
No events

Internal exceptions (0 events):
No events

Events (10 events):
Event: 0.035 loading class java/lang/Short
Event: 0.035 loading class java/lang/Short done
Event: 0.035 loading class java/lang/Integer
Event: 0.035 loading class java/lang/Integer done
Event: 0.035 loading class java/lang/Long
Event: 0.035 loading class java/lang/Long done
Event: 0.036 loading class java/lang/NullPointerException
Event: 0.036 loading class java/lang/NullPointerException done
Event: 0.036 loading class java/lang/ArithmeticException
Event: 0.036 loading class java/lang/ArithmeticException done


Dynamic libraries:
0x000000013fde0000 - 0x000000013fe17000 	C:\Program Files\Java\jdk1.8.0_131\bin\java.exe
0x00000000772e0000 - 0x000000007747f000 	C:\Windows\SYSTEM32\ntdll.dll
0x00000000771c0000 - 0x00000000772df000 	C:\Windows\system32\kernel32.dll
0x000007fefcef0000 - 0x000007fefcf5a000 	C:\Windows\system32\KERNELBASE.dll
0x000007fefd340000 - 0x000007fefd41b000 	C:\Windows\system32\ADVAPI32.dll
0x000007feff350000 - 0x000007feff3ef000 	C:\Windows\system32\msvcrt.dll
0x000007fefd840000 - 0x000007fefd85f000 	C:\Windows\SYSTEM32\sechost.dll
0x000007fefd500000 - 0x000007fefd62d000 	C:\Windows\system32\RPCRT4.dll
0x00000000770c0000 - 0x00000000771ba000 	C:\Windows\system32\USER32.dll
0x000007feff200000 - 0x000007feff267000 	C:\Windows\system32\GDI32.dll
0x000007fefd330000 - 0x000007fefd33e000 	C:\Windows\system32\LPK.dll
0x000007feff280000 - 0x000007feff34b000 	C:\Windows\system32\USP10.dll
0x000007fefb740000 - 0x000007fefb934000 	C:\Windows\WinSxS\amd64_microsoft.windows.common-controls_6595b64144ccf1df_6.0.7601.18837_none_fa3b1e3d17594757\COMCTL32.dll
0x000007fefd860000 - 0x000007fefd8d1000 	C:\Windows\system32\SHLWAPI.dll
0x000007fefece0000 - 0x000007fefed0e000 	C:\Windows\system32\IMM32.DLL
0x000007fefd730000 - 0x000007fefd839000 	C:\Windows\system32\MSCTF.dll
0x000000005d3d0000 - 0x000000005d4a2000 	C:\Program Files\Java\jdk1.8.0_131\jre\bin\msvcr100.dll
0x000000005cb30000 - 0x000000005d3cc000 	C:\Program Files\Java\jdk1.8.0_131\jre\bin\server\jvm.dll
0x000007fef8570000 - 0x000007fef8579000 	C:\Windows\system32\WSOCK32.dll
0x000007fefd240000 - 0x000007fefd28d000 	C:\Windows\system32\WS2_32.dll
0x0000000000340000 - 0x0000000000348000 	C:\Windows\system32\NSI.dll
0x000007fefa3b0000 - 0x000007fefa3eb000 	C:\Windows\system32\WINMM.dll
0x000007fefbf50000 - 0x000007fefbf5c000 	C:\Windows\system32\VERSION.dll
0x0000000077480000 - 0x0000000077487000 	C:\Windows\system32\PSAPI.DLL
0x00000000673e0000 - 0x00000000673ef000 	C:\Program Files\Java\jdk1.8.0_131\jre\bin\verify.dll
0x0000000066d70000 - 0x0000000066d99000 	C:\Program Files\Java\jdk1.8.0_131\jre\bin\java.dll
0x0000000066db0000 - 0x0000000066dc6000 	C:\Program Files\Java\jdk1.8.0_131\jre\bin\zip.dll

VM Arguments:
jvm_args: -Djava.awt.headless=true -Xmx1024M -Dfile.encoding=windows-31j -Duser.country=JP -Duser.language=ja -Duser.variant 
java_command: com.android.dx.command.Main --dex --force-jumbo --num-threads=4 --multi-dex --output D:\Project\shouhin_irekae\Android\ProductChange\app\build\intermediates\transforms\dex\debug\folders\1000\5\slice_8 D:\Project\shouhin_irekae\Android\ProductChange\app\build\intermediates\transforms\instantRunSlicer\debug\folders\1\5\slice_8
java_class_path (initial): C:\Users\cong-pv\AppData\Local\Android\Sdk\build-tools\25.0.0\lib\dx.jar
Launcher Type: SUN_STANDARD

Environment Variables:
JAVA_HOME=C:\Program Files\Java\jdk1.8.0_131
PATH=C:\Program Files (x86)\Common Files\Oracle\Java\javapath;C:\ProgramData\Oracle\Java\javapath;C:\Program Files (x86)\Intel\iCLS Client\;C:\Program Files\Intel\iCLS Client\;C:\Windows\system32;C:\Windows;C:\Windows\System32\Wbem;C:\Windows\System32\WindowsPowerShell\v1.0\;C:\Program Files (x86)\Intel\UCRT\;C:\Program Files\TortoiseSVN\bin;C:\Users\User\.dnx\bin;C:\Program Files\Microsoft DNX\Dnvm\;C:\Program Files (x86)\Windows Kits\8.1\Windows Performance Toolkit\;C:\Program Files\Microsoft SQL Server\130\Tools\Binn\;C:\Program Files\Git\cmd;C:\Program Files\Microsoft SQL Server\120\Tools\Binn\;C:\Program Files\Microsoft SQLServer\Client SDK\ODBC\110\Tools\Binn\;C:\Program Files (x86)\Microsoft SQL Server\120\Tools\Binn\;C:\Program Files\Microsoft SQL Server\120\DTS\Binn\;C:\Program Files (x86)\Microsoft SQL Server\120\Tools\Binn\ManagementStudio\;C:\ProgramFiles (x86)\Microsoft SQL Server\120\DTS\Binn\;C:\Program Files\Intel\UCRT\;C:\Program Files (x86)\Intel\Intel(R) Management Engine Components\DAL;C:\Program Files\Intel\Intel(R) Management Engine Components\DAL;C:\Program Files (x86)\Intel\Intel(R) Management Engine Components\IPT;C:\Program Files\Intel\Intel(R) Management Engine Components\IPT;c:\Program Files\Microsoft SQL Server\Client SDK\ODBC\110\Tools\Binn\;c:\Program Files (x86)\Microsoft SQL Server\120\DTS\Binn\;C:\Program Files\Java\jdk1.8.0_131\bin;C:\Program Files\TortoiseGit\bin;C:\Go\bin;C:\Users\cong-pv\go\bin
USERNAME=cong-pv
OS=Windows_NT
PROCESSOR_IDENTIFIER=Intel64 Family 6 Model 94 Stepping 3, GenuineIntel



---------------  S Y S T E M  ---------------

OS: Windows 7 , 64 bit Build 7601 (6.1.7601.24214)

CPU:total 4 (initial active 4) (4 cores per cpu, 1 threads per core) family 6 model 94 stepping 3, cmov, cx8, fxsr, mmx, sse, sse2, sse3, ssse3, sse4.1, sse4.2, popcnt, avx, avx2, aes, clmul, erms, rtm, 3dnowpref, lzcnt, tsc, tscinvbit, bmi1, bmi2, adx

Memory: 4k page, physical 12451892k(1992284k free), swap 12449992k(2396k free)

vm_info: Java HotSpot(TM) 64-Bit Server VM (25.131-b11) for windows-amd64 JRE (1.8.0_131-b11), built on Mar 15 2017 01:23:53 by "java_re" with MS VC++ 10.0 (VS2010)

time: Wed Sep 05 15:08:19 2018
elapsed time: 0 seconds (0d 0h 0m 0s)

