#
# There is insufficient memory for the Java Runtime Environment to continue.
# Native memory allocation (malloc) failed to allocate 32744 bytes for ChunkPool::allocate
# Possible reasons:
#   The system is out of physical RAM or swap space
#   In 32 bit mode, the process size limit was hit
# Possible solutions:
#   Reduce memory load on the system
#   Increase physical memory or swap space
#   Check if swap backing store is full
#   Use 64 bit Java on a 64 bit OS
#   Decrease Java heap size (-Xmx/-Xms)
#   Decrease number of Java threads
#   Decrease Java thread stack sizes (-Xss)
#   Set larger code cache with -XX:ReservedCodeCacheSize=
# This output file may be truncated or incomplete.
#
#  Out of Memory Error (allocation.cpp:273), pid=1108, tid=0x00000000000010e0
#
# JRE version: Java(TM) SE Runtime Environment (8.0_131-b11) (build 1.8.0_131-b11)
# Java VM: Java HotSpot(TM) 64-Bit Server VM (25.131-b11 mixed mode windows-amd64 compressed oops)
# Failed to write core dump. Minidumps are not enabled by default on client versions of Windows
#

---------------  T H R E A D  ---------------

Current thread (0x0000000056462800):  JavaThread "C1 CompilerThread2" daemon [_thread_in_native, id=4320, stack(0x0000000056d90000,0x0000000056e90000)]

Stack: [0x0000000056d90000,0x0000000056e90000]
[error occurred during error reporting (printing stack bounds), id 0xc0000005]

Native frames: (J=compiled Java code, j=interpreted, Vv=VM code, C=native code)


Current CompileTask:
C1:    277  161   !   3      
[error occurred during error reporting (printing current compile task), id 0xe0000001]


---------------  P R O C E S S  ---------------

Java Threads: ( => current thread )
  0x0000000056571800 JavaThread "pool-3-thread-1" [_thread_blocked, id=12708, stack(0x00000000575a0000,0x00000000576a0000)]
  0x000000005656c800 JavaThread "pool-2-thread-1" [_thread_blocked, id=8556, stack(0x0000000057450000,0x0000000057550000)]
  0x0000000056468000 JavaThread "Service Thread" daemon [_thread_blocked, id=8608, stack(0x0000000055d90000,0x0000000055e90000)]
=>0x0000000056462800 JavaThread "C1 CompilerThread2" daemon [_thread_in_native, id=4320, stack(0x0000000056d90000,0x0000000056e90000)]
  0x0000000056403000 JavaThread "C2 CompilerThread1" daemon [_thread_blocked, id=12368, stack(0x0000000056c60000,0x0000000056d60000)]
  0x00000000563ff000 JavaThread "C2 CompilerThread0" daemon [_thread_blocked, id=9960, stack(0x0000000056af0000,0x0000000056bf0000)]
  0x00000000563fb800 JavaThread "Attach Listener" daemon [_thread_blocked, id=10180, stack(0x00000000569b0000,0x0000000056ab0000)]
  0x00000000563fa800 JavaThread "Signal Dispatcher" daemon [_thread_blocked, id=6620, stack(0x0000000056830000,0x0000000056930000)]
  0x0000000054d2a000 JavaThread "Finalizer" daemon [_thread_blocked, id=10924, stack(0x0000000055ff0000,0x00000000560f0000)]
  0x0000000054ce2800 JavaThread "Reference Handler" daemon [_thread_blocked, id=13168, stack(0x00000000560f0000,0x00000000561f0000)]
  0x000000000230e800 JavaThread "main" [_thread_in_Java, id=2856, stack(0x00000000023b0000,0x00000000024b0000)]

Other Threads:
  0x0000000054cdb000 VMThread [stack: 0x0000000055ec0000,0x0000000055fc0000] [id=2932]
  0x00000000564b6000 WatcherThread [stack: 0x0000000056ff0000,0x00000000570f0000] [id=10356]

VM state:not at safepoint (normal execution)

VM Mutex/Monitor currently owned by a thread: None

Heap:
 PSYoungGen      total 57344K, used 5905K [0x00000000eab00000, 0x00000000eeb00000, 0x0000000100000000)
  eden space 49152K, 12% used [0x00000000eab00000,0x00000000eb0c4558,0x00000000edb00000)
  from space 8192K, 0% used [0x00000000ee300000,0x00000000ee300000,0x00000000eeb00000)
  to   space 8192K, 0% used [0x00000000edb00000,0x00000000edb00000,0x00000000ee300000)
 ParOldGen       total 131072K, used 0K [0x00000000c0000000, 0x00000000c8000000, 0x00000000eab00000)
  object space 131072K, 0% used [0x00000000c0000000,0x00000000c0000000,0x00000000c8000000)
 Metaspace       used 4071K, capacity 5168K, committed 5376K, reserved 1060864K
  class space    used 464K, capacity 488K, committed 512K, reserved 1048576K

Card table byte_map: [0x0000000011870000,0x0000000011a80000] byte_map_base: 0x0000000011270000

Marking Bits: (ParMarkBitMap*) 0x000000005c8bc720
 Begin Bits: [0x0000000012150000, 0x0000000013150000)
 End Bits:   [0x0000000013150000, 0x0000000014150000)

Polling page: 0x0000000000140000

CodeCache: size=245760Kb used=1352Kb max_used=1359Kb free=244407Kb
 bounds [0x00000000024b0000, 0x0000000002720000, 0x00000000114b0000]
 total_blobs=414 nmethods=160 adapters=167
 compilation: enabled

Compilation events (10 events):
Event: 0.270 Thread 0x0000000056462800 nmethod 156 0x0000000002602850 code [0x0000000002602a00, 0x0000000002603118]
Event: 0.272 Thread 0x0000000056403000  157       4       java.lang.Math::min (11 bytes)
Event: 0.273 Thread 0x0000000056403000 nmethod 157 0x0000000002601150 code [0x0000000002601280, 0x00000000026012d8]
Event: 0.273 Thread 0x0000000056462800  158       3       java.util.jar.Attributes$Name::hashCode (24 bytes)
Event: 0.273 Thread 0x0000000056462800 nmethod 158 0x0000000002600b90 code [0x0000000002600d00, 0x0000000002600ec8]
Event: 0.275 Thread 0x0000000056462800  159       1       com.android.dx.rop.cst.CstString::isCategory2 (2 bytes)
Event: 0.275 Thread 0x0000000056462800 nmethod 159 0x00000000026008d0 code [0x0000000002600a20, 0x0000000002600b30]
Event: 0.275 Thread 0x0000000056462800  160       3       com.android.dx.util.MutabilityControl::throwIfImmutable (18 bytes)
Event: 0.275 Thread 0x0000000056462800 nmethod 160 0x0000000002602390 code [0x0000000002602500, 0x0000000002602768]
Event: 0.275 Thread 0x0000000056462800  161   !   3       com.android.dx.cf.cst.ConstantPoolParser::parse0 (731 bytes)

GC Heap History (0 events):
No events

Deoptimization events (0 events):
No events

Internal exceptions (4 events):
Event: 0.066 Thread 0x000000000230e800 Exception <a 'java/lang/NoSuchMethodError': Method sun.misc.Unsafe.defineClass(Ljava/lang/String;[BII)Ljava/lang/Class; name or signature does not match> (0x00000000eab07ca8) thrown at [C:\re\workspace\8-2-build-windows-amd64-cygwin\jdk8u131\8869\hotspot\
Event: 0.067 Thread 0x000000000230e800 Exception <a 'java/lang/NoSuchMethodError': Method sun.misc.Unsafe.prefetchRead(Ljava/lang/Object;J)V name or signature does not match> (0x00000000eab07f90) thrown at [C:\re\workspace\8-2-build-windows-amd64-cygwin\jdk8u131\8869\hotspot\src\share\vm\prims
Event: 0.274 Thread 0x000000005656c800 Exception <a 'java/lang/OutOfMemoryError'> (0x00000000eaf683b0) thrown at [C:\re\workspace\8-2-build-windows-amd64-cygwin\jdk8u131\8869\hotspot\src\share\vm\prims\jni.cpp, line 735]
Event: 0.274 Thread 0x000000005656c800 Exception <a 'java/lang/OutOfMemoryError'> (0x00000000eaf683b0) thrown at [C:\re\workspace\8-2-build-windows-amd64-cygwin\jdk8u131\8869\hotspot\src\share\vm\prims\jvm.cpp, line 1394]

Events (10 events):
Event: 0.272 loading class com/android/dx/dex/file/IdItem
Event: 0.272 loading class com/android/dx/dex/file/IdItem done
Event: 0.273 loading class com/android/dx/cf/code/ConcreteMethod
Event: 0.273 loading class com/android/dx/cf/code/ConcreteMethod done
Event: 0.273 loading class com/android/dx/rop/code/DexTranslationAdvice
Event: 0.273 loading class com/android/dx/rop/code/DexTranslationAdvice done
Event: 0.273 loading class com/android/dx/cf/code/Ropper
Event: 0.273 loading class com/android/dx/cf/code/Ropper done
Event: 0.274 loading class java/security/PrivilegedActionException
Event: 0.274 loading class java/security/PrivilegedActionException done


Dynamic libraries:
0x000000013f3b0000 - 0x000000013f3e7000 	C:\Program Files\Java\jdk1.8.0_131\bin\java.exe
0x00000000771c0000 - 0x000000007735f000 	C:\Windows\SYSTEM32\ntdll.dll
0x00000000770a0000 - 0x00000000771bf000 	C:\Windows\system32\kernel32.dll
0x000007fefcd80000 - 0x000007fefcdea000 	C:\Windows\system32\KERNELBASE.dll
0x000007fefd170000 - 0x000007fefd24b000 	C:\Windows\system32\ADVAPI32.dll
0x000007fefe7e0000 - 0x000007fefe87f000 	C:\Windows\system32\msvcrt.dll
0x000007fefe700000 - 0x000007fefe71f000 	C:\Windows\SYSTEM32\sechost.dll
0x000007fefe300000 - 0x000007fefe42d000 	C:\Windows\system32\RPCRT4.dll
0x0000000076fa0000 - 0x000000007709a000 	C:\Windows\system32\USER32.dll
0x000007feff150000 - 0x000007feff1b7000 	C:\Windows\system32\GDI32.dll
0x000007feff260000 - 0x000007feff26e000 	C:\Windows\system32\LPK.dll
0x000007fefeef0000 - 0x000007fefefbb000 	C:\Windows\system32\USP10.dll
0x000007fefb620000 - 0x000007fefb814000 	C:\Windows\WinSxS\amd64_microsoft.windows.common-controls_6595b64144ccf1df_6.0.7601.18837_none_fa3b1e3d17594757\COMCTL32.dll
0x000007fefee70000 - 0x000007fefeee1000 	C:\Windows\system32\SHLWAPI.dll
0x000007fefe2d0000 - 0x000007fefe2fe000 	C:\Windows\system32\IMM32.DLL
0x000007fefefc0000 - 0x000007feff0c9000 	C:\Windows\system32\MSCTF.dll
0x000000005c940000 - 0x000000005ca12000 	C:\Program Files\Java\jdk1.8.0_131\jre\bin\msvcr100.dll
0x000000005c0a0000 - 0x000000005c93c000 	C:\Program Files\Java\jdk1.8.0_131\jre\bin\server\jvm.dll
0x000007fef7ff0000 - 0x000007fef7ff9000 	C:\Windows\system32\WSOCK32.dll
0x000007fefd120000 - 0x000007fefd16d000 	C:\Windows\system32\WS2_32.dll
0x000007fefd530000 - 0x000007fefd538000 	C:\Windows\system32\NSI.dll
0x000007fef9510000 - 0x000007fef954b000 	C:\Windows\system32\WINMM.dll
0x000007fefbe30000 - 0x000007fefbe3c000 	C:\Windows\system32\VERSION.dll
0x0000000077370000 - 0x0000000077377000 	C:\Windows\system32\PSAPI.DLL
0x000000006aaa0000 - 0x000000006aaaf000 	C:\Program Files\Java\jdk1.8.0_131\jre\bin\verify.dll
0x000000006aa70000 - 0x000000006aa99000 	C:\Program Files\Java\jdk1.8.0_131\jre\bin\java.dll
0x00000000620d0000 - 0x00000000620e6000 	C:\Program Files\Java\jdk1.8.0_131\jre\bin\zip.dll
0x000007fefd540000 - 0x000007fefe2cb000 	C:\Windows\system32\SHELL32.dll
0x00000000561f0000 - 0x00000000563ed000 	C:\Windows\system32\ole32.dll
0x000007fefcd60000 - 0x000007fefcd6f000 	C:\Windows\system32\profapi.dll

VM Arguments:
jvm_args: -Djava.awt.headless=true -Xmx1024M -Dfile.encoding=windows-31j -Duser.country=JP -Duser.language=ja -Duser.variant 
java_command: com.android.dx.command.Main --dex --force-jumbo --num-threads=4 --multi-dex --output D:\Project\shouhin_irekae\Android\ProductChange\app\build\intermediates\transforms\dex\debug\folders\1000\5\slice_7 D:\Project\shouhin_irekae\Android\ProductChange\app\build\intermediates\transforms\instantRunSlicer\debug\folders\1\5\slice_7
java_class_path (initial): C:\Users\cong-pv\AppData\Local\Android\Sdk\build-tools\25.0.0\lib\dx.jar
Launcher Type: SUN_STANDARD

Environment Variables:
JAVA_HOME=C:\Program Files\Java\jdk1.8.0_131
PATH=C:\Program Files (x86)\Common Files\Oracle\Java\javapath;C:\ProgramData\Oracle\Java\javapath;C:\Program Files (x86)\Intel\iCLS Client\;C:\Program Files\Intel\iCLS Client\;C:\Windows\system32;C:\Windows;C:\Windows\System32\Wbem;C:\Windows\System32\WindowsPowerShell\v1.0\;C:\Program Files (x86)\Intel\UCRT\;C:\Program Files\TortoiseSVN\bin;C:\Users\User\.dnx\bin;C:\Program Files\Microsoft DNX\Dnvm\;C:\Program Files (x86)\Windows Kits\8.1\Windows Performance Toolkit\;C:\Program Files\Microsoft SQL Server\130\Tools\Binn\;C:\Program Files\Git\cmd;C:\Program Files\Microsoft SQL Server\120\Tools\Binn\;C:\Program Files\Microsoft SQLServer\Client SDK\ODBC\110\Tools\Binn\;C:\Program Files (x86)\Microsoft SQL Server\120\Tools\Binn\;C:\Program Files\Microsoft SQL Server\120\DTS\Binn\;C:\Program Files (x86)\Microsoft SQL Server\120\Tools\Binn\ManagementStudio\;C:\ProgramFiles (x86)\Microsoft SQL Server\120\DTS\Binn\;C:\Program Files\Intel\UCRT\;C:\Program Files (x86)\Intel\Intel(R) Management Engine Components\DAL;C:\Program Files\Intel\Intel(R) Management Engine Components\DAL;C:\Program Files (x86)\Intel\Intel(R) Management Engine Components\IPT;C:\Program Files\Intel\Intel(R) Management Engine Components\IPT;c:\Program Files\Microsoft SQL Server\Client SDK\ODBC\110\Tools\Binn\;c:\Program Files (x86)\Microsoft SQL Server\120\DTS\Binn\;C:\Program Files\Java\jdk1.8.0_131\bin;C:\Program Files\TortoiseGit\bin;C:\Go\bin;C:\Users\cong-pv\go\bin
USERNAME=cong-pv
OS=Windows_NT
PROCESSOR_IDENTIFIER=Intel64 Family 6 Model 94 Stepping 3, GenuineIntel



---------------  S Y S T E M  ---------------

OS: Windows 7 , 64 bit Build 7601 (6.1.7601.24214)

CPU:total 4 (initial active 4) (4 cores per cpu, 1 threads per core) family 6 model 94 stepping 3, cmov, cx8, fxsr, mmx, sse, sse2, sse3, ssse3, sse4.1, sse4.2, popcnt, avx, avx2, aes, clmul, erms, rtm, 3dnowpref, lzcnt, tsc, tscinvbit, bmi1, bmi2, adx

Memory: 4k page, physical 12451892k(3079080k free), swap 12449992k(5028k free)

vm_info: Java HotSpot(TM) 64-Bit Server VM (25.131-b11) for windows-amd64 JRE (1.8.0_131-b11), built on Mar 15 2017 01:23:53 by "java_re" with MS VC++ 10.0 (VS2010)

time: Thu Sep 06 17:49:25 2018
elapsed time: 0 seconds (0d 0h 0m 0s)

