#
# There is insufficient memory for the Java Runtime Environment to continue.
# Native memory allocation (malloc) failed to allocate 32744 bytes for ChunkPool::allocate
# Possible reasons:
#   The system is out of physical RAM or swap space
#   In 32 bit mode, the process size limit was hit
# Possible solutions:
#   Reduce memory load on the system
#   Increase physical memory or swap space
#   Check if swap backing store is full
#   Use 64 bit Java on a 64 bit OS
#   Decrease Java heap size (-Xmx/-Xms)
#   Decrease number of Java threads
#   Decrease Java thread stack sizes (-Xss)
#   Set larger code cache with -XX:ReservedCodeCacheSize=
# This output file may be truncated or incomplete.
#
#  Out of Memory Error (allocation.cpp:273), pid=2460, tid=0x000000000000253c
#
# JRE version: Java(TM) SE Runtime Environment (8.0_131-b11) (build 1.8.0_131-b11)
# Java VM: Java HotSpot(TM) 64-Bit Server VM (25.131-b11 mixed mode windows-amd64 compressed oops)
# Failed to write core dump. Minidumps are not enabled by default on client versions of Windows
#

---------------  T H R E A D  ---------------

Current thread (0x00000000561f9000):  JavaThread "C1 CompilerThread2" daemon [_thread_in_native, id=9532, stack(0x0000000056ce0000,0x0000000056de0000)]

Stack: [0x0000000056ce0000,0x0000000056de0000]
[error occurred during error reporting (printing stack bounds), id 0xc0000005]

Native frames: (J=compiled Java code, j=interpreted, Vv=VM code, C=native code)


Current CompileTask:
C1:   3258 1509       2       com.android.dx.ssa.ConstCollector$1::compare (42 bytes)


---------------  P R O C E S S  ---------------

Java Threads: ( => current thread )
  0x0000000056473800 JavaThread "pool-2-thread-4" [_thread_in_Java, id=10816, stack(0x0000000057610000,0x0000000057710000)]
  0x000000005635e800 JavaThread "pool-2-thread-3" [_thread_blocked, id=3836, stack(0x00000000574d0000,0x00000000575d0000)]
  0x0000000056343000 JavaThread "pool-2-thread-2" [_thread_blocked, id=6692, stack(0x00000000572f0000,0x00000000573f0000)]
  0x0000000056346000 JavaThread "pool-3-thread-1" [_thread_blocked, id=12156, stack(0x0000000056e50000,0x0000000056f50000)]
  0x00000000562f0800 JavaThread "pool-2-thread-1" [_thread_blocked, id=11420, stack(0x0000000057150000,0x0000000057250000)]
  0x0000000056202800 JavaThread "Service Thread" daemon [_thread_blocked, id=10888, stack(0x0000000056620000,0x0000000056720000)]
=>0x00000000561f9000 JavaThread "C1 CompilerThread2" daemon [_thread_in_native, id=9532, stack(0x0000000056ce0000,0x0000000056de0000)]
  0x00000000561f8000 JavaThread "C2 CompilerThread1" daemon [_thread_in_native, id=11796, stack(0x0000000056b90000,0x0000000056c90000)]
  0x00000000561a1000 JavaThread "C2 CompilerThread0" daemon [_thread_in_native, id=10968, stack(0x0000000056a90000,0x0000000056b90000)]
  0x000000005619d800 JavaThread "Attach Listener" daemon [_thread_blocked, id=2068, stack(0x0000000056920000,0x0000000056a20000)]
  0x000000005619c800 JavaThread "Signal Dispatcher" daemon [_thread_blocked, id=12176, stack(0x0000000056720000,0x0000000056820000)]
  0x0000000054d4a000 JavaThread "Finalizer" daemon [_thread_blocked, id=9036, stack(0x0000000055f80000,0x0000000056080000)]
  0x0000000054d02800 JavaThread "Reference Handler" daemon [_thread_blocked, id=3108, stack(0x0000000056090000,0x0000000056190000)]
  0x0000000001ece800 JavaThread "main" [_thread_in_native, id=8816, stack(0x00000000024f0000,0x00000000025f0000)]

Other Threads:
  0x0000000054cfb000 VMThread [stack: 0x0000000055db0000,0x0000000055eb0000] [id=11720]
  0x000000005623e000 WatcherThread [stack: 0x0000000056f60000,0x0000000057060000] [id=12056]

VM state:not at safepoint (normal execution)

VM Mutex/Monitor currently owned by a thread: None

Heap:
 PSYoungGen      total 106496K, used 28186K [0x00000000eab00000, 0x00000000f1b00000, 0x0000000100000000)
  eden space 98304K, 20% used [0x00000000eab00000,0x00000000ebe87cd8,0x00000000f0b00000)
  from space 8192K, 99% used [0x00000000f1300000,0x00000000f1afed98,0x00000000f1b00000)
  to   space 8192K, 0% used [0x00000000f0b00000,0x00000000f0b00000,0x00000000f1300000)
 ParOldGen       total 131072K, used 3506K [0x00000000c0000000, 0x00000000c8000000, 0x00000000eab00000)
  object space 131072K, 2% used [0x00000000c0000000,0x00000000c036ca00,0x00000000c8000000)
 Metaspace       used 6006K, capacity 7000K, committed 7168K, reserved 1056768K
  class space    used 604K, capacity 656K, committed 768K, reserved 1048576K

Card table byte_map: [0x00000000119b0000,0x0000000011bc0000] byte_map_base: 0x00000000113b0000

Marking Bits: (ParMarkBitMap*) 0x000000005d34c720
 Begin Bits: [0x0000000012170000, 0x0000000013170000)
 End Bits:   [0x0000000013170000, 0x0000000014170000)

Polling page: 0x0000000000350000

CodeCache: size=245760Kb used=6440Kb max_used=6454Kb free=239319Kb
 bounds [0x00000000025f0000, 0x0000000002c50000, 0x00000000115f0000]
 total_blobs=1733 nmethods=1470 adapters=176
 compilation: enabled

Compilation events (10 events):
Event: 3.224 Thread 0x00000000561f9000 nmethod 1504 0x0000000002c2d490 code [0x0000000002c2d5e0, 0x0000000002c2d770]
Event: 3.224 Thread 0x00000000561f9000 1505       2       com.android.dx.rop.type.Type::asUninitialized (140 bytes)
Event: 3.225 Thread 0x00000000561f9000 nmethod 1505 0x0000000002c2bdd0 code [0x0000000002c2c040, 0x0000000002c2cc28]
Event: 3.225 Thread 0x00000000561f9000 1506       2       com.android.dx.ssa.LiteralOpUpgrader$1::visitNonMoveInsn (203 bytes)
Event: 3.226 Thread 0x00000000561f9000 nmethod 1506 0x0000000002c3bb50 code [0x0000000002c3bea0, 0x0000000002c3ccc8]
Event: 3.234 Thread 0x00000000561f8000 nmethod 1479 0x0000000002c42050 code [0x0000000002c42220, 0x0000000002c433d8]
Event: 3.234 Thread 0x00000000561f8000 1490       4       com.android.dx.rop.code.LocalVariableExtractor::processBlock (327 bytes)
Event: 3.256 Thread 0x00000000561f9000 1508       2       com.android.dx.ssa.ConstCollector$1::compare (13 bytes)
Event: 3.256 Thread 0x00000000561f9000 nmethod 1508 0x0000000002c2b9d0 code [0x0000000002c2bb40, 0x0000000002c2bd08]
Event: 3.256 Thread 0x00000000561f9000 1509       2       com.android.dx.ssa.ConstCollector$1::compare (42 bytes)

GC Heap History (4 events):
Event: 2.335 GC heap before
{Heap before GC invocations=1 (full 0):
 PSYoungGen      total 57344K, used 49152K [0x00000000eab00000, 0x00000000eeb00000, 0x0000000100000000)
  eden space 49152K, 100% used [0x00000000eab00000,0x00000000edb00000,0x00000000edb00000)
  from space 8192K, 0% used [0x00000000ee300000,0x00000000ee300000,0x00000000eeb00000)
  to   space 8192K, 0% used [0x00000000edb00000,0x00000000edb00000,0x00000000ee300000)
 ParOldGen       total 131072K, used 0K [0x00000000c0000000, 0x00000000c8000000, 0x00000000eab00000)
  object space 131072K, 0% used [0x00000000c0000000,0x00000000c0000000,0x00000000c8000000)
 Metaspace       used 5917K, capacity 6904K, committed 7040K, reserved 1056768K
  class space    used 601K, capacity 624K, committed 640K, reserved 1048576K
Event: 2.383 GC heap after
Heap after GC invocations=1 (full 0):
 PSYoungGen      total 57344K, used 7295K [0x00000000eab00000, 0x00000000f1b00000, 0x0000000100000000)
  eden space 49152K, 0% used [0x00000000eab00000,0x00000000eab00000,0x00000000edb00000)
  from space 8192K, 89% used [0x00000000edb00000,0x00000000ee21fd28,0x00000000ee300000)
  to   space 8192K, 0% used [0x00000000f1300000,0x00000000f1300000,0x00000000f1b00000)
 ParOldGen       total 131072K, used 16K [0x00000000c0000000, 0x00000000c8000000, 0x00000000eab00000)
  object space 131072K, 0% used [0x00000000c0000000,0x00000000c0004000,0x00000000c8000000)
 Metaspace       used 5917K, capacity 6904K, committed 7040K, reserved 1056768K
  class space    used 601K, capacity 624K, committed 640K, reserved 1048576K
}
Event: 2.906 GC heap before
{Heap before GC invocations=2 (full 0):
 PSYoungGen      total 57344K, used 56447K [0x00000000eab00000, 0x00000000f1b00000, 0x0000000100000000)
  eden space 49152K, 100% used [0x00000000eab00000,0x00000000edb00000,0x00000000edb00000)
  from space 8192K, 89% used [0x00000000edb00000,0x00000000ee21fd28,0x00000000ee300000)
  to   space 8192K, 0% used [0x00000000f1300000,0x00000000f1300000,0x00000000f1b00000)
 ParOldGen       total 131072K, used 16K [0x00000000c0000000, 0x00000000c8000000, 0x00000000eab00000)
  object space 131072K, 0% used [0x00000000c0000000,0x00000000c0004000,0x00000000c8000000)
 Metaspace       used 5993K, capacity 7000K, committed 7168K, reserved 1056768K
  class space    used 604K, capacity 656K, committed 768K, reserved 1048576K
Event: 2.931 GC heap after
Heap after GC invocations=2 (full 0):
 PSYoungGen      total 106496K, used 8187K [0x00000000eab00000, 0x00000000f1b00000, 0x0000000100000000)
  eden space 98304K, 0% used [0x00000000eab00000,0x00000000eab00000,0x00000000f0b00000)
  from space 8192K, 99% used [0x00000000f1300000,0x00000000f1afed98,0x00000000f1b00000)
  to   space 8192K, 0% used [0x00000000f0b00000,0x00000000f0b00000,0x00000000f1300000)
 ParOldGen       total 131072K, used 3506K [0x00000000c0000000, 0x00000000c8000000, 0x00000000eab00000)
  object space 131072K, 2% used [0x00000000c0000000,0x00000000c036ca00,0x00000000c8000000)
 Metaspace       used 5993K, capacity 7000K, committed 7168K, reserved 1056768K
  class space    used 604K, capacity 656K, committed 768K, reserved 1048576K
}

Deoptimization events (10 events):
Event: 2.411 Thread 0x0000000056473800 Uncommon trap: reason=unstable_if action=reinterpret pc=0x0000000002ac6870 method=com.android.dx.rop.code.DexTranslationAdvice.requiresSourcesInOrder(Lcom/android/dx/rop/code/Rop;Lcom/android/dx/rop/code/RegisterSpecList;)Z @ 21
Event: 2.412 Thread 0x0000000056473800 Uncommon trap: reason=unstable_if action=reinterpret pc=0x0000000002ac9a18 method=com.android.dx.rop.code.DexTranslationAdvice.requiresSourcesInOrder(Lcom/android/dx/rop/code/Rop;Lcom/android/dx/rop/code/RegisterSpecList;)Z @ 21
Event: 2.433 Thread 0x00000000562f0800 Uncommon trap: reason=bimorphic action=maybe_recompile pc=0x0000000002b18c50 method=com.android.dx.cf.code.Merger.mergeType(Lcom/android/dx/rop/type/TypeBearer;Lcom/android/dx/rop/type/TypeBearer;)Lcom/android/dx/rop/type/TypeBearer; @ 6
Event: 2.435 Thread 0x0000000056343000 Uncommon trap: reason=null_check action=make_not_entrant pc=0x0000000002ab04f4 method=com.android.dx.ssa.SsaRenamer.getLocalForNewReg(I)Lcom/android/dx/rop/code/LocalItem; @ 19
Event: 2.581 Thread 0x000000005635e800 Uncommon trap: reason=bimorphic action=maybe_recompile pc=0x0000000002b18c50 method=com.android.dx.cf.code.Merger.mergeType(Lcom/android/dx/rop/type/TypeBearer;Lcom/android/dx/rop/type/TypeBearer;)Lcom/android/dx/rop/type/TypeBearer; @ 6
Event: 2.584 Thread 0x000000005635e800 Uncommon trap: reason=unstable_if action=reinterpret pc=0x00000000028d1004 method=com.android.dx.rop.cst.Constant.compareTo(Lcom/android/dx/rop/cst/Constant;)I @ 12
Event: 2.608 Thread 0x000000005635e800 Uncommon trap: reason=unstable_if action=reinterpret pc=0x0000000002b7e08c method=com.android.dx.cf.code.RopperMachine.run(Lcom/android/dx/cf/code/Frame;II)V @ 1019
Event: 2.620 Thread 0x000000005635e800 Uncommon trap: reason=bimorphic action=maybe_recompile pc=0x0000000002b18c50 method=com.android.dx.cf.code.Merger.mergeType(Lcom/android/dx/rop/type/TypeBearer;Lcom/android/dx/rop/type/TypeBearer;)Lcom/android/dx/rop/type/TypeBearer; @ 6
Event: 2.621 Thread 0x000000005635e800 Uncommon trap: reason=bimorphic action=maybe_recompile pc=0x0000000002b18c50 method=com.android.dx.cf.code.Merger.mergeType(Lcom/android/dx/rop/type/TypeBearer;Lcom/android/dx/rop/type/TypeBearer;)Lcom/android/dx/rop/type/TypeBearer; @ 6
Event: 3.225 Thread 0x0000000056473800 Uncommon trap: reason=unstable_if action=reinterpret pc=0x0000000002bc958c method=com.android.dx.ssa.LiteralOpUpgrader$1.visitNonMoveInsn(Lcom/android/dx/ssa/NormalSsaInsn;)V @ 151

Internal exceptions (3 events):
Event: 0.040 Thread 0x0000000001ece800 Exception <a 'java/lang/NoSuchMethodError': Method sun.misc.Unsafe.defineClass(Ljava/lang/String;[BII)Ljava/lang/Class; name or signature does not match> (0x00000000eab07ca8) thrown at [C:\re\workspace\8-2-build-windows-amd64-cygwin\jdk8u131\8869\hotspot\
Event: 0.040 Thread 0x0000000001ece800 Exception <a 'java/lang/NoSuchMethodError': Method sun.misc.Unsafe.prefetchRead(Ljava/lang/Object;J)V name or signature does not match> (0x00000000eab07f90) thrown at [C:\re\workspace\8-2-build-windows-amd64-cygwin\jdk8u131\8869\hotspot\src\share\vm\prims
Event: 2.435 Thread 0x0000000056343000 Implicit null exception at 0x0000000002aaf875 to 0x0000000002ab04d1

Events (10 events):
Event: 2.931 Executing VM operation: ParallelGCFailedAllocation done
Event: 2.963 Thread 0x00000000562f0800 DEOPT PACKING pc=0x0000000002b04a61 sp=0x000000005724e840
Event: 2.963 Thread 0x00000000562f0800 DEOPT UNPACKING pc=0x000000000263787f sp=0x000000005724e688 mode 0
Event: 3.224 Thread 0x0000000056473800 DEOPT PACKING pc=0x0000000002b04a61 sp=0x000000005770e5c0
Event: 3.224 Thread 0x0000000056473800 DEOPT UNPACKING pc=0x000000000263787f sp=0x000000005770e408 mode 0
Event: 3.225 Thread 0x0000000056473800 DEOPT PACKING pc=0x0000000002a31cf1 sp=0x000000005770e6a0
Event: 3.225 Thread 0x0000000056473800 DEOPT UNPACKING pc=0x000000000263787f sp=0x000000005770e418 mode 0
Event: 3.225 Thread 0x0000000056473800 Uncommon trap: trap_request=0xffffff65 fr.pc=0x0000000002bc958c
Event: 3.225 Thread 0x0000000056473800 DEOPT PACKING pc=0x0000000002bc958c sp=0x000000005770e4f0
Event: 3.225 Thread 0x0000000056473800 DEOPT UNPACKING pc=0x000000000263582a sp=0x000000005770e4f0 mode 2


Dynamic libraries:
0x000000013fde0000 - 0x000000013fe17000 	C:\Program Files\Java\jdk1.8.0_131\bin\java.exe
0x00000000772e0000 - 0x000000007747f000 	C:\Windows\SYSTEM32\ntdll.dll
0x00000000771c0000 - 0x00000000772df000 	C:\Windows\system32\kernel32.dll
0x000007fefcef0000 - 0x000007fefcf5a000 	C:\Windows\system32\KERNELBASE.dll
0x000007fefd340000 - 0x000007fefd41b000 	C:\Windows\system32\ADVAPI32.dll
0x000007feff350000 - 0x000007feff3ef000 	C:\Windows\system32\msvcrt.dll
0x000007fefd840000 - 0x000007fefd85f000 	C:\Windows\SYSTEM32\sechost.dll
0x000007fefd500000 - 0x000007fefd62d000 	C:\Windows\system32\RPCRT4.dll
0x00000000770c0000 - 0x00000000771ba000 	C:\Windows\system32\USER32.dll
0x000007feff200000 - 0x000007feff267000 	C:\Windows\system32\GDI32.dll
0x000007fefd330000 - 0x000007fefd33e000 	C:\Windows\system32\LPK.dll
0x000007feff280000 - 0x000007feff34b000 	C:\Windows\system32\USP10.dll
0x000007fefb740000 - 0x000007fefb934000 	C:\Windows\WinSxS\amd64_microsoft.windows.common-controls_6595b64144ccf1df_6.0.7601.18837_none_fa3b1e3d17594757\COMCTL32.dll
0x000007fefd860000 - 0x000007fefd8d1000 	C:\Windows\system32\SHLWAPI.dll
0x000007fefece0000 - 0x000007fefed0e000 	C:\Windows\system32\IMM32.DLL
0x000007fefd730000 - 0x000007fefd839000 	C:\Windows\system32\MSCTF.dll
0x000000005d3d0000 - 0x000000005d4a2000 	C:\Program Files\Java\jdk1.8.0_131\jre\bin\msvcr100.dll
0x000000005cb30000 - 0x000000005d3cc000 	C:\Program Files\Java\jdk1.8.0_131\jre\bin\server\jvm.dll
0x000007fef8570000 - 0x000007fef8579000 	C:\Windows\system32\WSOCK32.dll
0x000007fefd240000 - 0x000007fefd28d000 	C:\Windows\system32\WS2_32.dll
0x0000000000340000 - 0x0000000000348000 	C:\Windows\system32\NSI.dll
0x000007fefa3b0000 - 0x000007fefa3eb000 	C:\Windows\system32\WINMM.dll
0x000007fefbf50000 - 0x000007fefbf5c000 	C:\Windows\system32\VERSION.dll
0x0000000077480000 - 0x0000000077487000 	C:\Windows\system32\PSAPI.DLL
0x00000000673e0000 - 0x00000000673ef000 	C:\Program Files\Java\jdk1.8.0_131\jre\bin\verify.dll
0x0000000066d70000 - 0x0000000066d99000 	C:\Program Files\Java\jdk1.8.0_131\jre\bin\java.dll
0x0000000066db0000 - 0x0000000066dc6000 	C:\Program Files\Java\jdk1.8.0_131\jre\bin\zip.dll
0x000007fefdf50000 - 0x000007fefecdb000 	C:\Windows\system32\SHELL32.dll
0x000007fefed30000 - 0x000007fefef2d000 	C:\Windows\system32\ole32.dll
0x000007fefce90000 - 0x000007fefce9f000 	C:\Windows\system32\profapi.dll

VM Arguments:
jvm_args: -Djava.awt.headless=true -Xmx1024M -Dfile.encoding=windows-31j -Duser.country=JP -Duser.language=ja -Duser.variant 
java_command: com.android.dx.command.Main --dex --force-jumbo --num-threads=4 --multi-dex --output D:\Project\shouhin_irekae\Android\ProductChange\app\build\intermediates\transforms\dex\debug\folders\1000\5\slice_9 D:\Project\shouhin_irekae\Android\ProductChange\app\build\intermediates\transforms\instantRunSlicer\debug\folders\1\5\slice_9
java_class_path (initial): C:\Users\cong-pv\AppData\Local\Android\Sdk\build-tools\25.0.0\lib\dx.jar
Launcher Type: SUN_STANDARD

Environment Variables:
JAVA_HOME=C:\Program Files\Java\jdk1.8.0_131
PATH=C:\Program Files (x86)\Common Files\Oracle\Java\javapath;C:\ProgramData\Oracle\Java\javapath;C:\Program Files (x86)\Intel\iCLS Client\;C:\Program Files\Intel\iCLS Client\;C:\Windows\system32;C:\Windows;C:\Windows\System32\Wbem;C:\Windows\System32\WindowsPowerShell\v1.0\;C:\Program Files (x86)\Intel\UCRT\;C:\Program Files\TortoiseSVN\bin;C:\Users\User\.dnx\bin;C:\Program Files\Microsoft DNX\Dnvm\;C:\Program Files (x86)\Windows Kits\8.1\Windows Performance Toolkit\;C:\Program Files\Microsoft SQL Server\130\Tools\Binn\;C:\Program Files\Git\cmd;C:\Program Files\Microsoft SQL Server\120\Tools\Binn\;C:\Program Files\Microsoft SQLServer\Client SDK\ODBC\110\Tools\Binn\;C:\Program Files (x86)\Microsoft SQL Server\120\Tools\Binn\;C:\Program Files\Microsoft SQL Server\120\DTS\Binn\;C:\Program Files (x86)\Microsoft SQL Server\120\Tools\Binn\ManagementStudio\;C:\ProgramFiles (x86)\Microsoft SQL Server\120\DTS\Binn\;C:\Program Files\Intel\UCRT\;C:\Program Files (x86)\Intel\Intel(R) Management Engine Components\DAL;C:\Program Files\Intel\Intel(R) Management Engine Components\DAL;C:\Program Files (x86)\Intel\Intel(R) Management Engine Components\IPT;C:\Program Files\Intel\Intel(R) Management Engine Components\IPT;c:\Program Files\Microsoft SQL Server\Client SDK\ODBC\110\Tools\Binn\;c:\Program Files (x86)\Microsoft SQL Server\120\DTS\Binn\;C:\Program Files\Java\jdk1.8.0_131\bin;C:\Program Files\TortoiseGit\bin;C:\Go\bin;C:\Users\cong-pv\go\bin
USERNAME=cong-pv
OS=Windows_NT
PROCESSOR_IDENTIFIER=Intel64 Family 6 Model 94 Stepping 3, GenuineIntel



---------------  S Y S T E M  ---------------

OS: Windows 7 , 64 bit Build 7601 (6.1.7601.24214)

CPU:total 4 (initial active 4) (4 cores per cpu, 1 threads per core) family 6 model 94 stepping 3, cmov, cx8, fxsr, mmx, sse, sse2, sse3, ssse3, sse4.1, sse4.2, popcnt, avx, avx2, aes, clmul, erms, rtm, 3dnowpref, lzcnt, tsc, tscinvbit, bmi1, bmi2, adx

Memory: 4k page, physical 12451892k(1845720k free), swap 12449992k(4032k free)

vm_info: Java HotSpot(TM) 64-Bit Server VM (25.131-b11) for windows-amd64 JRE (1.8.0_131-b11), built on Mar 15 2017 01:23:53 by "java_re" with MS VC++ 10.0 (VS2010)

time: Wed Sep 05 15:42:27 2018
elapsed time: 3 seconds (0d 0h 0m 3s)

