#
# There is insufficient memory for the Java Runtime Environment to continue.
# Native memory allocation (malloc) failed to allocate 1229616 bytes for Chunk::new
# Possible reasons:
#   The system is out of physical RAM or swap space
#   In 32 bit mode, the process size limit was hit
# Possible solutions:
#   Reduce memory load on the system
#   Increase physical memory or swap space
#   Check if swap backing store is full
#   Use 64 bit Java on a 64 bit OS
#   Decrease Java heap size (-Xmx/-Xms)
#   Decrease number of Java threads
#   Decrease Java thread stack sizes (-Xss)
#   Set larger code cache with -XX:ReservedCodeCacheSize=
# This output file may be truncated or incomplete.
#
#  Out of Memory Error (allocation.cpp:390), pid=12732, tid=0x0000000000001380
#
# JRE version: Java(TM) SE Runtime Environment (8.0_131-b11) (build 1.8.0_131-b11)
# Java VM: Java HotSpot(TM) 64-Bit Server VM (25.131-b11 mixed mode windows-amd64 compressed oops)
# Failed to write core dump. Minidumps are not enabled by default on client versions of Windows
#

---------------  T H R E A D  ---------------

Current thread (0x00000000561ff000):  JavaThread "C2 CompilerThread0" daemon [_thread_in_native, id=4992, stack(0x00000000568a0000,0x00000000569a0000)]

Stack: [0x00000000568a0000,0x00000000569a0000]
[error occurred during error reporting (printing stack bounds), id 0xc0000005]

Native frames: (J=compiled Java code, j=interpreted, Vv=VM code, C=native code)


Current CompileTask:
C2:   2781 1274   !   4       com.android.dx.cf.code.Ropper::processBlock (1101 bytes)


---------------  P R O C E S S  ---------------

Java Threads: ( => current thread )
  0x0000000058061800 JavaThread "pool-2-thread-4" [_thread_blocked, id=7660, stack(0x0000000059780000,0x0000000059880000)]
  0x00000000564f9000 JavaThread "pool-2-thread-3" [_thread_in_Java, id=8724, stack(0x00000000574c0000,0x00000000575c0000)]
  0x00000000564c9800 JavaThread "pool-2-thread-2" [_thread_blocked, id=10412, stack(0x00000000573c0000,0x00000000574c0000)]
  0x0000000056495800 JavaThread "pool-3-thread-1" [_thread_blocked, id=11576, stack(0x00000000572a0000,0x00000000573a0000)]
  0x0000000056494800 JavaThread "pool-2-thread-1" [_thread_blocked, id=10520, stack(0x0000000056f30000,0x0000000057030000)]
  0x0000000056278800 JavaThread "Service Thread" daemon [_thread_blocked, id=7320, stack(0x0000000056d70000,0x0000000056e70000)]
  0x0000000054f1f800 JavaThread "C1 CompilerThread2" daemon [_thread_blocked, id=3828, stack(0x0000000056be0000,0x0000000056ce0000)]
  0x0000000054f1e800 JavaThread "C2 CompilerThread1" daemon [_thread_in_native, id=12516, stack(0x0000000056a80000,0x0000000056b80000)]
=>0x00000000561ff000 JavaThread "C2 CompilerThread0" daemon [_thread_in_native, id=4992, stack(0x00000000568a0000,0x00000000569a0000)]
  0x00000000561fb800 JavaThread "Attach Listener" daemon [_thread_blocked, id=4592, stack(0x0000000056600000,0x0000000056700000)]
  0x00000000561fa800 JavaThread "Signal Dispatcher" daemon [_thread_blocked, id=12840, stack(0x0000000056760000,0x0000000056860000)]
  0x0000000054ef4000 JavaThread "Finalizer" daemon [_thread_blocked, id=11752, stack(0x0000000055e00000,0x0000000055f00000)]
  0x0000000054eb2800 JavaThread "Reference Handler" daemon [_thread_blocked, id=11564, stack(0x00000000560f0000,0x00000000561f0000)]
  0x00000000022be800 JavaThread "main" [_thread_in_native, id=12388, stack(0x0000000002550000,0x0000000002650000)]

Other Threads:
  0x0000000054eab000 VMThread [stack: 0x0000000055f20000,0x0000000056020000] [id=7480]
  0x00000000562a9000 WatcherThread [stack: 0x0000000057050000,0x0000000057150000] [id=6244]

VM state:not at safepoint (normal execution)

VM Mutex/Monitor currently owned by a thread: None

Heap:
 PSYoungGen      total 106496K, used 100170K [0x00000000eab00000, 0x00000000f1b00000, 0x0000000100000000)
  eden space 98304K, 93% used [0x00000000eab00000,0x00000000f04d7f70,0x00000000f0b00000)
  from space 8192K, 99% used [0x00000000f1300000,0x00000000f1afaa58,0x00000000f1b00000)
  to   space 8192K, 0% used [0x00000000f0b00000,0x00000000f0b00000,0x00000000f1300000)
 ParOldGen       total 131072K, used 13185K [0x00000000c0000000, 0x00000000c8000000, 0x00000000eab00000)
  object space 131072K, 10% used [0x00000000c0000000,0x00000000c0ce0430,0x00000000c8000000)
 Metaspace       used 5967K, capacity 6936K, committed 7168K, reserved 1056768K
  class space    used 607K, capacity 656K, committed 768K, reserved 1048576K

Card table byte_map: [0x0000000011a10000,0x0000000011c20000] byte_map_base: 0x0000000011410000

Marking Bits: (ParMarkBitMap*) 0x0000000057e0c720
 Begin Bits: [0x0000000012320000, 0x0000000013320000)
 End Bits:   [0x0000000013320000, 0x0000000014320000)

Polling page: 0x00000000002d0000

CodeCache: size=245760Kb used=5853Kb max_used=5853Kb free=239906Kb
 bounds [0x0000000002650000, 0x0000000002c10000, 0x0000000011650000]
 total_blobs=1679 nmethods=1415 adapters=177
 compilation: enabled

Compilation events (10 events):
Event: 2.764 Thread 0x0000000054f1e800 1423       4       com.android.dx.cf.code.RopperMachine::startBlock (48 bytes)
Event: 2.766 Thread 0x0000000054f1e800 nmethod 1423 0x0000000002beb6d0 code [0x0000000002beb800, 0x0000000002beb918]
Event: 2.766 Thread 0x0000000054f1e800 1421       4       com.android.dx.cf.code.ByteBlockList::labelToBlock (46 bytes)
Event: 2.767 Thread 0x0000000054f1f800 1438       3       com.android.dx.ssa.DomFront::buildDomTree (72 bytes)
Event: 2.767 Thread 0x0000000054f1e800 nmethod 1421 0x0000000002bed3d0 code [0x0000000002bed520, 0x0000000002bed678]
Event: 2.767 Thread 0x0000000054f1e800 1435       4       com.android.dx.cf.code.Simulator$SimVisitor::visitConstant (332 bytes)
Event: 2.767 Thread 0x0000000054f1f800 nmethod 1438 0x0000000002bf5850 code [0x0000000002bf5ac0, 0x0000000002bf6928]
Event: 2.767 Thread 0x0000000054f1f800 1439       3       com.android.dx.ssa.DomFront::run (264 bytes)
Event: 2.769 Thread 0x0000000054f1f800 nmethod 1439 0x0000000002bf73d0 code [0x0000000002bf7980, 0x0000000002bfb1b8]
Event: 2.773 Thread 0x0000000054f1f800 1440       3       com.android.dx.cf.iface.StdMember::<init> (69 bytes)

GC Heap History (4 events):
Event: 1.787 GC heap before
{Heap before GC invocations=1 (full 0):
 PSYoungGen      total 57344K, used 49152K [0x00000000eab00000, 0x00000000eeb00000, 0x0000000100000000)
  eden space 49152K, 100% used [0x00000000eab00000,0x00000000edb00000,0x00000000edb00000)
  from space 8192K, 0% used [0x00000000ee300000,0x00000000ee300000,0x00000000eeb00000)
  to   space 8192K, 0% used [0x00000000edb00000,0x00000000edb00000,0x00000000ee300000)
 ParOldGen       total 131072K, used 0K [0x00000000c0000000, 0x00000000c8000000, 0x00000000eab00000)
  object space 131072K, 0% used [0x00000000c0000000,0x00000000c0000000,0x00000000c8000000)
 Metaspace       used 5835K, capacity 6840K, committed 7040K, reserved 1056768K
  class space    used 604K, capacity 624K, committed 640K, reserved 1048576K
Event: 1.824 GC heap after
Heap after GC invocations=1 (full 0):
 PSYoungGen      total 57344K, used 8177K [0x00000000eab00000, 0x00000000f1b00000, 0x0000000100000000)
  eden space 49152K, 0% used [0x00000000eab00000,0x00000000eab00000,0x00000000edb00000)
  from space 8192K, 99% used [0x00000000edb00000,0x00000000ee2fc518,0x00000000ee300000)
  to   space 8192K, 0% used [0x00000000f1300000,0x00000000f1300000,0x00000000f1b00000)
 ParOldGen       total 131072K, used 7435K [0x00000000c0000000, 0x00000000c8000000, 0x00000000eab00000)
  object space 131072K, 5% used [0x00000000c0000000,0x00000000c0742d10,0x00000000c8000000)
 Metaspace       used 5835K, capacity 6840K, committed 7040K, reserved 1056768K
  class space    used 604K, capacity 624K, committed 640K, reserved 1048576K
}
Event: 2.336 GC heap before
{Heap before GC invocations=2 (full 0):
 PSYoungGen      total 57344K, used 57329K [0x00000000eab00000, 0x00000000f1b00000, 0x0000000100000000)
  eden space 49152K, 100% used [0x00000000eab00000,0x00000000edb00000,0x00000000edb00000)
  from space 8192K, 99% used [0x00000000edb00000,0x00000000ee2fc518,0x00000000ee300000)
  to   space 8192K, 0% used [0x00000000f1300000,0x00000000f1300000,0x00000000f1b00000)
 ParOldGen       total 131072K, used 7435K [0x00000000c0000000, 0x00000000c8000000, 0x00000000eab00000)
  object space 131072K, 5% used [0x00000000c0000000,0x00000000c0742d10,0x00000000c8000000)
 Metaspace       used 5861K, capacity 6872K, committed 7168K, reserved 1056768K
  class space    used 607K, capacity 656K, committed 768K, reserved 1048576K
Event: 2.392 GC heap after
Heap after GC invocations=2 (full 0):
 PSYoungGen      total 106496K, used 8170K [0x00000000eab00000, 0x00000000f1b00000, 0x0000000100000000)
  eden space 98304K, 0% used [0x00000000eab00000,0x00000000eab00000,0x00000000f0b00000)
  from space 8192K, 99% used [0x00000000f1300000,0x00000000f1afaa58,0x00000000f1b00000)
  to   space 8192K, 0% used [0x00000000f0b00000,0x00000000f0b00000,0x00000000f1300000)
 ParOldGen       total 131072K, used 13185K [0x00000000c0000000, 0x00000000c8000000, 0x00000000eab00000)
  object space 131072K, 10% used [0x00000000c0000000,0x00000000c0ce0430,0x00000000c8000000)
 Metaspace       used 5861K, capacity 6872K, committed 7168K, reserved 1056768K
  class space    used 607K, capacity 656K, committed 768K, reserved 1048576K
}

Deoptimization events (10 events):
Event: 1.211 Thread 0x00000000564c9800 Uncommon trap: reason=unstable_if action=reinterpret pc=0x000000000288c660 method=com.android.dx.rop.code.RegisterSpec.equals(ILcom/android/dx/rop/type/TypeBearer;Lcom/android/dx/rop/code/LocalItem;)Z @ 16
Event: 1.466 Thread 0x00000000564f9000 Uncommon trap: reason=unstable_if action=reinterpret pc=0x000000000290e3b4 method=com.android.dx.cf.code.Ropper.labelToResultIndex(I)I @ 34
Event: 1.522 Thread 0x0000000056494800 Uncommon trap: reason=unstable_if action=reinterpret pc=0x00000000028242a4 method=java.util.BitSet.ensureCapacity(I)V @ 6
Event: 1.829 Thread 0x00000000564f9000 Uncommon trap: reason=null_check action=make_not_entrant pc=0x0000000002893950 method=com.android.dx.ssa.SsaRenamer.getLocalForNewReg(I)Lcom/android/dx/rop/code/LocalItem; @ 19
Event: 1.837 Thread 0x00000000564f9000 Uncommon trap: reason=null_check action=make_not_entrant pc=0x00000000028779f8 method=com.android.dx.ssa.SsaRenamer.getLocalForNewReg(I)Lcom/android/dx/rop/code/LocalItem; @ 19
Event: 2.096 Thread 0x00000000564c9800 Uncommon trap: reason=class_check action=maybe_recompile pc=0x0000000002a87c50 method=com.android.dx.ssa.NormalSsaInsn.accept(Lcom/android/dx/ssa/SsaInsn$Visitor;)V @ 9
Event: 2.096 Thread 0x00000000564c9800 Uncommon trap: reason=class_check action=maybe_recompile pc=0x0000000002a87c50 method=com.android.dx.ssa.NormalSsaInsn.accept(Lcom/android/dx/ssa/SsaInsn$Visitor;)V @ 9
Event: 2.096 Thread 0x00000000564c9800 Uncommon trap: reason=class_check action=maybe_recompile pc=0x0000000002a87c50 method=com.android.dx.ssa.NormalSsaInsn.accept(Lcom/android/dx/ssa/SsaInsn$Visitor;)V @ 9
Event: 2.096 Thread 0x00000000564c9800 Uncommon trap: reason=class_check action=maybe_recompile pc=0x0000000002a87c50 method=com.android.dx.ssa.NormalSsaInsn.accept(Lcom/android/dx/ssa/SsaInsn$Visitor;)V @ 9
Event: 2.097 Thread 0x00000000564c9800 Uncommon trap: reason=class_check action=maybe_recompile pc=0x0000000002a8c044 method=com.android.dx.ssa.NormalSsaInsn.accept(Lcom/android/dx/ssa/SsaInsn$Visitor;)V @ 9

Internal exceptions (4 events):
Event: 0.336 Thread 0x00000000022be800 Exception <a 'java/lang/NoSuchMethodError': Method sun.misc.Unsafe.defineClass(Ljava/lang/String;[BII)Ljava/lang/Class; name or signature does not match> (0x00000000eab07ca8) thrown at [C:\re\workspace\8-2-build-windows-amd64-cygwin\jdk8u131\8869\hotspot\
Event: 0.336 Thread 0x00000000022be800 Exception <a 'java/lang/NoSuchMethodError': Method sun.misc.Unsafe.prefetchRead(Ljava/lang/Object;J)V name or signature does not match> (0x00000000eab07f90) thrown at [C:\re\workspace\8-2-build-windows-amd64-cygwin\jdk8u131\8869\hotspot\src\share\vm\prims
Event: 1.829 Thread 0x00000000564f9000 Implicit null exception at 0x0000000002892169 to 0x000000000289390d
Event: 1.837 Thread 0x00000000564f9000 Implicit null exception at 0x0000000002875fbc to 0x00000000028779d9

Events (10 events):
Event: 2.597 Thread 0x00000000564c9800 DEOPT PACKING pc=0x000000000296e8b0 sp=0x00000000574be850
Event: 2.597 Thread 0x00000000564c9800 DEOPT UNPACKING pc=0x000000000269787f sp=0x00000000574be560 mode 0
Event: 2.598 Thread 0x00000000564c9800 DEOPT PACKING pc=0x000000000296ff90 sp=0x00000000574be890
Event: 2.598 Thread 0x00000000564c9800 DEOPT UNPACKING pc=0x000000000269787f sp=0x00000000574be5a0 mode 0
Event: 2.636 Thread 0x00000000564c9800 DEOPT PACKING pc=0x00000000029f0a27 sp=0x00000000574beac0
Event: 2.636 Thread 0x00000000564c9800 DEOPT UNPACKING pc=0x000000000269787f sp=0x00000000574be840 mode 0
Event: 2.668 Thread 0x00000000564c9800 DEOPT PACKING pc=0x0000000002b4a72a sp=0x00000000574bea80
Event: 2.668 Thread 0x00000000564c9800 DEOPT UNPACKING pc=0x000000000269787f sp=0x00000000574be7e8 mode 0
Event: 2.676 Thread 0x00000000564c9800 DEOPT PACKING pc=0x00000000029bbfe7 sp=0x00000000574bea60
Event: 2.676 Thread 0x00000000564c9800 DEOPT UNPACKING pc=0x000000000269787f sp=0x00000000574be818 mode 0


Dynamic libraries:
0x000000013f0d0000 - 0x000000013f107000 	C:\Program Files\Java\jdk1.8.0_131\bin\java.exe
0x0000000077200000 - 0x000000007739f000 	C:\Windows\SYSTEM32\ntdll.dll
0x00000000770e0000 - 0x00000000771ff000 	C:\Windows\system32\kernel32.dll
0x000007fefd1e0000 - 0x000007fefd24a000 	C:\Windows\system32\KERNELBASE.dll
0x000007fefd4c0000 - 0x000007fefd59b000 	C:\Windows\system32\ADVAPI32.dll
0x000007fefeaa0000 - 0x000007fefeb3f000 	C:\Windows\system32\msvcrt.dll
0x000007feff350000 - 0x000007feff36f000 	C:\Windows\SYSTEM32\sechost.dll
0x000007fefed50000 - 0x000007fefee7d000 	C:\Windows\system32\RPCRT4.dll
0x0000000076fe0000 - 0x00000000770da000 	C:\Windows\system32\USER32.dll
0x000007fefea30000 - 0x000007fefea97000 	C:\Windows\system32\GDI32.dll
0x000007feff440000 - 0x000007feff44e000 	C:\Windows\system32\LPK.dll
0x000007feff370000 - 0x000007feff43b000 	C:\Windows\system32\USP10.dll
0x000007fefb790000 - 0x000007fefb984000 	C:\Windows\WinSxS\amd64_microsoft.windows.common-controls_6595b64144ccf1df_6.0.7601.18837_none_fa3b1e3d17594757\COMCTL32.dll
0x0000000000200000 - 0x0000000000271000 	C:\Windows\system32\SHLWAPI.dll
0x000007fefd290000 - 0x000007fefd2be000 	C:\Windows\system32\IMM32.DLL
0x000007fefef20000 - 0x000007feff029000 	C:\Windows\system32\MSCTF.dll
0x000000005b420000 - 0x000000005b4f2000 	C:\Program Files\Java\jdk1.8.0_131\jre\bin\msvcr100.dll
0x00000000575f0000 - 0x0000000057e8c000 	C:\Program Files\Java\jdk1.8.0_131\jre\bin\server\jvm.dll
0x000007fef8470000 - 0x000007fef8479000 	C:\Windows\system32\WSOCK32.dll
0x000007feff300000 - 0x000007feff34d000 	C:\Windows\system32\WS2_32.dll
0x00000000002c0000 - 0x00000000002c8000 	C:\Windows\system32\NSI.dll
0x000007fef9650000 - 0x000007fef968b000 	C:\Windows\system32\WINMM.dll
0x000007fefc060000 - 0x000007fefc06c000 	C:\Windows\system32\VERSION.dll
0x00000000773a0000 - 0x00000000773a7000 	C:\Windows\system32\PSAPI.DLL
0x00000000737f0000 - 0x00000000737ff000 	C:\Program Files\Java\jdk1.8.0_131\jre\bin\verify.dll
0x0000000071800000 - 0x0000000071829000 	C:\Program Files\Java\jdk1.8.0_131\jre\bin\java.dll
0x0000000071840000 - 0x0000000071856000 	C:\Program Files\Java\jdk1.8.0_131\jre\bin\zip.dll
0x000007fefdca0000 - 0x000007fefea2b000 	C:\Windows\system32\SHELL32.dll
0x000007fefd2c0000 - 0x000007fefd4bd000 	C:\Windows\system32\ole32.dll
0x000007fefcee0000 - 0x000007fefceef000 	C:\Windows\system32\profapi.dll

VM Arguments:
jvm_args: -Djava.awt.headless=true -Xmx1024M -Dfile.encoding=windows-31j -Duser.country=JP -Duser.language=ja -Duser.variant 
java_command: com.android.dx.command.Main --dex --force-jumbo --num-threads=4 --multi-dex --output D:\Project\shouhin_irekae\Android\ProductChange\app\build\intermediates\transforms\dex\debug\folders\1000\5\slice_6 D:\Project\shouhin_irekae\Android\ProductChange\app\build\intermediates\transforms\instantRunSlicer\debug\folders\1\5\slice_6
java_class_path (initial): C:\Users\cong-pv\AppData\Local\Android\Sdk\build-tools\25.0.0\lib\dx.jar
Launcher Type: SUN_STANDARD

Environment Variables:
JAVA_HOME=C:\Program Files\Java\jdk1.8.0_131
PATH=C:\Program Files (x86)\Common Files\Oracle\Java\javapath;C:\ProgramData\Oracle\Java\javapath;C:\Program Files (x86)\Intel\iCLS Client\;C:\Program Files\Intel\iCLS Client\;C:\Windows\system32;C:\Windows;C:\Windows\System32\Wbem;C:\Windows\System32\WindowsPowerShell\v1.0\;C:\Program Files (x86)\Intel\UCRT\;C:\Program Files\TortoiseSVN\bin;C:\Users\User\.dnx\bin;C:\Program Files\Microsoft DNX\Dnvm\;C:\Program Files (x86)\Windows Kits\8.1\Windows Performance Toolkit\;C:\Program Files\Microsoft SQL Server\130\Tools\Binn\;C:\Program Files\Git\cmd;C:\Program Files\Microsoft SQL Server\120\Tools\Binn\;C:\Program Files\Microsoft SQLServer\Client SDK\ODBC\110\Tools\Binn\;C:\Program Files (x86)\Microsoft SQL Server\120\Tools\Binn\;C:\Program Files\Microsoft SQL Server\120\DTS\Binn\;C:\Program Files (x86)\Microsoft SQL Server\120\Tools\Binn\ManagementStudio\;C:\ProgramFiles (x86)\Microsoft SQL Server\120\DTS\Binn\;C:\Program Files\Intel\UCRT\;C:\Program Files (x86)\Intel\Intel(R) Management Engine Components\DAL;C:\Program Files\Intel\Intel(R) Management Engine Components\DAL;C:\Program Files (x86)\Intel\Intel(R) Management Engine Components\IPT;C:\Program Files\Intel\Intel(R) Management Engine Components\IPT;c:\Program Files\Microsoft SQL Server\Client SDK\ODBC\110\Tools\Binn\;c:\Program Files (x86)\Microsoft SQL Server\120\DTS\Binn\;C:\Go\bin;C:\Program Files\Java\jdk1.8.0_131\bin;C:\Program Files\TortoiseGit\bin;C:\Users\cong-pv\go\bin
USERNAME=cong-pv
OS=Windows_NT
PROCESSOR_IDENTIFIER=Intel64 Family 6 Model 94 Stepping 3, GenuineIntel



---------------  S Y S T E M  ---------------

OS: Windows 7 , 64 bit Build 7601 (6.1.7601.24150)

CPU:total 4 (initial active 4) (4 cores per cpu, 1 threads per core) family 6 model 94 stepping 3, cmov, cx8, fxsr, mmx, sse, sse2, sse3, ssse3, sse4.1, sse4.2, popcnt, avx, avx2, aes, clmul, erms, rtm, 3dnowpref, lzcnt, tsc, tscinvbit, bmi1, bmi2, adx

Memory: 4k page, physical 12451892k(2213576k free), swap 12450016k(4124k free)

vm_info: Java HotSpot(TM) 64-Bit Server VM (25.131-b11) for windows-amd64 JRE (1.8.0_131-b11), built on Mar 15 2017 01:23:53 by "java_re" with MS VC++ 10.0 (VS2010)

time: Mon Jul 02 16:56:12 2018
elapsed time: 2 seconds (0d 0h 0m 2s)

