#
# There is insufficient memory for the Java Runtime Environment to continue.
# Native memory allocation (malloc) failed to allocate 32744 bytes for ChunkPool::allocate
# Possible reasons:
#   The system is out of physical RAM or swap space
#   In 32 bit mode, the process size limit was hit
# Possible solutions:
#   Reduce memory load on the system
#   Increase physical memory or swap space
#   Check if swap backing store is full
#   Use 64 bit Java on a 64 bit OS
#   Decrease Java heap size (-Xmx/-Xms)
#   Decrease number of Java threads
#   Decrease Java thread stack sizes (-Xss)
#   Set larger code cache with -XX:ReservedCodeCacheSize=
# This output file may be truncated or incomplete.
#
#  Out of Memory Error (allocation.cpp:273), pid=10440, tid=0x0000000000001cd0
#
# JRE version: Java(TM) SE Runtime Environment (8.0_131-b11) (build 1.8.0_131-b11)
# Java VM: Java HotSpot(TM) 64-Bit Server VM (25.131-b11 mixed mode windows-amd64 compressed oops)
# Failed to write core dump. Minidumps are not enabled by default on client versions of Windows
#

---------------  T H R E A D  ---------------

Current thread (0x00000000562c3000):  JavaThread "C2 CompilerThread1" daemon [_thread_in_native, id=7376, stack(0x0000000055f20000,0x0000000056020000)]

Stack: [0x0000000055f20000,0x0000000056020000]
[error occurred during error reporting (printing stack bounds), id 0xc0000005]

Native frames: (J=compiled Java code, j=interpreted, Vv=VM code, C=native code)


Current CompileTask:
C2:    116    8       4       java.util.TreeMap::parentOf (13 bytes)


---------------  P R O C E S S  ---------------

Java Threads: ( => current thread )
  0x000000005631d000 JavaThread "Service Thread" daemon [_thread_new, id=3488, stack(0x0000000000000000,0x0000000000000000)]
  0x0000000054eaf000 JavaThread "C1 CompilerThread2" daemon [_thread_in_native, id=12408, stack(0x0000000056c70000,0x0000000056d70000)]
=>0x00000000562c3000 JavaThread "C2 CompilerThread1" daemon [_thread_in_native, id=7376, stack(0x0000000055f20000,0x0000000056020000)]
  0x00000000562bf000 JavaThread "C2 CompilerThread0" daemon [_thread_in_native, id=12604, stack(0x00000000566c0000,0x00000000567c0000)]
  0x00000000562bb800 JavaThread "Attach Listener" daemon [_thread_blocked, id=8960, stack(0x0000000056990000,0x0000000056a90000)]
  0x00000000562ba800 JavaThread "Signal Dispatcher" daemon [_thread_blocked, id=8088, stack(0x00000000567e0000,0x00000000568e0000)]
  0x0000000054e8a000 JavaThread "Finalizer" daemon [_thread_blocked, id=12768, stack(0x00000000561b0000,0x00000000562b0000)]
  0x0000000054e42800 JavaThread "Reference Handler" daemon [_thread_blocked, id=11384, stack(0x0000000056030000,0x0000000056130000)]
  0x000000000220e800 JavaThread "main" [_thread_in_native, id=11552, stack(0x00000000024c0000,0x00000000025c0000)]

Other Threads:
  0x0000000054e3b000 VMThread [stack: 0x0000000055dc0000,0x0000000055ec0000] [id=11764]

VM state:not at safepoint (normal execution)

VM Mutex/Monitor currently owned by a thread: None

Heap:
 PSYoungGen      total 57344K, used 1966K [0x00000000eab00000, 0x00000000eeb00000, 0x0000000100000000)
  eden space 49152K, 4% used [0x00000000eab00000,0x00000000eaceb878,0x00000000edb00000)
  from space 8192K, 0% used [0x00000000ee300000,0x00000000ee300000,0x00000000eeb00000)
  to   space 8192K, 0% used [0x00000000edb00000,0x00000000edb00000,0x00000000ee300000)
 ParOldGen       total 131072K, used 0K [0x00000000c0000000, 0x00000000c8000000, 0x00000000eab00000)
  object space 131072K, 0% used [0x00000000c0000000,0x00000000c0000000,0x00000000c8000000)
 Metaspace       used 2358K, capacity 4480K, committed 4480K, reserved 1056768K
  class space    used 256K, capacity 384K, committed 384K, reserved 1048576K

Card table byte_map: [0x0000000011980000,0x0000000011b90000] byte_map_base: 0x0000000011380000

Marking Bits: (ParMarkBitMap*) 0x000000005771c720
 Begin Bits: [0x00000000122b0000, 0x00000000132b0000)
 End Bits:   [0x00000000132b0000, 0x00000000142b0000)

Polling page: 0x0000000000140000

CodeCache: size=245760Kb used=1074Kb max_used=1074Kb free=244685Kb
 bounds [0x00000000025c0000, 0x0000000002830000, 0x00000000115c0000]
 total_blobs=233 nmethods=7 adapters=140
 compilation: enabled

Compilation events (10 events):
Event: 0.113 Thread 0x0000000054eaf000 nmethod 4 0x00000000026cb850 code [0x00000000026cb9e0, 0x00000000026cbd68]
Event: 0.113 Thread 0x0000000054eaf000    5       3       java.lang.String::hashCode (55 bytes)
Event: 0.113 Thread 0x0000000054eaf000 nmethod 5 0x00000000026cbed0 code [0x00000000026cc040, 0x00000000026cc2d0]
Event: 0.113 Thread 0x0000000054eaf000    6       3       java.lang.Object::<init> (1 bytes)
Event: 0.113 Thread 0x0000000054eaf000 nmethod 6 0x00000000026cc3d0 code [0x00000000026cc520, 0x00000000026cc670]
Event: 0.114 Thread 0x00000000562bf000    7       4       java.lang.String::charAt (29 bytes)
Event: 0.114 Thread 0x00000000562c3000    8       4       java.util.TreeMap::parentOf (13 bytes)
Event: 0.114 Thread 0x0000000054eaf000   10       3       java.lang.Math::min (11 bytes)
Event: 0.114 Thread 0x0000000054eaf000 nmethod 10 0x00000000026cc710 code [0x00000000026cc860, 0x00000000026cc9f0]
Event: 0.114 Thread 0x0000000054eaf000   11       3       java.lang.CharacterData::of (120 bytes)

GC Heap History (0 events):
No events

Deoptimization events (0 events):
No events

Internal exceptions (2 events):
Event: 0.037 Thread 0x000000000220e800 Exception <a 'java/lang/NoSuchMethodError': Method sun.misc.Unsafe.defineClass(Ljava/lang/String;[BII)Ljava/lang/Class; name or signature does not match> (0x00000000eab07ca8) thrown at [C:\re\workspace\8-2-build-windows-amd64-cygwin\jdk8u131\8869\hotspot\
Event: 0.037 Thread 0x000000000220e800 Exception <a 'java/lang/NoSuchMethodError': Method sun.misc.Unsafe.prefetchRead(Ljava/lang/Object;J)V name or signature does not match> (0x00000000eab07f90) thrown at [C:\re\workspace\8-2-build-windows-amd64-cygwin\jdk8u131\8869\hotspot\src\share\vm\prims

Events (10 events):
Event: 0.113 loading class java/util/HashMap$EntrySet
Event: 0.114 loading class java/util/HashMap$EntrySet done
Event: 0.114 loading class java/lang/ProcessEnvironment$CheckedEntrySet$1
Event: 0.114 loading class java/lang/ProcessEnvironment$CheckedEntrySet$1 done
Event: 0.114 loading class java/util/HashMap$EntryIterator
Event: 0.114 loading class java/util/HashMap$HashIterator
Event: 0.114 loading class java/util/HashMap$HashIterator done
Event: 0.114 loading class java/util/HashMap$EntryIterator done
Event: 0.114 loading class java/lang/ProcessEnvironment$CheckedEntry
Event: 0.114 loading class java/lang/ProcessEnvironment$CheckedEntry done


Dynamic libraries:
0x000000013f290000 - 0x000000013f2c7000 	C:\Program Files\Java\jdk1.8.0_131\bin\java.exe
0x0000000077120000 - 0x00000000772bf000 	C:\Windows\SYSTEM32\ntdll.dll
0x0000000076f00000 - 0x000000007701f000 	C:\Windows\system32\kernel32.dll
0x000007fefcce0000 - 0x000007fefcd4a000 	C:\Windows\system32\KERNELBASE.dll
0x000007fefe6e0000 - 0x000007fefe7bb000 	C:\Windows\system32\ADVAPI32.dll
0x000007fefd080000 - 0x000007fefd11f000 	C:\Windows\system32\msvcrt.dll
0x000007fefd1a0000 - 0x000007fefd1bf000 	C:\Windows\SYSTEM32\sechost.dll
0x000007fefd230000 - 0x000007fefd35d000 	C:\Windows\system32\RPCRT4.dll
0x0000000077020000 - 0x000000007711a000 	C:\Windows\system32\USER32.dll
0x000007fefd1c0000 - 0x000007fefd227000 	C:\Windows\system32\GDI32.dll
0x000007feff2f0000 - 0x000007feff2fe000 	C:\Windows\system32\LPK.dll
0x000007fefeb90000 - 0x000007fefec5b000 	C:\Windows\system32\USP10.dll
0x000007fefb580000 - 0x000007fefb774000 	C:\Windows\WinSxS\amd64_microsoft.windows.common-controls_6595b64144ccf1df_6.0.7601.18837_none_fa3b1e3d17594757\COMCTL32.dll
0x000007fefd120000 - 0x000007fefd191000 	C:\Windows\system32\SHLWAPI.dll
0x000007fefeb30000 - 0x000007fefeb5e000 	C:\Windows\system32\IMM32.DLL
0x000007feff300000 - 0x000007feff409000 	C:\Windows\system32\MSCTF.dll
0x000000006cf20000 - 0x000000006cff2000 	C:\Program Files\Java\jdk1.8.0_131\jre\bin\msvcr100.dll
0x0000000056f00000 - 0x000000005779c000 	C:\Program Files\Java\jdk1.8.0_131\jre\bin\server\jvm.dll
0x000007fef8310000 - 0x000007fef8319000 	C:\Windows\system32\WSOCK32.dll
0x000007feff0c0000 - 0x000007feff10d000 	C:\Windows\system32\WS2_32.dll
0x000007fefeb80000 - 0x000007fefeb88000 	C:\Windows\system32\NSI.dll
0x000007fef94c0000 - 0x000007fef94fb000 	C:\Windows\system32\WINMM.dll
0x000007fefbd90000 - 0x000007fefbd9c000 	C:\Windows\system32\VERSION.dll
0x00000000772d0000 - 0x00000000772d7000 	C:\Windows\system32\PSAPI.DLL
0x0000000074980000 - 0x000000007498f000 	C:\Program Files\Java\jdk1.8.0_131\jre\bin\verify.dll
0x0000000071310000 - 0x0000000071339000 	C:\Program Files\Java\jdk1.8.0_131\jre\bin\java.dll
0x0000000071840000 - 0x0000000071856000 	C:\Program Files\Java\jdk1.8.0_131\jre\bin\zip.dll
0x000007fefd6e0000 - 0x000007fefe46b000 	C:\Windows\system32\SHELL32.dll

VM Arguments:
jvm_args: -Djava.awt.headless=true -Xmx1024M -Dfile.encoding=windows-31j -Duser.country=JP -Duser.language=ja -Duser.variant 
java_command: com.android.dx.command.Main --dex --force-jumbo --num-threads=4 --multi-dex --output D:\Project\shouhin_irekae\Android\ProductChange\app\build\intermediates\transforms\dex\debug\folders\1000\5\slice_2 D:\Project\shouhin_irekae\Android\ProductChange\app\build\intermediates\transforms\instantRunSlicer\debug\folders\1\5\slice_2
java_class_path (initial): C:\Users\cong-pv\AppData\Local\Android\Sdk\build-tools\25.0.0\lib\dx.jar
Launcher Type: SUN_STANDARD

Environment Variables:
JAVA_HOME=C:\Program Files\Java\jdk1.8.0_131
PATH=C:\Program Files (x86)\Common Files\Oracle\Java\javapath;C:\ProgramData\Oracle\Java\javapath;C:\Program Files (x86)\Intel\iCLS Client\;C:\Program Files\Intel\iCLS Client\;C:\Windows\system32;C:\Windows;C:\Windows\System32\Wbem;C:\Windows\System32\WindowsPowerShell\v1.0\;C:\Program Files (x86)\Intel\UCRT\;C:\Program Files\TortoiseSVN\bin;C:\Users\User\.dnx\bin;C:\Program Files\Microsoft DNX\Dnvm\;C:\Program Files (x86)\Windows Kits\8.1\Windows Performance Toolkit\;C:\Program Files\Microsoft SQL Server\130\Tools\Binn\;C:\Program Files\Git\cmd;C:\Program Files\Microsoft SQL Server\120\Tools\Binn\;C:\Program Files\Microsoft SQLServer\Client SDK\ODBC\110\Tools\Binn\;C:\Program Files (x86)\Microsoft SQL Server\120\Tools\Binn\;C:\Program Files\Microsoft SQL Server\120\DTS\Binn\;C:\Program Files (x86)\Microsoft SQL Server\120\Tools\Binn\ManagementStudio\;C:\ProgramFiles (x86)\Microsoft SQL Server\120\DTS\Binn\;C:\Program Files\Intel\UCRT\;C:\Program Files (x86)\Intel\Intel(R) Management Engine Components\DAL;C:\Program Files\Intel\Intel(R) Management Engine Components\DAL;C:\Program Files (x86)\Intel\Intel(R) Management Engine Components\IPT;C:\Program Files\Intel\Intel(R) Management Engine Components\IPT;c:\Program Files\Microsoft SQL Server\Client SDK\ODBC\110\Tools\Binn\;c:\Program Files (x86)\Microsoft SQL Server\120\DTS\Binn\;C:\Program Files\Java\jdk1.8.0_131\bin;C:\Program Files\TortoiseGit\bin;C:\Go\bin;C:\Users\cong-pv\go\bin
USERNAME=cong-pv
OS=Windows_NT
PROCESSOR_IDENTIFIER=Intel64 Family 6 Model 94 Stepping 3, GenuineIntel



---------------  S Y S T E M  ---------------

OS: Windows 7 , 64 bit Build 7601 (6.1.7601.24214)

CPU:total 4 (initial active 4) (4 cores per cpu, 1 threads per core) family 6 model 94 stepping 3, cmov, cx8, fxsr, mmx, sse, sse2, sse3, ssse3, sse4.1, sse4.2, popcnt, avx, avx2, aes, clmul, erms, rtm, 3dnowpref, lzcnt, tsc, tscinvbit, bmi1, bmi2, adx

Memory: 4k page, physical 12451892k(2040664k free), swap 12449992k(13100k free)

vm_info: Java HotSpot(TM) 64-Bit Server VM (25.131-b11) for windows-amd64 JRE (1.8.0_131-b11), built on Mar 15 2017 01:23:53 by "java_re" with MS VC++ 10.0 (VS2010)

time: Tue Sep 04 16:21:26 2018
elapsed time: 0 seconds (0d 0h 0m 0s)

