#
# There is insufficient memory for the Java Runtime Environment to continue.
# Native memory allocation (malloc) failed to allocate 44016 bytes for Chunk::new
# Possible reasons:
#   The system is out of physical RAM or swap space
#   In 32 bit mode, the process size limit was hit
# Possible solutions:
#   Reduce memory load on the system
#   Increase physical memory or swap space
#   Check if swap backing store is full
#   Use 64 bit Java on a 64 bit OS
#   Decrease Java heap size (-Xmx/-Xms)
#   Decrease number of Java threads
#   Decrease Java thread stack sizes (-Xss)
#   Set larger code cache with -XX:ReservedCodeCacheSize=
# This output file may be truncated or incomplete.
#
#  Out of Memory Error (allocation.cpp:390), pid=51956, tid=0x000000000000cdf8
#
# JRE version: Java(TM) SE Runtime Environment (8.0_131-b11) (build 1.8.0_131-b11)
# Java VM: Java HotSpot(TM) 64-Bit Server VM (25.131-b11 mixed mode windows-amd64 compressed oops)
# Failed to write core dump. Minidumps are not enabled by default on client versions of Windows
#

---------------  T H R E A D  ---------------

Current thread (0x000000005632f000):  JavaThread "C2 CompilerThread1" daemon [_thread_in_native, id=52728, stack(0x00000000560e0000,0x00000000561e0000)]

Stack: [0x00000000560e0000,0x00000000561e0000]
[error occurred during error reporting (printing stack bounds), id 0xc0000005]

Native frames: (J=compiled Java code, j=interpreted, Vv=VM code, C=native code)


Current CompileTask:
C2:   1164  255       4       java.lang.String::replace (127 bytes)


---------------  P R O C E S S  ---------------

Java Threads: ( => current thread )
  0x00000000564e5000 JavaThread "pool-2-thread-4" [_thread_new, id=52984, stack(0x0000000000000000,0x0000000000000000)]
  0x00000000564e0000 JavaThread "pool-2-thread-3" [_thread_new, id=52836, stack(0x0000000000000000,0x0000000000000000)]
  0x00000000564d8000 JavaThread "pool-2-thread-2" [_thread_in_Java, id=52820, stack(0x0000000057370000,0x0000000057470000)]
  0x00000000564ca800 JavaThread "pool-3-thread-1" [_thread_blocked, id=52848, stack(0x0000000057180000,0x0000000057280000)]
  0x00000000564ca000 JavaThread "pool-2-thread-1" [_thread_blocked, id=52792, stack(0x0000000056ed0000,0x0000000056fd0000)]
  0x000000005639f000 JavaThread "Service Thread" daemon [_thread_blocked, id=52744, stack(0x0000000056ac0000,0x0000000056bc0000)]
  0x0000000056330800 JavaThread "C1 CompilerThread2" daemon [_thread_blocked, id=52764, stack(0x0000000056bf0000,0x0000000056cf0000)]
=>0x000000005632f000 JavaThread "C2 CompilerThread1" daemon [_thread_in_native, id=52728, stack(0x00000000560e0000,0x00000000561e0000)]
  0x000000005632b000 JavaThread "C2 CompilerThread0" daemon [_thread_in_native, id=52732, stack(0x0000000056930000,0x0000000056a30000)]
  0x0000000054d8f800 JavaThread "Attach Listener" daemon [_thread_blocked, id=52760, stack(0x0000000055e50000,0x0000000055f50000)]
  0x0000000054d7f000 JavaThread "Signal Dispatcher" daemon [_thread_blocked, id=52328, stack(0x0000000056730000,0x0000000056830000)]
  0x0000000054d64000 JavaThread "Finalizer" daemon [_thread_blocked, id=52752, stack(0x0000000056220000,0x0000000056320000)]
  0x0000000054d22800 JavaThread "Reference Handler" daemon [_thread_blocked, id=52248, stack(0x0000000055f90000,0x0000000056090000)]
  0x0000000001d9e800 JavaThread "main" [_thread_blocked, id=51520, stack(0x0000000002430000,0x0000000002530000)]

Other Threads:
  0x0000000054d1b000 VMThread [stack: 0x0000000055d50000,0x0000000055e50000] [id=52720]
  0x00000000563ed000 WatcherThread [stack: 0x0000000056dc0000,0x0000000056ec0000] [id=52812]

VM state:not at safepoint (normal execution)

VM Mutex/Monitor currently owned by a thread: None

Heap:
 PSYoungGen      total 57344K, used 8854K [0x00000000eab00000, 0x00000000eeb00000, 0x0000000100000000)
  eden space 49152K, 18% used [0x00000000eab00000,0x00000000eb3a5bc0,0x00000000edb00000)
  from space 8192K, 0% used [0x00000000ee300000,0x00000000ee300000,0x00000000eeb00000)
  to   space 8192K, 0% used [0x00000000edb00000,0x00000000edb00000,0x00000000ee300000)
 ParOldGen       total 131072K, used 0K [0x00000000c0000000, 0x00000000c8000000, 0x00000000eab00000)
  object space 131072K, 0% used [0x00000000c0000000,0x00000000c0000000,0x00000000c8000000)
 Metaspace       used 4717K, capacity 5808K, committed 6016K, reserved 1056768K
  class space    used 527K, capacity 552K, committed 640K, reserved 1048576K

Card table byte_map: [0x00000000118f0000,0x0000000011b00000] byte_map_base: 0x00000000112f0000

Marking Bits: (ParMarkBitMap*) 0x000000005801c720
 Begin Bits: [0x0000000012190000, 0x0000000013190000)
 End Bits:   [0x0000000013190000, 0x0000000014190000)

Polling page: 0x0000000000210000

CodeCache: size=245760Kb used=1682Kb max_used=1682Kb free=244077Kb
 bounds [0x0000000002530000, 0x00000000027a0000, 0x0000000011530000]
 total_blobs=528 nmethods=268 adapters=173
 compilation: enabled

Compilation events (10 events):
Event: 1.162 Thread 0x0000000056330800 nmethod 253 0x00000000026cf650 code [0x00000000026cf7c0, 0x00000000026cfa08]
Event: 1.162 Thread 0x0000000056330800  254       1       com.android.dx.util.ByteArray::access$000 (5 bytes)
Event: 1.162 Thread 0x0000000056330800 nmethod 254 0x00000000026cfad0 code [0x00000000026cfc20, 0x00000000026cfd10]
Event: 1.162 Thread 0x000000005632f000  255       4       java.lang.String::replace (127 bytes)
Event: 1.162 Thread 0x0000000056330800  256       1       com.android.dx.util.MutabilityControl::isMutable (5 bytes)
Event: 1.162 Thread 0x0000000056330800 nmethod 256 0x00000000026cfd90 code [0x00000000026cfee0, 0x00000000026cfff0]
Event: 1.162 Thread 0x0000000056330800  257  s    3       java.lang.StringBuffer::toString (36 bytes)
Event: 1.162 Thread 0x0000000056330800 nmethod 257 0x00000000026d0050 code [0x00000000026d01e0, 0x00000000026d0668]
Event: 1.162 Thread 0x0000000056330800  258       3       java.lang.String::compareTo (78 bytes)
Event: 1.162 Thread 0x0000000056330800 nmethod 258 0x00000000026d07d0 code [0x00000000026d0940, 0x00000000026d0c90]

GC Heap History (0 events):
No events

Deoptimization events (0 events):
No events

Internal exceptions (2 events):
Event: 0.092 Thread 0x0000000001d9e800 Exception <a 'java/lang/NoSuchMethodError': Method sun.misc.Unsafe.defineClass(Ljava/lang/String;[BII)Ljava/lang/Class; name or signature does not match> (0x00000000eab07ca8) thrown at [C:\re\workspace\8-2-build-windows-amd64-cygwin\jdk8u131\8869\hotspot\
Event: 0.092 Thread 0x0000000001d9e800 Exception <a 'java/lang/NoSuchMethodError': Method sun.misc.Unsafe.prefetchRead(Ljava/lang/Object;J)V name or signature does not match> (0x00000000eab07f90) thrown at [C:\re\workspace\8-2-build-windows-amd64-cygwin\jdk8u131\8869\hotspot\src\share\vm\prims

Events (10 events):
Event: 1.161 loading class com/android/dx/ssa/DomFront$DomInfo
Event: 1.161 loading class com/android/dx/ssa/DomFront$DomInfo done
Event: 1.161 loading class com/android/dx/ssa/Dominators
Event: 1.161 loading class com/android/dx/ssa/Dominators done
Event: 1.162 loading class com/android/dx/ssa/SsaBasicBlock$Visitor
Event: 1.162 loading class com/android/dx/ssa/SsaBasicBlock$Visitor done
Event: 1.162 loading class com/android/dx/ssa/Dominators$DFSInfo
Event: 1.162 loading class com/android/dx/ssa/Dominators$DFSInfo done
Event: 1.162 loading class com/android/dx/ssa/Dominators$DfsWalker
Event: 1.162 loading class com/android/dx/ssa/Dominators$DfsWalker done


Dynamic libraries:
0x000000013f360000 - 0x000000013f397000 	C:\Program Files\Java\jdk1.8.0_131\bin\java.exe
0x0000000077200000 - 0x000000007739f000 	C:\Windows\SYSTEM32\ntdll.dll
0x00000000770e0000 - 0x00000000771ff000 	C:\Windows\system32\kernel32.dll
0x000007fefd1e0000 - 0x000007fefd24a000 	C:\Windows\system32\KERNELBASE.dll
0x000007fefd4c0000 - 0x000007fefd59b000 	C:\Windows\system32\ADVAPI32.dll
0x000007fefeaa0000 - 0x000007fefeb3f000 	C:\Windows\system32\msvcrt.dll
0x000007feff350000 - 0x000007feff36f000 	C:\Windows\SYSTEM32\sechost.dll
0x000007fefed50000 - 0x000007fefee7d000 	C:\Windows\system32\RPCRT4.dll
0x0000000076fe0000 - 0x00000000770da000 	C:\Windows\system32\USER32.dll
0x000007fefea30000 - 0x000007fefea97000 	C:\Windows\system32\GDI32.dll
0x000007feff440000 - 0x000007feff44e000 	C:\Windows\system32\LPK.dll
0x000007feff370000 - 0x000007feff43b000 	C:\Windows\system32\USP10.dll
0x000007fefb790000 - 0x000007fefb984000 	C:\Windows\WinSxS\amd64_microsoft.windows.common-controls_6595b64144ccf1df_6.0.7601.18837_none_fa3b1e3d17594757\COMCTL32.dll
0x000007fefeb40000 - 0x000007fefebb1000 	C:\Windows\system32\SHLWAPI.dll
0x000007fefd290000 - 0x000007fefd2be000 	C:\Windows\system32\IMM32.DLL
0x000007fefef20000 - 0x000007feff029000 	C:\Windows\system32\MSCTF.dll
0x000000006a8f0000 - 0x000000006a9c2000 	C:\Program Files\Java\jdk1.8.0_131\jre\bin\msvcr100.dll
0x0000000057800000 - 0x000000005809c000 	C:\Program Files\Java\jdk1.8.0_131\jre\bin\server\jvm.dll
0x000007fef8470000 - 0x000007fef8479000 	C:\Windows\system32\WSOCK32.dll
0x000007feff300000 - 0x000007feff34d000 	C:\Windows\system32\WS2_32.dll
0x000007fefd5a0000 - 0x000007fefd5a8000 	C:\Windows\system32\NSI.dll
0x000007fef9650000 - 0x000007fef968b000 	C:\Windows\system32\WINMM.dll
0x000007fefc060000 - 0x000007fefc06c000 	C:\Windows\system32\VERSION.dll
0x00000000773a0000 - 0x00000000773a7000 	C:\Windows\system32\PSAPI.DLL
0x00000000735a0000 - 0x00000000735af000 	C:\Program Files\Java\jdk1.8.0_131\jre\bin\verify.dll
0x0000000073570000 - 0x0000000073599000 	C:\Program Files\Java\jdk1.8.0_131\jre\bin\java.dll
0x0000000070eb0000 - 0x0000000070ec6000 	C:\Program Files\Java\jdk1.8.0_131\jre\bin\zip.dll
0x000007fefdca0000 - 0x000007fefea2b000 	C:\Windows\system32\SHELL32.dll
0x000007fefd2c0000 - 0x000007fefd4bd000 	C:\Windows\system32\ole32.dll
0x000007fefcee0000 - 0x000007fefceef000 	C:\Windows\system32\profapi.dll

VM Arguments:
jvm_args: -Djava.awt.headless=true -Xmx1024M -Dfile.encoding=windows-31j -Duser.country=JP -Duser.language=ja -Duser.variant 
java_command: com.android.dx.command.Main --dex --force-jumbo --num-threads=4 --multi-dex --output D:\Project\shouhin_irekae\Android\ProductChange\app\build\intermediates\transforms\dex\debug\folders\1000\5\slice_0 D:\Project\shouhin_irekae\Android\ProductChange\app\build\intermediates\transforms\instantRunSlicer\debug\folders\1\5\slice_0
java_class_path (initial): C:\Users\cong-pv\AppData\Local\Android\Sdk\build-tools\25.0.0\lib\dx.jar
Launcher Type: SUN_STANDARD

Environment Variables:
JAVA_HOME=C:\Program Files\Java\jdk1.8.0_131
PATH=C:\Program Files (x86)\Common Files\Oracle\Java\javapath;C:\ProgramData\Oracle\Java\javapath;C:\Program Files (x86)\Intel\iCLS Client\;C:\Program Files\Intel\iCLS Client\;C:\Windows\system32;C:\Windows;C:\Windows\System32\Wbem;C:\Windows\System32\WindowsPowerShell\v1.0\;C:\Program Files (x86)\Intel\UCRT\;C:\Program Files\TortoiseSVN\bin;C:\Users\User\.dnx\bin;C:\Program Files\Microsoft DNX\Dnvm\;C:\Program Files (x86)\Windows Kits\8.1\Windows Performance Toolkit\;C:\Program Files\Microsoft SQL Server\130\Tools\Binn\;C:\Program Files\Git\cmd;C:\Program Files\Microsoft SQL Server\120\Tools\Binn\;C:\Program Files\Microsoft SQLServer\Client SDK\ODBC\110\Tools\Binn\;C:\Program Files (x86)\Microsoft SQL Server\120\Tools\Binn\;C:\Program Files\Microsoft SQL Server\120\DTS\Binn\;C:\Program Files (x86)\Microsoft SQL Server\120\Tools\Binn\ManagementStudio\;C:\ProgramFiles (x86)\Microsoft SQL Server\120\DTS\Binn\;C:\Program Files\Intel\UCRT\;C:\Program Files (x86)\Intel\Intel(R) Management Engine Components\DAL;C:\Program Files\Intel\Intel(R) Management Engine Components\DAL;C:\Program Files (x86)\Intel\Intel(R) Management Engine Components\IPT;C:\Program Files\Intel\Intel(R) Management Engine Components\IPT;c:\Program Files\Microsoft SQL Server\Client SDK\ODBC\110\Tools\Binn\;c:\Program Files (x86)\Microsoft SQL Server\120\DTS\Binn\;C:\Go\bin;C:\Program Files\Java\jdk1.8.0_131\bin;C:\Program Files\TortoiseGit\bin;C:\Users\cong-pv\go\bin
USERNAME=cong-pv
OS=Windows_NT
PROCESSOR_IDENTIFIER=Intel64 Family 6 Model 94 Stepping 3, GenuineIntel



---------------  S Y S T E M  ---------------

OS: Windows 7 , 64 bit Build 7601 (6.1.7601.24150)

CPU:total 4 (initial active 4) (4 cores per cpu, 1 threads per core) family 6 model 94 stepping 3, cmov, cx8, fxsr, mmx, sse, sse2, sse3, ssse3, sse4.1, sse4.2, popcnt, avx, avx2, aes, clmul, erms, rtm, 3dnowpref, lzcnt, tsc, tscinvbit, bmi1, bmi2, adx

Memory: 4k page, physical 12451892k(1695512k free), swap 12450016k(5088k free)

vm_info: Java HotSpot(TM) 64-Bit Server VM (25.131-b11) for windows-amd64 JRE (1.8.0_131-b11), built on Mar 15 2017 01:23:53 by "java_re" with MS VC++ 10.0 (VS2010)

time: Tue Jul 03 11:42:24 2018
elapsed time: 1 seconds (0d 0h 0m 1s)

