#
# There is insufficient memory for the Java Runtime Environment to continue.
# Native memory allocation (malloc) failed to allocate 32744 bytes for ChunkPool::allocate
# Possible reasons:
#   The system is out of physical RAM or swap space
#   In 32 bit mode, the process size limit was hit
# Possible solutions:
#   Reduce memory load on the system
#   Increase physical memory or swap space
#   Check if swap backing store is full
#   Use 64 bit Java on a 64 bit OS
#   Decrease Java heap size (-Xmx/-Xms)
#   Decrease number of Java threads
#   Decrease Java thread stack sizes (-Xss)
#   Set larger code cache with -XX:ReservedCodeCacheSize=
# This output file may be truncated or incomplete.
#
#  Out of Memory Error (allocation.cpp:273), pid=51800, tid=0x000000000000cbfc
#
# JRE version: Java(TM) SE Runtime Environment (8.0_131-b11) (build 1.8.0_131-b11)
# Java VM: Java HotSpot(TM) 64-Bit Server VM (25.131-b11 mixed mode windows-amd64 compressed oops)
# Failed to write core dump. Minidumps are not enabled by default on client versions of Windows
#

---------------  T H R E A D  ---------------

Current thread (0x000000005633f000):  JavaThread "C2 CompilerThread0" daemon [_thread_in_native, id=52220, stack(0x0000000056bb0000,0x0000000056cb0000)]

Stack: [0x0000000056bb0000,0x0000000056cb0000]
[error occurred during error reporting (printing stack bounds), id 0xc0000005]

Native frames: (J=compiled Java code, j=interpreted, Vv=VM code, C=native code)


Current CompileTask:
C2:   1349 1037       4       com.android.dx.ssa.SsaInsn::mapRegisters (35 bytes)


---------------  P R O C E S S  ---------------

Java Threads: ( => current thread )
  0x0000000056621000 JavaThread "pool-2-thread-4" [_thread_blocked, id=52832, stack(0x00000000580d0000,0x00000000581d0000)]
  0x00000000565ef000 JavaThread "pool-2-thread-3" [_thread_in_Java, id=52800, stack(0x0000000057700000,0x0000000057800000)]
  0x00000000565ed000 JavaThread "pool-2-thread-2" [_thread_in_Java, id=52840, stack(0x0000000057500000,0x0000000057600000)]
  0x00000000564e4800 JavaThread "pool-3-thread-1" [_thread_blocked, id=52772, stack(0x0000000057290000,0x0000000057390000)]
  0x00000000564e3800 JavaThread "pool-2-thread-1" [_thread_blocked, id=52816, stack(0x0000000055db0000,0x0000000055eb0000)]
  0x000000005639e000 JavaThread "Service Thread" daemon [_thread_blocked, id=52788, stack(0x0000000056f40000,0x0000000057040000)]
  0x000000005639a000 JavaThread "C1 CompilerThread2" daemon [_thread_blocked, id=51696, stack(0x0000000056de0000,0x0000000056ee0000)]
  0x0000000056399800 JavaThread "C2 CompilerThread1" daemon [_thread_in_native, id=51672, stack(0x0000000056cb0000,0x0000000056db0000)]
=>0x000000005633f000 JavaThread "C2 CompilerThread0" daemon [_thread_in_native, id=52220, stack(0x0000000056bb0000,0x0000000056cb0000)]
  0x000000005633b800 JavaThread "Attach Listener" daemon [_thread_blocked, id=52176, stack(0x00000000569b0000,0x0000000056ab0000)]
  0x000000005633a800 JavaThread "Signal Dispatcher" daemon [_thread_blocked, id=52048, stack(0x00000000567e0000,0x00000000568e0000)]
  0x0000000054e0a000 JavaThread "Finalizer" daemon [_thread_blocked, id=2976, stack(0x0000000056230000,0x0000000056330000)]
  0x0000000054dc2800 JavaThread "Reference Handler" daemon [_thread_blocked, id=3192, stack(0x0000000056080000,0x0000000056180000)]
  0x00000000020ee800 JavaThread "main" [_thread_blocked, id=51516, stack(0x00000000023f0000,0x00000000024f0000)]

Other Threads:
  0x0000000054dbb000 VMThread [stack: 0x0000000055eb0000,0x0000000055fb0000] [id=50932]
  0x0000000056410800 WatcherThread [stack: 0x0000000057050000,0x0000000057150000] [id=52244]

VM state:not at safepoint (normal execution)

VM Mutex/Monitor currently owned by a thread: None

Heap:
 PSYoungGen      total 57344K, used 24855K [0x00000000eab00000, 0x00000000eeb00000, 0x0000000100000000)
  eden space 49152K, 50% used [0x00000000eab00000,0x00000000ec345d10,0x00000000edb00000)
  from space 8192K, 0% used [0x00000000ee300000,0x00000000ee300000,0x00000000eeb00000)
  to   space 8192K, 0% used [0x00000000edb00000,0x00000000edb00000,0x00000000ee300000)
 ParOldGen       total 131072K, used 0K [0x00000000c0000000, 0x00000000c8000000, 0x00000000eab00000)
  object space 131072K, 0% used [0x00000000c0000000,0x00000000c0000000,0x00000000c8000000)
 Metaspace       used 5824K, capacity 6838K, committed 7040K, reserved 1056768K
  class space    used 598K, capacity 622K, committed 640K, reserved 1048576K

Card table byte_map: [0x00000000118b0000,0x0000000011ac0000] byte_map_base: 0x00000000112b0000

Marking Bits: (ParMarkBitMap*) 0x000000005801c720
 Begin Bits: [0x0000000012230000, 0x0000000013230000)
 End Bits:   [0x0000000013230000, 0x0000000014230000)

Polling page: 0x0000000000320000

CodeCache: size=245760Kb used=4203Kb max_used=4210Kb free=241556Kb
 bounds [0x00000000024f0000, 0x0000000002920000, 0x00000000114f0000]
 total_blobs=1299 nmethods=1035 adapters=177
 compilation: enabled

Compilation events (10 events):
Event: 1.317 Thread 0x000000005633f000 nmethod 1020 0x000000000290e390 code [0x000000000290e4e0, 0x000000000290e6b8]
Event: 1.317 Thread 0x000000005633f000 1028       4       com.android.dx.rop.code.PlainInsn::<init> (73 bytes)
Event: 1.318 Thread 0x000000005633f000 nmethod 1028 0x0000000002905ad0 code [0x0000000002905c20, 0x0000000002905d58]
Event: 1.318 Thread 0x000000005633f000 1029       4       com.android.dx.cf.code.Ropper::labelToResultIndex (47 bytes)
Event: 1.320 Thread 0x000000005633f000 nmethod 1029 0x000000000290c110 code [0x000000000290c260, 0x000000000290c518]
Event: 1.322 Thread 0x000000005639a000 1035       3       com.android.dx.rop.code.DexTranslationAdvice::totalRopWidth (36 bytes)
Event: 1.322 Thread 0x000000005633f000 1037       4       com.android.dx.ssa.SsaInsn::mapRegisters (35 bytes)
Event: 1.322 Thread 0x000000005639a000 nmethod 1035 0x000000000290b450 code [0x000000000290b600, 0x000000000290bdc8]
Event: 1.322 Thread 0x000000005639a000 1036       1       com.android.dx.rop.cst.CstString::getType (4 bytes)
Event: 1.322 Thread 0x000000005639a000 nmethod 1036 0x000000000290b190 code [0x000000000290b2e0, 0x000000000290b3f0]

GC Heap History (0 events):
No events

Deoptimization events (10 events):
Event: 1.272 Thread 0x00000000565ed000 Uncommon trap: reason=unstable_if action=reinterpret pc=0x00000000027d786c method=com.android.dx.rop.code.RegisterSpec.withReg(I)Lcom/android/dx/rop/code/RegisterSpec; @ 5
Event: 1.295 Thread 0x00000000565ed000 Uncommon trap: reason=unstable_if action=reinterpret pc=0x00000000027d252c method=com.android.dx.rop.code.RegisterSpec.equals(ILcom/android/dx/rop/type/TypeBearer;Lcom/android/dx/rop/code/LocalItem;)Z @ 24
Event: 1.296 Thread 0x00000000565ed000 Uncommon trap: reason=unloaded action=reinterpret pc=0x0000000002795e18 method=com.android.dx.ssa.SsaRenamer$BlockRenamer.visitMoveInsn(Lcom/android/dx/ssa/NormalSsaInsn;)V @ 208
Event: 1.297 Thread 0x00000000565ed000 Uncommon trap: reason=unstable_if action=reinterpret pc=0x00000000027d6f84 method=com.android.dx.ssa.NormalSsaInsn.getLocalAssignment()Lcom/android/dx/rop/code/RegisterSpec; @ 12
Event: 1.297 Thread 0x00000000565ed000 Uncommon trap: reason=unstable_if action=reinterpret pc=0x00000000027d4ed8 method=com.android.dx.ssa.NormalSsaInsn.getLocalAssignment()Lcom/android/dx/rop/code/RegisterSpec; @ 12
Event: 1.297 Thread 0x00000000565ed000 Uncommon trap: reason=unstable_if action=reinterpret pc=0x00000000027cf320 method=com.android.dx.ssa.NormalSsaInsn.getLocalAssignment()Lcom/android/dx/rop/code/RegisterSpec; @ 12
Event: 1.298 Thread 0x00000000565ed000 Uncommon trap: reason=unstable_if action=reinterpret pc=0x00000000027cdcd4 method=com.android.dx.rop.code.RegisterSpec.equals(ILcom/android/dx/rop/type/TypeBearer;Lcom/android/dx/rop/code/LocalItem;)Z @ 24
Event: 1.300 Thread 0x00000000565ed000 Uncommon trap: reason=unstable_if action=reinterpret pc=0x00000000027c457c method=com.android.dx.rop.code.RegisterSpec.equals(ILcom/android/dx/rop/type/TypeBearer;Lcom/android/dx/rop/code/LocalItem;)Z @ 24
Event: 1.302 Thread 0x00000000565ed000 Uncommon trap: reason=unstable_if action=reinterpret pc=0x000000000279ff7c method=com.android.dx.rop.code.RegisterSpec.equals(ILcom/android/dx/rop/type/TypeBearer;Lcom/android/dx/rop/code/LocalItem;)Z @ 24
Event: 1.303 Thread 0x00000000565ed000 Uncommon trap: reason=unstable_if action=reinterpret pc=0x0000000002787ba4 method=java.util.BitSet.ensureCapacity(I)V @ 6

Internal exceptions (2 events):
Event: 0.183 Thread 0x00000000020ee800 Exception <a 'java/lang/NoSuchMethodError': Method sun.misc.Unsafe.defineClass(Ljava/lang/String;[BII)Ljava/lang/Class; name or signature does not match> (0x00000000eab07ca8) thrown at [C:\re\workspace\8-2-build-windows-amd64-cygwin\jdk8u131\8869\hotspot\
Event: 0.184 Thread 0x00000000020ee800 Exception <a 'java/lang/NoSuchMethodError': Method sun.misc.Unsafe.prefetchRead(Ljava/lang/Object;J)V name or signature does not match> (0x00000000eab07f90) thrown at [C:\re\workspace\8-2-build-windows-amd64-cygwin\jdk8u131\8869\hotspot\src\share\vm\prims

Events (10 events):
Event: 1.309 Thread 0x00000000565ed000 DEOPT PACKING pc=0x00000000027c9cad sp=0x00000000575fe690
Event: 1.309 Thread 0x00000000565ed000 DEOPT UNPACKING pc=0x000000000253787f sp=0x00000000575fe3f8 mode 0
Event: 1.310 Thread 0x00000000565ed000 DEOPT PACKING pc=0x00000000027c9cad sp=0x00000000575fe690
Event: 1.310 Thread 0x00000000565ed000 DEOPT UNPACKING pc=0x000000000253787f sp=0x00000000575fe3f8 mode 0
Event: 1.310 Thread 0x00000000565ed000 DEOPT PACKING pc=0x00000000027c9cad sp=0x00000000575fe690
Event: 1.310 Thread 0x00000000565ed000 DEOPT UNPACKING pc=0x000000000253787f sp=0x00000000575fe3f8 mode 0
Event: 1.311 Thread 0x00000000565ed000 DEOPT PACKING pc=0x00000000027c9cad sp=0x00000000575fe690
Event: 1.311 Thread 0x00000000565ed000 DEOPT UNPACKING pc=0x000000000253787f sp=0x00000000575fe3f8 mode 0
Event: 1.311 Thread 0x00000000565ed000 DEOPT PACKING pc=0x00000000027c9cad sp=0x00000000575fe690
Event: 1.311 Thread 0x00000000565ed000 DEOPT UNPACKING pc=0x000000000253787f sp=0x00000000575fe3f8 mode 0


Dynamic libraries:
0x000000013f360000 - 0x000000013f397000 	C:\Program Files\Java\jdk1.8.0_131\bin\java.exe
0x0000000077200000 - 0x000000007739f000 	C:\Windows\SYSTEM32\ntdll.dll
0x00000000770e0000 - 0x00000000771ff000 	C:\Windows\system32\kernel32.dll
0x000007fefd1e0000 - 0x000007fefd24a000 	C:\Windows\system32\KERNELBASE.dll
0x000007fefd4c0000 - 0x000007fefd59b000 	C:\Windows\system32\ADVAPI32.dll
0x000007fefeaa0000 - 0x000007fefeb3f000 	C:\Windows\system32\msvcrt.dll
0x000007feff350000 - 0x000007feff36f000 	C:\Windows\SYSTEM32\sechost.dll
0x000007fefed50000 - 0x000007fefee7d000 	C:\Windows\system32\RPCRT4.dll
0x0000000076fe0000 - 0x00000000770da000 	C:\Windows\system32\USER32.dll
0x000007fefea30000 - 0x000007fefea97000 	C:\Windows\system32\GDI32.dll
0x000007feff440000 - 0x000007feff44e000 	C:\Windows\system32\LPK.dll
0x000007feff370000 - 0x000007feff43b000 	C:\Windows\system32\USP10.dll
0x000007fefb790000 - 0x000007fefb984000 	C:\Windows\WinSxS\amd64_microsoft.windows.common-controls_6595b64144ccf1df_6.0.7601.18837_none_fa3b1e3d17594757\COMCTL32.dll
0x000007fefeb40000 - 0x000007fefebb1000 	C:\Windows\system32\SHLWAPI.dll
0x000007fefd290000 - 0x000007fefd2be000 	C:\Windows\system32\IMM32.DLL
0x000007fefef20000 - 0x000007feff029000 	C:\Windows\system32\MSCTF.dll
0x000000006a8f0000 - 0x000000006a9c2000 	C:\Program Files\Java\jdk1.8.0_131\jre\bin\msvcr100.dll
0x0000000057800000 - 0x000000005809c000 	C:\Program Files\Java\jdk1.8.0_131\jre\bin\server\jvm.dll
0x000007fef8470000 - 0x000007fef8479000 	C:\Windows\system32\WSOCK32.dll
0x000007feff300000 - 0x000007feff34d000 	C:\Windows\system32\WS2_32.dll
0x000007fefd5a0000 - 0x000007fefd5a8000 	C:\Windows\system32\NSI.dll
0x000007fef9650000 - 0x000007fef968b000 	C:\Windows\system32\WINMM.dll
0x000007fefc060000 - 0x000007fefc06c000 	C:\Windows\system32\VERSION.dll
0x00000000773a0000 - 0x00000000773a7000 	C:\Windows\system32\PSAPI.DLL
0x00000000735a0000 - 0x00000000735af000 	C:\Program Files\Java\jdk1.8.0_131\jre\bin\verify.dll
0x0000000073570000 - 0x0000000073599000 	C:\Program Files\Java\jdk1.8.0_131\jre\bin\java.dll
0x0000000070eb0000 - 0x0000000070ec6000 	C:\Program Files\Java\jdk1.8.0_131\jre\bin\zip.dll
0x000007fefdca0000 - 0x000007fefea2b000 	C:\Windows\system32\SHELL32.dll
0x000007fefd2c0000 - 0x000007fefd4bd000 	C:\Windows\system32\ole32.dll
0x000007fefcee0000 - 0x000007fefceef000 	C:\Windows\system32\profapi.dll

VM Arguments:
jvm_args: -Djava.awt.headless=true -Xmx1024M -Dfile.encoding=windows-31j -Duser.country=JP -Duser.language=ja -Duser.variant 
java_command: com.android.dx.command.Main --dex --force-jumbo --num-threads=4 --multi-dex --output D:\Project\shouhin_irekae\Android\ProductChange\app\build\intermediates\transforms\dex\debug\folders\1000\5\slice_2 D:\Project\shouhin_irekae\Android\ProductChange\app\build\intermediates\transforms\instantRunSlicer\debug\folders\1\5\slice_2
java_class_path (initial): C:\Users\cong-pv\AppData\Local\Android\Sdk\build-tools\25.0.0\lib\dx.jar
Launcher Type: SUN_STANDARD

Environment Variables:
JAVA_HOME=C:\Program Files\Java\jdk1.8.0_131
PATH=C:\Program Files (x86)\Common Files\Oracle\Java\javapath;C:\ProgramData\Oracle\Java\javapath;C:\Program Files (x86)\Intel\iCLS Client\;C:\Program Files\Intel\iCLS Client\;C:\Windows\system32;C:\Windows;C:\Windows\System32\Wbem;C:\Windows\System32\WindowsPowerShell\v1.0\;C:\Program Files (x86)\Intel\UCRT\;C:\Program Files\TortoiseSVN\bin;C:\Users\User\.dnx\bin;C:\Program Files\Microsoft DNX\Dnvm\;C:\Program Files (x86)\Windows Kits\8.1\Windows Performance Toolkit\;C:\Program Files\Microsoft SQL Server\130\Tools\Binn\;C:\Program Files\Git\cmd;C:\Program Files\Microsoft SQL Server\120\Tools\Binn\;C:\Program Files\Microsoft SQLServer\Client SDK\ODBC\110\Tools\Binn\;C:\Program Files (x86)\Microsoft SQL Server\120\Tools\Binn\;C:\Program Files\Microsoft SQL Server\120\DTS\Binn\;C:\Program Files (x86)\Microsoft SQL Server\120\Tools\Binn\ManagementStudio\;C:\ProgramFiles (x86)\Microsoft SQL Server\120\DTS\Binn\;C:\Program Files\Intel\UCRT\;C:\Program Files (x86)\Intel\Intel(R) Management Engine Components\DAL;C:\Program Files\Intel\Intel(R) Management Engine Components\DAL;C:\Program Files (x86)\Intel\Intel(R) Management Engine Components\IPT;C:\Program Files\Intel\Intel(R) Management Engine Components\IPT;c:\Program Files\Microsoft SQL Server\Client SDK\ODBC\110\Tools\Binn\;c:\Program Files (x86)\Microsoft SQL Server\120\DTS\Binn\;C:\Go\bin;C:\Program Files\Java\jdk1.8.0_131\bin;C:\Program Files\TortoiseGit\bin;C:\Users\cong-pv\go\bin
USERNAME=cong-pv
OS=Windows_NT
PROCESSOR_IDENTIFIER=Intel64 Family 6 Model 94 Stepping 3, GenuineIntel



---------------  S Y S T E M  ---------------

OS: Windows 7 , 64 bit Build 7601 (6.1.7601.24150)

CPU:total 4 (initial active 4) (4 cores per cpu, 1 threads per core) family 6 model 94 stepping 3, cmov, cx8, fxsr, mmx, sse, sse2, sse3, ssse3, sse4.1, sse4.2, popcnt, avx, avx2, aes, clmul, erms, rtm, 3dnowpref, lzcnt, tsc, tscinvbit, bmi1, bmi2, adx

Memory: 4k page, physical 12451892k(1695516k free), swap 12450016k(4068k free)

vm_info: Java HotSpot(TM) 64-Bit Server VM (25.131-b11) for windows-amd64 JRE (1.8.0_131-b11), built on Mar 15 2017 01:23:53 by "java_re" with MS VC++ 10.0 (VS2010)

time: Tue Jul 03 11:42:24 2018
elapsed time: 1 seconds (0d 0h 0m 1s)

