#
# There is insufficient memory for the Java Runtime Environment to continue.
# Native memory allocation (malloc) failed to allocate 32744 bytes for ChunkPool::allocate
# Possible reasons:
#   The system is out of physical RAM or swap space
#   In 32 bit mode, the process size limit was hit
# Possible solutions:
#   Reduce memory load on the system
#   Increase physical memory or swap space
#   Check if swap backing store is full
#   Use 64 bit Java on a 64 bit OS
#   Decrease Java heap size (-Xmx/-Xms)
#   Decrease number of Java threads
#   Decrease Java thread stack sizes (-Xss)
#   Set larger code cache with -XX:ReservedCodeCacheSize=
# This output file may be truncated or incomplete.
#
#  Out of Memory Error (allocation.cpp:273), pid=11344, tid=0x00000000000028e8
#
# JRE version: Java(TM) SE Runtime Environment (8.0_131-b11) (build 1.8.0_131-b11)
# Java VM: Java HotSpot(TM) 64-Bit Server VM (25.131-b11 mixed mode windows-amd64 compressed oops)
# Failed to write core dump. Minidumps are not enabled by default on client versions of Windows
#

---------------  T H R E A D  ---------------

Current thread (0x0000000056124000):  JavaThread "C1 CompilerThread2" daemon [_thread_in_native, id=10472, stack(0x0000000056ad0000,0x0000000056bd0000)]

Stack: [0x0000000056ad0000,0x0000000056bd0000]
[error occurred during error reporting (printing stack bounds), id 0xc0000005]

Native frames: (J=compiled Java code, j=interpreted, Vv=VM code, C=native code)


Current CompileTask:
C1:   1376  737   !   3       com.android.dx.cf.code.RopperMachine::run (1550 bytes)


---------------  P R O C E S S  ---------------

Java Threads: ( => current thread )
  0x0000000056323800 JavaThread "pool-2-thread-4" [_thread_blocked, id=6072, stack(0x0000000057540000,0x0000000057640000)]
  0x0000000056324800 JavaThread "pool-2-thread-3" [_thread_blocked, id=10696, stack(0x00000000570a0000,0x00000000571a0000)]
  0x000000005631f800 JavaThread "pool-2-thread-2" [_thread_in_vm, id=11892, stack(0x00000000573e0000,0x00000000574e0000)]
  0x00000000562d1800 JavaThread "pool-3-thread-1" [_thread_blocked, id=11000, stack(0x0000000057210000,0x0000000057310000)]
  0x00000000562cf000 JavaThread "pool-2-thread-1" [_thread_in_vm, id=984, stack(0x0000000056f60000,0x0000000057060000)]
  0x000000005619c000 JavaThread "Service Thread" daemon [_thread_blocked, id=10456, stack(0x0000000056d00000,0x0000000056e00000)]
=>0x0000000056124000 JavaThread "C1 CompilerThread2" daemon [_thread_in_native, id=10472, stack(0x0000000056ad0000,0x0000000056bd0000)]
  0x0000000056123000 JavaThread "C2 CompilerThread1" daemon [_thread_in_native, id=11856, stack(0x0000000056900000,0x0000000056a00000)]
  0x000000005611f000 JavaThread "C2 CompilerThread0" daemon [_thread_in_native, id=8068, stack(0x0000000056720000,0x0000000056820000)]
  0x000000005611b800 JavaThread "Attach Listener" daemon [_thread_blocked, id=1336, stack(0x00000000565d0000,0x00000000566d0000)]
  0x000000005611a800 JavaThread "Signal Dispatcher" daemon [_thread_blocked, id=1428, stack(0x0000000055d10000,0x0000000055e10000)]
  0x0000000054d9a000 JavaThread "Finalizer" daemon [_thread_blocked, id=8532, stack(0x0000000056010000,0x0000000056110000)]
  0x0000000054d52800 JavaThread "Reference Handler" daemon [_thread_blocked, id=10192, stack(0x0000000055ea0000,0x0000000055fa0000)]
  0x000000000215e800 JavaThread "main" [_thread_blocked, id=4532, stack(0x0000000002440000,0x0000000002540000)]

Other Threads:
  0x0000000054d4b000 VMThread [stack: 0x0000000055bb0000,0x0000000055cb0000] [id=10144]
  0x00000000561a2800 WatcherThread [stack: 0x0000000056e10000,0x0000000056f10000] [id=1424]

VM state:not at safepoint (normal execution)

VM Mutex/Monitor currently owned by a thread:  ([mutex/lock_event])
[0x000000000215d6b0] MethodData_lock - owner thread: 0x000000005631f800

Heap:
 PSYoungGen      total 57344K, used 22879K [0x00000000eab00000, 0x00000000eeb00000, 0x0000000100000000)
  eden space 49152K, 46% used [0x00000000eab00000,0x00000000ec157e08,0x00000000edb00000)
  from space 8192K, 0% used [0x00000000ee300000,0x00000000ee300000,0x00000000eeb00000)
  to   space 8192K, 0% used [0x00000000edb00000,0x00000000edb00000,0x00000000ee300000)
 ParOldGen       total 131072K, used 0K [0x00000000c0000000, 0x00000000c8000000, 0x00000000eab00000)
  object space 131072K, 0% used [0x00000000c0000000,0x00000000c0000000,0x00000000c8000000)
 Metaspace       used 5728K, capacity 6710K, committed 6784K, reserved 1056768K
  class space    used 599K, capacity 622K, committed 640K, reserved 1048576K

Card table byte_map: [0x0000000011900000,0x0000000011b10000] byte_map_base: 0x0000000011300000

Marking Bits: (ParMarkBitMap*) 0x000000006ffec720
 Begin Bits: [0x00000000121c0000, 0x00000000131c0000)
 End Bits:   [0x00000000131c0000, 0x00000000141c0000)

Polling page: 0x0000000000370000

CodeCache: size=245760Kb used=2744Kb max_used=2756Kb free=243015Kb
 bounds [0x0000000002540000, 0x0000000002800000, 0x0000000011540000]
 total_blobs=963 nmethods=697 adapters=177
 compilation: enabled

Compilation events (10 events):
Event: 1.371 Thread 0x0000000056123000 nmethod 729 0x00000000027da250 code [0x00000000027da380, 0x00000000027da438]
Event: 1.371 Thread 0x0000000056123000  746       4       com.android.dx.ssa.SsaBasicBlock::isReachable (29 bytes)
Event: 1.371 Thread 0x0000000056123000 nmethod 746 0x00000000027dd810 code [0x00000000027dd940, 0x00000000027dd9b8]
Event: 1.371 Thread 0x0000000056123000  728       4       com.android.dx.ssa.SsaMethod::getDefinitionForRegister (61 bytes)
Event: 1.373 Thread 0x0000000056123000 nmethod 728 0x00000000027e0390 code [0x00000000027e0500, 0x00000000027e0748]
Event: 1.373 Thread 0x0000000056123000  747       4       com.android.dx.util.BitIntSet::ensureCapacity (51 bytes)
Event: 1.374 Thread 0x0000000056123000 nmethod 747 0x00000000027dff50 code [0x00000000027e00a0, 0x00000000027e0278]
Event: 1.374 Thread 0x0000000056123000  744       4       com.android.dx.rop.type.Type::equals (31 bytes)
Event: 1.375 Thread 0x0000000056123000 nmethod 744 0x00000000027dfb50 code [0x00000000027dfca0, 0x00000000027dfe38]
Event: 1.375 Thread 0x0000000056123000  754       4       java.util.TreeMap::put (247 bytes)

GC Heap History (0 events):
No events

Deoptimization events (1 events):
Event: 1.340 Thread 0x000000000215e800 Uncommon trap: reason=unstable_if action=reinterpret pc=0x000000000274d6c4 method=com.android.dx.rop.code.RegisterSpec.equals(ILcom/android/dx/rop/type/TypeBearer;Lcom/android/dx/rop/code/LocalItem;)Z @ 24

Internal exceptions (2 events):
Event: 0.042 Thread 0x000000000215e800 Exception <a 'java/lang/NoSuchMethodError': Method sun.misc.Unsafe.defineClass(Ljava/lang/String;[BII)Ljava/lang/Class; name or signature does not match> (0x00000000eab07ca8) thrown at [C:\re\workspace\8-2-build-windows-amd64-cygwin\jdk8u131\8869\hotspot\
Event: 0.042 Thread 0x000000000215e800 Exception <a 'java/lang/NoSuchMethodError': Method sun.misc.Unsafe.prefetchRead(Ljava/lang/Object;J)V name or signature does not match> (0x00000000eab07f90) thrown at [C:\re\workspace\8-2-build-windows-amd64-cygwin\jdk8u131\8869\hotspot\src\share\vm\prims

Events (10 events):
Event: 1.336 loading class com/android/dx/cf/attrib/AttRuntimeVisibleAnnotations done
Event: 1.336 loading class com/android/dx/cf/attrib/BaseAnnotations
Event: 1.336 loading class com/android/dx/cf/attrib/BaseAnnotations done
Event: 1.338 loading class com/android/dx/dex/file/FieldAnnotationStruct
Event: 1.338 loading class com/android/dx/dex/file/FieldAnnotationStruct done
Event: 1.340 Thread 0x000000000215e800 Uncommon trap: trap_request=0xffffff65 fr.pc=0x000000000274d6c4
Event: 1.340 Thread 0x000000000215e800 DEOPT PACKING pc=0x000000000274d6c4 sp=0x000000000253dfc0
Event: 1.340 Thread 0x000000000215e800 DEOPT UNPACKING pc=0x000000000258582a sp=0x000000000253ddf8 mode 2
Event: 1.369 loading class java/util/ArrayList$1
Event: 1.369 loading class java/util/ArrayList$1 done


Dynamic libraries:
0x000000013f660000 - 0x000000013f697000 	C:\Program Files\Java\jdk1.8.0_131\bin\java.exe
0x0000000077060000 - 0x00000000771ff000 	C:\Windows\SYSTEM32\ntdll.dll
0x0000000076e40000 - 0x0000000076f5f000 	C:\Windows\system32\kernel32.dll
0x000007fefcf30000 - 0x000007fefcf9a000 	C:\Windows\system32\KERNELBASE.dll
0x000007fefd0d0000 - 0x000007fefd1ab000 	C:\Windows\system32\ADVAPI32.dll
0x000007feff0e0000 - 0x000007feff17f000 	C:\Windows\system32\msvcrt.dll
0x000007fefd030000 - 0x000007fefd04f000 	C:\Windows\SYSTEM32\sechost.dll
0x000007fefe070000 - 0x000007fefe19d000 	C:\Windows\system32\RPCRT4.dll
0x0000000076f60000 - 0x000000007705a000 	C:\Windows\system32\USER32.dll
0x000007fefcfc0000 - 0x000007fefd027000 	C:\Windows\system32\GDI32.dll
0x000007fefe1d0000 - 0x000007fefe1de000 	C:\Windows\system32\LPK.dll
0x000007feff180000 - 0x000007feff24b000 	C:\Windows\system32\USP10.dll
0x000007fefb4c0000 - 0x000007fefb6b4000 	C:\Windows\WinSxS\amd64_microsoft.windows.common-controls_6595b64144ccf1df_6.0.7601.18837_none_fa3b1e3d17594757\COMCTL32.dll
0x000007fefe4b0000 - 0x000007fefe521000 	C:\Windows\system32\SHLWAPI.dll
0x0000000000090000 - 0x00000000000be000 	C:\Windows\system32\IMM32.DLL
0x000007fefdf60000 - 0x000007fefe069000 	C:\Windows\system32\MSCTF.dll
0x0000000058460000 - 0x0000000058532000 	C:\Program Files\Java\jdk1.8.0_131\jre\bin\msvcr100.dll
0x000000006f7d0000 - 0x000000007006c000 	C:\Program Files\Java\jdk1.8.0_131\jre\bin\server\jvm.dll
0x000007feee0f0000 - 0x000007feee0f9000 	C:\Windows\system32\WSOCK32.dll
0x000007feff250000 - 0x000007feff29d000 	C:\Windows\system32\WS2_32.dll
0x000007feff340000 - 0x000007feff348000 	C:\Windows\system32\NSI.dll
0x000007fef93c0000 - 0x000007fef93fb000 	C:\Windows\system32\WINMM.dll
0x000007fefbcd0000 - 0x000007fefbcdc000 	C:\Windows\system32\VERSION.dll
0x0000000077210000 - 0x0000000077217000 	C:\Windows\system32\PSAPI.DLL
0x0000000073ee0000 - 0x0000000073eef000 	C:\Program Files\Java\jdk1.8.0_131\jre\bin\verify.dll
0x0000000073eb0000 - 0x0000000073ed9000 	C:\Program Files\Java\jdk1.8.0_131\jre\bin\java.dll
0x0000000073e80000 - 0x0000000073e96000 	C:\Program Files\Java\jdk1.8.0_131\jre\bin\zip.dll
0x000007fefd1d0000 - 0x000007fefdf5b000 	C:\Windows\system32\SHELL32.dll
0x000007fefe530000 - 0x000007fefe72d000 	C:\Windows\system32\ole32.dll
0x000007fefcc00000 - 0x000007fefcc0f000 	C:\Windows\system32\profapi.dll

VM Arguments:
jvm_args: -Djava.awt.headless=true -Xmx1024M -Dfile.encoding=windows-31j -Duser.country=JP -Duser.language=ja -Duser.variant 
java_command: com.android.dx.command.Main --dex --force-jumbo --num-threads=4 --multi-dex --output D:\Project\shouhin_irekae\Android\ProductChange\app\build\intermediates\transforms\dex\debug\folders\1000\5\slice_0 D:\Project\shouhin_irekae\Android\ProductChange\app\build\intermediates\transforms\instantRunSlicer\debug\folders\1\5\slice_0
java_class_path (initial): C:\Users\cong-pv\AppData\Local\Android\Sdk\build-tools\25.0.0\lib\dx.jar
Launcher Type: SUN_STANDARD

Environment Variables:
JAVA_HOME=C:\Program Files\Java\jdk1.8.0_131
PATH=C:\Program Files (x86)\Common Files\Oracle\Java\javapath;C:\ProgramData\Oracle\Java\javapath;C:\Program Files (x86)\Intel\iCLS Client\;C:\Program Files\Intel\iCLS Client\;C:\Windows\system32;C:\Windows;C:\Windows\System32\Wbem;C:\Windows\System32\WindowsPowerShell\v1.0\;C:\Program Files (x86)\Intel\UCRT\;C:\Program Files\TortoiseSVN\bin;C:\Users\User\.dnx\bin;C:\Program Files\Microsoft DNX\Dnvm\;C:\Program Files (x86)\Windows Kits\8.1\Windows Performance Toolkit\;C:\Program Files\Microsoft SQL Server\130\Tools\Binn\;C:\Program Files\Git\cmd;C:\Program Files\Microsoft SQL Server\120\Tools\Binn\;C:\Program Files\Microsoft SQLServer\Client SDK\ODBC\110\Tools\Binn\;C:\Program Files (x86)\Microsoft SQL Server\120\Tools\Binn\;C:\Program Files\Microsoft SQL Server\120\DTS\Binn\;C:\Program Files (x86)\Microsoft SQL Server\120\Tools\Binn\ManagementStudio\;C:\ProgramFiles (x86)\Microsoft SQL Server\120\DTS\Binn\;C:\Program Files\Intel\UCRT\;C:\Program Files (x86)\Intel\Intel(R) Management Engine Components\DAL;C:\Program Files\Intel\Intel(R) Management Engine Components\DAL;C:\Program Files (x86)\Intel\Intel(R) Management Engine Components\IPT;C:\Program Files\Intel\Intel(R) Management Engine Components\IPT;c:\Program Files\Microsoft SQL Server\Client SDK\ODBC\110\Tools\Binn\;c:\Program Files (x86)\Microsoft SQL Server\120\DTS\Binn\;C:\Program Files\Java\jdk1.8.0_131\bin;C:\Program Files\TortoiseGit\bin;C:\Go\bin;C:\Users\cong-pv\go\bin
USERNAME=cong-pv
OS=Windows_NT
PROCESSOR_IDENTIFIER=Intel64 Family 6 Model 94 Stepping 3, GenuineIntel



---------------  S Y S T E M  ---------------

OS: Windows 7 , 64 bit Build 7601 (6.1.7601.24214)

CPU:total 4 (initial active 4) (4 cores per cpu, 1 threads per core) family 6 model 94 stepping 3, cmov, cx8, fxsr, mmx, sse, sse2, sse3, ssse3, sse4.1, sse4.2, popcnt, avx, avx2, aes, clmul, erms, rtm, 3dnowpref, lzcnt, tsc, tscinvbit, bmi1, bmi2, adx

Memory: 4k page, physical 12451892k(2000096k free), swap 12449992k(4052k free)

vm_info: Java HotSpot(TM) 64-Bit Server VM (25.131-b11) for windows-amd64 JRE (1.8.0_131-b11), built on Mar 15 2017 01:23:53 by "java_re" with MS VC++ 10.0 (VS2010)

time: Fri Aug 31 17:56:50 2018
elapsed time: 1 seconds (0d 0h 0m 1s)

