#
# There is insufficient memory for the Java Runtime Environment to continue.
# Native memory allocation (malloc) failed to allocate 725616 bytes for Chunk::new
# Possible reasons:
#   The system is out of physical RAM or swap space
#   In 32 bit mode, the process size limit was hit
# Possible solutions:
#   Reduce memory load on the system
#   Increase physical memory or swap space
#   Check if swap backing store is full
#   Use 64 bit Java on a 64 bit OS
#   Decrease Java heap size (-Xmx/-Xms)
#   Decrease number of Java threads
#   Decrease Java thread stack sizes (-Xss)
#   Set larger code cache with -XX:ReservedCodeCacheSize=
# This output file may be truncated or incomplete.
#
#  Out of Memory Error (allocation.cpp:390), pid=55044, tid=0x000000000000ccfc
#
# JRE version: Java(TM) SE Runtime Environment (8.0_131-b11) (build 1.8.0_131-b11)
# Java VM: Java HotSpot(TM) 64-Bit Server VM (25.131-b11 mixed mode windows-amd64 compressed oops)
# Failed to write core dump. Minidumps are not enabled by default on client versions of Windows
#

---------------  T H R E A D  ---------------

Current thread (0x00000000562c1000):  JavaThread "C2 CompilerThread0" daemon [_thread_in_native, id=52476, stack(0x0000000056bd0000,0x0000000056cd0000)]

Stack: [0x0000000056bd0000,0x0000000056cd0000]
[error occurred during error reporting (printing stack bounds), id 0xc0000005]

Native frames: (J=compiled Java code, j=interpreted, Vv=VM code, C=native code)


Current CompileTask:
C2:   2850 1623       4       com.android.dx.ssa.LocalVariableExtractor::processBlock (383 bytes)


---------------  P R O C E S S  ---------------

Java Threads: ( => current thread )
  0x0000000056695800 JavaThread "pool-2-thread-4" [_thread_blocked, id=52548, stack(0x0000000057600000,0x0000000057700000)]
  0x0000000056675800 JavaThread "pool-2-thread-3" [_thread_blocked, id=52076, stack(0x0000000055d30000,0x0000000055e30000)]
  0x000000005654f000 JavaThread "pool-2-thread-2" [_thread_blocked, id=53908, stack(0x0000000057490000,0x0000000057590000)]
  0x000000005654a800 JavaThread "pool-3-thread-1" [_thread_blocked, id=53920, stack(0x00000000572b0000,0x00000000573b0000)]
  0x000000005650c000 JavaThread "pool-2-thread-1" [_thread_blocked, id=54560, stack(0x00000000566e0000,0x00000000567e0000)]
  0x000000005633b000 JavaThread "Service Thread" daemon [_thread_blocked, id=54236, stack(0x0000000056f50000,0x0000000057050000)]
  0x00000000562c6000 JavaThread "C1 CompilerThread2" daemon [_thread_blocked, id=50592, stack(0x0000000056de0000,0x0000000056ee0000)]
  0x00000000562c5000 JavaThread "C2 CompilerThread1" daemon [_thread_in_native, id=52064, stack(0x0000000056ce0000,0x0000000056de0000)]
=>0x00000000562c1000 JavaThread "C2 CompilerThread0" daemon [_thread_in_native, id=52476, stack(0x0000000056bd0000,0x0000000056cd0000)]
  0x00000000562bd800 JavaThread "Attach Listener" daemon [_thread_blocked, id=22756, stack(0x0000000056a20000,0x0000000056b20000)]
  0x00000000562bc800 JavaThread "Signal Dispatcher" daemon [_thread_blocked, id=53836, stack(0x0000000056840000,0x0000000056940000)]
  0x0000000054e1a000 JavaThread "Finalizer" daemon [_thread_blocked, id=55280, stack(0x00000000561b0000,0x00000000562b0000)]
  0x0000000054dd2800 JavaThread "Reference Handler" daemon [_thread_blocked, id=54048, stack(0x0000000056000000,0x0000000056100000)]
  0x000000000024e800 JavaThread "main" [_thread_in_native, id=55200, stack(0x0000000002430000,0x0000000002530000)]

Other Threads:
  0x0000000054dcb000 VMThread [stack: 0x0000000055e30000,0x0000000055f30000] [id=55268]
  0x000000005636a800 WatcherThread [stack: 0x0000000057080000,0x0000000057180000] [id=50816]

VM state:not at safepoint (normal execution)

VM Mutex/Monitor currently owned by a thread: None

Heap:
 PSYoungGen      total 106496K, used 15036K [0x00000000eab00000, 0x00000000f1b00000, 0x0000000100000000)
  eden space 98304K, 6% used [0x00000000eab00000,0x00000000eb1b4280,0x00000000f0b00000)
  from space 8192K, 99% used [0x00000000f0b00000,0x00000000f12fae80,0x00000000f1300000)
  to   space 8192K, 0% used [0x00000000f1300000,0x00000000f1300000,0x00000000f1b00000)
 ParOldGen       total 131072K, used 29668K [0x00000000c0000000, 0x00000000c8000000, 0x00000000eab00000)
  object space 131072K, 22% used [0x00000000c0000000,0x00000000c1cf9130,0x00000000c8000000)
 Metaspace       used 6041K, capacity 7000K, committed 7168K, reserved 1056768K
  class space    used 607K, capacity 656K, committed 768K, reserved 1048576K

Card table byte_map: [0x00000000118f0000,0x0000000011b00000] byte_map_base: 0x00000000112f0000

Marking Bits: (ParMarkBitMap*) 0x000000005801c720
 Begin Bits: [0x0000000012240000, 0x0000000013240000)
 End Bits:   [0x0000000013240000, 0x0000000014240000)

Polling page: 0x0000000000210000

CodeCache: size=245760Kb used=7226Kb max_used=7238Kb free=238533Kb
 bounds [0x0000000002530000, 0x0000000002c50000, 0x0000000011530000]
 total_blobs=1843 nmethods=1579 adapters=177
 compilation: enabled

Compilation events (10 events):
Event: 2.823 Thread 0x00000000562c5000 nmethod 1629 0x0000000002c0b910 code [0x0000000002c0ba60, 0x0000000002c0baf8]
Event: 2.823 Thread 0x00000000562c5000 1624       4       com.android.dx.ssa.Dominators$DfsWalker::visitBlock (59 bytes)
Event: 2.828 Thread 0x00000000562c5000 nmethod 1624 0x0000000002c43cd0 code [0x0000000002c43e40, 0x0000000002c44398]
Event: 2.828 Thread 0x00000000562c5000 1625       4       com.android.dx.ssa.back.FirstFitLocalCombiningAllocator::getParameterIndexForReg (55 bytes)
Event: 2.830 Thread 0x00000000562c5000 nmethod 1625 0x0000000002c0b090 code [0x0000000002c0b200, 0x0000000002c0b4e8]
Event: 2.830 Thread 0x00000000562c5000 1631       4       com.android.dx.ssa.SsaRenamer$1::visitBlock (16 bytes)
Event: 2.833 Thread 0x00000000562c5000 nmethod 1631 0x0000000002c3f350 code [0x0000000002c3f4e0, 0x0000000002c3f928]
Event: 2.833 Thread 0x00000000562c5000 1632       4       com.android.dx.ssa.SsaRenamer$BlockRenamer::<init> (72 bytes)
Event: 2.836 Thread 0x00000000562c5000 nmethod 1632 0x0000000002c3eb90 code [0x0000000002c3ed00, 0x0000000002c3f098]
Event: 2.836 Thread 0x00000000562c5000 1630       4       com.android.dx.ssa.LocalVariableInfo::mergeStarts (59 bytes)

GC Heap History (6 events):
Event: 0.750 GC heap before
{Heap before GC invocations=1 (full 0):
 PSYoungGen      total 57344K, used 49152K [0x00000000eab00000, 0x00000000eeb00000, 0x0000000100000000)
  eden space 49152K, 100% used [0x00000000eab00000,0x00000000edb00000,0x00000000edb00000)
  from space 8192K, 0% used [0x00000000ee300000,0x00000000ee300000,0x00000000eeb00000)
  to   space 8192K, 0% used [0x00000000edb00000,0x00000000edb00000,0x00000000ee300000)
 ParOldGen       total 131072K, used 0K [0x00000000c0000000, 0x00000000c8000000, 0x00000000eab00000)
  object space 131072K, 0% used [0x00000000c0000000,0x00000000c0000000,0x00000000c8000000)
 Metaspace       used 5798K, capacity 6776K, committed 7040K, reserved 1056768K
  class space    used 602K, capacity 624K, committed 640K, reserved 1048576K
Event: 0.762 GC heap after
Heap after GC invocations=1 (full 0):
 PSYoungGen      total 57344K, used 8184K [0x00000000eab00000, 0x00000000f1b00000, 0x0000000100000000)
  eden space 49152K, 0% used [0x00000000eab00000,0x00000000eab00000,0x00000000edb00000)
  from space 8192K, 99% used [0x00000000edb00000,0x00000000ee2fe1e8,0x00000000ee300000)
  to   space 8192K, 0% used [0x00000000f1300000,0x00000000f1300000,0x00000000f1b00000)
 ParOldGen       total 131072K, used 9285K [0x00000000c0000000, 0x00000000c8000000, 0x00000000eab00000)
  object space 131072K, 7% used [0x00000000c0000000,0x00000000c0911650,0x00000000c8000000)
 Metaspace       used 5798K, capacity 6776K, committed 7040K, reserved 1056768K
  class space    used 602K, capacity 624K, committed 640K, reserved 1048576K
}
Event: 1.397 GC heap before
{Heap before GC invocations=2 (full 0):
 PSYoungGen      total 57344K, used 57336K [0x00000000eab00000, 0x00000000f1b00000, 0x0000000100000000)
  eden space 49152K, 100% used [0x00000000eab00000,0x00000000edb00000,0x00000000edb00000)
  from space 8192K, 99% used [0x00000000edb00000,0x00000000ee2fe1e8,0x00000000ee300000)
  to   space 8192K, 0% used [0x00000000f1300000,0x00000000f1300000,0x00000000f1b00000)
 ParOldGen       total 131072K, used 9285K [0x00000000c0000000, 0x00000000c8000000, 0x00000000eab00000)
  object space 131072K, 7% used [0x00000000c0000000,0x00000000c0911650,0x00000000c8000000)
 Metaspace       used 5926K, capacity 6936K, committed 7168K, reserved 1056768K
  class space    used 607K, capacity 656K, committed 768K, reserved 1048576K
Event: 1.536 GC heap after
Heap after GC invocations=2 (full 0):
 PSYoungGen      total 106496K, used 8161K [0x00000000eab00000, 0x00000000f1b00000, 0x0000000100000000)
  eden space 98304K, 0% used [0x00000000eab00000,0x00000000eab00000,0x00000000f0b00000)
  from space 8192K, 99% used [0x00000000f1300000,0x00000000f1af87c8,0x00000000f1b00000)
  to   space 8192K, 0% used [0x00000000f0b00000,0x00000000f0b00000,0x00000000f1300000)
 ParOldGen       total 131072K, used 19640K [0x00000000c0000000, 0x00000000c8000000, 0x00000000eab00000)
  object space 131072K, 14% used [0x00000000c0000000,0x00000000c132e180,0x00000000c8000000)
 Metaspace       used 5926K, capacity 6936K, committed 7168K, reserved 1056768K
  class space    used 607K, capacity 656K, committed 768K, reserved 1048576K
}
Event: 2.370 GC heap before
{Heap before GC invocations=3 (full 0):
 PSYoungGen      total 106496K, used 106465K [0x00000000eab00000, 0x00000000f1b00000, 0x0000000100000000)
  eden space 98304K, 100% used [0x00000000eab00000,0x00000000f0b00000,0x00000000f0b00000)
  from space 8192K, 99% used [0x00000000f1300000,0x00000000f1af87c8,0x00000000f1b00000)
  to   space 8192K, 0% used [0x00000000f0b00000,0x00000000f0b00000,0x00000000f1300000)
 ParOldGen       total 131072K, used 19640K [0x00000000c0000000, 0x00000000c8000000, 0x00000000eab00000)
  object space 131072K, 14% used [0x00000000c0000000,0x00000000c132e180,0x00000000c8000000)
 Metaspace       used 6028K, capacity 7000K, committed 7168K, reserved 1056768K
  class space    used 607K, capacity 656K, committed 768K, reserved 1048576K
Event: 2.394 GC heap after
Heap after GC invocations=3 (full 0):
 PSYoungGen      total 106496K, used 8171K [0x00000000eab00000, 0x00000000f1b00000, 0x0000000100000000)
  eden space 98304K, 0% used [0x00000000eab00000,0x00000000eab00000,0x00000000f0b00000)
  from space 8192K, 99% used [0x00000000f0b00000,0x00000000f12fae80,0x00000000f1300000)
  to   space 8192K, 0% used [0x00000000f1300000,0x00000000f1300000,0x00000000f1b00000)
 ParOldGen       total 131072K, used 29668K [0x00000000c0000000, 0x00000000c8000000, 0x00000000eab00000)
  object space 131072K, 22% used [0x00000000c0000000,0x00000000c1cf9130,0x00000000c8000000)
 Metaspace       used 6028K, capacity 7000K, committed 7168K, reserved 1056768K
  class space    used 607K, capacity 656K, committed 768K, reserved 1048576K
}

Deoptimization events (10 events):
Event: 1.203 Thread 0x0000000056695800 Uncommon trap: reason=null_check action=make_not_entrant pc=0x0000000002973784 method=com.android.dx.ssa.SsaRenamer.getLocalForNewReg(I)Lcom/android/dx/rop/code/LocalItem; @ 19
Event: 1.207 Thread 0x0000000056695800 Uncommon trap: reason=unstable_if action=reinterpret pc=0x000000000297e8f4 method=com.android.dx.rop.code.InsnList.contentEquals(Lcom/android/dx/rop/code/InsnList;)Z @ 25
Event: 1.216 Thread 0x0000000056695800 Uncommon trap: reason=class_check action=maybe_recompile pc=0x00000000029c6d1c method=com.android.dx.ssa.SCCP.simulatePhi(Lcom/android/dx/ssa/PhiInsn;)V @ 124
Event: 1.234 Thread 0x0000000056695800 Uncommon trap: reason=unstable_if action=reinterpret pc=0x00000000028fef1c method=com.android.dx.ssa.SsaRenamer$BlockRenamer.addMapping(ILcom/android/dx/rop/code/RegisterSpec;)V @ 120
Event: 1.295 Thread 0x0000000056675800 Uncommon trap: reason=unstable_if action=reinterpret pc=0x0000000002939ef8 method=com.android.dx.rop.code.RegisterSpecSet.put(Lcom/android/dx/rop/code/RegisterSpec;)V @ 77
Event: 1.295 Thread 0x0000000056675800 Uncommon trap: reason=unstable_if action=reinterpret pc=0x000000000289285c method=com.android.dx.rop.code.RegisterSpecSet.put(Lcom/android/dx/rop/code/RegisterSpec;)V @ 77
Event: 1.296 Thread 0x0000000056675800 Uncommon trap: reason=class_check action=maybe_recompile pc=0x00000000029c6f7c method=com.android.dx.ssa.SCCP.setLatticeValueTo(IILcom/android/dx/rop/cst/Constant;)Z @ 43
Event: 1.671 Thread 0x0000000056695800 Uncommon trap: reason=class_check action=maybe_recompile pc=0x00000000029c6d1c method=com.android.dx.ssa.SCCP.simulatePhi(Lcom/android/dx/ssa/PhiInsn;)V @ 124
Event: 1.671 Thread 0x0000000056695800 Uncommon trap: reason=class_check action=maybe_recompile pc=0x00000000029c6d1c method=com.android.dx.ssa.SCCP.simulatePhi(Lcom/android/dx/ssa/PhiInsn;)V @ 124
Event: 1.671 Thread 0x0000000056695800 Uncommon trap: reason=class_check action=maybe_recompile pc=0x00000000029c6d1c method=com.android.dx.ssa.SCCP.simulatePhi(Lcom/android/dx/ssa/PhiInsn;)V @ 124

Internal exceptions (3 events):
Event: 0.036 Thread 0x000000000024e800 Exception <a 'java/lang/NoSuchMethodError': Method sun.misc.Unsafe.defineClass(Ljava/lang/String;[BII)Ljava/lang/Class; name or signature does not match> (0x00000000eab07ca8) thrown at [C:\re\workspace\8-2-build-windows-amd64-cygwin\jdk8u131\8869\hotspot\
Event: 0.036 Thread 0x000000000024e800 Exception <a 'java/lang/NoSuchMethodError': Method sun.misc.Unsafe.prefetchRead(Ljava/lang/Object;J)V name or signature does not match> (0x00000000eab07f90) thrown at [C:\re\workspace\8-2-build-windows-amd64-cygwin\jdk8u131\8869\hotspot\src\share\vm\prims
Event: 1.203 Thread 0x0000000056695800 Implicit null exception at 0x00000000029727f4 to 0x0000000002973751

Events (10 events):
Event: 1.985 Thread 0x000000005650c000 DEOPT PACKING pc=0x0000000002af0fb0 sp=0x00000000567deae0
Event: 1.985 Thread 0x000000005650c000 DEOPT UNPACKING pc=0x000000000257787f sp=0x00000000567de8d0 mode 0
Event: 1.987 Thread 0x000000005650c000 DEOPT PACKING pc=0x0000000002a78ae2 sp=0x00000000567de970
Event: 1.987 Thread 0x000000005650c000 DEOPT UNPACKING pc=0x000000000257787f sp=0x00000000567de750 mode 0
Event: 2.041 Thread 0x000000005650c000 DEOPT PACKING pc=0x000000000297c74a sp=0x00000000567deb30
Event: 2.041 Thread 0x000000005650c000 DEOPT UNPACKING pc=0x000000000257787f sp=0x00000000567de898 mode 0
Event: 2.048 Thread 0x000000005650c000 DEOPT PACKING pc=0x0000000002a3708b sp=0x00000000567dec70
Event: 2.048 Thread 0x000000005650c000 DEOPT UNPACKING pc=0x000000000257787f sp=0x00000000567de990 mode 0
Event: 2.370 Executing VM operation: ParallelGCFailedAllocation
Event: 2.394 Executing VM operation: ParallelGCFailedAllocation done


Dynamic libraries:
0x000000013f360000 - 0x000000013f397000 	C:\Program Files\Java\jdk1.8.0_131\bin\java.exe
0x0000000077200000 - 0x000000007739f000 	C:\Windows\SYSTEM32\ntdll.dll
0x00000000770e0000 - 0x00000000771ff000 	C:\Windows\system32\kernel32.dll
0x000007fefd1e0000 - 0x000007fefd24a000 	C:\Windows\system32\KERNELBASE.dll
0x000007fefd4c0000 - 0x000007fefd59b000 	C:\Windows\system32\ADVAPI32.dll
0x000007fefeaa0000 - 0x000007fefeb3f000 	C:\Windows\system32\msvcrt.dll
0x000007feff350000 - 0x000007feff36f000 	C:\Windows\SYSTEM32\sechost.dll
0x000007fefed50000 - 0x000007fefee7d000 	C:\Windows\system32\RPCRT4.dll
0x0000000076fe0000 - 0x00000000770da000 	C:\Windows\system32\USER32.dll
0x000007fefea30000 - 0x000007fefea97000 	C:\Windows\system32\GDI32.dll
0x000007feff440000 - 0x000007feff44e000 	C:\Windows\system32\LPK.dll
0x000007feff370000 - 0x000007feff43b000 	C:\Windows\system32\USP10.dll
0x000007fefb790000 - 0x000007fefb984000 	C:\Windows\WinSxS\amd64_microsoft.windows.common-controls_6595b64144ccf1df_6.0.7601.18837_none_fa3b1e3d17594757\COMCTL32.dll
0x000007fefeb40000 - 0x000007fefebb1000 	C:\Windows\system32\SHLWAPI.dll
0x000007fefd290000 - 0x000007fefd2be000 	C:\Windows\system32\IMM32.DLL
0x000007fefef20000 - 0x000007feff029000 	C:\Windows\system32\MSCTF.dll
0x000000006a8f0000 - 0x000000006a9c2000 	C:\Program Files\Java\jdk1.8.0_131\jre\bin\msvcr100.dll
0x0000000057800000 - 0x000000005809c000 	C:\Program Files\Java\jdk1.8.0_131\jre\bin\server\jvm.dll
0x000007fef8470000 - 0x000007fef8479000 	C:\Windows\system32\WSOCK32.dll
0x000007feff300000 - 0x000007feff34d000 	C:\Windows\system32\WS2_32.dll
0x000007fefd5a0000 - 0x000007fefd5a8000 	C:\Windows\system32\NSI.dll
0x000007fef9650000 - 0x000007fef968b000 	C:\Windows\system32\WINMM.dll
0x000007fefc060000 - 0x000007fefc06c000 	C:\Windows\system32\VERSION.dll
0x00000000773a0000 - 0x00000000773a7000 	C:\Windows\system32\PSAPI.DLL
0x00000000735a0000 - 0x00000000735af000 	C:\Program Files\Java\jdk1.8.0_131\jre\bin\verify.dll
0x0000000073570000 - 0x0000000073599000 	C:\Program Files\Java\jdk1.8.0_131\jre\bin\java.dll
0x0000000070eb0000 - 0x0000000070ec6000 	C:\Program Files\Java\jdk1.8.0_131\jre\bin\zip.dll
0x000007fefdca0000 - 0x000007fefea2b000 	C:\Windows\system32\SHELL32.dll
0x000007fefd2c0000 - 0x000007fefd4bd000 	C:\Windows\system32\ole32.dll
0x000007fefcee0000 - 0x000007fefceef000 	C:\Windows\system32\profapi.dll

VM Arguments:
jvm_args: -Djava.awt.headless=true -Xmx1024M -Dfile.encoding=windows-31j -Duser.country=JP -Duser.language=ja -Duser.variant 
java_command: com.android.dx.command.Main --dex --force-jumbo --num-threads=4 --multi-dex --output D:\Project\shouhin_irekae\Android\ProductChange\app\build\intermediates\transforms\dex\debug\folders\1000\5\slice_6 D:\Project\shouhin_irekae\Android\ProductChange\app\build\intermediates\transforms\instantRunSlicer\debug\folders\1\5\slice_6
java_class_path (initial): C:\Users\cong-pv\AppData\Local\Android\Sdk\build-tools\25.0.0\lib\dx.jar
Launcher Type: SUN_STANDARD

Environment Variables:
JAVA_HOME=C:\Program Files\Java\jdk1.8.0_131
PATH=C:\Program Files (x86)\Common Files\Oracle\Java\javapath;C:\ProgramData\Oracle\Java\javapath;C:\Program Files (x86)\Intel\iCLS Client\;C:\Program Files\Intel\iCLS Client\;C:\Windows\system32;C:\Windows;C:\Windows\System32\Wbem;C:\Windows\System32\WindowsPowerShell\v1.0\;C:\Program Files (x86)\Intel\UCRT\;C:\Program Files\TortoiseSVN\bin;C:\Users\User\.dnx\bin;C:\Program Files\Microsoft DNX\Dnvm\;C:\Program Files (x86)\Windows Kits\8.1\Windows Performance Toolkit\;C:\Program Files\Microsoft SQL Server\130\Tools\Binn\;C:\Program Files\Git\cmd;C:\Program Files\Microsoft SQL Server\120\Tools\Binn\;C:\Program Files\Microsoft SQLServer\Client SDK\ODBC\110\Tools\Binn\;C:\Program Files (x86)\Microsoft SQL Server\120\Tools\Binn\;C:\Program Files\Microsoft SQL Server\120\DTS\Binn\;C:\Program Files (x86)\Microsoft SQL Server\120\Tools\Binn\ManagementStudio\;C:\ProgramFiles (x86)\Microsoft SQL Server\120\DTS\Binn\;C:\Program Files\Intel\UCRT\;C:\Program Files (x86)\Intel\Intel(R) Management Engine Components\DAL;C:\Program Files\Intel\Intel(R) Management Engine Components\DAL;C:\Program Files (x86)\Intel\Intel(R) Management Engine Components\IPT;C:\Program Files\Intel\Intel(R) Management Engine Components\IPT;c:\Program Files\Microsoft SQL Server\Client SDK\ODBC\110\Tools\Binn\;c:\Program Files (x86)\Microsoft SQL Server\120\DTS\Binn\;C:\Go\bin;C:\Program Files\Java\jdk1.8.0_131\bin;C:\Program Files\TortoiseGit\bin;C:\Users\cong-pv\go\bin
USERNAME=cong-pv
OS=Windows_NT
PROCESSOR_IDENTIFIER=Intel64 Family 6 Model 94 Stepping 3, GenuineIntel



---------------  S Y S T E M  ---------------

OS: Windows 7 , 64 bit Build 7601 (6.1.7601.24150)

CPU:total 4 (initial active 4) (4 cores per cpu, 1 threads per core) family 6 model 94 stepping 3, cmov, cx8, fxsr, mmx, sse, sse2, sse3, ssse3, sse4.1, sse4.2, popcnt, avx, avx2, aes, clmul, erms, rtm, 3dnowpref, lzcnt, tsc, tscinvbit, bmi1, bmi2, adx

Memory: 4k page, physical 12451892k(1584976k free), swap 12450016k(3352k free)

vm_info: Java HotSpot(TM) 64-Bit Server VM (25.131-b11) for windows-amd64 JRE (1.8.0_131-b11), built on Mar 15 2017 01:23:53 by "java_re" with MS VC++ 10.0 (VS2010)

time: Tue Jul 03 11:43:27 2018
elapsed time: 2 seconds (0d 0h 0m 2s)

