#
# There is insufficient memory for the Java Runtime Environment to continue.
# Native memory allocation (malloc) failed to allocate 864976 bytes for Chunk::new
# Possible reasons:
#   The system is out of physical RAM or swap space
#   In 32 bit mode, the process size limit was hit
# Possible solutions:
#   Reduce memory load on the system
#   Increase physical memory or swap space
#   Check if swap backing store is full
#   Use 64 bit Java on a 64 bit OS
#   Decrease Java heap size (-Xmx/-Xms)
#   Decrease number of Java threads
#   Decrease Java thread stack sizes (-Xss)
#   Set larger code cache with -XX:ReservedCodeCacheSize=
# This output file may be truncated or incomplete.
#
#  Out of Memory Error (allocation.cpp:390), pid=52168, tid=0x00000000000026f4
#
# JRE version: Java(TM) SE Runtime Environment (8.0_131-b11) (build 1.8.0_131-b11)
# Java VM: Java HotSpot(TM) 64-Bit Server VM (25.131-b11 mixed mode windows-amd64 compressed oops)
# Failed to write core dump. Minidumps are not enabled by default on client versions of Windows
#

---------------  T H R E A D  ---------------

Current thread (0x00000000560bf000):  JavaThread "C2 CompilerThread0" daemon [_thread_in_native, id=9972, stack(0x00000000567f0000,0x00000000568f0000)]

Stack: [0x00000000567f0000,0x00000000568f0000]
[error occurred during error reporting (printing stack bounds), id 0xc0000005]

Native frames: (J=compiled Java code, j=interpreted, Vv=VM code, C=native code)


Current CompileTask:
C2:   1540 1002   !   4       com.android.dx.cf.code.RopperMachine::run (1550 bytes)


---------------  P R O C E S S  ---------------

Java Threads: ( => current thread )
  0x00000000563b1800 JavaThread "pool-2-thread-4" [_thread_blocked, id=52828, stack(0x0000000057420000,0x0000000057520000)]
  0x0000000056274000 JavaThread "pool-2-thread-3" [_thread_blocked, id=52748, stack(0x00000000572f0000,0x00000000573f0000)]
  0x000000005626b800 JavaThread "pool-2-thread-2" [_thread_blocked, id=52780, stack(0x00000000571e0000,0x00000000572e0000)]
  0x000000005626a000 JavaThread "pool-3-thread-1" [_thread_blocked, id=52824, stack(0x00000000570a0000,0x00000000571a0000)]
  0x0000000056269800 JavaThread "pool-2-thread-1" [_thread_blocked, id=52784, stack(0x0000000056f20000,0x0000000057020000)]
  0x000000005612d000 JavaThread "Service Thread" daemon [_thread_blocked, id=5724, stack(0x0000000056d40000,0x0000000056e40000)]
  0x00000000560c5000 JavaThread "C1 CompilerThread2" daemon [_thread_blocked, id=47912, stack(0x0000000056af0000,0x0000000056bf0000)]
  0x00000000560c3000 JavaThread "C2 CompilerThread1" daemon [_thread_blocked, id=52040, stack(0x00000000569f0000,0x0000000056af0000)]
=>0x00000000560bf000 JavaThread "C2 CompilerThread0" daemon [_thread_in_native, id=9972, stack(0x00000000567f0000,0x00000000568f0000)]
  0x00000000560bb800 JavaThread "Attach Listener" daemon [_thread_blocked, id=45944, stack(0x00000000566a0000,0x00000000567a0000)]
  0x00000000560ba800 JavaThread "Signal Dispatcher" daemon [_thread_blocked, id=50884, stack(0x0000000056570000,0x0000000056670000)]
  0x0000000054c24000 JavaThread "Finalizer" daemon [_thread_blocked, id=51524, stack(0x0000000055fb0000,0x00000000560b0000)]
  0x0000000054be2800 JavaThread "Reference Handler" daemon [_thread_blocked, id=51004, stack(0x0000000055d80000,0x0000000055e80000)]
  0x0000000001bae800 JavaThread "main" [_thread_blocked, id=50620, stack(0x0000000002460000,0x0000000002560000)]

Other Threads:
  0x0000000054bdb000 VMThread [stack: 0x0000000055ba0000,0x0000000055ca0000] [id=51652]
  0x000000005617b800 WatcherThread [stack: 0x0000000056bf0000,0x0000000056cf0000] [id=51848]

VM state:at safepoint (normal execution)

VM Mutex/Monitor currently owned by a thread:  ([mutex/lock_event])
[0x0000000001bacc30] Threads_lock - owner thread: 0x0000000054bdb000
[0x0000000001bad130] Heap_lock - owner thread: 0x0000000001bae800

Heap:
 PSYoungGen      total 57344K, used 57323K [0x00000000eab00000, 0x00000000eeb00000, 0x0000000100000000)
  eden space 49152K, 100% used [0x00000000eab00000,0x00000000edb00000,0x00000000edb00000)
  from space 8192K, 99% used [0x00000000ee300000,0x00000000eeafad28,0x00000000eeb00000)
  to   space 8192K, 14% used [0x00000000edb00000,0x00000000edc350f8,0x00000000ee300000)
 ParOldGen       total 131072K, used 25543K [0x00000000c0000000, 0x00000000c8000000, 0x00000000eab00000)
  object space 131072K, 19% used [0x00000000c0000000,0x00000000c18f1ee0,0x00000000c8000000)
 Metaspace       used 5967K, capacity 6904K, committed 7040K, reserved 1056768K
  class space    used 609K, capacity 624K, committed 640K, reserved 1048576K

Card table byte_map: [0x0000000011920000,0x0000000011b30000] byte_map_base: 0x0000000011320000

Marking Bits: (ParMarkBitMap*) 0x000000005801c720
 Begin Bits: [0x0000000012050000, 0x0000000013050000)
 End Bits:   [0x0000000013050000, 0x0000000014050000)

Polling page: 0x0000000000210000

CodeCache: size=245760Kb used=4594Kb max_used=4594Kb free=241165Kb
 bounds [0x0000000002560000, 0x00000000029e0000, 0x0000000011560000]
 total_blobs=1365 nmethods=1101 adapters=177
 compilation: enabled

Compilation events (10 events):
Event: 1.387 Thread 0x00000000560c5000 1037       2       com.android.dx.rop.code.BasicBlockList$RegCountVisitor::visitThrowingInsn (6 bytes)
Event: 1.387 Thread 0x00000000560c5000 nmethod 1037 0x0000000002954690 code [0x0000000002954800, 0x0000000002954968]
Event: 1.387 Thread 0x00000000560c5000 1045       2       com.android.dx.ssa.SsaMethod::convertRopToSsaBlocks (103 bytes)
Event: 1.388 Thread 0x00000000560c5000 nmethod 1045 0x0000000002954a10 code [0x0000000002954c00, 0x0000000002955208]
Event: 1.388 Thread 0x00000000560c5000 1046       2       com.android.dx.ssa.SsaConverter::edgeSplitPredecessors (44 bytes)
Event: 1.389 Thread 0x00000000560c5000 nmethod 1046 0x00000000029559d0 code [0x0000000002955b80, 0x0000000002955f28]
Event: 1.390 Thread 0x00000000560c5000 1048       2       com.android.dx.ssa.SsaConverter::edgeSplitMoveExceptionsAndResults (157 bytes)
Event: 1.391 Thread 0x00000000560c5000 nmethod 1048 0x00000000029563d0 code [0x0000000002956680, 0x0000000002956fa8]
Event: 1.392 Thread 0x00000000560c5000 1049       2       com.android.dx.ssa.SsaConverter::edgeSplitSuccessors (98 bytes)
Event: 1.392 Thread 0x00000000560c5000 nmethod 1049 0x0000000002957f90 code [0x00000000029581a0, 0x0000000002958748]

GC Heap History (4 events):
Event: 0.795 GC heap before
{Heap before GC invocations=1 (full 0):
 PSYoungGen      total 57344K, used 49152K [0x00000000eab00000, 0x00000000eeb00000, 0x0000000100000000)
  eden space 49152K, 100% used [0x00000000eab00000,0x00000000edb00000,0x00000000edb00000)
  from space 8192K, 0% used [0x00000000ee300000,0x00000000ee300000,0x00000000eeb00000)
  to   space 8192K, 0% used [0x00000000edb00000,0x00000000edb00000,0x00000000ee300000)
 ParOldGen       total 131072K, used 0K [0x00000000c0000000, 0x00000000c8000000, 0x00000000eab00000)
  object space 131072K, 0% used [0x00000000c0000000,0x00000000c0000000,0x00000000c8000000)
 Metaspace       used 5864K, capacity 6840K, committed 7040K, reserved 1056768K
  class space    used 607K, capacity 624K, committed 640K, reserved 1048576K
Event: 0.996 GC heap after
Heap after GC invocations=1 (full 0):
 PSYoungGen      total 57344K, used 8191K [0x00000000eab00000, 0x00000000eeb00000, 0x0000000100000000)
  eden space 49152K, 0% used [0x00000000eab00000,0x00000000eab00000,0x00000000edb00000)
  from space 8192K, 99% used [0x00000000edb00000,0x00000000ee2ffee0,0x00000000ee300000)
  to   space 8192K, 0% used [0x00000000ee300000,0x00000000ee300000,0x00000000eeb00000)
 ParOldGen       total 131072K, used 9044K [0x00000000c0000000, 0x00000000c8000000, 0x00000000eab00000)
  object space 131072K, 6% used [0x00000000c0000000,0x00000000c08d5218,0x00000000c8000000)
 Metaspace       used 5864K, capacity 6840K, committed 7040K, reserved 1056768K
  class space    used 607K, capacity 624K, committed 640K, reserved 1048576K
}
Event: 1.358 GC heap before
{Heap before GC invocations=2 (full 0):
 PSYoungGen      total 57344K, used 57343K [0x00000000eab00000, 0x00000000eeb00000, 0x0000000100000000)
  eden space 49152K, 100% used [0x00000000eab00000,0x00000000edb00000,0x00000000edb00000)
  from space 8192K, 99% used [0x00000000edb00000,0x00000000ee2ffee0,0x00000000ee300000)
  to   space 8192K, 0% used [0x00000000ee300000,0x00000000ee300000,0x00000000eeb00000)
 ParOldGen       total 131072K, used 9044K [0x00000000c0000000, 0x00000000c8000000, 0x00000000eab00000)
  object space 131072K, 6% used [0x00000000c0000000,0x00000000c08d5218,0x00000000c8000000)
 Metaspace       used 5905K, capacity 6904K, committed 7040K, reserved 1056768K
  class space    used 609K, capacity 624K, committed 640K, reserved 1048576K
Event: 1.385 GC heap after
Heap after GC invocations=2 (full 0):
 PSYoungGen      total 57344K, used 8171K [0x00000000eab00000, 0x00000000eeb00000, 0x0000000100000000)
  eden space 49152K, 0% used [0x00000000eab00000,0x00000000eab00000,0x00000000edb00000)
  from space 8192K, 99% used [0x00000000ee300000,0x00000000eeafad28,0x00000000eeb00000)
  to   space 8192K, 0% used [0x00000000edb00000,0x00000000edb00000,0x00000000ee300000)
 ParOldGen       total 131072K, used 25543K [0x00000000c0000000, 0x00000000c8000000, 0x00000000eab00000)
  object space 131072K, 19% used [0x00000000c0000000,0x00000000c18f1ee0,0x00000000c8000000)
 Metaspace       used 5905K, capacity 6904K, committed 7040K, reserved 1056768K
  class space    used 609K, capacity 624K, committed 640K, reserved 1048576K
}

Deoptimization events (6 events):
Event: 0.527 Thread 0x00000000563b1800 Uncommon trap: reason=unstable_if action=reinterpret pc=0x00000000027692d4 method=java.util.HashMap.getNode(ILjava/lang/Object;)Ljava/util/HashMap$Node; @ 129
Event: 0.564 Thread 0x0000000001bae800 Uncommon trap: reason=unloaded action=reinterpret pc=0x00000000028301ec method=com.android.dx.ssa.SsaRenamer$BlockRenamer.visitMoveInsn(Lcom/android/dx/ssa/NormalSsaInsn;)V @ 208
Event: 0.584 Thread 0x00000000563b1800 Uncommon trap: reason=unstable_if action=reinterpret pc=0x00000000028265e0 method=com.android.dx.rop.code.RegisterSpec.equals(ILcom/android/dx/rop/type/TypeBearer;Lcom/android/dx/rop/code/LocalItem;)Z @ 16
Event: 0.584 Thread 0x00000000563b1800 Uncommon trap: reason=unstable_if action=reinterpret pc=0x0000000002824194 method=com.android.dx.rop.code.RegisterSpec.equals(ILcom/android/dx/rop/type/TypeBearer;Lcom/android/dx/rop/code/LocalItem;)Z @ 16
Event: 0.691 Thread 0x000000005626b800 Uncommon trap: reason=unstable_if action=reinterpret pc=0x00000000028362b0 method=com.android.dx.rop.code.RegisterSpec.equals(ILcom/android/dx/rop/type/TypeBearer;Lcom/android/dx/rop/code/LocalItem;)Z @ 16
Event: 0.742 Thread 0x0000000056269800 Uncommon trap: reason=unstable_if action=reinterpret pc=0x00000000028343f4 method=com.android.dx.ssa.SsaRenamer$BlockRenamer.addMapping(ILcom/android/dx/rop/code/RegisterSpec;)V @ 120

Internal exceptions (2 events):
Event: 0.043 Thread 0x0000000001bae800 Exception <a 'java/lang/NoSuchMethodError': Method sun.misc.Unsafe.defineClass(Ljava/lang/String;[BII)Ljava/lang/Class; name or signature does not match> (0x00000000eab07ca8) thrown at [C:\re\workspace\8-2-build-windows-amd64-cygwin\jdk8u131\8869\hotspot\
Event: 0.043 Thread 0x0000000001bae800 Exception <a 'java/lang/NoSuchMethodError': Method sun.misc.Unsafe.prefetchRead(Ljava/lang/Object;J)V name or signature does not match> (0x00000000eab07f90) thrown at [C:\re\workspace\8-2-build-windows-amd64-cygwin\jdk8u131\8869\hotspot\src\share\vm\prims

Events (10 events):
Event: 1.133 Thread 0x0000000001bae800 DEOPT PACKING pc=0x000000000276c794 sp=0x000000000255e040
Event: 1.133 Thread 0x0000000001bae800 DEOPT UNPACKING pc=0x00000000025a787f sp=0x000000000255dd70 mode 0
Event: 1.133 Thread 0x0000000001bae800 DEOPT PACKING pc=0x000000000276c794 sp=0x000000000255e040
Event: 1.133 Thread 0x0000000001bae800 DEOPT UNPACKING pc=0x00000000025a787f sp=0x000000000255dd70 mode 0
Event: 1.134 Thread 0x0000000001bae800 DEOPT PACKING pc=0x000000000276c794 sp=0x000000000255e040
Event: 1.134 Thread 0x0000000001bae800 DEOPT UNPACKING pc=0x00000000025a787f sp=0x000000000255dd70 mode 0
Event: 1.264 Executing VM operation: ParallelGCFailedAllocation
Event: 1.385 Executing VM operation: ParallelGCFailedAllocation done
Event: 1.387 Thread 0x000000005626b800 DEOPT PACKING pc=0x0000000002867c5e sp=0x00000000572dec10
Event: 1.387 Thread 0x000000005626b800 DEOPT UNPACKING pc=0x00000000025a787f sp=0x00000000572de9e0 mode 0


Dynamic libraries:
0x000000013f360000 - 0x000000013f397000 	C:\Program Files\Java\jdk1.8.0_131\bin\java.exe
0x0000000077200000 - 0x000000007739f000 	C:\Windows\SYSTEM32\ntdll.dll
0x00000000770e0000 - 0x00000000771ff000 	C:\Windows\system32\kernel32.dll
0x000007fefd1e0000 - 0x000007fefd24a000 	C:\Windows\system32\KERNELBASE.dll
0x000007fefd4c0000 - 0x000007fefd59b000 	C:\Windows\system32\ADVAPI32.dll
0x000007fefeaa0000 - 0x000007fefeb3f000 	C:\Windows\system32\msvcrt.dll
0x000007feff350000 - 0x000007feff36f000 	C:\Windows\SYSTEM32\sechost.dll
0x000007fefed50000 - 0x000007fefee7d000 	C:\Windows\system32\RPCRT4.dll
0x0000000076fe0000 - 0x00000000770da000 	C:\Windows\system32\USER32.dll
0x000007fefea30000 - 0x000007fefea97000 	C:\Windows\system32\GDI32.dll
0x000007feff440000 - 0x000007feff44e000 	C:\Windows\system32\LPK.dll
0x000007feff370000 - 0x000007feff43b000 	C:\Windows\system32\USP10.dll
0x000007fefb790000 - 0x000007fefb984000 	C:\Windows\WinSxS\amd64_microsoft.windows.common-controls_6595b64144ccf1df_6.0.7601.18837_none_fa3b1e3d17594757\COMCTL32.dll
0x000007fefeb40000 - 0x000007fefebb1000 	C:\Windows\system32\SHLWAPI.dll
0x000007fefd290000 - 0x000007fefd2be000 	C:\Windows\system32\IMM32.DLL
0x000007fefef20000 - 0x000007feff029000 	C:\Windows\system32\MSCTF.dll
0x000000006a8f0000 - 0x000000006a9c2000 	C:\Program Files\Java\jdk1.8.0_131\jre\bin\msvcr100.dll
0x0000000057800000 - 0x000000005809c000 	C:\Program Files\Java\jdk1.8.0_131\jre\bin\server\jvm.dll
0x000007fef8470000 - 0x000007fef8479000 	C:\Windows\system32\WSOCK32.dll
0x000007feff300000 - 0x000007feff34d000 	C:\Windows\system32\WS2_32.dll
0x000007fefd5a0000 - 0x000007fefd5a8000 	C:\Windows\system32\NSI.dll
0x000007fef9650000 - 0x000007fef968b000 	C:\Windows\system32\WINMM.dll
0x000007fefc060000 - 0x000007fefc06c000 	C:\Windows\system32\VERSION.dll
0x00000000773a0000 - 0x00000000773a7000 	C:\Windows\system32\PSAPI.DLL
0x00000000735a0000 - 0x00000000735af000 	C:\Program Files\Java\jdk1.8.0_131\jre\bin\verify.dll
0x0000000073570000 - 0x0000000073599000 	C:\Program Files\Java\jdk1.8.0_131\jre\bin\java.dll
0x0000000070eb0000 - 0x0000000070ec6000 	C:\Program Files\Java\jdk1.8.0_131\jre\bin\zip.dll
0x000007fefdca0000 - 0x000007fefea2b000 	C:\Windows\system32\SHELL32.dll
0x000007fefd2c0000 - 0x000007fefd4bd000 	C:\Windows\system32\ole32.dll
0x000007fefcee0000 - 0x000007fefceef000 	C:\Windows\system32\profapi.dll

VM Arguments:
jvm_args: -Djava.awt.headless=true -Xmx1024M -Dfile.encoding=windows-31j -Duser.country=JP -Duser.language=ja -Duser.variant 
java_command: com.android.dx.command.Main --dex --force-jumbo --num-threads=4 --multi-dex --output D:\Project\shouhin_irekae\Android\ProductChange\app\build\intermediates\transforms\dex\debug\folders\1000\5\slice_3 D:\Project\shouhin_irekae\Android\ProductChange\app\build\intermediates\transforms\instantRunSlicer\debug\folders\1\5\slice_3
java_class_path (initial): C:\Users\cong-pv\AppData\Local\Android\Sdk\build-tools\25.0.0\lib\dx.jar
Launcher Type: SUN_STANDARD

Environment Variables:
JAVA_HOME=C:\Program Files\Java\jdk1.8.0_131
PATH=C:\Program Files (x86)\Common Files\Oracle\Java\javapath;C:\ProgramData\Oracle\Java\javapath;C:\Program Files (x86)\Intel\iCLS Client\;C:\Program Files\Intel\iCLS Client\;C:\Windows\system32;C:\Windows;C:\Windows\System32\Wbem;C:\Windows\System32\WindowsPowerShell\v1.0\;C:\Program Files (x86)\Intel\UCRT\;C:\Program Files\TortoiseSVN\bin;C:\Users\User\.dnx\bin;C:\Program Files\Microsoft DNX\Dnvm\;C:\Program Files (x86)\Windows Kits\8.1\Windows Performance Toolkit\;C:\Program Files\Microsoft SQL Server\130\Tools\Binn\;C:\Program Files\Git\cmd;C:\Program Files\Microsoft SQL Server\120\Tools\Binn\;C:\Program Files\Microsoft SQLServer\Client SDK\ODBC\110\Tools\Binn\;C:\Program Files (x86)\Microsoft SQL Server\120\Tools\Binn\;C:\Program Files\Microsoft SQL Server\120\DTS\Binn\;C:\Program Files (x86)\Microsoft SQL Server\120\Tools\Binn\ManagementStudio\;C:\ProgramFiles (x86)\Microsoft SQL Server\120\DTS\Binn\;C:\Program Files\Intel\UCRT\;C:\Program Files (x86)\Intel\Intel(R) Management Engine Components\DAL;C:\Program Files\Intel\Intel(R) Management Engine Components\DAL;C:\Program Files (x86)\Intel\Intel(R) Management Engine Components\IPT;C:\Program Files\Intel\Intel(R) Management Engine Components\IPT;c:\Program Files\Microsoft SQL Server\Client SDK\ODBC\110\Tools\Binn\;c:\Program Files (x86)\Microsoft SQL Server\120\DTS\Binn\;C:\Go\bin;C:\Program Files\Java\jdk1.8.0_131\bin;C:\Program Files\TortoiseGit\bin;C:\Users\cong-pv\go\bin
USERNAME=cong-pv
OS=Windows_NT
PROCESSOR_IDENTIFIER=Intel64 Family 6 Model 94 Stepping 3, GenuineIntel



---------------  S Y S T E M  ---------------

OS: Windows 7 , 64 bit Build 7601 (6.1.7601.24150)

CPU:total 4 (initial active 4) (4 cores per cpu, 1 threads per core) family 6 model 94 stepping 3, cmov, cx8, fxsr, mmx, sse, sse2, sse3, ssse3, sse4.1, sse4.2, popcnt, avx, avx2, aes, clmul, erms, rtm, 3dnowpref, lzcnt, tsc, tscinvbit, bmi1, bmi2, adx

Memory: 4k page, physical 12451892k(1685196k free), swap 12450016k(14360k free)

vm_info: Java HotSpot(TM) 64-Bit Server VM (25.131-b11) for windows-amd64 JRE (1.8.0_131-b11), built on Mar 15 2017 01:23:53 by "java_re" with MS VC++ 10.0 (VS2010)

time: Tue Jul 03 11:42:25 2018
elapsed time: 1 seconds (0d 0h 0m 1s)

