#
# There is insufficient memory for the Java Runtime Environment to continue.
# Native memory allocation (malloc) failed to allocate 47856 bytes for Chunk::new
# Possible reasons:
#   The system is out of physical RAM or swap space
#   In 32 bit mode, the process size limit was hit
# Possible solutions:
#   Reduce memory load on the system
#   Increase physical memory or swap space
#   Check if swap backing store is full
#   Use 64 bit Java on a 64 bit OS
#   Decrease Java heap size (-Xmx/-Xms)
#   Decrease number of Java threads
#   Decrease Java thread stack sizes (-Xss)
#   Set larger code cache with -XX:ReservedCodeCacheSize=
# This output file may be truncated or incomplete.
#
#  Out of Memory Error (allocation.cpp:390), pid=25028, tid=0x0000000000002690
#
# JRE version: Java(TM) SE Runtime Environment (8.0_131-b11) (build 1.8.0_131-b11)
# Java VM: Java HotSpot(TM) 64-Bit Server VM (25.131-b11 mixed mode windows-amd64 compressed oops)
# Failed to write core dump. Minidumps are not enabled by default on client versions of Windows
#

---------------  T H R E A D  ---------------

Current thread (0x00000000569df000):  JavaThread "C2 CompilerThread0" daemon [_thread_in_native, id=9872, stack(0x00000000571e0000,0x00000000572e0000)]

Stack: [0x00000000571e0000,0x00000000572e0000]
[error occurred during error reporting (printing stack bounds), id 0xc0000005]

Native frames: (J=compiled Java code, j=interpreted, Vv=VM code, C=native code)


Current CompileTask:
C2:    377  258       4       java.lang.String::replace (127 bytes)


---------------  P R O C E S S  ---------------

Java Threads: ( => current thread )
  0x0000000056b8a800 JavaThread "pool-3-thread-1" [_thread_blocked, id=24060, stack(0x00000000578f0000,0x00000000579f0000)]
  0x0000000056b89800 JavaThread "pool-2-thread-1" [_thread_in_Java, id=25124, stack(0x00000000577b0000,0x00000000578b0000)]
  0x00000000569e9000 JavaThread "Service Thread" daemon [_thread_blocked, id=25756, stack(0x0000000057690000,0x0000000057790000)]
  0x00000000569e4000 JavaThread "C1 CompilerThread2" daemon [_thread_in_native, id=26272, stack(0x00000000574a0000,0x00000000575a0000)]
  0x00000000569e3000 JavaThread "C2 CompilerThread1" daemon [_thread_blocked, id=24808, stack(0x0000000056df0000,0x0000000056ef0000)]
=>0x00000000569df000 JavaThread "C2 CompilerThread0" daemon [_thread_in_native, id=9872, stack(0x00000000571e0000,0x00000000572e0000)]
  0x00000000569db800 JavaThread "Attach Listener" daemon [_thread_blocked, id=24560, stack(0x00000000570c0000,0x00000000571c0000)]
  0x00000000569da800 JavaThread "Signal Dispatcher" daemon [_thread_blocked, id=26512, stack(0x0000000056f30000,0x0000000057030000)]
  0x0000000054e5a000 JavaThread "Finalizer" daemon [_thread_blocked, id=24376, stack(0x00000000568d0000,0x00000000569d0000)]
  0x0000000054e12800 JavaThread "Reference Handler" daemon [_thread_blocked, id=25988, stack(0x00000000566e0000,0x00000000567e0000)]
  0x000000000017e800 JavaThread "main" [_thread_blocked, id=11284, stack(0x0000000002420000,0x0000000002520000)]

Other Threads:
  0x0000000054e0b000 VMThread [stack: 0x00000000565a0000,0x00000000566a0000] [id=26492]
  0x0000000056aa8800 WatcherThread [stack: 0x0000000057370000,0x0000000057470000] [id=26568]

VM state:not at safepoint (normal execution)

VM Mutex/Monitor currently owned by a thread: None

Heap:
 PSYoungGen      total 57344K, used 8854K [0x00000000eab00000, 0x00000000eeb00000, 0x0000000100000000)
  eden space 49152K, 18% used [0x00000000eab00000,0x00000000eb3a5ab8,0x00000000edb00000)
  from space 8192K, 0% used [0x00000000ee300000,0x00000000ee300000,0x00000000eeb00000)
  to   space 8192K, 0% used [0x00000000edb00000,0x00000000edb00000,0x00000000ee300000)
 ParOldGen       total 131072K, used 0K [0x00000000c0000000, 0x00000000c8000000, 0x00000000eab00000)
  object space 131072K, 0% used [0x00000000c0000000,0x00000000c0000000,0x00000000c8000000)
 Metaspace       used 4845K, capacity 5878K, committed 6016K, reserved 1056768K
  class space    used 547K, capacity 558K, committed 640K, reserved 1048576K

Card table byte_map: [0x00000000118e0000,0x0000000011af0000] byte_map_base: 0x00000000112e0000

Marking Bits: (ParMarkBitMap*) 0x00000000562ac720
 Begin Bits: [0x0000000012280000, 0x0000000013280000)
 End Bits:   [0x0000000013280000, 0x0000000014280000)

Polling page: 0x0000000000150000

CodeCache: size=245760Kb used=1551Kb max_used=1551Kb free=244208Kb
 bounds [0x0000000002520000, 0x0000000002790000, 0x0000000011520000]
 total_blobs=524 nmethods=265 adapters=172
 compilation: enabled

Compilation events (10 events):
Event: 0.374 Thread 0x00000000569e4000 nmethod 254 0x000000000269e390 code [0x000000000269e4e0, 0x000000000269e610]
Event: 0.374 Thread 0x00000000569e4000  255       3       com.android.dx.util.BitIntSet::add (15 bytes)
Event: 0.374 Thread 0x00000000569e4000 nmethod 255 0x000000000269e6d0 code [0x000000000269e840, 0x000000000269ea18]
Event: 0.374 Thread 0x00000000569e4000  256       3       com.android.dx.util.BitIntSet::ensureCapacity (51 bytes)
Event: 0.374 Thread 0x00000000569e4000 nmethod 256 0x000000000269ead0 code [0x000000000269ec60, 0x000000000269f108]
Event: 0.374 Thread 0x00000000569e4000  257       3       com.android.dx.util.Bits::set (38 bytes)
Event: 0.374 Thread 0x00000000569e4000 nmethod 257 0x000000000269f2d0 code [0x000000000269f440, 0x000000000269f630]
Event: 0.374 Thread 0x00000000569e4000  252       3       java.io.FilterInputStream::<init> (10 bytes)
Event: 0.374 Thread 0x00000000569e4000 nmethod 252 0x000000000269f790 code [0x000000000269f900, 0x000000000269fb50]
Event: 0.375 Thread 0x00000000569df000  258       4       java.lang.String::replace (127 bytes)

GC Heap History (0 events):
No events

Deoptimization events (0 events):
No events

Internal exceptions (2 events):
Event: 0.067 Thread 0x000000000017e800 Exception <a 'java/lang/NoSuchMethodError': Method sun.misc.Unsafe.defineClass(Ljava/lang/String;[BII)Ljava/lang/Class; name or signature does not match> (0x00000000eab07ca8) thrown at [C:\re\workspace\8-2-build-windows-amd64-cygwin\jdk8u131\8869\hotspot\
Event: 0.067 Thread 0x000000000017e800 Exception <a 'java/lang/NoSuchMethodError': Method sun.misc.Unsafe.prefetchRead(Ljava/lang/Object;J)V name or signature does not match> (0x00000000eab07f90) thrown at [C:\re\workspace\8-2-build-windows-amd64-cygwin\jdk8u131\8869\hotspot\src\share\vm\prims

Events (10 events):
Event: 0.373 loading class com/android/dx/ssa/back/LivenessAnalyzer$NextFunction
Event: 0.373 loading class com/android/dx/ssa/back/LivenessAnalyzer$NextFunction done
Event: 0.373 loading class com/android/dx/ssa/back/LivenessAnalyzer$1
Event: 0.373 loading class com/android/dx/ssa/back/LivenessAnalyzer$1 done
Event: 0.373 loading class java/lang/NoSuchFieldError
Event: 0.373 loading class java/lang/NoSuchFieldError done
Event: 0.375 loading class com/android/dx/ssa/InterferenceRegisterMapper
Event: 0.375 loading class com/android/dx/ssa/InterferenceRegisterMapper done
Event: 0.375 loading class com/android/dx/ssa/back/FirstFitLocalCombiningAllocator$1
Event: 0.375 loading class com/android/dx/ssa/back/FirstFitLocalCombiningAllocator$1 done


Dynamic libraries:
0x000000013f4b0000 - 0x000000013f4e7000 	C:\Program Files\Java\jdk1.8.0_131\bin\java.exe
0x0000000077310000 - 0x00000000774af000 	C:\Windows\SYSTEM32\ntdll.dll
0x00000000771f0000 - 0x000000007730f000 	C:\Windows\system32\kernel32.dll
0x000007fefd2d0000 - 0x000007fefd33a000 	C:\Windows\system32\KERNELBASE.dll
0x000007fefee20000 - 0x000007fefeefb000 	C:\Windows\system32\ADVAPI32.dll
0x000007feff480000 - 0x000007feff51f000 	C:\Windows\system32\msvcrt.dll
0x000007feff460000 - 0x000007feff47f000 	C:\Windows\SYSTEM32\sechost.dll
0x000007feff330000 - 0x000007feff45d000 	C:\Windows\system32\RPCRT4.dll
0x00000000770f0000 - 0x00000000771ea000 	C:\Windows\system32\USER32.dll
0x000007feff2a0000 - 0x000007feff307000 	C:\Windows\system32\GDI32.dll
0x000007fefead0000 - 0x000007fefeade000 	C:\Windows\system32\LPK.dll
0x000007feff1d0000 - 0x000007feff29b000 	C:\Windows\system32\USP10.dll
0x000007fefb8a0000 - 0x000007fefba94000 	C:\Windows\WinSxS\amd64_microsoft.windows.common-controls_6595b64144ccf1df_6.0.7601.18837_none_fa3b1e3d17594757\COMCTL32.dll
0x000007fefd4b0000 - 0x000007fefd521000 	C:\Windows\system32\SHLWAPI.dll
0x000007fefea20000 - 0x000007fefea4e000 	C:\Windows\system32\IMM32.DLL
0x000007fefd3a0000 - 0x000007fefd4a9000 	C:\Windows\system32\MSCTF.dll
0x0000000074b50000 - 0x0000000074c22000 	C:\Program Files\Java\jdk1.8.0_131\jre\bin\msvcr100.dll
0x0000000055a90000 - 0x000000005632c000 	C:\Program Files\Java\jdk1.8.0_131\jre\bin\server\jvm.dll
0x000007fef82b0000 - 0x000007fef82b9000 	C:\Windows\system32\WSOCK32.dll
0x000007fefe9d0000 - 0x000007fefea1d000 	C:\Windows\system32\WS2_32.dll
0x000007fefeae0000 - 0x000007fefeae8000 	C:\Windows\system32\NSI.dll
0x000007fefa510000 - 0x000007fefa54b000 	C:\Windows\system32\WINMM.dll
0x000007fefc0b0000 - 0x000007fefc0bc000 	C:\Windows\system32\VERSION.dll
0x00000000774b0000 - 0x00000000774b7000 	C:\Windows\system32\PSAPI.DLL
0x0000000074b40000 - 0x0000000074b4f000 	C:\Program Files\Java\jdk1.8.0_131\jre\bin\verify.dll
0x0000000074b10000 - 0x0000000074b39000 	C:\Program Files\Java\jdk1.8.0_131\jre\bin\java.dll
0x0000000074af0000 - 0x0000000074b06000 	C:\Program Files\Java\jdk1.8.0_131\jre\bin\zip.dll
0x000007fefdc40000 - 0x000007fefe9cb000 	C:\Windows\system32\SHELL32.dll
0x000007fefd710000 - 0x000007fefd90d000 	C:\Windows\system32\ole32.dll
0x000007fefcff0000 - 0x000007fefcfff000 	C:\Windows\system32\profapi.dll

VM Arguments:
jvm_args: -Djava.awt.headless=true -Xmx1024M -Dfile.encoding=windows-31j -Duser.country=JP -Duser.language=ja -Duser.variant 
java_command: com.android.dx.command.Main --dex --force-jumbo --num-threads=4 --multi-dex --output D:\Project\shouhin_irekae\Android\ProductChange\app\build\intermediates\transforms\dex\debug\folders\1000\5\slice_8 D:\Project\shouhin_irekae\Android\ProductChange\app\build\intermediates\transforms\instantRunSlicer\debug\folders\1\5\slice_8
java_class_path (initial): C:\Users\cong-pv\AppData\Local\Android\Sdk\build-tools\25.0.0\lib\dx.jar
Launcher Type: SUN_STANDARD

Environment Variables:
JAVA_HOME=C:\Program Files\Java\jdk1.8.0_131
PATH=C:\Program Files (x86)\Common Files\Oracle\Java\javapath;C:\ProgramData\Oracle\Java\javapath;C:\Program Files (x86)\Intel\iCLS Client\;C:\Program Files\Intel\iCLS Client\;C:\Windows\system32;C:\Windows;C:\Windows\System32\Wbem;C:\Windows\System32\WindowsPowerShell\v1.0\;C:\Program Files (x86)\Intel\UCRT\;C:\Program Files\TortoiseSVN\bin;C:\Users\User\.dnx\bin;C:\Program Files\Microsoft DNX\Dnvm\;C:\Program Files (x86)\Windows Kits\8.1\Windows Performance Toolkit\;C:\Program Files\Microsoft SQL Server\130\Tools\Binn\;C:\Program Files\Git\cmd;C:\Program Files\Microsoft SQL Server\120\Tools\Binn\;C:\Program Files\Microsoft SQLServer\Client SDK\ODBC\110\Tools\Binn\;C:\Program Files (x86)\Microsoft SQL Server\120\Tools\Binn\;C:\Program Files\Microsoft SQL Server\120\DTS\Binn\;C:\Program Files (x86)\Microsoft SQL Server\120\Tools\Binn\ManagementStudio\;C:\ProgramFiles (x86)\Microsoft SQL Server\120\DTS\Binn\;C:\Program Files\Intel\UCRT\;C:\Program Files (x86)\Intel\Intel(R) Management Engine Components\DAL;C:\Program Files\Intel\Intel(R) Management Engine Components\DAL;C:\Program Files (x86)\Intel\Intel(R) Management Engine Components\IPT;C:\Program Files\Intel\Intel(R) Management Engine Components\IPT;c:\Program Files\Microsoft SQL Server\Client SDK\ODBC\110\Tools\Binn\;c:\Program Files (x86)\Microsoft SQL Server\120\DTS\Binn\;C:\Go\bin;C:\Program Files\Java\jdk1.8.0_131\bin;C:\Program Files\TortoiseGit\bin;C:\Users\cong-pv\go\bin
USERNAME=cong-pv
OS=Windows_NT
PROCESSOR_IDENTIFIER=Intel64 Family 6 Model 94 Stepping 3, GenuineIntel



---------------  S Y S T E M  ---------------

OS: Windows 7 , 64 bit Build 7601 (6.1.7601.24150)

CPU:total 4 (initial active 4) (4 cores per cpu, 1 threads per core) family 6 model 94 stepping 3, cmov, cx8, fxsr, mmx, sse, sse2, sse3, ssse3, sse4.1, sse4.2, popcnt, avx, avx2, aes, clmul, erms, rtm, 3dnowpref, lzcnt, tsc, tscinvbit, bmi1, bmi2, adx

Memory: 4k page, physical 12451892k(1488836k free), swap 12450016k(6100k free)

vm_info: Java HotSpot(TM) 64-Bit Server VM (25.131-b11) for windows-amd64 JRE (1.8.0_131-b11), built on Mar 15 2017 01:23:53 by "java_re" with MS VC++ 10.0 (VS2010)

time: Fri Jun 29 11:41:03 2018
elapsed time: 0 seconds (0d 0h 0m 0s)

