#
# There is insufficient memory for the Java Runtime Environment to continue.
# Native memory allocation (malloc) failed to allocate 899600 bytes for Chunk::new
# Possible reasons:
#   The system is out of physical RAM or swap space
#   In 32 bit mode, the process size limit was hit
# Possible solutions:
#   Reduce memory load on the system
#   Increase physical memory or swap space
#   Check if swap backing store is full
#   Use 64 bit Java on a 64 bit OS
#   Decrease Java heap size (-Xmx/-Xms)
#   Decrease number of Java threads
#   Decrease Java thread stack sizes (-Xss)
#   Set larger code cache with -XX:ReservedCodeCacheSize=
# This output file may be truncated or incomplete.
#
#  Out of Memory Error (allocation.cpp:390), pid=12176, tid=0x00000000000029c0
#
# JRE version: Java(TM) SE Runtime Environment (8.0_131-b11) (build 1.8.0_131-b11)
# Java VM: Java HotSpot(TM) 64-Bit Server VM (25.131-b11 mixed mode windows-amd64 compressed oops)
# Failed to write core dump. Minidumps are not enabled by default on client versions of Windows
#

---------------  T H R E A D  ---------------

Current thread (0x0000000056193000):  JavaThread "C2 CompilerThread1" daemon [_thread_in_native, id=10688, stack(0x0000000056c80000,0x0000000056d80000)]

Stack: [0x0000000056c80000,0x0000000056d80000]
[error occurred during error reporting (printing stack bounds), id 0xc0000005]

Native frames: (J=compiled Java code, j=interpreted, Vv=VM code, C=native code)


Current CompileTask:
C2:   1392 1169   !   4       com.android.dx.cf.code.Ropper::processBlock (1101 bytes)


---------------  P R O C E S S  ---------------

Java Threads: ( => current thread )
  0x000000005647c000 JavaThread "pool-2-thread-4" [_thread_blocked, id=9636, stack(0x0000000057520000,0x0000000057620000)]
  0x0000000056455800 JavaThread "pool-2-thread-3" [_thread_blocked, id=9456, stack(0x0000000056eb0000,0x0000000056fb0000)]
  0x000000005644e800 JavaThread "pool-2-thread-2" [_thread_blocked, id=4856, stack(0x0000000057320000,0x0000000057420000)]
  0x0000000056330000 JavaThread "pool-3-thread-1" [_thread_blocked, id=8608, stack(0x00000000571e0000,0x00000000572e0000)]
  0x000000005632f800 JavaThread "pool-2-thread-1" [_thread_in_Java, id=2916, stack(0x0000000057030000,0x0000000057130000)]
  0x0000000056210800 JavaThread "Service Thread" daemon [_thread_blocked, id=4408, stack(0x0000000055c30000,0x0000000055d30000)]
  0x0000000056194000 JavaThread "C1 CompilerThread2" daemon [_thread_blocked, id=4948, stack(0x0000000056da0000,0x0000000056ea0000)]
=>0x0000000056193000 JavaThread "C2 CompilerThread1" daemon [_thread_in_native, id=10688, stack(0x0000000056c80000,0x0000000056d80000)]
  0x000000005618f000 JavaThread "C2 CompilerThread0" daemon [_thread_in_native, id=12032, stack(0x0000000056a10000,0x0000000056b10000)]
  0x000000005618b800 JavaThread "Attach Listener" daemon [_thread_blocked, id=5200, stack(0x0000000056860000,0x0000000056960000)]
  0x000000005618a800 JavaThread "Signal Dispatcher" daemon [_thread_blocked, id=11336, stack(0x00000000566b0000,0x00000000567b0000)]
  0x0000000054c0a000 JavaThread "Finalizer" daemon [_thread_blocked, id=8568, stack(0x0000000056080000,0x0000000056180000)]
  0x0000000054bc2800 JavaThread "Reference Handler" daemon [_thread_blocked, id=10312, stack(0x0000000055f30000,0x0000000056030000)]
  0x00000000002ae800 JavaThread "main" [_thread_in_native, id=12096, stack(0x0000000002550000,0x0000000002650000)]

Other Threads:
  0x0000000054bbb000 VMThread [stack: 0x0000000055d40000,0x0000000055e40000] [id=10580]
  0x0000000056250800 WatcherThread [stack: 0x0000000056b10000,0x0000000056c10000] [id=8960]

VM state:not at safepoint (normal execution)

VM Mutex/Monitor currently owned by a thread: None

Heap:
 PSYoungGen      total 57344K, used 39464K [0x00000000eab00000, 0x00000000f1b00000, 0x0000000100000000)
  eden space 49152K, 63% used [0x00000000eab00000,0x00000000ec991658,0x00000000edb00000)
  from space 8192K, 99% used [0x00000000edb00000,0x00000000ee2f8da0,0x00000000ee300000)
  to   space 8192K, 0% used [0x00000000f1300000,0x00000000f1300000,0x00000000f1b00000)
 ParOldGen       total 131072K, used 2179K [0x00000000c0000000, 0x00000000c8000000, 0x00000000eab00000)
  object space 131072K, 1% used [0x00000000c0000000,0x00000000c0220fa0,0x00000000c8000000)
 Metaspace       used 5959K, capacity 6936K, committed 7168K, reserved 1056768K
  class space    used 605K, capacity 656K, committed 768K, reserved 1048576K

Card table byte_map: [0x0000000011a10000,0x0000000011c20000] byte_map_base: 0x0000000011410000

Marking Bits: (ParMarkBitMap*) 0x000000006ffec720
 Begin Bits: [0x0000000012030000, 0x0000000013030000)
 End Bits:   [0x0000000013030000, 0x0000000014030000)

Polling page: 0x0000000000240000

CodeCache: size=245760Kb used=4885Kb max_used=4885Kb free=240874Kb
 bounds [0x0000000002650000, 0x0000000002b20000, 0x0000000011650000]
 total_blobs=1490 nmethods=1226 adapters=177
 compilation: enabled

Compilation events (10 events):
Event: 1.382 Thread 0x0000000056194000 1262       2       com.android.dx.rop.code.RegisterSpec::withLocalItem (41 bytes)
Event: 1.382 Thread 0x0000000056194000 nmethod 1262 0x0000000002afa550 code [0x0000000002afa6c0, 0x0000000002afa918]
Event: 1.383 Thread 0x0000000056194000 1263       1       com.android.dx.ssa.PhiInsn::canThrow (2 bytes)
Event: 1.383 Thread 0x0000000056194000 nmethod 1263 0x0000000002afa290 code [0x0000000002afa3e0, 0x0000000002afa4f0]
Event: 1.384 Thread 0x0000000056194000 1264       3       com.android.dx.ssa.ConstCollector::updateConstUses (248 bytes)
Event: 1.385 Thread 0x0000000056194000 nmethod 1264 0x0000000002b14f90 code [0x0000000002b152e0, 0x0000000002b171d8]
Event: 1.385 Thread 0x0000000056194000 1265       2       com.android.dx.ssa.SsaMethod::onSourceChanged (65 bytes)
Event: 1.385 Thread 0x0000000056194000 nmethod 1265 0x0000000002b18350 code [0x0000000002b184e0, 0x0000000002b18878]
Event: 1.386 Thread 0x0000000056194000 1266       2       com.android.dx.ssa.ConstCollector$2::<init> (20 bytes)
Event: 1.386 Thread 0x0000000056194000 nmethod 1266 0x0000000002b18c50 code [0x0000000002b18da0, 0x0000000002b18f30]

GC Heap History (2 events):
Event: 1.092 GC heap before
{Heap before GC invocations=1 (full 0):
 PSYoungGen      total 57344K, used 49152K [0x00000000eab00000, 0x00000000eeb00000, 0x0000000100000000)
  eden space 49152K, 100% used [0x00000000eab00000,0x00000000edb00000,0x00000000edb00000)
  from space 8192K, 0% used [0x00000000ee300000,0x00000000ee300000,0x00000000eeb00000)
  to   space 8192K, 0% used [0x00000000edb00000,0x00000000edb00000,0x00000000ee300000)
 ParOldGen       total 131072K, used 0K [0x00000000c0000000, 0x00000000c8000000, 0x00000000eab00000)
  object space 131072K, 0% used [0x00000000c0000000,0x00000000c0000000,0x00000000c8000000)
 Metaspace       used 5898K, capacity 6936K, committed 7168K, reserved 1056768K
  class space    used 604K, capacity 656K, committed 768K, reserved 1048576K
Event: 1.153 GC heap after
Heap after GC invocations=1 (full 0):
 PSYoungGen      total 57344K, used 8163K [0x00000000eab00000, 0x00000000f1b00000, 0x0000000100000000)
  eden space 49152K, 0% used [0x00000000eab00000,0x00000000eab00000,0x00000000edb00000)
  from space 8192K, 99% used [0x00000000edb00000,0x00000000ee2f8da0,0x00000000ee300000)
  to   space 8192K, 0% used [0x00000000f1300000,0x00000000f1300000,0x00000000f1b00000)
 ParOldGen       total 131072K, used 2179K [0x00000000c0000000, 0x00000000c8000000, 0x00000000eab00000)
  object space 131072K, 1% used [0x00000000c0000000,0x00000000c0220fa0,0x00000000c8000000)
 Metaspace       used 5898K, capacity 6936K, committed 7168K, reserved 1056768K
  class space    used 604K, capacity 656K, committed 768K, reserved 1048576K
}

Deoptimization events (7 events):
Event: 0.402 Thread 0x00000000002ae800 Uncommon trap: reason=unstable_if action=reinterpret pc=0x0000000002812314 method=java.util.HashMap.getNode(ILjava/lang/Object;)Ljava/util/HashMap$Node; @ 129
Event: 0.407 Thread 0x000000005647c000 Uncommon trap: reason=unstable_if action=reinterpret pc=0x00000000028817e0 method=java.util.BitSet.nextSetBit(I)I @ 87
Event: 0.421 Thread 0x000000005632f800 Uncommon trap: reason=unstable_if action=reinterpret pc=0x00000000028779a0 method=java.util.BitSet.ensureCapacity(I)V @ 6
Event: 0.450 Thread 0x000000005647c000 Uncommon trap: reason=unstable_if action=reinterpret pc=0x000000000287c564 method=java.util.BitSet.ensureCapacity(I)V @ 6
Event: 0.466 Thread 0x000000005647c000 Uncommon trap: reason=class_check action=maybe_recompile pc=0x00000000028b25f4 method=com.android.dx.ssa.NormalSsaInsn.accept(Lcom/android/dx/ssa/SsaInsn$Visitor;)V @ 9
Event: 0.503 Thread 0x000000005632f800 Uncommon trap: reason=unstable_if action=reinterpret pc=0x00000000028be1ec method=com.android.dx.ssa.SsaRenamer$BlockRenamer.addMapping(ILcom/android/dx/rop/code/RegisterSpec;)V @ 120
Event: 1.292 Thread 0x0000000056455800 Uncommon trap: reason=unstable_if action=reinterpret pc=0x0000000002abae0c method=com.android.dx.ssa.SCCP.simulateStmt(Lcom/android/dx/ssa/SsaInsn;)V @ 59

Internal exceptions (2 events):
Event: 0.036 Thread 0x00000000002ae800 Exception <a 'java/lang/NoSuchMethodError': Method sun.misc.Unsafe.defineClass(Ljava/lang/String;[BII)Ljava/lang/Class; name or signature does not match> (0x00000000eab07ca8) thrown at [C:\re\workspace\8-2-build-windows-amd64-cygwin\jdk8u131\8869\hotspot\
Event: 0.036 Thread 0x00000000002ae800 Exception <a 'java/lang/NoSuchMethodError': Method sun.misc.Unsafe.prefetchRead(Ljava/lang/Object;J)V name or signature does not match> (0x00000000eab07f90) thrown at [C:\re\workspace\8-2-build-windows-amd64-cygwin\jdk8u131\8869\hotspot\src\share\vm\prims

Events (10 events):
Event: 1.319 Executing VM operation: Deoptimize
Event: 1.319 Executing VM operation: Deoptimize done
Event: 1.357 Thread 0x000000005632f800 DEOPT PACKING pc=0x0000000002a4a922 sp=0x000000005712eb00
Event: 1.357 Thread 0x000000005632f800 DEOPT UNPACKING pc=0x000000000269787f sp=0x000000005712e8e0 mode 0
Event: 1.372 Thread 0x000000005632f800 DEOPT PACKING pc=0x0000000002a2d8ba sp=0x000000005712ed40
Event: 1.372 Thread 0x000000005632f800 DEOPT UNPACKING pc=0x000000000269787f sp=0x000000005712eac0 mode 0
Event: 1.382 Thread 0x000000005632f800 DEOPT PACKING pc=0x0000000002afae70 sp=0x000000005712eb40
Event: 1.382 Thread 0x000000005632f800 DEOPT UNPACKING pc=0x000000000269787f sp=0x000000005712e8d8 mode 0
Event: 1.385 Thread 0x000000005632f800 DEOPT PACKING pc=0x00000000029e5f02 sp=0x000000005712ec10
Event: 1.385 Thread 0x000000005632f800 DEOPT UNPACKING pc=0x000000000269787f sp=0x000000005712e960 mode 0


Dynamic libraries:
0x000000013f660000 - 0x000000013f697000 	C:\Program Files\Java\jdk1.8.0_131\bin\java.exe
0x0000000077060000 - 0x00000000771ff000 	C:\Windows\SYSTEM32\ntdll.dll
0x0000000076e40000 - 0x0000000076f5f000 	C:\Windows\system32\kernel32.dll
0x000007fefcf30000 - 0x000007fefcf9a000 	C:\Windows\system32\KERNELBASE.dll
0x000007fefd0d0000 - 0x000007fefd1ab000 	C:\Windows\system32\ADVAPI32.dll
0x000007feff0e0000 - 0x000007feff17f000 	C:\Windows\system32\msvcrt.dll
0x000007fefd030000 - 0x000007fefd04f000 	C:\Windows\SYSTEM32\sechost.dll
0x000007fefe070000 - 0x000007fefe19d000 	C:\Windows\system32\RPCRT4.dll
0x0000000076f60000 - 0x000000007705a000 	C:\Windows\system32\USER32.dll
0x000007fefcfc0000 - 0x000007fefd027000 	C:\Windows\system32\GDI32.dll
0x000007fefe1d0000 - 0x000007fefe1de000 	C:\Windows\system32\LPK.dll
0x000007feff180000 - 0x000007feff24b000 	C:\Windows\system32\USP10.dll
0x000007fefb4c0000 - 0x000007fefb6b4000 	C:\Windows\WinSxS\amd64_microsoft.windows.common-controls_6595b64144ccf1df_6.0.7601.18837_none_fa3b1e3d17594757\COMCTL32.dll
0x000007fefe4b0000 - 0x000007fefe521000 	C:\Windows\system32\SHLWAPI.dll
0x0000000058460000 - 0x0000000058532000 	C:\Program Files\Java\jdk1.8.0_131\jre\bin\msvcr100.dll
0x000000006f7d0000 - 0x000000007006c000 	C:\Program Files\Java\jdk1.8.0_131\jre\bin\server\jvm.dll
0x000007feee0f0000 - 0x000007feee0f9000 	C:\Windows\system32\WSOCK32.dll
0x000007feff250000 - 0x000007feff29d000 	C:\Windows\system32\WS2_32.dll
0x000007feff340000 - 0x000007feff348000 	C:\Windows\system32\NSI.dll
0x000007fef93c0000 - 0x000007fef93fb000 	C:\Windows\system32\WINMM.dll
0x000007fefbcd0000 - 0x000007fefbcdc000 	C:\Windows\system32\VERSION.dll
0x0000000077210000 - 0x0000000077217000 	C:\Windows\system32\PSAPI.DLL
0x0000000073ee0000 - 0x0000000073eef000 	C:\Program Files\Java\jdk1.8.0_131\jre\bin\verify.dll
0x0000000073eb0000 - 0x0000000073ed9000 	C:\Program Files\Java\jdk1.8.0_131\jre\bin\java.dll
0x0000000073e80000 - 0x0000000073e96000 	C:\Program Files\Java\jdk1.8.0_131\jre\bin\zip.dll
0x000007fefd1d0000 - 0x000007fefdf5b000 	C:\Windows\system32\SHELL32.dll
0x000007fefe530000 - 0x000007fefe72d000 	C:\Windows\system32\ole32.dll
0x000007fefcc00000 - 0x000007fefcc0f000 	C:\Windows\system32\profapi.dll

VM Arguments:
jvm_args: -Djava.awt.headless=true -Xmx1024M -Dfile.encoding=windows-31j -Duser.country=JP -Duser.language=ja -Duser.variant 
java_command: com.android.dx.command.Main --dex --force-jumbo --num-threads=4 --multi-dex --output D:\Project\shouhin_irekae\Android\ProductChange\app\build\intermediates\transforms\dex\debug\folders\1000\5\slice_3 D:\Project\shouhin_irekae\Android\ProductChange\app\build\intermediates\transforms\instantRunSlicer\debug\folders\1\5\slice_3
java_class_path (initial): C:\Users\cong-pv\AppData\Local\Android\Sdk\build-tools\25.0.0\lib\dx.jar
Launcher Type: SUN_STANDARD

Environment Variables:
JAVA_HOME=C:\Program Files\Java\jdk1.8.0_131
PATH=C:\Program Files (x86)\Common Files\Oracle\Java\javapath;C:\ProgramData\Oracle\Java\javapath;C:\Program Files (x86)\Intel\iCLS Client\;C:\Program Files\Intel\iCLS Client\;C:\Windows\system32;C:\Windows;C:\Windows\System32\Wbem;C:\Windows\System32\WindowsPowerShell\v1.0\;C:\Program Files (x86)\Intel\UCRT\;C:\Program Files\TortoiseSVN\bin;C:\Users\User\.dnx\bin;C:\Program Files\Microsoft DNX\Dnvm\;C:\Program Files (x86)\Windows Kits\8.1\Windows Performance Toolkit\;C:\Program Files\Microsoft SQL Server\130\Tools\Binn\;C:\Program Files\Git\cmd;C:\Program Files\Microsoft SQL Server\120\Tools\Binn\;C:\Program Files\Microsoft SQLServer\Client SDK\ODBC\110\Tools\Binn\;C:\Program Files (x86)\Microsoft SQL Server\120\Tools\Binn\;C:\Program Files\Microsoft SQL Server\120\DTS\Binn\;C:\Program Files (x86)\Microsoft SQL Server\120\Tools\Binn\ManagementStudio\;C:\ProgramFiles (x86)\Microsoft SQL Server\120\DTS\Binn\;C:\Program Files\Intel\UCRT\;C:\Program Files (x86)\Intel\Intel(R) Management Engine Components\DAL;C:\Program Files\Intel\Intel(R) Management Engine Components\DAL;C:\Program Files (x86)\Intel\Intel(R) Management Engine Components\IPT;C:\Program Files\Intel\Intel(R) Management Engine Components\IPT;c:\Program Files\Microsoft SQL Server\Client SDK\ODBC\110\Tools\Binn\;c:\Program Files (x86)\Microsoft SQL Server\120\DTS\Binn\;C:\Program Files\Java\jdk1.8.0_131\bin;C:\Program Files\TortoiseGit\bin;C:\Go\bin;C:\Users\cong-pv\go\bin
USERNAME=cong-pv
OS=Windows_NT
PROCESSOR_IDENTIFIER=Intel64 Family 6 Model 94 Stepping 3, GenuineIntel



---------------  S Y S T E M  ---------------

OS: Windows 7 , 64 bit Build 7601 (6.1.7601.24214)

CPU:total 4 (initial active 4) (4 cores per cpu, 1 threads per core) family 6 model 94 stepping 3, cmov, cx8, fxsr, mmx, sse, sse2, sse3, ssse3, sse4.1, sse4.2, popcnt, avx, avx2, aes, clmul, erms, rtm, 3dnowpref, lzcnt, tsc, tscinvbit, bmi1, bmi2, adx

Memory: 4k page, physical 12451892k(2009400k free), swap 12449992k(5292k free)

vm_info: Java HotSpot(TM) 64-Bit Server VM (25.131-b11) for windows-amd64 JRE (1.8.0_131-b11), built on Mar 15 2017 01:23:53 by "java_re" with MS VC++ 10.0 (VS2010)

time: Fri Aug 31 17:56:50 2018
elapsed time: 1 seconds (0d 0h 0m 1s)

