#
# There is insufficient memory for the Java Runtime Environment to continue.
# Native memory allocation (malloc) failed to allocate 191056 bytes for Chunk::new
# Possible reasons:
#   The system is out of physical RAM or swap space
#   In 32 bit mode, the process size limit was hit
# Possible solutions:
#   Reduce memory load on the system
#   Increase physical memory or swap space
#   Check if swap backing store is full
#   Use 64 bit Java on a 64 bit OS
#   Decrease Java heap size (-Xmx/-Xms)
#   Decrease number of Java threads
#   Decrease Java thread stack sizes (-Xss)
#   Set larger code cache with -XX:ReservedCodeCacheSize=
# This output file may be truncated or incomplete.
#
#  Out of Memory Error (allocation.cpp:390), pid=8048, tid=0x0000000000001478
#
# JRE version: Java(TM) SE Runtime Environment (8.0_131-b11) (build 1.8.0_131-b11)
# Java VM: Java HotSpot(TM) 64-Bit Server VM (25.131-b11 mixed mode windows-amd64 compressed oops)
# Failed to write core dump. Minidumps are not enabled by default on client versions of Windows
#

---------------  T H R E A D  ---------------

Current thread (0x0000000056211000):  JavaThread "C2 CompilerThread0" daemon [_thread_in_native, id=5240, stack(0x00000000568d0000,0x00000000569d0000)]

Stack: [0x00000000568d0000,0x00000000569d0000]
[error occurred during error reporting (printing stack bounds), id 0xc0000005]

Native frames: (J=compiled Java code, j=interpreted, Vv=VM code, C=native code)


Current CompileTask:
C2:   4025 1230       4       com.android.dx.ssa.back.LivenessAnalyzer::run (231 bytes)


---------------  P R O C E S S  ---------------

Java Threads: ( => current thread )
  0x0000000056547000 JavaThread "pool-2-thread-4" [_thread_in_Java, id=9308, stack(0x0000000058790000,0x0000000058890000)]
  0x00000000563c2800 JavaThread "pool-3-thread-1" [_thread_blocked, id=12048, stack(0x0000000056a70000,0x0000000056b70000)]
  0x0000000056271800 JavaThread "Service Thread" daemon [_thread_blocked, id=6316, stack(0x0000000057700000,0x0000000057800000)]
  0x000000005626c800 JavaThread "C1 CompilerThread2" daemon [_thread_blocked, id=12432, stack(0x0000000056b70000,0x0000000056c70000)]
  0x000000005626b800 JavaThread "C2 CompilerThread1" daemon [_thread_in_native, id=11332, stack(0x0000000056770000,0x0000000056870000)]
=>0x0000000056211000 JavaThread "C2 CompilerThread0" daemon [_thread_in_native, id=5240, stack(0x00000000568d0000,0x00000000569d0000)]
  0x000000005620d800 JavaThread "Attach Listener" daemon [_thread_blocked, id=6568, stack(0x0000000056650000,0x0000000056750000)]
  0x000000005620c800 JavaThread "Signal Dispatcher" daemon [_thread_blocked, id=11400, stack(0x0000000055fa0000,0x00000000560a0000)]
  0x0000000054d2a000 JavaThread "Finalizer" daemon [_thread_blocked, id=12516, stack(0x0000000056100000,0x0000000056200000)]
  0x0000000054ce2800 JavaThread "Reference Handler" daemon [_thread_blocked, id=10144, stack(0x0000000055e10000,0x0000000055f10000)]
  0x00000000001ae800 JavaThread "main" [_thread_blocked, id=8608, stack(0x0000000002320000,0x0000000002420000)]

Other Threads:
  0x0000000054cdb000 VMThread [stack: 0x0000000055c60000,0x0000000055d60000] [id=512]
  0x0000000056277000 WatcherThread [stack: 0x00000000578d0000,0x00000000579d0000] [id=5556]

VM state:not at safepoint (normal execution)

VM Mutex/Monitor currently owned by a thread: None

Heap:
 PSYoungGen      total 106496K, used 23339K [0x00000000eab00000, 0x00000000f1b00000, 0x0000000100000000)
  eden space 98304K, 15% used [0x00000000eab00000,0x00000000eb9d1728,0x00000000f0b00000)
  from space 8192K, 99% used [0x00000000f1300000,0x00000000f1af9868,0x00000000f1b00000)
  to   space 8192K, 0% used [0x00000000f0b00000,0x00000000f0b00000,0x00000000f1300000)
 ParOldGen       total 131072K, used 73293K [0x00000000c0000000, 0x00000000c8000000, 0x00000000eab00000)
  object space 131072K, 55% used [0x00000000c0000000,0x00000000c4793780,0x00000000c8000000)
 Metaspace       used 6045K, capacity 7000K, committed 7168K, reserved 1056768K
  class space    used 611K, capacity 656K, committed 768K, reserved 1048576K

Card table byte_map: [0x00000000117e0000,0x00000000119f0000] byte_map_base: 0x00000000111e0000

Marking Bits: (ParMarkBitMap*) 0x00000000575ec720
 Begin Bits: [0x0000000012150000, 0x0000000013150000)
 End Bits:   [0x0000000013150000, 0x0000000014150000)

Polling page: 0x0000000000180000

CodeCache: size=245760Kb used=5887Kb max_used=5887Kb free=239873Kb
 bounds [0x0000000002420000, 0x00000000029f0000, 0x0000000011420000]
 total_blobs=1563 nmethods=1299 adapters=177
 compilation: enabled

Compilation events (10 events):
Event: 3.969 Thread 0x000000005626b800 1355 %     4       com.android.dx.rop.code.RopMethod::calcPredecessors @ 91 (227 bytes)
Event: 3.989 Thread 0x000000005626b800 nmethod 1355% 0x00000000029d4750 code [0x00000000029d4940, 0x00000000029d5bd8]
Event: 3.989 Thread 0x000000005626b800 1356       4       com.android.dx.ssa.SsaBasicBlock::newFromRop (183 bytes)
Event: 4.007 Thread 0x000000005626c800 1371 %     3       com.android.dx.ssa.DomFront::calcDomFronts @ 10 (154 bytes)
Event: 4.007 Thread 0x000000005626c800 nmethod 1371% 0x00000000029bcc50 code [0x00000000029bcea0, 0x00000000029bda88]
Event: 4.007 Thread 0x000000005626c800 1360 %     3       com.android.dx.ssa.SsaConverter::edgeSplitSuccessors @ 45 (98 bytes)
Event: 4.008 Thread 0x000000005626c800 nmethod 1360% 0x00000000029a5b50 code [0x00000000029a5de0, 0x00000000029a6d28]
Event: 4.009 Thread 0x000000005626c800 1370 %     3       com.android.dx.ssa.DomFront::run @ 170 (264 bytes)
Event: 4.011 Thread 0x000000005626c800 nmethod 1370% 0x00000000029d6b90 code [0x00000000029d7140, 0x00000000029daa58]
Event: 4.011 Thread 0x000000005626c800 1366 %     3       com.android.dx.ssa.Dominators::run @ 283 (506 bytes)

GC Heap History (8 events):
Event: 2.967 GC heap before
{Heap before GC invocations=1 (full 0):
 PSYoungGen      total 57344K, used 49152K [0x00000000eab00000, 0x00000000eeb00000, 0x0000000100000000)
  eden space 49152K, 100% used [0x00000000eab00000,0x00000000edb00000,0x00000000edb00000)
  from space 8192K, 0% used [0x00000000ee300000,0x00000000ee300000,0x00000000eeb00000)
  to   space 8192K, 0% used [0x00000000edb00000,0x00000000edb00000,0x00000000ee300000)
 ParOldGen       total 131072K, used 0K [0x00000000c0000000, 0x00000000c8000000, 0x00000000eab00000)
  object space 131072K, 0% used [0x00000000c0000000,0x00000000c0000000,0x00000000c8000000)
 Metaspace       used 5945K, capacity 6936K, committed 7168K, reserved 1056768K
  class space    used 610K, capacity 656K, committed 768K, reserved 1048576K
Event: 3.061 GC heap after
Heap after GC invocations=1 (full 0):
 PSYoungGen      total 57344K, used 8187K [0x00000000eab00000, 0x00000000eeb00000, 0x0000000100000000)
  eden space 49152K, 0% used [0x00000000eab00000,0x00000000eab00000,0x00000000edb00000)
  from space 8192K, 99% used [0x00000000edb00000,0x00000000ee2fecb8,0x00000000ee300000)
  to   space 8192K, 0% used [0x00000000ee300000,0x00000000ee300000,0x00000000eeb00000)
 ParOldGen       total 131072K, used 7560K [0x00000000c0000000, 0x00000000c8000000, 0x00000000eab00000)
  object space 131072K, 5% used [0x00000000c0000000,0x00000000c0762268,0x00000000c8000000)
 Metaspace       used 5945K, capacity 6936K, committed 7168K, reserved 1056768K
  class space    used 610K, capacity 656K, committed 768K, reserved 1048576K
}
Event: 3.242 GC heap before
{Heap before GC invocations=2 (full 0):
 PSYoungGen      total 57344K, used 57339K [0x00000000eab00000, 0x00000000eeb00000, 0x0000000100000000)
  eden space 49152K, 100% used [0x00000000eab00000,0x00000000edb00000,0x00000000edb00000)
  from space 8192K, 99% used [0x00000000edb00000,0x00000000ee2fecb8,0x00000000ee300000)
  to   space 8192K, 0% used [0x00000000ee300000,0x00000000ee300000,0x00000000eeb00000)
 ParOldGen       total 131072K, used 7560K [0x00000000c0000000, 0x00000000c8000000, 0x00000000eab00000)
  object space 131072K, 5% used [0x00000000c0000000,0x00000000c0762268,0x00000000c8000000)
 Metaspace       used 5950K, capacity 6936K, committed 7168K, reserved 1056768K
  class space    used 610K, capacity 656K, committed 768K, reserved 1048576K
Event: 3.436 GC heap after
Heap after GC invocations=2 (full 0):
 PSYoungGen      total 57344K, used 8185K [0x00000000eab00000, 0x00000000f1b00000, 0x0000000100000000)
  eden space 49152K, 0% used [0x00000000eab00000,0x00000000eab00000,0x00000000edb00000)
  from space 8192K, 99% used [0x00000000ee300000,0x00000000eeafe690,0x00000000eeb00000)
  to   space 8192K, 0% used [0x00000000edb00000,0x00000000edb00000,0x00000000ee300000)
 ParOldGen       total 131072K, used 36773K [0x00000000c0000000, 0x00000000c8000000, 0x00000000eab00000)
  object space 131072K, 28% used [0x00000000c0000000,0x00000000c23e96d0,0x00000000c8000000)
 Metaspace       used 5950K, capacity 6936K, committed 7168K, reserved 1056768K
  class space    used 610K, capacity 656K, committed 768K, reserved 1048576K
}
Event: 3.612 GC heap before
{Heap before GC invocations=3 (full 0):
 PSYoungGen      total 57344K, used 57337K [0x00000000eab00000, 0x00000000f1b00000, 0x0000000100000000)
  eden space 49152K, 100% used [0x00000000eab00000,0x00000000edb00000,0x00000000edb00000)
  from space 8192K, 99% used [0x00000000ee300000,0x00000000eeafe690,0x00000000eeb00000)
  to   space 8192K, 0% used [0x00000000edb00000,0x00000000edb00000,0x00000000ee300000)
 ParOldGen       total 131072K, used 36773K [0x00000000c0000000, 0x00000000c8000000, 0x00000000eab00000)
  object space 131072K, 28% used [0x00000000c0000000,0x00000000c23e96d0,0x00000000c8000000)
 Metaspace       used 5986K, capacity 6936K, committed 7168K, reserved 1056768K
  class space    used 611K, capacity 656K, committed 768K, reserved 1048576K
Event: 3.711 GC heap after
Heap after GC invocations=3 (full 0):
 PSYoungGen      total 57344K, used 8167K [0x00000000eab00000, 0x00000000f1b00000, 0x0000000100000000)
  eden space 49152K, 0% used [0x00000000eab00000,0x00000000eab00000,0x00000000edb00000)
  from space 8192K, 99% used [0x00000000edb00000,0x00000000ee2f9d68,0x00000000ee300000)
  to   space 8192K, 0% used [0x00000000f1300000,0x00000000f1300000,0x00000000f1b00000)
 ParOldGen       total 131072K, used 52158K [0x00000000c0000000, 0x00000000c8000000, 0x00000000eab00000)
  object space 131072K, 39% used [0x00000000c0000000,0x00000000c32efb68,0x00000000c8000000)
 Metaspace       used 5986K, capacity 6936K, committed 7168K, reserved 1056768K
  class space    used 611K, capacity 656K, committed 768K, reserved 1048576K
}
Event: 3.875 GC heap before
{Heap before GC invocations=4 (full 0):
 PSYoungGen      total 57344K, used 57319K [0x00000000eab00000, 0x00000000f1b00000, 0x0000000100000000)
  eden space 49152K, 100% used [0x00000000eab00000,0x00000000edb00000,0x00000000edb00000)
  from space 8192K, 99% used [0x00000000edb00000,0x00000000ee2f9d68,0x00000000ee300000)
  to   space 8192K, 0% used [0x00000000f1300000,0x00000000f1300000,0x00000000f1b00000)
 ParOldGen       total 131072K, used 52158K [0x00000000c0000000, 0x00000000c8000000, 0x00000000eab00000)
  object space 131072K, 39% used [0x00000000c0000000,0x00000000c32efb68,0x00000000c8000000)
 Metaspace       used 6044K, capacity 7000K, committed 7168K, reserved 1056768K
  class space    used 611K, capacity 656K, committed 768K, reserved 1048576K
Event: 3.967 GC heap after
Heap after GC invocations=4 (full 0):
 PSYoungGen      total 106496K, used 8166K [0x00000000eab00000, 0x00000000f1b00000, 0x0000000100000000)
  eden space 98304K, 0% used [0x00000000eab00000,0x00000000eab00000,0x00000000f0b00000)
  from space 8192K, 99% used [0x00000000f1300000,0x00000000f1af9868,0x00000000f1b00000)
  to   space 8192K, 0% used [0x00000000f0b00000,0x00000000f0b00000,0x00000000f1300000)
 ParOldGen       total 131072K, used 73293K [0x00000000c0000000, 0x00000000c8000000, 0x00000000eab00000)
  object space 131072K, 55% used [0x00000000c0000000,0x00000000c4793780,0x00000000c8000000)
 Metaspace       used 6044K, capacity 7000K, committed 7168K, reserved 1056768K
  class space    used 611K, capacity 656K, committed 768K, reserved 1048576K
}

Deoptimization events (10 events):
Event: 1.888 Thread 0x0000000056525800 Uncommon trap: reason=null_check action=make_not_entrant pc=0x0000000002655f98 method=com.android.dx.rop.type.Type.equals(Ljava/lang/Object;)Z @ 8
Event: 2.103 Thread 0x0000000056547000 Uncommon trap: reason=class_check action=maybe_recompile pc=0x00000000026589b0 method=com.android.dx.ssa.NormalSsaInsn.accept(Lcom/android/dx/ssa/SsaInsn$Visitor;)V @ 9
Event: 2.334 Thread 0x00000000563c2000 Uncommon trap: reason=unstable_if action=reinterpret pc=0x00000000027668b8 method=com.android.dx.cf.code.BytecodeArray.parseInstruction(ILcom/android/dx/cf/code/BytecodeArray$Visitor;)I @ 1198
Event: 2.517 Thread 0x0000000056547000 Uncommon trap: reason=unstable_if action=reinterpret pc=0x0000000002841f04 method=com.android.dx.ssa.SsaRenamer$BlockRenamer.addMapping(ILcom/android/dx/rop/code/RegisterSpec;)V @ 120
Event: 2.522 Thread 0x0000000056547000 Uncommon trap: reason=unstable_if action=reinterpret pc=0x00000000027f1464 method=com.android.dx.ssa.SCCP.simulateStmt(Lcom/android/dx/ssa/SsaInsn;)V @ 53
Event: 3.592 Thread 0x00000000564aa000 Uncommon trap: reason=class_check action=maybe_recompile pc=0x00000000026589b0 method=com.android.dx.ssa.NormalSsaInsn.accept(Lcom/android/dx/ssa/SsaInsn$Visitor;)V @ 9
Event: 3.592 Thread 0x00000000564aa000 Uncommon trap: reason=unstable_if action=reinterpret pc=0x00000000027ea948 method=com.android.dx.util.BitIntSet.has(I)Z @ 8
Event: 3.593 Thread 0x00000000564aa000 Uncommon trap: reason=class_check action=maybe_recompile pc=0x00000000026589b0 method=com.android.dx.ssa.NormalSsaInsn.accept(Lcom/android/dx/ssa/SsaInsn$Visitor;)V @ 9
Event: 3.593 Thread 0x00000000564aa000 Uncommon trap: reason=class_check action=maybe_recompile pc=0x00000000026589b0 method=com.android.dx.ssa.NormalSsaInsn.accept(Lcom/android/dx/ssa/SsaInsn$Visitor;)V @ 9
Event: 3.593 Thread 0x00000000564aa000 Uncommon trap: reason=class_check action=maybe_recompile pc=0x000000000263f148 method=com.android.dx.ssa.NormalSsaInsn.accept(Lcom/android/dx/ssa/SsaInsn$Visitor;)V @ 9

Internal exceptions (3 events):
Event: 0.765 Thread 0x00000000001ae800 Exception <a 'java/lang/NoSuchMethodError': Method sun.misc.Unsafe.defineClass(Ljava/lang/String;[BII)Ljava/lang/Class; name or signature does not match> (0x00000000eab07ca8) thrown at [C:\re\workspace\8-2-build-windows-amd64-cygwin\jdk8u131\8869\hotspot\
Event: 0.765 Thread 0x00000000001ae800 Exception <a 'java/lang/NoSuchMethodError': Method sun.misc.Unsafe.prefetchRead(Ljava/lang/Object;J)V name or signature does not match> (0x00000000eab07f90) thrown at [C:\re\workspace\8-2-build-windows-amd64-cygwin\jdk8u131\8869\hotspot\src\share\vm\prims
Event: 1.888 Thread 0x0000000056525800 Implicit null exception at 0x0000000002655e92 to 0x0000000002655f8a

Events (10 events):
Event: 3.982 Thread 0x0000000056547000 DEOPT PACKING pc=0x000000000271f05c sp=0x000000005888ed60
Event: 3.982 Thread 0x0000000056547000 DEOPT UNPACKING pc=0x000000000246787f sp=0x000000005888ea78 mode 0
Event: 3.982 Thread 0x0000000056547000 DEOPT PACKING pc=0x000000000271f05c sp=0x000000005888ed60
Event: 3.982 Thread 0x0000000056547000 DEOPT UNPACKING pc=0x000000000246787f sp=0x000000005888ea78 mode 0
Event: 3.983 Thread 0x0000000056547000 DEOPT PACKING pc=0x000000000271f05c sp=0x000000005888ed60
Event: 3.983 Thread 0x0000000056547000 DEOPT UNPACKING pc=0x000000000246787f sp=0x000000005888ea78 mode 0
Event: 3.983 Thread 0x0000000056547000 DEOPT PACKING pc=0x000000000271f05c sp=0x000000005888ed60
Event: 3.983 Thread 0x0000000056547000 DEOPT UNPACKING pc=0x000000000246787f sp=0x000000005888ea78 mode 0
Event: 3.984 Thread 0x0000000056547000 DEOPT PACKING pc=0x000000000271f05c sp=0x000000005888ed60
Event: 3.984 Thread 0x0000000056547000 DEOPT UNPACKING pc=0x000000000246787f sp=0x000000005888ea78 mode 0


Dynamic libraries:
0x000000013fc30000 - 0x000000013fc67000 	C:\Program Files\Java\jdk1.8.0_131\bin\java.exe
0x0000000076d50000 - 0x0000000076eef000 	C:\Windows\SYSTEM32\ntdll.dll
0x0000000076b30000 - 0x0000000076c4f000 	C:\Windows\system32\kernel32.dll
0x000007fefccf0000 - 0x000007fefcd5a000 	C:\Windows\system32\KERNELBASE.dll
0x000007fefd4b0000 - 0x000007fefd58b000 	C:\Windows\system32\ADVAPI32.dll
0x000007fefea00000 - 0x000007fefea9f000 	C:\Windows\system32\msvcrt.dll
0x000007fefd360000 - 0x000007fefd37f000 	C:\Windows\SYSTEM32\sechost.dll
0x000007fefd910000 - 0x000007fefda3d000 	C:\Windows\system32\RPCRT4.dll
0x0000000076c50000 - 0x0000000076d4a000 	C:\Windows\system32\USER32.dll
0x000007fefd440000 - 0x000007fefd4a7000 	C:\Windows\system32\GDI32.dll
0x000007fefd050000 - 0x000007fefd05e000 	C:\Windows\system32\LPK.dll
0x000007fefeaa0000 - 0x000007fefeb6b000 	C:\Windows\system32\USP10.dll
0x000007fefb2e0000 - 0x000007fefb4d4000 	C:\Windows\WinSxS\amd64_microsoft.windows.common-controls_6595b64144ccf1df_6.0.7601.18837_none_fa3b1e3d17594757\COMCTL32.dll
0x000007fefd2e0000 - 0x000007fefd351000 	C:\Windows\system32\SHLWAPI.dll
0x0000000000100000 - 0x000000000012e000 	C:\Windows\system32\IMM32.DLL
0x000007fefcf40000 - 0x000007fefd049000 	C:\Windows\system32\MSCTF.dll
0x0000000072470000 - 0x0000000072542000 	C:\Program Files\Java\jdk1.8.0_131\jre\bin\msvcr100.dll
0x0000000056dd0000 - 0x000000005766c000 	C:\Program Files\Java\jdk1.8.0_131\jre\bin\server\jvm.dll
0x000007fef7c50000 - 0x000007fef7c59000 	C:\Windows\system32\WSOCK32.dll
0x00000000001b0000 - 0x00000000001fd000 	C:\Windows\system32\WS2_32.dll
0x000007fefdc60000 - 0x000007fefdc68000 	C:\Windows\system32\NSI.dll
0x000007fefa2f0000 - 0x000007fefa32b000 	C:\Windows\system32\WINMM.dll
0x000007fefbaf0000 - 0x000007fefbafc000 	C:\Windows\system32\VERSION.dll
0x0000000076f00000 - 0x0000000076f07000 	C:\Windows\system32\PSAPI.DLL
0x0000000072460000 - 0x000000007246f000 	C:\Program Files\Java\jdk1.8.0_131\jre\bin\verify.dll
0x0000000072430000 - 0x0000000072459000 	C:\Program Files\Java\jdk1.8.0_131\jre\bin\java.dll
0x0000000072410000 - 0x0000000072426000 	C:\Program Files\Java\jdk1.8.0_131\jre\bin\zip.dll
0x000007fefdc70000 - 0x000007fefe9fb000 	C:\Windows\system32\SHELL32.dll
0x000007fefee40000 - 0x000007feff03d000 	C:\Windows\system32\ole32.dll
0x000007fefca30000 - 0x000007fefca3f000 	C:\Windows\system32\profapi.dll

VM Arguments:
jvm_args: -Djava.awt.headless=true -Xmx1024M -Dfile.encoding=windows-31j -Duser.country=JP -Duser.language=ja -Duser.variant 
java_command: com.android.dx.command.Main --dex --force-jumbo --num-threads=4 --multi-dex --output D:\Project\shouhin_irekae\Android\ProductChange\app\build\intermediates\transforms\dex\debug\folders\1000\5\slice_3 D:\Project\shouhin_irekae\Android\ProductChange\app\build\intermediates\transforms\instantRunSlicer\debug\folders\1\5\slice_3
java_class_path (initial): C:\Users\cong-pv\AppData\Local\Android\Sdk\build-tools\25.0.0\lib\dx.jar
Launcher Type: SUN_STANDARD

Environment Variables:
JAVA_HOME=C:\Program Files\Java\jdk1.8.0_131
PATH=C:\Program Files (x86)\Common Files\Oracle\Java\javapath;C:\ProgramData\Oracle\Java\javapath;C:\Program Files (x86)\Intel\iCLS Client\;C:\Program Files\Intel\iCLS Client\;C:\Windows\system32;C:\Windows;C:\Windows\System32\Wbem;C:\Windows\System32\WindowsPowerShell\v1.0\;C:\Program Files (x86)\Intel\UCRT\;C:\Program Files\TortoiseSVN\bin;C:\Users\User\.dnx\bin;C:\Program Files\Microsoft DNX\Dnvm\;C:\Program Files (x86)\Windows Kits\8.1\Windows Performance Toolkit\;C:\Program Files\Microsoft SQL Server\130\Tools\Binn\;C:\Program Files\Git\cmd;C:\Program Files\Microsoft SQL Server\120\Tools\Binn\;C:\Program Files\Microsoft SQLServer\Client SDK\ODBC\110\Tools\Binn\;C:\Program Files (x86)\Microsoft SQL Server\120\Tools\Binn\;C:\Program Files\Microsoft SQL Server\120\DTS\Binn\;C:\Program Files (x86)\Microsoft SQL Server\120\Tools\Binn\ManagementStudio\;C:\ProgramFiles (x86)\Microsoft SQL Server\120\DTS\Binn\;C:\Program Files\Intel\UCRT\;C:\Program Files (x86)\Intel\Intel(R) Management Engine Components\DAL;C:\Program Files\Intel\Intel(R) Management Engine Components\DAL;C:\Program Files (x86)\Intel\Intel(R) Management Engine Components\IPT;C:\Program Files\Intel\Intel(R) Management Engine Components\IPT;c:\Program Files\Microsoft SQL Server\Client SDK\ODBC\110\Tools\Binn\;c:\Program Files (x86)\Microsoft SQL Server\120\DTS\Binn\;C:\Go\bin;C:\Program Files\Java\jdk1.8.0_131\bin;C:\Program Files\TortoiseGit\bin;C:\Users\cong-pv\go\bin
USERNAME=cong-pv
OS=Windows_NT
PROCESSOR_IDENTIFIER=Intel64 Family 6 Model 94 Stepping 3, GenuineIntel



---------------  S Y S T E M  ---------------

OS: Windows 7 , 64 bit Build 7601 (6.1.7601.24150)

CPU:total 4 (initial active 4) (4 cores per cpu, 1 threads per core) family 6 model 94 stepping 3, cmov, cx8, fxsr, mmx, sse, sse2, sse3, ssse3, sse4.1, sse4.2, popcnt, avx, avx2, aes, clmul, erms, rtm, 3dnowpref, lzcnt, tsc, tscinvbit, bmi1, bmi2, adx

Memory: 4k page, physical 12451892k(1890412k free), swap 12450016k(3580k free)

vm_info: Java HotSpot(TM) 64-Bit Server VM (25.131-b11) for windows-amd64 JRE (1.8.0_131-b11), built on Mar 15 2017 01:23:53 by "java_re" with MS VC++ 10.0 (VS2010)

time: Tue Jun 26 11:27:05 2018
elapsed time: 4 seconds (0d 0h 0m 4s)

