#
# A fatal error has been detected by the Java Runtime Environment:
#
#  EXCEPTION_ACCESS_VIOLATION (0xc0000005) at pc=0x000000006f9e4147, pid=4412, tid=0x0000000000002124
#
# JRE version: Java(TM) SE Runtime Environment (8.0_131-b11) (build 1.8.0_131-b11)
# Java VM: Java HotSpot(TM) 64-Bit Server VM (25.131-b11 mixed mode windows-amd64 compressed oops)
# Problematic frame:
# V  [jvm.dll+0x214147]
#
# Failed to write core dump. Minidumps are not enabled by default on client versions of Windows
#
# If you would like to submit a bug report, please visit:
#   http://bugreport.java.com/bugreport/crash.jsp
#

---------------  T H R E A D  ---------------

Current thread (0x000000005624a800):  JavaThread "Signal Dispatcher" daemon [_thread_in_vm, id=8484, stack(0x0000000056040000,0x0000000056140000)]

siginfo: ExceptionCode=0xc0000005, writing address 0x000000005613a460

Registers:
RAX=0x000000005613a460, RBX=0x0000000000000006, RCX=0x0000000000005000, RDX=0x0000000000000006
RSP=0x000000005613f460, RBP=0x0000000000000000, RSI=0x000000005613f460, RDI=0x0000000000000006
R8 =0x0000000000000006, R9 =0x0000000054ebcda0, R10=0x000000005450d590, R11=0x000000005604a150
R12=0x0000000054ebcda0, R13=0x000000005624a800, R14=0x000000005613f528, R15=0x000000005450d590
RIP=0x000000006f9e4147, EFLAGS=0x0000000000010206

Top of Stack: (sp=0x000000005613f460)
0x000000005613f460:   0000000000000000 0000000000000000
0x000000005613f470:   000000005624a800 0000000054ebcda0
0x000000005613f480:   00000000ffffffff 000000006f9e5077
0x000000005613f490:   000000005613f590 000000005450d590
0x000000005613f4a0:   000000005624a800 000000006f890a83
0x000000005613f4b0:   000000005613f4f0 000000005624a800
0x000000005613f4c0:   000000005613f580 000000005624a800
0x000000005613f4d0:   000000005450d590 000000005624a800
0x000000005613f4e0:   00000000025531e0 000000005624a800
0x000000005613f4f0:   000000005450d590 000000005624a800
0x000000005613f500:   000000005450d590 000000005624a800
0x000000005613f510:   0000000000000001 000000005450d590
0x000000005613f520:   000000005624a800 0000000054ed9dd0
0x000000005613f530:   000000005624a800 000000006f89212d
0x000000005613f540:   000000005613f950 00000000144e69a0
0x000000005613f550:   00000000144e69a0 0000000077192e60 

Instructions: (pc=0x000000006f9e4147)
0x000000006f9e4127:   48 89 6c 24 30 33 ed 66 90 e8 cb 3a 08 00 ff c3
0x000000006f9e4137:   48 63 c8 48 8b c6 48 0f af cf 48 ff c7 48 2b c1
0x000000006f9e4147:   89 28 48 63 c3 48 3b 05 85 25 59 00 7e db 48 8b
0x000000006f9e4157:   6c 24 30 48 8b 5c 24 38 48 8b 74 24 40 48 83 c4 


Register to memory mapping:

RAX=0x000000005613a460 is pointing into the stack for thread: 0x000000005624a800
RBX=0x0000000000000006 is an unknown value
RCX=0x0000000000005000 is an unknown value
RDX=0x0000000000000006 is an unknown value
RSP=0x000000005613f460 is pointing into the stack for thread: 0x000000005624a800
RBP=0x0000000000000000 is an unknown value
RSI=0x000000005613f460 is pointing into the stack for thread: 0x000000005624a800
RDI=0x0000000000000006 is an unknown value
R8 =0x0000000000000006 is an unknown value
R9 =0x0000000054ebcda0 is an unknown value
R10={method} {0x000000005450d598} 'exit' '()V' in 'java/lang/Thread'
R11=0x000000005604a150 is pointing into the stack for thread: 0x000000005624a800
R12=0x0000000054ebcda0 is an unknown value
R13=0x000000005624a800 is a thread
R14=0x000000005613f528 is pointing into the stack for thread: 0x000000005624a800
R15={method} {0x000000005450d598} 'exit' '()V' in 'java/lang/Thread'


Stack: [0x0000000056040000,0x0000000056140000],  sp=0x000000005613f460,  free space=1021k
Native frames: (J=compiled Java code, j=interpreted, Vv=VM code, C=native code)


---------------  P R O C E S S  ---------------

Java Threads: ( => current thread )
  0x00000000562ca000 JavaThread "Service Thread" daemon [_thread_blocked, id=7448, stack(0x0000000056e40000,0x0000000056f40000)]
  0x000000005626d800 JavaThread "C1 CompilerThread2" daemon [_thread_blocked, id=10484, stack(0x0000000056c50000,0x0000000056d50000)]
  0x000000005625b800 JavaThread "C2 CompilerThread1" daemon [_thread_blocked, id=10132, stack(0x00000000569a0000,0x0000000056aa0000)]
  0x000000005624f000 JavaThread "C2 CompilerThread0" daemon [_thread_blocked, id=12024, stack(0x0000000056890000,0x0000000056990000)]
  0x000000005624b800 JavaThread "Attach Listener" daemon [_thread_blocked, id=11364, stack(0x0000000056730000,0x0000000056830000)]
=>0x000000005624a800 JavaThread "Signal Dispatcher" daemon [_thread_in_vm, id=8484, stack(0x0000000056040000,0x0000000056140000)]
  0x0000000054eba000 JavaThread "Finalizer" daemon [_thread_blocked, id=8396, stack(0x0000000056140000,0x0000000056240000)]
  0x0000000054e72800 JavaThread "Reference Handler" daemon [_thread_blocked, id=11768, stack(0x0000000055e70000,0x0000000055f70000)]

Other Threads:
  0x0000000054e6b000 VMThread [stack: 0x0000000055cc0000,0x0000000055dc0000] [id=1612]

VM state:synchronizing (normal execution)

VM Mutex/Monitor currently owned by a thread:  ([mutex/lock_event])
[0x00000000020ecc30] Threads_lock - owner thread: 0x0000000054e6b000
[0x00000000020ed130] Heap_lock - owner thread: 0x00000000020ee800

Heap:
 PSYoungGen      total 57344K, used 3939K [0x00000000eab00000, 0x00000000eeb00000, 0x0000000100000000)
  eden space 49152K, 8% used [0x00000000eab00000,0x00000000eaed8e50,0x00000000edb00000)
  from space 8192K, 0% used [0x00000000ee300000,0x00000000ee300000,0x00000000eeb00000)
  to   space 8192K, 0% used [0x00000000edb00000,0x00000000edb00000,0x00000000ee300000)
 ParOldGen       total 131072K, used 0K [0x00000000c0000000, 0x00000000c8000000, 0x00000000eab00000)
  object space 131072K, 0% used [0x00000000c0000000,0x00000000c0000000,0x00000000c8000000)
 Metaspace       used 3468K, capacity 4720K, committed 4864K, reserved 1056768K
  class space    used 388K, capacity 424K, committed 512K, reserved 1048576K

Card table byte_map: [0x0000000011900000,0x0000000011b10000] byte_map_base: 0x0000000011300000

Marking Bits: (ParMarkBitMap*) 0x000000006ffec720
 Begin Bits: [0x00000000122e0000, 0x00000000132e0000)
 End Bits:   [0x00000000132e0000, 0x00000000142e0000)

Polling page: 0x0000000000370000

CodeCache: size=245760Kb used=1192Kb max_used=1192Kb free=244567Kb
 bounds [0x0000000002540000, 0x00000000027b0000, 0x0000000011540000]
 total_blobs=317 nmethods=74 adapters=156
 compilation: enabled

Compilation events (10 events):
Event: 0.240 Thread 0x000000005626d800   70       3       java.lang.String::replace (127 bytes)
Event: 0.240 Thread 0x000000005626d800 nmethod 70 0x0000000002668a90 code [0x0000000002668c40, 0x00000000026692d0]
Event: 0.242 Thread 0x000000005626d800   71       3       sun.nio.cs.ext.DoubleByte$Encoder::encodeChar (21 bytes)
Event: 0.242 Thread 0x000000005626d800 nmethod 71 0x0000000002669650 code [0x00000000026697c0, 0x0000000002669970]
Event: 0.243 Thread 0x000000005626d800   72       1       java.nio.Buffer::position (5 bytes)
Event: 0.243 Thread 0x000000005626d800 nmethod 72 0x0000000002669ad0 code [0x0000000002669c20, 0x0000000002669d30]
Event: 0.243 Thread 0x000000005626d800   73       1       java.nio.Buffer::limit (5 bytes)
Event: 0.243 Thread 0x000000005626d800 nmethod 73 0x0000000002669d90 code [0x0000000002669ee0, 0x0000000002669ff0]
Event: 0.243 Thread 0x000000005626d800   74       3       java.lang.AbstractStringBuilder::newCapacity (39 bytes)
Event: 0.243 Thread 0x000000005626d800 nmethod 74 0x000000000266a050 code [0x000000000266a1e0, 0x000000000266a5c8]

GC Heap History (0 events):
No events

Deoptimization events (0 events):
No events

Internal exceptions (5 events):
Event: 0.048 Thread 0x00000000020ee800 Exception <a 'java/lang/NoSuchMethodError': Method sun.misc.Unsafe.defineClass(Ljava/lang/String;[BII)Ljava/lang/Class; name or signature does not match> (0x00000000eab07ca8) thrown at [C:\re\workspace\8-2-build-windows-amd64-cygwin\jdk8u131\8869\hotspot\
Event: 0.048 Thread 0x00000000020ee800 Exception <a 'java/lang/NoSuchMethodError': Method sun.misc.Unsafe.prefetchRead(Ljava/lang/Object;J)V name or signature does not match> (0x00000000eab07f90) thrown at [C:\re\workspace\8-2-build-windows-amd64-cygwin\jdk8u131\8869\hotspot\src\share\vm\prims
Event: 0.240 Thread 0x00000000020ee800 Exception <a 'java/lang/OutOfMemoryError'> (0x00000000ead5e410) thrown at [C:\re\workspace\8-2-build-windows-amd64-cygwin\jdk8u131\8869\hotspot\src\share\vm\prims\jni.cpp, line 735]
Event: 0.240 Thread 0x00000000020ee800 Exception <a 'java/lang/OutOfMemoryError'> (0x00000000ead5e410) thrown at [C:\re\workspace\8-2-build-windows-amd64-cygwin\jdk8u131\8869\hotspot\src\share\vm\prims\jvm.cpp, line 1394]
Event: 0.242 Thread 0x00000000020ee800 Exception <a 'java/lang/NoClassDefFoundError': java/lang/Shutdown> (0x00000000ead65190) thrown at [C:\re\workspace\8-2-build-windows-amd64-cygwin\jdk8u131\8869\hotspot\src\share\vm\classfile\systemDictionary.cpp, line 208]

Events (10 events):
Event: 0.242 loading class java/util/IdentityHashMap$KeySet done
Event: 0.242 loading class java/lang/Shutdown
Event: 0.242 loading class java/lang/Shutdown done
Event: 0.243 Thread 0x00000000020ee800 Thread exited: 0x00000000020ee800
Event: 0.244 Thread 0x00000000020ee800 Thread added: 0x00000000020ee800
Event: 0.244 loading class java/lang/Shutdown
Event: 0.245 loading class java/lang/Shutdown done
Event: 0.245 loading class java/lang/Shutdown$Lock
Event: 0.245 loading class java/lang/Shutdown$Lock done
Event: 0.245 Thread 0x00000000020ee800 Thread exited: 0x00000000020ee800


Dynamic libraries:
0x000000013f660000 - 0x000000013f697000 	C:\Program Files\Java\jdk1.8.0_131\bin\java.exe
0x0000000077060000 - 0x00000000771ff000 	C:\Windows\SYSTEM32\ntdll.dll
0x0000000076e40000 - 0x0000000076f5f000 	C:\Windows\system32\kernel32.dll
0x000007fefcf30000 - 0x000007fefcf9a000 	C:\Windows\system32\KERNELBASE.dll
0x000007fefd0d0000 - 0x000007fefd1ab000 	C:\Windows\system32\ADVAPI32.dll
0x000007feff0e0000 - 0x000007feff17f000 	C:\Windows\system32\msvcrt.dll
0x000007fefd030000 - 0x000007fefd04f000 	C:\Windows\SYSTEM32\sechost.dll
0x000007fefe070000 - 0x000007fefe19d000 	C:\Windows\system32\RPCRT4.dll
0x0000000076f60000 - 0x000000007705a000 	C:\Windows\system32\USER32.dll
0x000007fefcfc0000 - 0x000007fefd027000 	C:\Windows\system32\GDI32.dll
0x000007fefe1d0000 - 0x000007fefe1de000 	C:\Windows\system32\LPK.dll
0x000007feff180000 - 0x000007feff24b000 	C:\Windows\system32\USP10.dll
0x000007fefb4c0000 - 0x000007fefb6b4000 	C:\Windows\WinSxS\amd64_microsoft.windows.common-controls_6595b64144ccf1df_6.0.7601.18837_none_fa3b1e3d17594757\COMCTL32.dll
0x000007fefe4b0000 - 0x000007fefe521000 	C:\Windows\system32\SHLWAPI.dll
0x0000000000300000 - 0x000000000032e000 	C:\Windows\system32\IMM32.DLL
0x000007fefdf60000 - 0x000007fefe069000 	C:\Windows\system32\MSCTF.dll
0x0000000058460000 - 0x0000000058532000 	C:\Program Files\Java\jdk1.8.0_131\jre\bin\msvcr100.dll
0x000000006f7d0000 - 0x000000007006c000 	C:\Program Files\Java\jdk1.8.0_131\jre\bin\server\jvm.dll
0x000007feee0f0000 - 0x000007feee0f9000 	C:\Windows\system32\WSOCK32.dll
0x000007feff250000 - 0x000007feff29d000 	C:\Windows\system32\WS2_32.dll
0x000007feff340000 - 0x000007feff348000 	C:\Windows\system32\NSI.dll
0x000007fef93c0000 - 0x000007fef93fb000 	C:\Windows\system32\WINMM.dll
0x000007fefbcd0000 - 0x000007fefbcdc000 	C:\Windows\system32\VERSION.dll
0x0000000077210000 - 0x0000000077217000 	C:\Windows\system32\PSAPI.DLL
0x0000000073ee0000 - 0x0000000073eef000 	C:\Program Files\Java\jdk1.8.0_131\jre\bin\verify.dll
0x0000000073eb0000 - 0x0000000073ed9000 	C:\Program Files\Java\jdk1.8.0_131\jre\bin\java.dll
0x0000000073e80000 - 0x0000000073e96000 	C:\Program Files\Java\jdk1.8.0_131\jre\bin\zip.dll
0x000007fefd1d0000 - 0x000007fefdf5b000 	C:\Windows\system32\SHELL32.dll
0x000007fefe530000 - 0x000007fefe72d000 	C:\Windows\system32\ole32.dll
0x000007fefcc00000 - 0x000007fefcc0f000 	C:\Windows\system32\profapi.dll

VM Arguments:
jvm_args: -Djava.awt.headless=true -Xmx1024M -Dfile.encoding=windows-31j -Duser.country=JP -Duser.language=ja -Duser.variant 
java_command: com.android.dx.command.Main --dex --force-jumbo --num-threads=4 --multi-dex --output D:\Project\shouhin_irekae\Android\ProductChange\app\build\intermediates\transforms\dex\debug\folders\1000\5\slice_9 D:\Project\shouhin_irekae\Android\ProductChange\app\build\intermediates\transforms\instantRunSlicer\debug\folders\1\5\slice_9
java_class_path (initial): C:\Users\cong-pv\AppData\Local\Android\Sdk\build-tools\25.0.0\lib\dx.jar
Launcher Type: SUN_STANDARD

Environment Variables:
JAVA_HOME=C:\Program Files\Java\jdk1.8.0_131
PATH=C:\Program Files (x86)\Common Files\Oracle\Java\javapath;C:\ProgramData\Oracle\Java\javapath;C:\Program Files (x86)\Intel\iCLS Client\;C:\Program Files\Intel\iCLS Client\;C:\Windows\system32;C:\Windows;C:\Windows\System32\Wbem;C:\Windows\System32\WindowsPowerShell\v1.0\;C:\Program Files (x86)\Intel\UCRT\;C:\Program Files\TortoiseSVN\bin;C:\Users\User\.dnx\bin;C:\Program Files\Microsoft DNX\Dnvm\;C:\Program Files (x86)\Windows Kits\8.1\Windows Performance Toolkit\;C:\Program Files\Microsoft SQL Server\130\Tools\Binn\;C:\Program Files\Git\cmd;C:\Program Files\Microsoft SQL Server\120\Tools\Binn\;C:\Program Files\Microsoft SQLServer\Client SDK\ODBC\110\Tools\Binn\;C:\Program Files (x86)\Microsoft SQL Server\120\Tools\Binn\;C:\Program Files\Microsoft SQL Server\120\DTS\Binn\;C:\Program Files (x86)\Microsoft SQL Server\120\Tools\Binn\ManagementStudio\;C:\ProgramFiles (x86)\Microsoft SQL Server\120\DTS\Binn\;C:\Program Files\Intel\UCRT\;C:\Program Files (x86)\Intel\Intel(R) Management Engine Components\DAL;C:\Program Files\Intel\Intel(R) Management Engine Components\DAL;C:\Program Files (x86)\Intel\Intel(R) Management Engine Components\IPT;C:\Program Files\Intel\Intel(R) Management Engine Components\IPT;c:\Program Files\Microsoft SQL Server\Client SDK\ODBC\110\Tools\Binn\;c:\Program Files (x86)\Microsoft SQL Server\120\DTS\Binn\;C:\Program Files\Java\jdk1.8.0_131\bin;C:\Program Files\TortoiseGit\bin;C:\Go\bin;C:\Users\cong-pv\go\bin
USERNAME=cong-pv
OS=Windows_NT
PROCESSOR_IDENTIFIER=Intel64 Family 6 Model 94 Stepping 3, GenuineIntel



---------------  S Y S T E M  ---------------

OS: Windows 7 , 64 bit Build 7601 (6.1.7601.24214)

CPU:total 4 (initial active 4) (4 cores per cpu, 1 threads per core) family 6 model 94 stepping 3, cmov, cx8, fxsr, mmx, sse, sse2, sse3, ssse3, sse4.1, sse4.2, popcnt, avx, avx2, aes, clmul, erms, rtm, 3dnowpref, lzcnt, tsc, tscinvbit, bmi1, bmi2, adx

Memory: 4k page, physical 12451892k(1932548k free), swap 12449992k(4084k free)

vm_info: Java HotSpot(TM) 64-Bit Server VM (25.131-b11) for windows-amd64 JRE (1.8.0_131-b11), built on Mar 15 2017 01:23:53 by "java_re" with MS VC++ 10.0 (VS2010)

time: Fri Aug 31 17:58:43 2018
elapsed time: 0 seconds (0d 0h 0m 0s)

